MS/SAPS/Departamento de Saúde da Família ­ DESF 
Dados sujeitos à alteração 
---Descrição dos Filtros Utilizados---
Competência: MAI/2013.
Tipo de Produção: Atendimento Individual.
"Probl/ Condição Avaliada: Asma, Desnutrição, Diabetes, DPOC, Hipertensão arterial, Obesidade, Pré-natal, Puericultura, Puerpério (até 42 dias), Saúde sexual e reprodutiva, Tabagismo, Usuário de álcool, Usuário de outras drogas, Saúde mental, Reabilitação, D.Transmissíveis - Dengue, Doenças transmissíveis - DST, D.Transmissíveis - Hanseníase, D.Transmissíveis - Tuberculose, Rast. câncer de mama, Rast. câncer do colo do útero, Rast. risco cardiovascular."


Uf;Ibge;Municipio;Asma;Desnutrição;Diabetes;DPOC;Hipertensão arterial;Obesidade;Pré-natal;Puericultura;Puerpério (até 42 dias);Saúde sexual e reprodutiva;Tabagismo;Usuário de álcool;Usuário de outras drogas;Saúde mental;Reabilitação;D.Transmissíveis - Dengue;Doenças transmissíveis - DST;D.Transmissíveis - Hanseníase;D.Transmissíveis - Tuberculose;Rast. câncer de mama;Rast. câncer do colo do útero;Rast. risco cardiovascular;
SP;351170;CHARQUEADA;0;0;0;0;1;0;0;0;0;0;0;0;0;0;0;0;0;0;0;1;0;0;
BA;293135;TEIXEIRA DE FREITAS;0;0;0;0;0;2;0;0;0;0;0;3;0;0;0;0;0;0;0;0;0;0;
SP;355530;TURMALINA;0;0;0;0;0;0;0;0;0;0;0;0;6;0;0;0;0;0;0;0;0;0;
CE;231210;SANTANA DO CARIRI;0;48;0;0;0;68;0;0;0;0;0;0;0;0;0;0;0;0;0;0;0;0;
PB;251120;PEDRAS DE FOGO;0;0;0;0;0;0;0;0;0;0;0;0;35;0;0;0;0;0;0;0;0;0;
PE;260840;JUREMA;6;0;0;0;0;1;0;0;0;0;0;0;6;0;0;0;0;0;0;0;0;0;
RN;241410;TENENTE ANANIAS;0;0;0;0;0;0;0;0;0;0;0;0;0;11;0;0;0;0;0;0;0;0;
PR;411390;MALLET;0;0;0;0;0;0;0;0;0;0;0;0;11;1;0;0;0;0;0;0;0;0;
MG;311730;CONCEIÇÃO DAS ALAGOAS;0;0;0;0;0;0;0;0;0;0;0;0;5;0;0;0;0;0;0;0;0;0;
SC;420460;CRICIÚMA;0;0;1;0;8;4;0;0;0;0;2;0;0;0;0;0;0;0;0;0;0;1;
BA;291740;JACARACI;0;0;0;0;0;14;0;0;0;0;0;0;38;0;0;0;0;0;0;0;0;0;
SP;352410;ITUVERAVA;0;0;0;0;0;0;0;0;0;0;0;0;50;0;0;0;0;0;0;0;0;0;
RN;241310;SENADOR ELÓI DE SOUZA;4;0;0;0;0;0;0;0;0;0;0;0;0;1;0;0;0;1;0;0;0;0;
BA;293110;TANQUINHO;0;0;0;0;0;0;0;0;0;0;0;0;29;0;0;0;0;0;0;0;0;0;
AL;270500;MATA GRANDE;0;0;0;0;0;0;0;0;0;0;0;0;1;0;0;0;0;0;0;0;0;0;
PR;412380;SANTA IZABEL DO OESTE;0;0;0;0;0;0;0;0;0;0;0;0;2;0;0;0;0;0;0;0;0;0;
BA;291830;JITAÚNA;0;0;3;0;7;0;0;0;0;0;0;0;0;0;0;0;0;0;0;0;0;0;
RN;241150;SANTO ANTÔNIO;0;0;2;0;7;0;0;4;0;0;1;0;0;2;0;0;0;0;0;0;0;0;


Fonte: Sistema de Informação em Saúde para a Atenção Básica - SISAB;
E-mail: sisab@saude.gov.br;
Dado gerado em: 18 de Novembro de 2022 - 17:44h
