MS/SAPS/Departamento de Saúde da Família ­ DESF 
Dados sujeitos à alteração 
---Descrição dos Filtros Utilizados---
Competência: ABR/2013.
Tipo de Produção: Atendimento Individual.
"Probl/ Condição Avaliada: Asma, Desnutrição, Diabetes, DPOC, Hipertensão arterial, Obesidade, Pré-natal, Puericultura, Puerpério (até 42 dias), Saúde sexual e reprodutiva, Tabagismo, Usuário de álcool, Usuário de outras drogas, Saúde mental, Reabilitação, D.Transmissíveis - Dengue, Doenças transmissíveis - DST, D.Transmissíveis - Hanseníase, D.Transmissíveis - Tuberculose, Rast. câncer de mama, Rast. câncer do colo do útero, Rast. risco cardiovascular."


Uf;Ibge;Municipio;Asma;Desnutrição;Diabetes;DPOC;Hipertensão arterial;Obesidade;Pré-natal;Puericultura;Puerpério (até 42 dias);Saúde sexual e reprodutiva;Tabagismo;Usuário de álcool;Usuário de outras drogas;Saúde mental;Reabilitação;D.Transmissíveis - Dengue;Doenças transmissíveis - DST;D.Transmissíveis - Hanseníase;D.Transmissíveis - Tuberculose;Rast. câncer de mama;Rast. câncer do colo do útero;Rast. risco cardiovascular;
SP;355560;UCHOA;0;0;0;0;0;0;0;0;0;0;0;0;2;0;0;0;0;0;0;0;0;0;
BA;291350;IGUAÍ;0;75;0;0;0;118;0;0;0;0;0;0;70;25;0;0;0;0;0;0;0;0;
PI;220840;PIRIPIRI;0;0;0;0;0;0;0;0;0;0;0;0;2;4;0;0;0;0;0;0;0;0;
RS;430235;BOM PRINCÍPIO;0;0;0;0;0;0;0;0;0;0;0;0;7;0;0;0;0;0;0;0;0;0;
SP;352410;ITUVERAVA;0;0;0;0;0;0;0;0;0;0;0;0;141;0;0;0;0;0;0;0;0;0;
AL;270500;MATA GRANDE;0;0;0;0;0;0;0;0;0;0;0;0;13;0;0;0;0;0;0;0;0;0;
AM;130353;PRESIDENTE FIGUEIREDO;0;0;0;0;0;0;0;0;0;0;0;0;31;0;0;0;0;0;0;0;0;0;
BA;290475;BURITIRAMA;0;0;0;0;0;0;0;0;1;0;0;0;22;0;0;0;0;0;0;0;0;0;
AL;270330;INHAPI;0;0;0;0;0;0;0;0;0;0;0;0;24;0;0;0;0;0;0;0;0;0;
SP;350320;ARARAQUARA;0;2;1;0;1;0;0;0;0;0;1;0;1;0;0;0;0;0;0;0;0;1;
BA;293160;TEOLÂNDIA;0;0;0;0;0;1;0;0;0;0;0;0;0;0;0;0;0;0;0;0;0;0;
MG;313250;ITAMARANDIBA;0;0;0;0;0;0;0;0;0;0;0;0;0;37;0;0;0;0;0;0;0;0;
BA;292320;OLIVEIRA DOS BREJINHOS;0;0;0;0;0;0;0;0;1;0;0;0;4;0;0;0;0;0;0;0;0;0;
AL;270160;CANAPI;0;0;0;0;0;0;0;0;2;0;0;0;28;0;0;0;0;0;0;0;0;0;
PR;411050;IPIRANGA;0;0;0;0;0;0;0;0;2;0;0;0;13;1;0;0;0;0;0;0;0;0;
CE;231210;SANTANA DO CARIRI;0;30;0;0;0;81;0;0;0;0;0;0;0;0;0;0;0;0;0;0;0;0;
GO;522045;SENADOR CANEDO;0;0;0;0;1;2;0;0;0;0;0;0;0;0;0;0;0;0;0;0;0;0;
RN;240830;NOVA CRUZ;1;0;0;0;0;0;0;0;1;0;0;0;0;0;0;0;0;0;0;0;0;0;
RN;241410;TENENTE ANANIAS;0;0;0;0;0;0;0;0;0;0;0;0;0;17;0;0;0;0;0;0;0;0;


Fonte: Sistema de Informação em Saúde para a Atenção Básica - SISAB;
E-mail: sisab@saude.gov.br;
Dado gerado em: 18 de Novembro de 2022 - 17:44h
