MS/SAPS/Departamento de Saúde da Família ­ DESF 
Dados sujeitos à alteração 
---Descrição dos Filtros Utilizados---
Competência: OUT/2013.
Tipo de Produção: Atendimento Individual.
"Probl/ Condição Avaliada: Asma, Desnutrição, Diabetes, DPOC, Hipertensão arterial, Obesidade, Pré-natal, Puericultura, Puerpério (até 42 dias), Saúde sexual e reprodutiva, Tabagismo, Usuário de álcool, Usuário de outras drogas, Saúde mental, Reabilitação, D.Transmissíveis - Dengue, Doenças transmissíveis - DST, D.Transmissíveis - Hanseníase, D.Transmissíveis - Tuberculose, Rast. câncer de mama, Rast. câncer do colo do útero, Rast. risco cardiovascular."


Uf;Ibge;Municipio;Asma;Desnutrição;Diabetes;DPOC;Hipertensão arterial;Obesidade;Pré-natal;Puericultura;Puerpério (até 42 dias);Saúde sexual e reprodutiva;Tabagismo;Usuário de álcool;Usuário de outras drogas;Saúde mental;Reabilitação;D.Transmissíveis - Dengue;Doenças transmissíveis - DST;D.Transmissíveis - Hanseníase;D.Transmissíveis - Tuberculose;Rast. câncer de mama;Rast. câncer do colo do útero;Rast. risco cardiovascular;
MG;316150;SÃO GERALDO;0;0;0;0;0;0;0;0;0;0;0;0;0;13;0;0;0;0;0;0;0;0;
AP;160010;AMAPÁ;12;4;2;0;14;6;13;2;0;0;6;0;3;0;0;0;3;0;0;0;0;0;
CE;231330;TAUÁ;114;1;9;1;80;17;45;2;2;2;38;2;0;7;1;2;1;0;3;6;15;0;
PB;250640;GURINHÉM;0;9;0;0;0;28;0;0;0;0;0;0;0;0;0;0;0;0;0;0;0;0;
PE;261320;SÃO JOÃO;2;0;0;0;2;1;2;1;0;14;0;0;0;7;0;0;0;0;0;0;0;0;
AP;160080;VITÓRIA DO JARI;10;0;3;6;39;1;101;18;4;24;0;0;0;400;0;0;0;6;0;0;0;0;
RN;240830;NOVA CRUZ;103;0;140;20;479;25;123;77;7;151;24;34;61;120;1;0;4;0;11;0;8;3;
BA;290750;CATU;208;10;10;0;583;63;112;17;3;102;81;33;18;36;7;1;18;1;1;98;233;7;
AP;160040;MAZAGÃO;0;0;0;0;3;0;15;0;0;3;0;0;1;0;0;0;0;0;0;0;0;0;
PI;220430;FRONTEIRAS;0;0;0;0;1;0;6;1;0;1;0;0;0;0;0;0;0;0;0;0;0;0;
RN;241200;SÃO GONÇALO DO AMARANTE;59;1;6;1;49;36;25;28;1;58;16;7;1;10;105;2;0;0;1;0;27;0;
RN;241420;TIBAU DO SUL;234;4;0;1;120;100;59;230;0;14;66;8;8;1;0;0;0;0;0;65;49;0;
RN;240620;LAGOA D'ANTA;106;8;15;18;54;43;46;3;4;31;37;41;1;64;8;0;0;0;0;2;0;4;
RN;241220;SÃO JOSÉ DE MIPIBU;6;0;0;0;5;3;13;33;4;38;4;6;0;1;0;0;0;0;0;0;0;0;
PB;250250;BOQUEIRÃO;0;0;0;0;0;0;0;0;0;1;0;0;0;0;0;0;0;0;0;0;0;0;
SP;351940;IBIRÁ;23;0;15;1;56;7;8;0;0;3;4;4;5;20;3;0;0;0;0;2;0;0;
GO;520025;ÁGUAS LINDAS DE GOIÁS;0;0;0;0;0;0;0;0;0;1;0;0;0;0;0;0;0;0;0;0;0;0;
MA;210890;POÇÃO DE PEDRAS;169;6;70;0;530;104;85;292;6;540;44;1;8;19;24;0;4;8;0;24;93;14;
SC;420460;CRICIÚMA;0;0;7;0;26;15;2;0;0;0;10;8;9;0;0;0;1;0;0;0;0;3;
PE;260415;CASINHAS;13;0;0;0;0;0;2;0;0;0;8;20;4;10;1;0;0;0;0;0;0;0;
MA;210005;AÇAILÂNDIA;0;0;1;0;0;0;28;6;1;3;0;0;0;0;0;0;0;0;0;0;0;0;
RN;240920;PASSAGEM;0;2;2;0;15;0;18;31;0;62;0;11;0;37;101;0;0;0;0;0;23;0;
MT;510790;SINOP;23;0;1;0;22;25;10;1;0;0;8;7;3;1;0;0;2;0;0;0;0;0;
PB;251340;SANTA LUZIA;371;3;10;0;201;552;85;32;2;20;86;160;11;540;57;1;1;0;0;18;27;2;
SC;420210;BARRA VELHA;28;0;1;1;14;5;8;1;1;2;10;4;3;2;0;0;0;0;0;9;9;0;
PE;261610;VERDEJANTE;5;0;0;0;6;12;7;0;0;2;1;1;0;0;0;0;0;0;0;0;1;0;
MA;210830;PENALVA;0;0;0;0;0;0;0;0;0;0;0;0;3;0;206;0;0;0;0;0;0;0;
SP;350740;BORBOREMA;8;0;0;0;0;0;0;0;0;0;2;0;0;0;0;0;0;0;0;0;0;0;
SP;354020;PONTAL;204;20;12;2;108;14;5;6;3;2;109;13;14;31;3;1;1;0;1;7;42;17;
MA;210150;BARÃO DE GRAJAÚ;0;0;1;0;19;0;1;0;0;0;0;0;0;0;1;0;0;0;0;0;0;0;
PE;260600;GARANHUNS;32;3;2;1;34;20;15;0;0;0;8;3;1;11;0;0;1;0;1;23;9;0;
AP;160005;SERRA DO NAVIO;0;0;0;0;0;0;6;0;0;0;0;0;0;0;0;0;0;0;0;0;0;0;
BA;291685;ITATIM;0;0;0;0;0;0;0;0;0;0;0;0;0;0;16;0;0;0;0;0;0;0;
SC;421220;PAPANDUVA;11;0;4;0;21;52;128;1;1;9;4;6;5;1;0;0;0;0;1;1;1;0;
SC;421000;LUIZ ALVES;0;0;0;0;0;5;0;0;0;0;0;0;0;0;0;0;0;0;0;0;0;0;
BA;291210;IBICARAÍ;0;1;13;0;53;4;14;19;1;38;0;0;0;7;11;0;0;1;0;0;0;0;
GO;522045;SENADOR CANEDO;93;3;13;0;36;24;31;16;15;3;31;86;24;30;0;6;1;0;3;3;2;0;
PR;411700;NOVA FÁTIMA;0;0;0;0;1;0;0;0;0;0;0;0;0;0;0;0;0;0;0;0;0;0;
MG;315980;SANTA VITÓRIA;315;21;111;27;251;73;3;30;20;5;124;76;84;53;7;2;2;0;3;44;66;7;
MG;311180;CANÁPOLIS;3;0;1;0;0;0;1;0;0;0;1;0;1;0;0;0;0;0;0;0;0;0;
MG;313510;JANAÚBA;4;0;0;0;12;2;0;2;0;0;0;0;0;1;0;0;0;0;0;9;11;0;
PB;251398;SÃO FRANCISCO;0;0;1;5;8;0;9;0;1;62;0;0;0;3;0;0;0;0;0;0;0;0;
BA;291125;GAVIÃO;11;0;0;0;30;1;11;0;0;3;1;0;0;0;0;0;0;0;0;0;0;0;
BA;291955;LUÍS EDUARDO MAGALHÃES;92;1;3;0;109;26;112;4;2;9;13;3;6;6;3;0;11;0;0;22;63;1;
PE;261255;SANTA FILOMENA;0;0;1;0;0;0;0;3;0;3;0;0;0;0;0;0;0;0;0;0;0;0;
BA;293015;SERRA DO RAMALHO;4;3;2;0;27;14;43;10;3;43;1;0;0;3;17;0;0;0;0;2;2;0;
MA;210780;PARNARAMA;1;1;18;2;85;6;47;27;0;17;2;0;0;0;19;0;0;0;0;1;2;0;
AP;160027;LARANJAL DO JARI;0;0;0;0;0;0;0;0;0;0;1;0;1;0;0;0;0;0;0;0;0;0;
BA;291950;LIVRAMENTO DE NOSSA SENHORA;0;0;20;0;0;0;0;0;0;0;0;0;0;0;0;0;0;0;0;0;0;0;
RS;430235;BOM PRINCÍPIO;0;0;0;0;0;0;0;0;0;0;0;0;24;0;0;0;0;0;0;0;0;0;
SP;353210;MURUTINGA DO SUL;0;6;0;0;0;63;0;0;0;0;0;0;0;0;0;0;0;0;0;0;0;0;
SC;420320;CAMBORIÚ;0;2;0;0;0;14;0;16;0;0;0;0;0;0;0;0;0;0;0;0;0;0;
BA;291740;JACARACI;0;28;0;0;0;74;0;0;0;0;0;0;0;0;0;0;0;0;0;0;0;0;
GO;520880;GOIANIRA;0;0;0;0;0;0;0;0;0;0;0;0;0;1;0;0;0;0;1;0;0;0;
SC;420690;IBIRAMA;0;0;0;0;0;0;0;0;0;0;0;0;0;6;0;0;0;0;0;0;0;0;
PE;261250;SANTA CRUZ DO CAPIBARIBE;0;0;0;0;0;3;0;0;0;0;0;0;0;5;0;0;0;0;0;0;0;0;
PE;261510;TEREZINHA;0;0;0;0;0;0;0;0;0;0;0;0;0;24;0;0;0;0;0;0;0;0;
GO;521878;RIO QUENTE;28;0;0;0;0;0;0;0;2;0;0;0;6;0;0;0;0;0;0;0;0;0;
GO;520520;CATURAÍ;101;4;21;2;53;92;17;5;0;5;31;92;25;10;1;7;9;0;0;34;37;10;
SP;353715;PEDRINHAS PAULISTA;0;0;0;0;0;0;0;0;0;0;3;0;226;0;223;0;0;0;0;0;0;0;
RN;240780;MONTE ALEGRE;32;7;179;3;408;39;127;220;15;210;9;12;7;173;33;0;4;0;2;3;30;5;
SP;352720;LORENA;0;0;0;0;0;0;0;0;0;0;0;0;1;0;10;0;0;0;0;0;0;0;
PB;251470;SÃO JOSÉ DO SABUGI;73;1;2;0;77;15;9;1;0;1;21;8;1;12;1;0;0;0;0;2;0;0;
BA;290540;CAIRU;3;0;0;0;0;0;0;0;0;0;0;0;3;139;0;0;0;0;0;0;0;0;
PA;150275;CONCÓRDIA DO PARÁ;0;0;0;0;0;0;0;267;0;0;0;0;0;0;0;0;0;0;0;0;0;0;
PB;251430;SÃO JOSÉ DE CAIANA;80;3;5;1;48;5;36;0;3;5;8;18;1;0;0;0;0;0;0;5;1;0;
PR;412380;SANTA IZABEL DO OESTE;0;0;0;0;0;0;0;0;0;0;0;1;0;0;0;0;0;0;0;0;0;0;
MS;500660;PONTA PORÃ;32;0;1;0;21;3;68;0;0;5;3;0;0;0;0;0;1;0;0;33;17;0;
PE;260410;CARUARU;0;0;1;0;1;0;0;0;0;0;0;0;0;2;13;0;0;0;0;0;0;0;
MG;314220;MIRAÍ;1;0;0;0;0;25;0;0;0;0;0;1;0;1;0;0;0;0;0;0;0;0;
BA;291465;ITABELA;0;0;0;0;24;0;0;0;12;0;2;0;20;0;68;0;0;0;0;0;0;0;
PI;220190;BOM JESUS;13;1;4;0;43;42;40;102;4;3;7;3;3;2;349;0;0;0;0;0;0;0;
CE;230210;BATURITÉ;0;19;0;0;19;19;0;0;0;0;0;0;0;0;0;0;0;0;0;0;0;0;
RS;430642;DOIS IRMÃOS DAS MISSÕES;2;0;0;0;0;0;0;0;0;0;2;0;3;0;0;0;0;0;0;0;0;0;
PB;251597;SOBRADO;297;2;0;0;198;192;51;2;32;14;75;58;3;6;3;0;0;0;0;11;13;0;
PB;251710;VÁRZEA;75;0;3;0;4;4;16;0;0;3;22;26;29;295;3;0;1;0;0;4;5;0;
BA;291830;JITAÚNA;105;1;5;0;59;20;22;21;1;25;32;6;5;80;0;0;0;0;0;0;11;7;
RN;241150;SANTO ANTÔNIO;273;2;21;4;237;67;68;491;7;84;68;66;32;28;6;0;1;2;3;71;126;0;
PE;260860;LAGOA DO OURO;1;1;7;0;44;3;19;82;0;208;0;0;0;10;1;0;0;0;0;4;0;0;
SC;420830;ITAPEMA;10;25;32;2;95;11;69;63;2;0;3;2;2;69;0;0;2;0;0;0;1;0;
RN;240615;JUNDIÁ;0;0;4;0;4;0;4;68;0;34;0;0;0;0;0;0;0;0;0;2;2;0;
MG;317070;VARGINHA;0;0;0;0;0;0;0;60;0;0;0;0;0;0;0;0;0;0;0;0;0;0;
SP;350320;ARARAQUARA;1;0;0;0;0;0;0;0;1;0;0;0;0;4;0;0;0;0;0;0;0;0;
SP;351170;CHARQUEADA;88;0;0;0;0;0;0;0;0;0;0;0;8;0;0;0;0;0;0;7;0;12;
BA;292575;PRESIDENTE TANCREDO NEVES;0;0;0;0;0;27;13;0;0;0;0;0;0;0;29;0;0;0;0;0;0;0;
RS;430210;BENTO GONÇALVES;0;2;0;0;7;59;2;1;0;0;3;0;6;1;0;0;0;0;0;0;0;0;
AP;160030;MACAPÁ;43;0;2;0;16;10;9;8;2;2;4;0;1;0;27;0;0;0;0;0;5;19;
PE;260005;ABREU E LIMA;0;0;0;0;5;0;0;0;0;0;0;0;0;0;0;0;0;0;0;0;0;0;
RJ;330350;NOVA IGUAÇU;1;0;0;0;0;0;0;0;0;0;0;0;0;0;0;0;0;0;0;0;0;1;
PB;251600;SOLÂNEA;115;4;47;0;186;24;110;45;8;114;27;11;0;40;97;0;0;0;2;45;141;5;
SC;420290;BRUSQUE;0;0;0;0;0;0;0;0;0;0;0;0;0;21;0;0;0;0;0;0;0;0;
AP;160053;PORTO GRANDE;3;0;1;0;14;9;16;0;0;1;1;0;0;3;0;0;0;0;0;0;1;0;
SP;354140;PRESIDENTE PRUDENTE;240;7;8;2;138;62;15;25;1;18;86;99;9;32;0;0;1;0;0;28;39;11;
BA;290560;CAMACAN;0;2;2;0;1;5;0;0;0;0;0;0;0;71;54;0;0;0;0;0;0;0;
CE;230870;MORADA NOVA;0;0;0;0;0;0;0;0;0;0;0;10;0;7;0;0;0;0;0;0;0;0;
PE;261530;TIMBAÚBA;0;0;0;0;0;0;0;0;0;0;0;1;0;0;0;0;0;0;0;0;0;0;
RN;241230;SÃO JOSÉ DO CAMPESTRE;15;0;1;0;7;9;1;1;0;0;2;1;0;0;0;0;0;0;0;0;0;11;
PR;410330;BORRAZÓPOLIS;0;0;0;1;0;0;0;0;0;0;0;0;36;0;38;0;0;0;0;0;0;0;
BA;290840;CONCEIÇÃO DO COITÉ;0;0;2;0;0;0;0;2;0;0;0;2;0;18;0;0;0;0;0;0;0;0;
BA;293135;TEIXEIRA DE FREITAS;269;4;8;1;356;149;249;8;19;12;90;54;50;16;5;14;21;0;19;39;65;49;
BA;292150;MONTE SANTO;147;0;8;0;0;0;0;0;0;0;25;0;9;0;0;0;0;0;0;0;0;0;
PA;150240;CASTANHAL;0;0;17;0;35;11;0;0;0;0;10;0;0;0;0;0;0;0;0;0;0;0;
RN;240420;GOIANINHA;7;1;28;0;128;2;33;47;11;52;5;2;0;9;0;0;0;0;1;73;14;1;
RN;240180;BREJINHO;47;0;0;0;22;14;11;110;0;2;30;55;18;11;3;0;0;0;0;4;0;1;
MG;310510;BAMBUÍ;0;25;0;0;0;76;0;0;0;0;0;0;0;0;0;0;0;0;0;0;0;0;
RS;430610;CRUZ ALTA;0;0;0;0;0;32;0;0;0;0;0;0;0;0;0;0;0;0;0;0;0;0;
PI;220820;PIO IX;27;1;34;0;259;14;131;112;5;155;7;1;1;0;0;0;0;6;1;0;19;0;


Fonte: Sistema de Informação em Saúde para a Atenção Básica - SISAB;
E-mail: sisab@saude.gov.br;
Dado gerado em: 18 de Novembro de 2022 - 17:44h
