MS/SAPS/Departamento de Saúde da Família ­ DESF 
Dados sujeitos à alteração 
---Descrição dos Filtros Utilizados---
Competência: MAR/2014.
Tipo de Produção: Atendimento Individual.
"Probl/ Condição Avaliada: Asma, Desnutrição, Diabetes, DPOC, Hipertensão arterial, Obesidade, Pré-natal, Puericultura, Puerpério (até 42 dias), Saúde sexual e reprodutiva, Tabagismo, Usuário de álcool, Usuário de outras drogas, Saúde mental, Reabilitação, D.Transmissíveis - Dengue, Doenças transmissíveis - DST, D.Transmissíveis - Hanseníase, D.Transmissíveis - Tuberculose, Rast. câncer de mama, Rast. câncer do colo do útero, Rast. risco cardiovascular."


Uf;Ibge;Municipio;Asma;Desnutrição;Diabetes;DPOC;Hipertensão arterial;Obesidade;Pré-natal;Puericultura;Puerpério (até 42 dias);Saúde sexual e reprodutiva;Tabagismo;Usuário de álcool;Usuário de outras drogas;Saúde mental;Reabilitação;D.Transmissíveis - Dengue;Doenças transmissíveis - DST;D.Transmissíveis - Hanseníase;D.Transmissíveis - Tuberculose;Rast. câncer de mama;Rast. câncer do colo do útero;Rast. risco cardiovascular;
MA;210360;COROATÁ;15;128;297;6;751;38;377;1.178;28;493;14;8;2;131;34;2;41;72;8;6;146;90;
MA;210005;AÇAILÂNDIA;0;2;169;0;347;19;252;329;9;348;1;1;1;74;52;0;0;5;2;0;16;10;
RS;432000;SAPUCAIA DO SUL;1;8;38;1;82;75;20;56;4;68;12;1;0;44;86;0;1;0;1;4;33;8;
MG;316720;SETE LAGOAS;0;0;0;0;0;0;6;0;0;4;0;0;0;0;0;0;0;0;0;3;4;0;
TO;170130;ARAGOMINAS;10;0;10;0;53;2;12;76;0;16;1;2;0;4;12;0;0;0;0;0;0;0;
PE;260415;CASINHAS;0;4;4;0;27;0;0;18;0;0;0;0;0;2;66;0;0;0;0;0;0;0;
AM;130008;ANAMÃ;0;0;9;0;22;0;1;0;0;0;0;0;0;0;0;0;0;0;0;0;0;0;
PE;261050;PASSIRA;0;0;1;0;4;0;1;0;0;0;0;0;0;0;0;0;0;0;0;0;0;0;
PI;220810;PIMENTEIRAS;0;0;0;0;1;0;0;0;0;0;0;0;0;1;0;0;0;0;0;0;0;0;
MA;211125;SÃO JOSÉ DOS BASÍLIOS;0;0;0;0;1;0;0;0;0;0;0;0;0;0;0;0;0;0;0;0;0;0;
MG;317200;VISCONDE DO RIO BRANCO;2;4;32;1;71;4;32;9;0;42;0;0;0;15;164;0;0;0;0;0;0;0;
MG;316800;TAIOBEIRAS;2;0;0;0;8;4;4;2;0;0;1;1;0;3;0;0;0;0;0;1;4;0;
MT;510790;SINOP;0;0;0;0;2;0;0;0;0;0;0;0;0;0;0;0;0;0;0;0;0;0;
MT;510776;SANTA RITA DO TRIVELATO;0;2;1;0;2;0;0;10;0;0;0;0;0;0;2;0;0;0;0;0;0;0;
PI;221070;SIMÕES;0;0;0;0;0;1;0;0;0;0;0;0;0;0;0;0;0;0;0;0;0;0;
RN;240890;PARELHAS;0;0;0;0;0;0;0;1;0;0;0;0;0;0;0;0;0;0;0;0;0;0;
PB;251340;SANTA LUZIA;2;20;221;21;1.138;195;289;1.541;35;659;23;16;2;414;240;4;8;2;6;73;125;16;
TO;171270;MATEIROS;0;0;0;0;0;0;0;2;0;0;0;0;0;0;0;0;0;0;0;0;0;0;
SC;420210;BARRA VELHA;6;10;86;9;229;76;58;42;0;52;8;4;1;118;22;0;5;0;0;13;10;11;
MA;210465;GOVERNADOR NEWTON BELLO;0;1;19;1;31;3;43;120;3;66;0;0;0;3;0;0;10;0;0;0;0;0;
MA;210140;BALSAS;0;0;0;0;0;0;13;0;4;0;0;0;0;0;0;0;0;0;0;0;0;0;
TO;171620;PARANÃ;2;0;1;0;12;0;11;5;4;11;2;3;0;3;0;2;3;0;0;0;3;0;
PB;251690;UIRAÚNA;0;0;0;0;0;0;5;0;0;0;0;0;0;0;0;0;0;0;0;0;0;0;
SP;352370;ITIRAPUÃ;0;0;12;0;21;0;0;0;0;0;0;0;0;1;0;0;0;0;0;0;0;0;
MG;314370;MORRO DO PILAR;0;0;1;0;1;0;1;3;0;8;0;0;0;1;0;0;0;0;0;0;0;0;
PE;261610;VERDEJANTE;0;0;4;0;6;0;1;1;0;0;1;0;0;0;0;0;0;0;0;0;0;0;
MG;317020;UBERLÂNDIA;4;3;32;0;84;4;29;108;0;9;0;3;7;16;0;0;3;0;0;0;2;0;
MA;211174;SENADOR ALEXANDRE COSTA;0;0;10;1;87;0;44;56;0;94;0;0;0;0;0;0;0;0;0;0;0;0;
PE;260110;ARARIPINA;0;0;10;0;8;0;75;15;0;24;0;0;0;0;0;0;0;0;0;0;0;0;
MA;210830;PENALVA;0;0;4;0;4;2;0;0;0;0;0;0;0;0;0;0;0;0;0;0;0;2;
MG;310020;ABAETÉ;0;1;0;0;0;0;0;0;0;0;0;0;0;0;0;0;0;0;0;0;0;0;
MA;211130;SÃO LUÍS;0;0;0;0;0;0;2;0;0;0;0;0;0;0;0;0;0;0;0;0;0;0;
MA;211157;SÃO PEDRO DOS CRENTES;0;0;0;0;0;1;0;0;0;0;0;0;0;0;1;0;0;0;0;0;0;0;
MT;510630;PARANATINGA;0;0;0;0;1;0;0;0;0;0;0;0;0;0;0;0;0;0;0;0;0;0;
PE;260600;GARANHUNS;27;20;200;8;690;47;296;312;28;316;22;7;13;383;85;0;5;1;6;2;11;0;
PI;220440;GILBUÉS;2;2;32;1;183;18;81;93;7;46;5;0;5;37;356;0;0;0;0;0;1;33;
SP;354020;PONTAL;6;9;67;7;184;31;1;14;0;90;6;3;4;75;132;0;4;0;3;16;27;0;
SP;350740;BORBOREMA;0;0;25;0;91;0;0;0;2;9;1;0;0;1;184;0;0;0;1;7;5;0;
TO;170600;COUTO MAGALHÃES;0;0;0;0;0;0;0;2;0;0;0;0;0;0;34;0;0;0;0;0;0;0;
SP;354780;SANTO ANDRÉ;0;0;1;0;8;2;1;2;1;0;0;0;0;0;0;0;0;0;0;0;0;0;
PA;150442;MARITUBA;0;0;0;0;0;0;1;0;0;0;0;0;0;0;0;0;0;0;0;0;0;0;
BA;291660;ITAPITANGA;1;0;41;0;61;5;6;3;0;5;1;1;0;7;0;1;0;0;0;0;0;0;
MT;510190;BRASNORTE;2;0;2;0;17;7;0;0;0;0;5;2;0;1;0;0;0;0;0;0;0;0;
AP;160005;SERRA DO NAVIO;0;1;2;0;16;3;21;32;1;92;0;0;0;1;1;0;1;0;0;7;10;0;
BA;291685;ITATIM;0;0;0;0;2;1;0;0;0;1;0;0;0;11;149;0;0;0;0;0;0;0;
SC;421220;PAPANDUVA;12;0;12;0;54;2;26;0;1;10;2;10;2;6;0;0;0;0;2;0;0;0;
RN;240790;MONTE DAS GAMELEIRAS;0;3;2;0;2;10;0;0;0;0;0;0;0;0;26;0;0;0;0;0;0;0;
MA;210232;BURITICUPU;1;0;11;0;52;0;50;82;5;9;0;0;0;0;0;0;0;2;1;0;0;0;
TO;171889;SANTA RITA DO TOCANTINS;0;0;14;0;23;0;0;0;0;0;7;0;0;1;57;0;0;0;0;0;0;0;
PE;261230;SALOÁ;0;0;1;0;4;0;0;0;0;2;1;0;0;0;0;0;0;0;0;0;0;0;
RS;430587;CORONEL BARROS;0;0;0;0;0;0;0;0;0;0;0;0;0;1;0;0;0;0;0;0;0;0;
GO;520551;COCALZINHO DE GOIÁS;0;0;0;0;0;0;0;0;0;2;0;0;0;0;1;0;1;0;0;1;1;0;
BA;292490;PLANALTINO;0;0;0;0;0;0;0;3;0;0;0;0;0;0;0;0;0;0;0;0;0;0;
BA;293070;SIMÕES FILHO;0;0;0;0;0;0;0;0;0;0;0;0;0;0;2;0;0;0;0;0;0;0;
MG;312880;GUIDOVAL;8;1;343;2;658;34;0;39;0;206;62;4;0;132;0;0;0;0;0;0;0;0;
PB;251615;SOSSÊGO;2;1;7;0;30;3;20;52;4;72;0;0;0;1;3;0;0;0;0;1;8;0;
PA;150060;ALTAMIRA;6;3;21;0;48;47;50;17;7;20;0;1;0;16;6;5;0;63;0;0;0;0;
BA;292250;NAZARÉ;2;0;46;0;138;3;101;148;17;222;1;0;0;2;61;0;1;0;0;0;0;0;
SP;350650;BIRIGUI;0;4;2;0;12;7;0;0;0;0;0;0;0;0;4;0;0;0;0;0;0;0;
PB;250403;CAPIM;0;2;4;0;8;0;0;10;0;2;0;0;0;0;0;2;0;0;0;0;0;0;
MG;312960;IBIAÍ;20;3;2;5;16;3;0;1;1;8;6;1;4;6;6;1;0;0;0;0;0;1;
SP;350600;BAURU;0;0;0;0;0;0;0;2;0;0;0;0;0;0;0;0;0;0;0;0;0;0;
MG;312675;FRANCISCÓPOLIS;0;0;0;0;1;0;0;0;0;0;0;0;0;0;0;0;0;0;0;0;0;1;
BA;292010;MAIRI;0;0;0;0;0;0;2;1;0;1;0;0;0;0;0;0;0;0;0;0;0;0;
MG;313925;MAMONAS;0;0;3;0;28;0;1;1;0;1;0;0;0;5;0;0;0;0;0;0;0;0;
MG;316100;SÃO DOMINGOS DO PRATA;38;26;136;4;562;15;83;132;10;64;1;0;0;268;41;2;7;0;0;10;65;0;
PB;250600;ESPERANÇA;0;0;0;0;0;0;0;7;0;0;0;0;0;0;0;0;0;0;0;0;0;0;
GO;520590;CORUMBAÍBA;4;0;2;2;1;4;0;2;0;0;0;0;0;18;0;0;0;0;0;0;0;0;
TO;170390;CASEARA;0;0;0;0;0;0;0;0;0;0;0;0;0;0;19;0;0;1;0;0;0;0;
BA;291210;IBICARAÍ;0;0;0;0;0;0;0;1;0;0;0;0;0;0;109;0;0;0;0;0;0;0;
MA;210515;IGARAPÉ DO MEIO;1;0;8;0;28;3;40;33;3;7;0;0;0;0;0;0;0;1;0;0;0;0;
BA;291720;ITUAÇU;0;0;1;0;2;0;0;0;0;0;0;0;0;1;0;0;0;0;0;1;2;0;
PE;261160;RECIFE;6;0;48;3;141;20;10;8;0;4;5;2;3;34;0;0;5;0;0;0;0;0;
TO;171245;LUZINÓPOLIS;0;0;0;0;0;0;0;0;0;1;0;0;0;0;0;0;0;0;0;0;0;0;
PB;251080;PATOS;0;0;11;0;14;3;15;0;4;0;0;0;0;1;1;0;0;0;0;1;0;0;
MA;211150;SÃO MATEUS DO MARANHÃO;0;0;0;0;0;0;2;0;0;1;0;0;0;0;0;0;0;0;0;0;0;0;
BA;291005;DIAS D'ÁVILA;0;0;0;0;0;0;0;0;0;0;0;0;0;0;0;1;0;0;0;0;0;0;
MA;211140;SÃO LUÍS GONZAGA DO MARANHÃO;0;0;0;0;5;0;1;16;0;17;0;0;0;0;0;0;0;0;0;0;0;0;
AP;160020;CALÇOENE;1;1;4;0;8;0;2;19;1;59;0;0;0;0;1;0;1;0;0;0;1;2;
MG;316570;SENADOR FIRMINO;0;0;0;0;0;0;0;8;0;0;0;0;0;34;0;0;0;0;0;0;0;0;
PB;250110;AREIA;0;0;0;0;2;0;0;0;0;0;0;0;0;0;6;0;0;0;0;0;0;0;
GO;522045;SENADOR CANEDO;0;0;1;0;1;0;0;8;1;0;0;0;0;0;0;0;0;0;0;0;7;0;
ES;320180;DIVINO DE SÃO LOURENÇO;0;0;0;0;5;0;0;0;0;0;0;0;0;5;0;0;0;0;0;0;0;0;
MG;315980;SANTA VITÓRIA;0;1;15;0;24;73;0;5;0;48;1;1;0;21;17;0;0;1;0;0;0;0;
BA;291510;ITAGI;0;0;0;0;0;0;4;1;0;8;0;0;0;0;0;0;0;0;0;0;9;0;
TO;171855;RIACHINHO;0;0;0;0;0;0;2;0;0;0;0;0;0;0;0;0;0;0;0;0;0;0;
BA;291955;LUÍS EDUARDO MAGALHÃES;175;4;28;0;357;308;525;178;13;97;53;36;42;74;5;2;3;1;3;9;124;1;
PB;251398;SÃO FRANCISCO;2;0;17;1;61;2;11;20;0;18;0;0;0;9;43;0;0;1;0;0;0;0;
BA;291125;GAVIÃO;0;0;0;1;15;0;11;11;1;11;0;0;0;1;0;0;0;0;0;0;0;2;
BA;291072;EUNÁPOLIS;0;0;27;0;82;5;44;28;10;85;1;1;0;3;6;1;0;14;11;37;82;11;
SP;351130;CEDRAL;0;0;1;0;2;0;0;0;0;0;1;0;0;1;1;0;0;0;0;0;0;0;
PB;251120;PEDRAS DE FOGO;0;0;1;0;1;0;0;1;0;0;0;0;0;0;0;0;0;0;0;0;0;0;
PB;250020;AGUIAR;2;0;56;4;233;0;38;53;8;49;0;0;0;55;4;1;0;0;0;8;20;0;
ES;320490;SÃO MATEUS;0;0;1;0;4;2;17;19;2;123;0;0;0;2;0;1;1;0;0;0;0;0;
MA;210810;PAULO RAMOS;0;0;3;0;5;0;0;3;0;0;0;0;0;0;1;0;0;1;0;0;0;0;
MA;210596;LAGOA GRANDE DO MARANHÃO;0;1;9;0;28;4;28;30;0;14;0;0;0;0;0;0;2;0;0;0;0;0;
MT;510631;NOVO SANTO ANTÔNIO;4;7;16;2;76;5;15;16;3;37;0;2;0;3;24;0;0;1;0;0;1;0;
MA;210975;SANTA FILOMENA DO MARANHÃO;0;1;0;0;2;0;0;0;0;1;0;0;0;0;0;0;0;0;0;0;0;0;
PE;260660;IBIMIRIM;0;0;0;0;2;0;0;0;0;0;0;0;0;0;2;0;0;0;0;0;0;0;
PE;261255;SANTA FILOMENA;6;2;2;0;8;0;4;0;0;2;0;0;0;0;0;0;0;0;0;0;0;0;
RO;110170;URUPÁ;0;0;0;0;0;0;1;0;0;0;0;0;0;0;0;0;0;0;0;0;0;0;
BA;291733;IUIÚ;0;0;0;0;0;0;0;0;0;2;0;0;0;0;0;0;0;0;0;0;0;0;
MA;211227;TUFILÂNDIA;0;2;20;4;66;19;39;117;1;23;6;1;0;6;412;0;0;0;0;0;4;0;
BA;293015;SERRA DO RAMALHO;1;4;73;0;148;3;201;175;4;152;2;2;0;4;0;0;0;0;0;2;83;29;
PB;251390;SÃO BENTO;0;3;4;0;18;6;7;9;0;30;2;0;0;14;1;0;0;0;0;0;0;0;
PE;260830;JUPI;0;0;0;0;8;2;0;0;0;0;0;0;0;0;0;0;0;0;0;0;0;0;
PR;411500;MARILENA;0;0;0;0;1;0;0;0;0;0;1;0;0;5;1;0;0;0;0;0;0;0;
RJ;330330;NITERÓI;4;0;1;0;9;2;1;1;0;0;1;0;0;4;0;0;0;0;0;0;0;0;
PE;261140;PRIMAVERA;0;0;0;0;0;0;0;10;0;0;0;0;0;0;0;0;0;0;0;0;0;0;
TO;171110;ITAPORÃ DO TOCANTINS;0;0;0;0;8;0;0;0;0;0;0;0;0;0;6;0;0;0;0;0;0;0;
MA;210550;JOÃO LISBOA;3;15;73;0;252;10;71;196;4;113;43;0;2;19;20;2;2;6;4;0;0;0;
MA;210780;PARNARAMA;0;2;86;0;251;4;86;91;0;21;0;0;0;2;0;0;0;0;0;0;0;0;
MG;314500;NOVA PONTE;0;0;0;0;1;0;0;0;0;0;0;0;0;0;0;0;0;0;0;0;0;0;
SP;351390;DIVINOLÂNDIA;0;0;1;0;1;0;0;0;0;0;0;0;0;0;1;0;0;0;0;0;1;0;
SP;353510;PALMARES PAULISTA;0;0;0;0;0;0;0;0;0;0;0;0;0;0;0;7;0;0;0;0;0;0;
MA;211120;SÃO JOSÉ DE RIBAMAR;16;2;32;0;125;7;88;183;3;179;11;0;0;8;0;3;0;3;1;0;0;0;
SP;353400;ONDA VERDE;1;2;15;1;40;2;0;0;0;0;7;1;0;29;0;0;0;0;0;0;0;0;
ES;320120;CACHOEIRO DE ITAPEMIRIM;49;3;4;0;80;27;9;14;0;4;0;0;0;4;1;0;0;0;0;0;0;0;
PR;410770;FÊNIX;0;0;0;0;0;0;0;0;0;0;0;0;4;4;0;0;0;0;0;0;0;0;
MG;316150;SÃO GERALDO;0;0;0;0;0;0;0;0;0;0;0;0;0;0;8;0;0;0;0;0;0;0;
AP;160010;AMAPÁ;6;0;1;0;22;6;7;0;1;0;2;3;0;0;0;0;0;0;0;0;0;0;
SP;354360;RIFAINA;1;0;12;1;16;21;0;0;0;0;2;0;0;33;12;0;0;0;0;0;0;1;
RS;430545;CIDREIRA;2;0;1;0;6;0;0;0;0;0;0;0;0;5;0;0;0;0;0;0;0;0;
TO;171884;SANDOLÂNDIA;0;0;0;0;1;0;0;0;0;0;0;0;0;0;0;0;0;0;0;0;0;0;
BA;290270;BARRA;0;2;28;2;89;10;80;91;4;139;5;2;0;8;0;0;1;1;7;0;24;4;
MA;210580;LAGO DO JUNCO;0;0;0;0;0;0;0;0;0;0;0;0;0;1;4;0;0;0;0;0;0;0;
CE;231330;TAUÁ;0;0;31;0;91;2;40;5;10;9;2;0;0;1;7;0;0;0;0;0;0;0;
PB;250640;GURINHÉM;0;0;0;0;0;0;0;0;0;8;0;0;0;0;0;0;0;0;0;0;0;0;
BA;292470;PIRIPÁ;11;0;0;0;1;5;0;0;0;0;2;0;6;4;2;0;0;0;0;0;0;0;
BA;290520;CAETITÉ;0;0;0;0;0;0;1;0;0;0;0;0;0;0;0;0;0;0;0;0;0;0;
RJ;330400;PIRAÍ;0;0;0;0;0;0;0;0;0;0;0;0;0;0;17;0;0;0;0;0;0;0;
RN;240830;NOVA CRUZ;3;4;111;2;397;7;101;100;9;195;4;0;24;83;24;0;1;0;1;1;2;1;
PB;250380;CALDAS BRANDÃO;2;0;12;0;70;0;84;80;2;109;0;0;0;16;0;0;0;0;0;0;0;0;
MG;315690;SACRAMENTO;0;0;2;0;2;2;0;0;0;0;0;0;0;2;0;0;0;0;0;0;0;0;
PE;261320;SÃO JOÃO;0;0;12;2;28;0;7;26;0;23;2;1;0;13;0;0;0;0;0;0;0;0;
MG;314655;PAI PEDRO;0;0;0;0;0;0;0;0;0;9;0;0;0;0;0;0;0;0;0;0;6;0;
MG;314280;MONTE ALEGRE DE MINAS;0;0;2;0;15;0;0;0;0;0;0;0;0;0;6;0;0;0;0;0;0;0;
MG;314270;MONTALVÂNIA;0;0;0;0;0;0;0;2;0;0;0;0;0;0;2;0;0;0;0;0;0;0;
TO;170360;BRASILÂNDIA DO TOCANTINS;0;0;1;0;2;0;0;0;0;0;0;0;0;0;0;0;0;0;0;0;0;0;
MG;312770;GOVERNADOR VALADARES;0;0;0;0;0;0;0;2;0;0;0;0;0;0;0;0;0;0;0;0;0;0;
MA;211290;VITÓRIA DO MEARIM;0;0;8;0;24;6;14;8;0;71;0;0;0;0;0;0;0;2;0;0;0;0;
RN;240820;NÍSIA FLORESTA;0;0;3;0;19;0;4;5;1;20;0;0;0;2;236;0;0;0;0;0;0;0;
BA;290590;CAMPO ALEGRE DE LOURDES;0;0;1;0;17;0;7;15;0;3;0;0;0;0;0;0;0;0;0;0;0;0;
PR;412200;RIO AZUL;0;1;0;0;5;8;0;0;0;1;0;5;1;31;9;0;0;0;0;0;0;0;
SP;353300;NOVA GRANADA;59;1;0;0;0;4;0;1;1;3;23;8;4;6;0;0;0;0;0;0;12;1;
MA;210820;PEDREIRAS;0;0;1;0;6;0;2;0;0;0;0;0;0;0;1;0;0;0;0;0;0;0;
MA;210750;PAÇO DO LUMIAR;0;0;37;0;90;1;57;275;4;116;0;1;0;6;1;1;0;8;3;0;8;0;
AP;160055;PRACUÚBA;0;0;38;0;74;8;58;86;14;114;0;0;0;2;6;0;0;0;0;0;0;0;
MA;210745;OLINDA NOVA DO MARANHÃO;0;0;23;1;60;1;72;39;0;75;0;0;0;0;14;0;0;2;0;0;0;0;
SE;280210;ESTÂNCIA;0;0;0;0;11;0;1;1;2;0;0;0;0;0;0;0;0;0;0;0;0;0;
SE;280610;ROSÁRIO DO CATETE;0;0;2;0;2;0;6;1;0;0;0;0;0;1;0;0;0;0;0;0;0;1;
MG;313930;MANGA;0;0;0;0;4;0;0;0;0;0;0;0;0;0;0;0;0;0;0;0;0;0;
SP;350080;ALFREDO MARCONDES;0;0;2;0;10;2;1;2;0;2;0;0;0;4;1;0;0;0;0;0;0;0;
MA;210850;PINDARÉ-MIRIM;0;1;12;0;24;6;45;117;5;108;0;0;0;0;301;0;0;6;2;0;7;0;
AP;160040;MAZAGÃO;0;6;3;0;11;57;27;2;1;37;1;0;0;28;16;0;0;0;0;0;0;0;
MG;311260;CAPINÓPOLIS;0;0;1;0;0;0;12;11;2;10;0;0;0;0;2;0;1;0;0;4;28;0;
BA;290830;CONCEIÇÃO DO ALMEIDA;0;0;31;0;103;0;34;26;5;37;0;0;0;0;0;0;0;0;3;0;6;0;
PB;251440;SÃO JOSÉ DE ESPINHARAS;0;0;0;0;0;0;0;0;0;0;0;0;0;0;0;0;0;0;0;20;0;0;
BA;290750;CATU;1;0;33;1;97;1;39;49;5;258;0;2;0;4;8;0;0;0;0;2;44;17;
MA;210640;MATA ROMA;0;0;12;0;81;0;23;0;0;12;0;0;0;0;0;0;0;0;0;0;0;0;
PB;251560;SERRA DA RAIZ;0;0;0;0;0;0;0;0;0;4;0;0;0;0;0;0;0;0;0;0;3;0;
PI;220430;FRONTEIRAS;4;0;2;0;30;2;9;3;0;20;8;1;0;20;34;0;0;0;0;0;0;0;
BA;290110;AMÉLIA RODRIGUES;0;0;0;0;2;1;18;5;0;0;0;0;0;0;0;0;0;0;0;0;0;0;
AM;130420;TEFÉ;0;0;0;0;0;0;0;1;0;0;0;0;0;6;0;0;0;0;0;0;0;0;
MA;210370;CURURUPU;0;0;0;0;0;0;0;2;1;0;0;0;0;0;0;0;0;0;0;0;0;0;
PB;250710;ITAPOROROCA;0;0;1;0;2;0;0;0;0;0;0;0;0;3;0;0;0;0;0;0;0;0;
PB;250090;ARARA;0;2;14;0;32;15;92;59;8;111;10;4;0;8;49;0;34;0;0;4;52;0;
BA;291730;ITUBERÁ;0;10;0;0;4;10;0;2;0;0;0;2;0;16;6;0;0;0;0;0;0;2;
MA;211167;SÃO ROBERTO;0;0;0;0;4;0;0;0;0;8;0;0;2;2;0;0;0;0;0;0;0;0;
RN;241200;SÃO GONÇALO DO AMARANTE;0;0;3;0;6;0;4;0;0;7;0;0;0;0;1;0;0;0;1;0;0;1;
RN;240120;ARÊS;5;1;0;0;5;1;0;0;0;14;1;1;0;2;0;0;0;0;0;0;0;0;
PB;251360;SANTANA DOS GARROTES;0;0;0;0;0;0;0;0;0;0;0;0;0;1;0;0;0;0;0;0;0;0;
RS;431843;SÃO JOÃO DO POLÊSINE;0;0;0;0;0;0;0;0;0;0;0;0;0;0;2;0;0;0;0;0;0;0;
PB;250355;CACIMBAS;0;0;0;0;0;0;3;0;0;0;0;0;0;0;0;0;0;0;0;0;0;0;
PA;150295;ELDORADO DOS CARAJÁS;0;0;0;0;2;0;0;0;0;1;0;0;0;0;0;0;0;0;0;0;0;0;
SP;355560;UCHOA;14;2;112;10;370;6;32;0;2;0;0;0;0;204;36;0;0;0;0;78;136;0;
RN;241420;TIBAU DO SUL;2;10;136;0;392;34;87;408;7;169;8;5;2;77;169;0;0;0;0;25;47;0;
PE;261410;SERTÂNIA;17;5;54;3;149;19;160;239;3;271;1;0;0;10;65;0;0;0;0;21;119;6;
PE;260240;BREJÃO;3;2;22;1;92;4;32;27;2;158;2;0;0;73;102;0;0;0;2;5;32;0;
MA;211230;TUNTUM;1;1;17;2;52;3;36;10;1;19;0;0;0;2;9;0;1;1;1;0;1;0;
BA;290860;CONDE;1;0;0;0;39;5;10;0;0;1;0;0;0;1;0;0;0;0;0;7;14;0;
PE;260100;ANGELIM;2;3;22;19;88;1;72;125;18;91;12;18;0;36;81;0;2;0;1;5;6;3;
MA;210250;CAJARI;0;0;0;0;1;0;68;25;0;9;1;0;0;1;1;0;1;0;0;0;0;0;
MA;210120;BACABAL;5;7;335;7;843;23;335;246;53;543;7;13;3;13;565;1;1;37;13;0;0;1;
SC;421570;SANTO AMARO DA IMPERATRIZ;1;0;7;4;22;5;3;6;1;4;0;0;0;31;0;0;2;0;0;9;11;0;
MG;314505;NOVA PORTEIRINHA;2;0;0;0;22;0;0;0;1;2;0;0;0;0;0;0;0;0;0;0;0;0;
TO;171820;PORTO NACIONAL;0;0;0;0;1;0;0;6;2;0;0;0;0;1;0;0;0;0;0;0;1;0;
PB;250150;BANANEIRAS;0;0;2;0;2;0;0;0;0;0;0;0;0;0;2;0;0;0;0;0;0;0;
MA;210055;AMAPÁ DO MARANHÃO;0;0;0;0;0;0;4;6;0;1;0;0;0;0;0;0;0;0;0;0;0;0;
RJ;330220;ITAPERUNA;0;0;0;0;4;0;0;0;0;0;0;0;0;0;6;0;0;0;0;0;0;0;
MA;210530;IMPERATRIZ;0;3;6;0;21;0;9;24;1;12;0;0;0;10;14;0;1;0;0;0;0;0;
MA;210770;PARAIBANO;0;0;0;0;24;2;5;0;0;4;0;0;0;0;0;0;0;0;0;0;0;0;
RN;240620;LAGOA D'ANTA;1;0;11;0;52;0;58;20;4;51;0;0;3;12;103;0;0;0;1;0;0;0;
MG;313550;JEQUERI;0;0;0;0;3;8;0;0;0;0;0;0;0;17;0;0;0;0;0;0;0;0;
PB;250980;MULUNGU;0;0;0;0;0;4;0;0;0;0;0;0;0;0;0;0;0;0;0;0;0;0;
PB;250320;CABEDELO;0;0;0;0;0;0;1;0;0;4;0;0;0;4;0;0;0;0;0;2;2;0;
RN;241220;SÃO JOSÉ DE MIPIBU;8;6;172;2;525;43;267;378;19;615;9;2;1;177;50;1;1;1;11;10;71;0;
RN;240220;CANGUARETAMA;13;7;132;6;531;21;212;284;24;575;10;7;3;70;31;0;8;1;7;19;42;7;
GO;520430;CAÇU;0;0;0;0;1;0;0;5;0;0;0;0;0;0;0;0;0;0;0;0;23;0;
MA;210860;PINHEIRO;0;0;1;0;5;1;21;5;0;8;3;1;0;0;0;0;0;0;0;0;1;0;
RN;241350;SERRINHA;0;0;0;0;0;0;0;0;0;1;0;0;0;5;0;0;0;0;0;0;0;0;
PR;411420;MANDAGUARI;0;0;5;1;8;0;1;0;0;6;0;0;0;0;1;0;0;0;0;0;0;0;
BA;292880;SANTO ESTÊVÃO;0;0;2;0;0;0;0;0;0;1;0;0;0;0;0;0;0;0;0;0;0;0;
BA;290680;CANSANÇÃO;0;1;21;0;57;2;36;20;3;36;1;1;0;10;3;0;0;0;1;0;0;0;
MA;210547;JENIPAPO DOS VIEIRAS;0;0;0;0;0;0;0;1;0;0;0;0;0;0;0;0;0;0;0;0;0;0;
AP;160070;TARTARUGALZINHO;4;0;7;0;20;6;21;1;1;13;0;0;0;2;3;0;2;0;0;0;3;0;
MA;210430;GODOFREDO VIANA;0;0;0;0;4;0;1;13;0;7;0;0;0;0;0;0;0;0;0;0;0;0;
SP;351940;IBIRÁ;0;0;0;0;0;0;0;0;0;0;0;0;0;8;0;0;0;0;0;0;1;0;
BA;292870;SANTO ANTÔNIO DE JESUS;4;0;32;0;28;1;0;0;0;0;0;0;0;19;22;0;0;0;0;0;0;10;
PE;260120;ARCOVERDE;0;0;1;0;8;0;0;0;0;6;0;1;0;7;1;0;0;0;2;0;0;7;
MG;315230;PORTO FIRME;0;0;1;0;1;6;0;0;0;2;0;0;0;5;0;0;0;0;0;0;0;0;
PA;150170;BRAGANÇA;0;4;0;0;0;38;0;0;0;0;0;0;0;0;0;0;0;0;0;0;0;0;
BA;290210;ARACI;0;0;0;0;0;0;0;0;0;10;0;0;0;0;0;0;0;0;0;0;0;0;
MA;210890;POÇÃO DE PEDRAS;3;1;62;0;414;1;105;447;3;1.117;4;5;2;6;60;0;0;4;0;14;27;9;
GO;520510;CATALÃO;4;2;23;0;133;8;0;11;0;52;2;1;0;18;10;7;1;2;0;1;0;0;
RN;240630;LAGOA DE PEDRAS;5;2;16;0;43;2;29;97;4;12;0;0;0;9;0;0;0;0;0;0;0;1;
SP;351750;GUAPIAÇU;33;21;138;21;303;98;45;24;7;158;54;26;1;168;68;0;2;0;0;0;135;0;
MA;210440;GONÇALVES DIAS;7;4;41;0;81;20;104;136;3;97;4;1;0;15;1;0;1;0;0;0;5;9;
SC;420460;CRICIÚMA;0;0;21;0;80;36;0;0;0;0;7;0;0;0;0;0;0;0;0;0;0;18;
PR;410380;CAMBIRA;0;2;1;1;6;0;4;2;18;0;0;0;0;1;27;0;0;0;0;0;0;0;
GO;520025;ÁGUAS LINDAS DE GOIÁS;0;0;2;0;2;0;6;2;0;0;0;0;0;0;0;0;0;0;0;0;0;0;
PE;260910;MACHADOS;0;0;1;0;3;0;0;1;0;4;0;0;0;0;0;0;0;0;0;0;0;0;
BA;290090;ALMADINA;0;0;19;0;49;1;13;0;0;22;0;0;0;6;0;0;0;0;0;0;0;0;
PE;260890;LIMOEIRO;0;0;2;0;1;0;4;0;0;0;0;0;0;0;5;0;0;0;0;0;0;0;
SP;354260;REGISTRO;4;0;24;0;67;1;20;34;6;114;0;0;0;0;42;0;0;0;1;9;83;0;
MA;210460;GOVERNADOR EUGÊNIO BARROS;4;1;24;1;67;1;42;152;3;108;4;2;0;54;86;2;2;1;2;6;11;0;
BA;293080;SOUTO SOARES;0;0;0;0;0;0;0;0;0;0;0;0;0;1;4;0;0;0;0;0;0;0;
MA;211000;SANTA LUZIA;0;0;0;0;0;0;4;2;0;4;0;0;0;0;0;0;0;2;0;0;0;0;
RJ;330227;JAPERI;0;0;0;0;0;0;0;0;0;8;0;0;0;0;0;0;0;0;0;0;0;0;
PB;250990;NATUBA;2;0;45;0;146;0;48;8;0;13;0;0;0;24;0;0;0;0;0;0;0;0;
AP;160027;LARANJAL DO JARI;81;0;0;0;61;151;131;0;0;4;24;0;2;218;1;2;0;0;2;0;0;0;
BA;291400;IPIRÁ;4;4;7;2;63;0;10;25;0;59;0;0;0;3;8;0;0;0;0;1;0;0;
SP;353325;NOVAIS;0;0;24;0;77;0;0;0;0;0;0;0;0;0;52;0;0;0;0;0;0;0;
MA;210220;BURITI;4;4;33;5;90;2;83;341;4;75;0;0;0;27;150;0;0;0;0;0;12;2;
PE;260480;CORTÊS;0;0;4;0;14;0;2;0;0;2;0;0;0;0;0;0;0;0;0;0;0;0;
BA;291950;LIVRAMENTO DE NOSSA SENHORA;0;0;22;0;0;0;0;0;0;0;0;0;0;0;0;0;0;0;0;11;21;0;
MG;314670;PALMA;0;0;6;0;21;0;0;4;0;7;0;0;0;0;0;0;0;0;0;0;0;0;
SP;353210;MURUTINGA DO SUL;0;2;0;0;0;102;2;0;0;0;0;0;0;0;12;0;0;0;0;0;0;0;
MG;312330;DORES DO TURVO;0;2;2;0;5;2;0;0;0;0;0;0;0;6;10;0;0;0;0;0;0;0;
MS;500315;CORONEL SAPUCAIA;0;4;0;0;0;15;0;0;0;0;0;0;0;0;0;0;0;0;0;0;0;0;
RN;240980;PEDRO VELHO;0;0;4;0;5;0;0;4;0;0;0;0;0;0;4;0;0;0;0;0;0;0;
MG;312090;CURVELO;0;0;0;1;4;0;0;1;0;0;1;0;0;1;0;0;0;0;0;0;0;0;
MG;310260;ANDRADAS;0;0;0;0;0;1;1;0;0;1;1;1;0;4;0;0;0;0;0;0;0;0;
MS;500270;CAMPO GRANDE;0;0;0;0;7;0;0;0;0;0;0;0;0;0;0;0;0;0;0;0;0;7;
SC;420320;CAMBORIÚ;0;0;0;0;0;0;3;0;0;0;0;0;0;2;0;0;0;0;0;0;0;0;
RJ;330170;DUQUE DE CAXIAS;0;0;1;0;4;0;0;1;0;0;0;0;0;0;0;0;0;0;0;0;0;0;
TO;171900;SANTA TEREZA DO TOCANTINS;2;0;6;0;36;0;15;9;3;6;0;0;3;6;0;0;0;0;0;17;6;0;
RJ;330045;BELFORD ROXO;0;0;12;0;21;7;0;0;0;0;0;0;0;0;0;0;0;0;0;0;0;0;
SE;280750;TOMAR DO GERU;0;0;2;0;3;0;0;0;0;0;0;0;0;0;0;0;0;0;0;0;0;0;
PI;221095;TAMBORIL DO PIAUÍ;0;0;0;0;1;0;0;0;0;0;0;0;0;0;8;0;0;0;0;0;0;0;
BA;293030;SERRA DOURADA;0;0;0;0;0;0;0;0;0;1;0;0;0;0;0;0;0;0;0;0;0;0;
MG;310825;BONITO DE MINAS;4;2;16;0;37;61;17;17;1;4;2;2;0;77;495;0;0;0;1;2;0;0;
BA;290120;ANAGÉ;5;3;62;5;444;43;87;196;7;166;5;0;0;34;7;0;2;4;4;14;7;22;
SP;353290;NOVA EUROPA;1;0;69;7;109;10;5;14;0;13;3;1;6;174;27;2;1;0;0;0;0;0;
MA;211190;SUCUPIRA DO NORTE;0;1;0;0;0;0;27;1;0;0;0;0;0;0;0;0;0;0;0;0;0;0;
BA;292750;SANTA BÁRBARA;0;0;0;0;0;0;0;1;0;0;0;0;0;1;0;0;0;0;0;0;0;0;
PE;261250;SANTA CRUZ DO CAPIBARIBE;0;14;9;0;3;31;0;627;0;0;0;0;0;10;0;0;0;0;0;0;0;0;
MA;210930;PRESIDENTE VARGAS;4;0;0;0;4;0;43;28;0;21;0;0;0;0;61;0;0;0;0;20;30;0;
RN;240850;OURO BRANCO;0;0;2;0;2;0;0;0;0;2;0;0;0;0;0;0;0;0;0;0;0;0;
SC;421830;TRÊS BARRAS;0;0;0;0;0;0;0;0;0;0;0;0;0;0;0;0;0;0;0;1;1;0;
PI;220700;OEIRAS;0;0;0;0;0;0;6;0;0;0;0;0;0;0;0;0;0;0;0;0;0;0;
PE;260760;ILHA DE ITAMARACÁ;1;0;20;0;83;5;41;94;6;27;1;3;0;16;10;0;4;1;0;6;23;0;
PE;261510;TEREZINHA;4;4;15;0;58;20;29;31;1;6;0;0;11;78;79;1;1;0;1;0;22;0;
RN;240610;JUCURUTU;0;1;22;1;76;2;129;287;6;256;0;0;0;3;3;0;133;0;1;97;176;0;
GO;521878;RIO QUENTE;0;4;26;0;73;4;16;0;0;37;0;0;0;0;2;0;0;0;0;0;0;0;
PB;250560;DIAMANTE;10;2;49;2;184;11;28;81;7;124;4;0;3;83;519;2;12;1;7;0;6;0;
BA;292770;SANTA CRUZ CABRÁLIA;0;0;4;0;4;0;0;0;0;0;0;0;0;0;0;0;0;1;0;0;0;0;
SP;352090;IPAUSSU;1;0;10;0;18;1;2;1;1;0;4;1;0;3;2;0;0;0;0;0;0;12;
BA;292500;PLANALTO;0;0;0;0;0;0;0;9;0;0;0;0;0;0;0;0;0;0;0;0;0;0;
PB;250910;MARI;0;0;1;0;2;0;0;0;0;0;0;0;0;0;0;0;0;0;0;0;0;0;
PB;251490;SÃO MAMEDE;15;4;103;5;457;46;63;168;9;115;3;3;1;109;52;0;0;0;1;19;14;0;
RN;240780;MONTE ALEGRE;3;5;113;1;307;16;116;186;8;168;1;3;4;103;54;0;2;1;2;11;25;1;
SP;354540;SALTO GRANDE;0;7;23;1;77;10;10;22;1;11;30;17;0;9;2;0;0;0;0;0;1;0;
GO;520520;CATURAÍ;2;8;11;0;32;5;22;14;2;15;5;1;0;20;1;9;3;1;0;11;13;1;
SP;353715;PEDRINHAS PAULISTA;0;96;0;0;0;96;0;0;0;0;0;0;0;0;0;0;0;0;0;0;0;0;
PB;250630;GUARABIRA;0;0;0;0;1;1;0;0;0;0;0;0;0;0;0;0;0;0;0;0;0;0;
SP;355160;SERRA NEGRA;4;0;8;2;99;2;24;35;0;75;2;2;0;112;2;0;0;0;0;9;17;0;
BA;290390;BOM JESUS DA LAPA;0;6;66;0;354;15;54;77;2;13;0;0;0;11;0;0;2;0;0;6;25;0;
MG;314610;OURO PRETO;0;0;3;0;6;1;0;0;0;0;0;0;0;0;0;0;0;0;0;3;5;2;
MT;510035;ALTO BOA VISTA;42;28;55;8;238;37;110;64;12;164;16;7;0;122;72;0;29;26;0;155;153;72;
TO;171280;MAURILÂNDIA DO TOCANTINS;1;2;35;0;129;42;14;63;2;14;1;1;0;10;0;0;0;0;0;0;1;0;
PB;251470;SÃO JOSÉ DO SABUGI;2;2;35;0;180;0;58;36;3;77;2;2;1;48;0;0;0;0;0;0;40;0;
MG;313560;JEQUITAÍ;0;0;0;0;0;0;0;0;0;0;0;0;0;31;11;0;0;0;0;0;0;0;
GO;521530;ORIZONA;0;0;0;0;4;0;0;0;0;0;0;0;0;0;3;0;0;0;0;0;0;0;
AM;130260;MANAUS;0;0;1;0;1;0;10;1;1;37;0;0;0;0;0;0;0;0;0;0;0;0;
RS;430510;CAXIAS DO SUL;0;0;5;1;14;2;0;1;0;0;2;1;0;6;0;0;0;0;0;0;10;0;
SP;353050;MOCOCA;0;2;3;0;11;4;0;0;0;5;0;0;0;0;0;0;0;0;0;0;0;1;
RN;241310;SENADOR ELÓI DE SOUZA;2;2;7;0;12;2;3;2;3;5;0;0;0;14;12;0;0;0;0;0;0;2;
SP;354080;POTIRENDABA;1;0;1;0;15;0;0;0;0;0;1;0;0;6;0;0;0;0;0;0;0;0;
TO;171500;NOVA ROSALÂNDIA;0;0;0;0;4;0;0;1;0;0;0;0;0;0;0;0;0;0;0;0;0;0;
PB;251310;SALGADO DE SÃO FÉLIX;1;0;0;0;9;2;1;3;0;19;0;0;0;0;0;0;0;0;0;1;3;0;
BA;291085;FILADÉLFIA;0;2;2;0;0;2;0;0;0;0;0;0;0;2;12;0;0;0;0;0;0;0;
PB;251207;POÇO DE JOSÉ DE MOURA;0;0;2;0;2;0;0;0;0;0;2;1;0;1;0;0;0;0;0;0;0;0;
PE;260880;LAJEDO;0;0;9;0;18;17;69;112;3;64;0;0;0;145;0;0;0;0;0;1;3;0;
PB;250550;VISTA SERRANA;0;0;20;0;300;0;39;54;53;237;0;0;0;6;0;2;0;0;0;0;0;0;
MA;210210;BREJO;0;0;0;0;0;0;0;6;0;0;0;0;0;0;0;0;0;0;0;0;0;0;
PA;150230;CAPITÃO POÇO;0;0;0;0;0;0;0;0;0;0;0;0;0;4;0;0;0;0;0;0;0;0;
PE;261080;PEDRA;0;0;0;0;1;0;0;0;0;0;0;0;0;0;0;0;0;0;0;0;0;0;
MA;210170;BARREIRINHAS;2;6;26;1;41;10;13;47;0;19;3;0;1;2;0;0;2;2;0;4;9;9;
MA;211260;URBANO SANTOS;0;0;13;0;21;1;49;39;1;41;4;0;0;2;4;0;0;0;0;0;0;0;
BA;292530;PORTO SEGURO;3;0;61;7;215;65;44;30;2;122;2;0;2;116;107;0;10;7;4;29;67;7;
MA;211280;VIANA;0;0;0;0;0;0;8;0;0;0;0;0;0;0;0;0;0;0;0;0;0;0;
PB;251430;SÃO JOSÉ DE CAIANA;0;0;2;0;2;0;0;0;0;2;0;0;0;0;2;0;0;0;0;0;0;0;
SE;280390;MALHADOR;0;0;0;0;0;1;0;0;0;6;0;0;0;1;0;0;0;0;0;0;0;0;
PE;260680;IGARASSU;0;0;98;0;218;18;124;365;4;129;0;0;0;8;0;0;0;2;2;4;48;2;
RN;240350;ESPÍRITO SANTO;7;2;133;0;356;4;47;111;2;79;0;0;0;12;0;0;0;0;0;0;0;0;
MA;210030;ALDEIAS ALTAS;0;0;4;0;14;0;69;56;1;71;0;0;0;8;22;0;0;0;1;1;9;0;
BA;292040;MANOEL VITORINO;1;0;5;0;90;0;4;31;0;33;0;0;0;0;4;0;0;0;0;0;0;0;
GO;520850;GOIANDIRA;1;2;14;0;40;12;5;14;0;21;0;0;0;59;26;12;1;1;2;4;0;1;
GO;520800;FORMOSA;0;9;0;0;0;14;0;0;0;0;0;0;0;0;0;0;0;0;0;0;0;0;
SC;421630;SÃO JOÃO BATISTA;0;0;0;0;0;0;1;0;0;0;0;0;0;0;0;0;0;0;0;0;0;0;
PB;251230;PRINCESA ISABEL;0;0;0;0;0;0;0;0;0;3;0;0;0;0;0;0;0;0;0;0;0;0;
PA;150812;ULIANÓPOLIS;0;0;1;0;1;0;1;0;0;1;0;0;0;0;0;0;0;0;0;0;0;0;
GO;521890;RUBIATABA;0;1;0;0;6;0;0;0;0;0;0;0;0;0;0;4;0;0;0;0;0;0;
MG;315180;POÇOS DE CALDAS;0;0;0;0;0;0;0;0;0;0;0;0;0;1;0;0;0;0;0;0;0;0;
PI;220190;BOM JESUS;10;19;124;0;834;17;167;317;13;176;21;5;0;67;533;4;0;4;0;0;233;0;
MG;314220;MIRAÍ;1;2;5;0;17;3;5;0;0;8;0;1;0;14;0;0;0;0;0;1;3;0;
AP;160050;OIAPOQUE;3;0;36;2;43;11;56;53;4;51;4;0;0;0;43;2;7;4;0;0;10;0;
RN;240660;LAGOA SALGADA;0;0;10;0;83;1;33;25;0;4;0;0;0;4;0;0;0;0;0;0;6;0;
MS;500660;PONTA PORÃ;0;0;65;0;70;2;50;2;7;31;4;0;0;0;0;0;7;4;11;5;16;0;
BA;291465;ITABELA;5;0;1;0;1;0;0;0;0;0;4;1;13;5;5;2;1;0;0;0;0;0;
PE;260410;CARUARU;1;1;6;0;6;4;2;0;0;0;1;0;0;21;130;0;0;0;0;0;0;0;
SP;355260;TABAPUÃ;0;0;9;0;46;0;0;0;0;0;0;0;0;0;0;0;0;0;0;0;0;0;
MG;316820;TAPIRAÍ;0;0;0;0;0;0;0;0;0;0;0;0;0;0;3;0;0;0;0;0;0;0;
CE;230210;BATURITÉ;0;20;0;0;20;20;0;0;0;0;0;0;0;0;0;0;0;0;0;0;0;0;
MG;315560;RIO PARDO DE MINAS;0;0;0;0;0;0;0;0;0;0;0;0;0;0;4;0;0;0;0;0;0;0;
SP;350210;ANDRADINA;0;0;4;0;0;0;0;0;0;0;0;0;0;0;0;0;0;0;0;0;0;0;
PB;251597;SOBRADO;8;4;104;2;391;2;110;313;2;348;0;0;0;50;10;0;0;0;0;0;0;0;
BA;292110;MEDEIROS NETO;0;0;4;0;22;0;13;0;3;29;2;2;0;0;3;1;4;0;1;14;13;0;
PB;251710;VÁRZEA;0;14;68;2;267;113;58;257;12;102;30;6;0;147;18;0;6;0;0;2;6;2;
RN;240770;MONTANHAS;0;8;10;0;206;6;34;66;2;98;0;2;0;8;14;0;0;0;0;0;0;0;
BA;291830;JITAÚNA;2;0;39;1;136;3;29;69;1;85;0;1;1;4;4;0;0;0;1;0;6;0;
SP;350460;BADY BASSITT;0;0;14;1;53;0;0;1;0;0;0;0;0;44;0;1;1;0;1;0;0;0;
RN;240940;PAU DOS FERROS;0;0;0;0;0;2;0;0;0;0;0;0;0;48;24;0;2;0;0;0;0;0;
RN;240485;ITAJÁ;0;0;0;0;0;0;0;0;0;0;0;0;0;27;209;0;0;0;0;0;0;0;
RN;240870;PARAÚ;0;0;0;0;2;0;0;0;0;0;0;0;0;0;16;0;0;0;0;0;0;0;
PB;250400;CAMPINA GRANDE;0;0;0;0;0;0;0;6;0;0;0;0;0;0;0;0;0;0;0;0;0;0;
RS;430642;DOIS IRMÃOS DAS MISSÕES;0;0;2;0;0;8;0;0;0;0;0;0;0;0;6;0;0;0;0;0;0;0;
GO;522068;SIMOLÂNDIA;0;0;4;0;28;2;46;6;1;35;4;0;0;12;0;0;0;0;0;0;34;0;
RS;430367;CAMPESTRE DA SERRA;6;2;44;2;158;158;8;16;2;24;29;6;2;61;8;0;0;0;0;0;2;6;
RN;241150;SANTO ANTÔNIO;5;1;109;7;409;22;130;465;15;423;2;0;3;147;17;0;1;0;0;89;147;13;
MA;210355;CONCEIÇÃO DO LAGO-AÇU;5;3;15;9;33;0;43;26;0;27;0;0;0;3;240;2;1;5;2;0;0;0;
PE;260860;LAGOA DO OURO;0;0;49;0;165;0;18;36;0;169;0;0;0;4;6;0;0;0;0;0;0;1;
BA;292650;RIBEIRA DO AMPARO;0;2;0;0;24;0;23;2;3;47;0;0;0;10;11;0;0;0;1;0;0;0;
RN;240200;CAICÓ;0;0;2;0;3;1;0;1;0;0;1;0;0;1;0;0;0;0;0;0;0;3;
MG;315650;RUBELITA;0;0;0;0;0;0;0;0;0;0;0;0;0;0;8;0;0;0;0;0;0;0;
SP;355010;SÃO MANUEL;0;0;0;0;0;0;1;0;0;0;0;0;0;0;0;0;0;0;0;0;0;0;
MG;313620;JOÃO MONLEVADE;6;1;62;2;170;4;31;100;5;88;5;1;0;38;57;0;0;0;1;0;10;1;
MA;210720;NINA RODRIGUES;0;0;4;0;23;1;31;8;0;3;0;0;0;0;0;0;0;0;0;0;16;0;
RS;430040;ALEGRETE;70;0;0;0;110;1;3;2;0;0;9;17;0;0;0;0;0;0;0;2;1;0;
MA;210540;ITAPECURU MIRIM;3;0;10;0;40;0;41;58;2;31;0;0;0;5;105;0;0;0;0;0;5;0;
PI;220470;INHUMA;0;12;4;0;22;10;2;0;2;0;2;0;0;12;14;0;0;0;0;0;0;0;
PR;411370;LONDRINA;0;1;4;0;10;6;4;0;0;0;0;0;0;5;0;0;0;0;0;0;0;0;
SC;420830;ITAPEMA;24;33;125;11;335;12;376;138;0;0;5;3;1;276;0;0;8;0;0;4;15;0;
ES;320501;SOORETAMA;0;0;1;0;13;0;10;2;0;0;0;0;0;0;3;0;0;0;0;1;0;5;
MG;311080;CAMPANÁRIO;0;0;6;0;25;4;27;52;0;7;4;2;0;5;304;0;0;0;0;0;0;0;
MG;310370;ARAPONGA;0;0;0;0;0;0;0;0;0;5;0;1;0;9;98;0;0;0;0;0;0;0;
RN;240615;JUNDIÁ;0;0;2;0;3;1;0;226;0;13;0;0;0;15;0;0;0;0;0;0;0;0;
MG;314030;MARLIÉRIA;0;0;0;0;0;0;0;41;0;0;0;0;0;0;0;0;0;0;0;0;0;0;
MG;314830;PAULA CÂNDIDO;0;0;0;0;0;0;0;0;0;0;0;0;0;0;11;0;0;0;1;0;0;0;
MG;317070;VARGINHA;0;0;0;0;0;0;0;0;0;0;0;0;0;9;0;0;0;0;0;0;0;0;
SP;350320;ARARAQUARA;34;38;489;12;993;159;109;274;22;599;22;63;17;573;422;14;42;0;0;114;209;24;
PB;251100;PEDRA BRANCA;16;0;18;4;147;0;56;257;10;72;2;0;6;25;2;0;0;0;0;0;44;0;
SP;351790;GUARACI;0;0;0;0;0;0;0;0;0;0;0;0;0;0;557;0;0;0;0;0;0;0;
BA;292575;PRESIDENTE TANCREDO NEVES;17;0;71;1;213;41;86;228;7;169;4;0;0;12;52;0;0;0;0;1;0;1;
SP;352010;IGARAPAVA;0;1;7;1;29;1;1;1;0;10;2;0;0;3;41;0;0;0;0;1;0;0;
MA;210203;BOM JESUS DAS SELVAS;0;5;24;0;75;10;57;46;1;4;5;0;0;0;0;1;0;1;0;0;1;0;
MA;210040;ALTAMIRA DO MARANHÃO;1;1;30;0;82;1;53;32;1;21;3;0;0;1;134;0;0;1;1;0;0;0;
SP;351170;CHARQUEADA;0;0;19;1;36;0;0;0;0;7;1;0;0;8;0;0;0;0;0;0;0;0;
PR;411480;MARIALVA;0;0;0;0;0;0;0;0;1;2;0;0;0;1;0;0;0;0;0;0;0;0;
SP;350550;BARRETOS;88;1;0;0;1;21;6;3;3;1;54;65;0;98;0;0;0;0;0;0;0;0;
AP;160030;MACAPÁ;11;1;113;3;294;30;168;128;35;331;6;1;3;31;37;0;0;0;1;0;0;1;
PB;251270;REMÍGIO;134;0;35;0;187;65;101;84;7;119;37;1;9;19;57;0;0;0;0;50;16;2;
PE;260825;JUCATI;0;0;12;0;56;0;55;31;4;13;0;1;0;14;0;0;0;0;0;0;0;0;
PE;260005;ABREU E LIMA;2;5;39;1;76;38;49;77;16;78;3;2;0;30;2;0;24;0;3;0;23;2;
BA;291100;FLORESTA AZUL;0;0;0;0;0;2;0;0;0;1;1;1;1;5;1;0;0;0;0;0;0;0;
MA;211180;SÍTIO NOVO;0;88;0;0;0;39;0;475;0;19;0;0;0;0;111;0;0;0;0;0;0;0;
SP;354105;PRATÂNIA;0;0;2;0;8;0;2;4;0;23;1;1;1;3;0;0;0;0;0;1;3;0;
SP;354270;RESTINGA;0;1;9;0;16;14;3;3;1;0;3;0;0;5;20;0;0;0;0;0;0;0;
PR;412410;SANTO ANTÔNIO DA PLATINA;0;0;2;0;2;0;0;0;0;4;0;0;0;8;4;0;0;0;0;0;0;0;
BA;290070;ALAGOINHAS;0;0;0;0;0;0;0;0;0;8;0;0;0;0;5;0;0;0;0;8;8;0;
MG;315800;SANTA MARIA DE ITABIRA;0;0;0;0;4;0;0;2;0;0;0;1;0;3;1;0;0;0;0;0;0;0;
RJ;330350;NOVA IGUAÇU;0;0;0;0;0;0;6;0;0;0;0;0;0;0;0;0;0;0;0;0;0;0;
PB;251600;SOLÂNEA;9;9;131;18;510;52;197;228;22;402;2;1;8;62;401;0;0;0;1;35;85;0;
MA;210955;RIBAMAR FIQUENE;0;10;40;2;158;6;129;50;10;199;18;10;12;34;885;0;0;6;4;0;0;4;
PE;261360;SÃO JOSÉ DO EGITO;0;0;0;0;0;0;0;0;0;0;0;0;0;2;0;0;0;0;0;0;0;0;
MA;210177;BELA VISTA DO MARANHÃO;25;6;18;1;106;17;34;202;3;56;18;2;1;2;2;0;0;2;0;0;0;0;
BA;291920;LAURO DE FREITAS;0;0;20;0;32;8;2;16;0;0;0;0;0;122;2;0;0;0;0;0;0;0;
PB;250750;JOÃO PESSOA;0;0;3;0;7;0;3;4;0;5;0;0;0;1;0;0;0;0;0;0;0;0;
GO;522000;SÃO JOÃO D'ALIANÇA;0;0;0;0;5;0;0;0;0;0;0;0;0;0;22;0;0;0;0;0;0;0;
MG;315200;POMPÉU;0;0;0;0;0;0;0;0;0;8;0;0;0;0;0;0;0;0;0;3;5;0;
SP;354880;SÃO CAETANO DO SUL;0;0;0;0;1;0;0;0;0;0;1;0;0;0;1;0;0;0;0;0;0;0;
AP;160053;PORTO GRANDE;0;0;14;0;14;2;72;1;0;43;0;0;0;1;0;0;0;7;0;0;0;0;
SC;420290;BRUSQUE;3;13;27;0;51;109;9;16;5;3;0;0;0;50;301;0;0;0;0;0;0;0;
BA;290990;CURAÇÁ;0;0;1;0;1;0;4;0;0;3;0;0;0;0;0;0;0;0;0;0;2;0;
PI;221100;TERESINA;0;1;2;0;6;2;9;2;2;6;0;0;0;0;0;0;0;0;0;0;0;0;
MA;210340;COELHO NETO;2;14;34;2;170;11;104;333;3;82;10;3;0;4;24;0;1;0;1;0;0;4;
MA;210520;IGARAPÉ GRANDE;1;0;1;0;17;1;10;2;0;7;0;0;0;0;56;0;0;0;0;0;1;0;
PA;150430;MARACANÃ;2;0;19;0;32;0;37;58;4;25;0;0;0;0;6;0;0;0;0;0;0;0;
PB;251465;SÃO JOSÉ DO BREJO DO CRUZ;15;6;10;1;36;25;17;20;0;88;21;25;0;11;2;0;0;0;0;0;0;0;
SP;354140;PRESIDENTE PRUDENTE;142;2;0;0;73;27;13;2;2;10;53;44;1;4;0;0;0;0;0;13;25;5;
BA;290560;CAMACAN;1;1;25;0;73;25;0;9;0;0;3;1;2;37;203;0;0;6;0;0;0;0;
MA;210880;PIRAPEMAS;0;0;0;0;0;0;4;1;1;2;0;0;0;5;4;0;0;0;0;0;0;0;
RN;241470;VÁRZEA;0;0;0;0;36;12;14;0;0;3;0;0;0;0;0;0;0;0;0;0;13;0;
RN;240570;JARDIM DO SERIDÓ;0;0;0;0;1;0;1;5;0;0;0;0;0;0;0;0;0;0;0;0;0;0;
MA;210592;LAGOA DO MATO;0;0;0;0;0;0;14;0;0;0;0;0;0;0;0;0;0;0;2;2;4;0;
BA;290180;ANTÔNIO GONÇALVES;8;0;10;2;63;14;36;18;2;51;7;4;2;11;88;0;2;0;2;0;5;2;
MA;210320;CHAPADINHA;0;0;2;0;3;0;1;8;1;4;0;0;0;0;0;0;0;0;0;0;0;0;
PE;261100;PETROLÂNDIA;0;0;0;0;0;0;0;0;0;0;0;0;0;0;11;0;0;0;0;0;0;0;
BA;290685;CAPELA DO ALTO ALEGRE;0;0;0;0;0;0;3;0;0;0;0;0;0;0;0;0;0;0;0;0;0;0;
RJ;330420;RESENDE;140;0;36;65;156;27;35;122;2;0;0;2;0;158;0;0;0;0;2;0;117;0;
BA;292510;POÇÕES;0;3;39;2;216;16;82;57;8;32;2;4;1;14;288;1;1;1;1;0;18;0;
CE;230600;IRACEMA;0;1;0;0;0;0;0;0;0;0;0;0;0;3;1;0;0;0;0;0;0;0;
SP;353190;MORRO AGUDO;0;0;0;0;1;0;0;0;0;0;0;0;0;0;0;0;0;0;0;0;0;0;
PB;250160;BARRA DE SANTA ROSA;0;0;0;0;0;0;1;0;0;6;0;0;0;1;0;0;0;0;0;0;0;0;
MA;210570;LAGO DA PEDRA;10;5;44;7;242;7;180;958;24;568;74;13;1;38;92;0;1;0;0;3;28;1;
SP;350510;BARBOSA;0;0;5;0;6;0;82;1;17;108;0;0;0;0;0;0;0;0;0;4;25;0;
SP;352044;ILHA SOLTEIRA;0;0;0;0;0;0;0;1;0;5;0;0;0;0;1;0;0;0;0;5;6;0;
RN;241230;SÃO JOSÉ DO CAMPESTRE;11;3;13;0;29;0;0;5;0;29;0;0;0;63;4;0;0;0;0;0;0;0;
MA;211040;SÃO BENEDITO DO RIO PRETO;0;0;0;0;1;0;2;6;0;11;0;0;1;0;0;0;0;0;0;0;0;0;
PR;411910;PIÊN;0;0;0;0;1;0;1;0;0;0;0;0;0;0;0;0;0;0;0;0;0;1;
PE;261530;TIMBAÚBA;0;0;0;0;0;0;6;0;0;1;0;0;0;0;0;0;0;0;0;0;0;0;
SP;351380;DIADEMA;0;1;8;4;11;2;1;18;0;4;0;0;0;16;4;0;0;0;0;10;12;0;
BA;292180;MORTUGABA;0;0;18;0;36;0;12;279;2;0;0;0;0;0;0;0;0;0;0;0;0;0;
PI;220415;FRANCISCO MACEDO;0;0;0;0;40;0;3;0;0;1;0;0;0;0;0;0;0;0;0;0;0;0;
MG;312580;FERNANDES TOURINHO;0;0;0;0;0;0;0;0;0;0;0;0;0;0;130;0;0;0;0;0;0;0;
SP;351980;ICÉM;0;0;3;1;22;5;1;0;0;26;0;1;1;6;18;0;0;0;0;3;5;0;
PI;220170;BERTOLÍNIA;0;0;0;0;0;0;0;0;0;0;0;0;0;3;5;0;0;0;0;0;0;0;
SP;350770;BRAÚNA;0;0;0;0;0;0;0;0;0;12;0;0;0;0;0;0;0;0;0;0;12;0;
MS;500470;IVINHEMA;0;0;0;0;0;0;1;0;0;0;0;0;0;0;0;0;0;0;0;1;1;0;
BA;293160;TEOLÂNDIA;0;1;0;0;0;5;0;0;0;0;0;0;0;0;0;0;0;0;0;0;0;0;
SP;350280;ARAÇATUBA;0;0;1;0;0;0;0;0;0;0;0;0;0;0;0;0;0;0;0;0;0;0;
MA;211100;SÃO JOÃO BATISTA;3;0;21;0;73;6;46;303;4;646;6;0;0;7;6;0;0;0;0;0;0;0;
SP;353420;ORINDIÚVA;10;14;193;4;322;47;2;18;3;103;7;6;0;63;16;0;0;2;2;0;0;0;
MA;210535;ITAIPAVA DO GRAJAÚ;2;0;4;3;36;1;27;26;0;2;0;0;0;0;0;0;0;0;0;0;0;0;
BA;290840;CONCEIÇÃO DO COITÉ;0;16;6;0;17;2;0;0;0;0;0;0;0;6;4;0;0;0;0;0;0;0;
BA;292105;MATINA;0;0;5;3;24;1;38;8;0;40;3;0;0;2;0;0;0;0;0;7;7;9;
MA;211050;SÃO BENTO;0;0;0;0;0;0;0;1;0;5;0;0;0;0;0;0;0;0;0;0;0;0;
SE;280120;CANINDÉ DE SÃO FRANCISCO;0;0;0;0;8;0;0;0;0;0;0;0;0;0;0;0;0;0;0;0;0;0;
PI;221063;SEBASTIÃO LEAL;1;3;0;1;111;11;21;86;45;103;0;1;0;1;95;0;0;0;1;3;12;3;
BA;293135;TEIXEIRA DE FREITAS;980;10;20;6;602;501;419;16;19;75;326;233;75;208;35;16;92;13;16;14;97;28;
PA;150240;CASTANHAL;0;0;47;0;98;8;0;24;0;0;1;0;0;0;184;0;0;0;0;0;0;0;
BA;292150;MONTE SANTO;0;0;0;0;0;0;0;0;1;0;0;0;0;0;0;0;0;0;0;0;0;0;
RN;240420;GOIANINHA;169;3;55;0;295;104;118;85;3;106;49;22;1;50;0;2;2;0;4;5;16;0;
GO;521550;OUVIDOR;0;0;0;0;0;0;45;6;0;2;0;0;0;0;0;0;0;0;0;1;1;0;
BA;293310;VÁRZEA DO POÇO;0;0;65;0;188;0;38;100;6;99;0;0;3;20;0;0;0;0;0;0;5;78;
MG;310710;BOA ESPERANÇA;0;1;1;0;1;0;0;0;0;0;0;0;0;2;0;0;0;0;0;0;0;0;
BA;290327;BARROCAS;1;0;10;1;42;7;65;75;13;96;1;0;0;7;0;0;0;0;1;8;35;0;
MA;211270;VARGEM GRANDE;0;8;34;0;50;17;128;173;3;55;1;0;0;29;5;1;1;0;0;0;0;15;
CE;230530;IBIAPINA;0;0;2;0;6;0;0;0;0;2;0;0;0;0;0;0;0;0;0;4;10;0;
TO;171250;MARIANÓPOLIS DO TOCANTINS;0;0;0;0;0;0;0;0;0;0;0;0;0;0;18;0;0;1;0;0;0;0;
MA;210300;CAXIAS;0;0;0;0;4;0;0;0;0;0;1;1;0;0;3;0;0;0;0;0;0;0;
BA;292260;NILO PEÇANHA;0;0;0;0;1;0;1;0;0;1;0;0;0;0;0;0;0;0;0;0;0;0;
MG;314630;PADRE PARAÍSO;0;0;0;0;0;0;1;0;0;1;0;0;0;0;0;0;0;0;0;0;0;0;
MG;313695;JUVENÍLIA;0;0;0;0;0;0;0;1;0;0;0;0;0;0;0;0;0;0;0;0;0;0;
TO;171850;RECURSOLÂNDIA;0;0;0;0;1;0;0;0;0;0;0;0;0;0;0;0;0;0;0;0;0;0;
RN;241040;PUREZA;0;0;1;0;2;0;14;2;0;21;0;0;0;1;4;0;0;0;1;0;0;0;
RN;240180;BREJINHO;7;2;42;2;133;2;76;80;1;80;6;4;0;72;94;0;1;0;5;0;13;0;
GO;520620;CRISTALINA;86;2;3;0;13;0;13;8;0;8;19;27;1;1;2;0;0;2;0;2;1;8;
MA;210255;CAMPESTRE DO MARANHÃO;0;0;0;0;0;0;24;0;0;0;0;0;0;0;0;0;0;0;0;0;0;0;
PA;150370;ITUPIRANGA;0;0;0;0;1;0;0;3;0;0;0;0;0;4;0;0;0;0;0;0;0;0;
BA;290130;ANDARAÍ;0;0;0;0;0;0;0;0;0;0;0;0;0;0;271;0;0;0;0;0;0;0;
BA;292210;MUNDO NOVO;0;0;0;0;1;0;0;2;0;0;0;0;0;0;0;0;0;0;0;0;0;0;
MA;211195;SUCUPIRA DO RIACHÃO;0;0;1;0;1;0;1;7;0;0;0;0;0;0;0;0;0;0;0;0;0;0;
RJ;330200;ITAGUAÍ;0;1;0;0;0;0;0;0;0;0;0;0;0;0;1;0;0;0;1;0;0;0;
MA;211245;TURILÂNDIA;0;0;0;0;10;0;13;0;0;0;0;0;0;0;0;0;0;1;0;0;0;0;
BA;292895;SÃO DOMINGOS;0;0;1;0;7;0;0;0;0;0;0;0;0;0;0;0;0;0;0;0;0;0;
MG;310510;BAMBUÍ;0;0;0;0;0;0;0;0;0;0;0;0;0;0;7;0;0;0;0;0;0;0;
BA;290870;CONDEÚBA;0;0;0;0;0;0;0;0;0;2;0;0;0;0;0;0;0;0;0;0;0;0;
MA;211300;VITORINO FREIRE;0;0;40;4;95;2;88;86;0;59;2;0;0;0;82;0;0;0;0;0;0;0;
PI;220820;PIO IX;0;0;11;0;53;0;30;30;4;14;0;0;0;0;0;0;0;2;0;0;1;0;
MG;311615;CHAPADA GAÚCHA;0;0;0;0;6;0;0;36;0;0;0;0;0;0;0;0;0;0;0;0;0;0;
MS;500280;CARACOL;0;0;0;0;0;0;0;4;0;4;0;0;0;0;0;0;0;0;0;0;4;0;
PA;150150;BENEVIDES;0;0;0;0;6;0;6;2;0;4;0;0;0;1;0;0;0;0;0;0;0;1;
PA;150095;AURORA DO PARÁ;0;0;0;0;1;0;1;2;0;0;0;0;0;1;0;0;0;0;0;0;0;0;
SP;353360;NUPORANGA;0;0;2;0;6;4;0;2;0;0;2;0;0;0;0;0;0;0;0;0;0;0;
TO;170210;ARAGUAÍNA;0;0;2;0;5;0;0;0;0;0;0;0;0;2;0;0;0;0;0;0;0;0;
BA;290300;BARRA DO MENDES;0;0;0;0;1;0;0;0;0;1;0;0;0;0;0;0;0;0;0;0;0;0;


Fonte: Sistema de Informação em Saúde para a Atenção Básica - SISAB;
E-mail: sisab@saude.gov.br;
Dado gerado em: 18 de Novembro de 2022 - 17:43h
