MS/SAPS/Departamento de Saúde da Família ­ DESF 
Dados sujeitos à alteração 
---Descrição dos Filtros Utilizados---
Competência: JUN/2014.
Tipo de Produção: Atendimento Individual.
"Probl/ Condição Avaliada: Asma, Desnutrição, Diabetes, DPOC, Hipertensão arterial, Obesidade, Pré-natal, Puericultura, Puerpério (até 42 dias), Saúde sexual e reprodutiva, Tabagismo, Usuário de álcool, Usuário de outras drogas, Saúde mental, Reabilitação, D.Transmissíveis - Dengue, Doenças transmissíveis - DST, D.Transmissíveis - Hanseníase, D.Transmissíveis - Tuberculose, Rast. câncer de mama, Rast. câncer do colo do útero, Rast. risco cardiovascular."


Uf;Ibge;Municipio;Asma;Desnutrição;Diabetes;DPOC;Hipertensão arterial;Obesidade;Pré-natal;Puericultura;Puerpério (até 42 dias);Saúde sexual e reprodutiva;Tabagismo;Usuário de álcool;Usuário de outras drogas;Saúde mental;Reabilitação;D.Transmissíveis - Dengue;Doenças transmissíveis - DST;D.Transmissíveis - Hanseníase;D.Transmissíveis - Tuberculose;Rast. câncer de mama;Rast. câncer do colo do útero;Rast. risco cardiovascular;
BA;292980;SAÚDE;27;2;46;0;191;8;4;150;3;42;0;0;0;6;197;0;0;0;0;0;0;0;
RS;432000;SAPUCAIA DO SUL;134;10;245;43;665;196;105;200;21;372;53;6;14;420;436;0;11;0;14;89;144;48;
MA;210360;COROATÁ;87;325;699;10;1.435;142;715;1.324;35;1.381;31;15;8;381;96;9;27;121;5;54;109;75;
PA;150293;DOM ELISEU;10;5;138;5;540;15;379;793;36;807;11;7;1;87;7;0;4;29;6;1;26;12;
PB;250480;COREMAS;16;11;147;4;417;20;102;867;8;61;13;2;1;201;12;0;2;1;2;10;4;8;
MA;210047;ALTO ALEGRE DO PINDARÉ;17;0;161;10;498;26;248;859;19;438;23;7;0;5;766;2;3;19;0;0;6;0;
PE;261050;PASSIRA;13;1;12;0;54;13;1;18;0;3;4;1;0;7;0;0;0;0;1;0;1;0;
PA;150808;TUCUMÃ;18;0;14;0;46;7;27;42;2;72;3;0;0;4;72;0;2;3;1;0;0;0;
TO;170030;AGUIARNÓPOLIS;0;2;13;2;36;0;20;14;9;17;0;2;0;5;2;0;0;0;0;0;0;0;
BA;292400;PAULO AFONSO;0;0;9;0;27;0;7;2;1;0;0;0;0;14;0;0;0;1;0;0;0;0;
RN;240930;PATU;23;14;69;4;414;28;148;167;12;247;4;2;0;87;158;0;4;6;2;14;21;42;
MA;210005;AÇAILÂNDIA;3;5;75;0;141;41;110;101;8;62;0;0;0;2;89;0;11;0;0;1;0;0;
AL;270700;PINDOBA;0;0;0;0;0;0;24;1;1;9;0;0;0;0;0;0;0;0;0;0;3;0;
TO;170130;ARAGOMINAS;0;0;0;0;0;0;0;5;0;4;0;0;0;0;0;0;0;0;0;0;0;0;
MG;313950;MANHUMIRIM;0;0;0;0;1;0;1;2;0;0;0;0;0;0;0;0;0;0;0;0;3;0;
PE;260415;CASINHAS;0;0;4;0;8;6;0;6;0;0;0;0;0;0;59;0;0;0;0;0;0;0;
MA;211125;SÃO JOSÉ DOS BASÍLIOS;0;0;1;0;6;1;6;5;0;1;0;0;0;0;0;0;0;0;0;0;0;0;
MT;510558;MARCELÂNDIA;0;0;0;0;1;0;10;0;0;12;0;0;0;0;0;2;1;12;0;0;5;0;
PB;250470;CONGO;1;0;2;0;9;2;0;2;0;0;0;0;0;0;0;0;0;0;0;0;0;0;
PA;150307;GARRAFÃO DO NORTE;1;0;0;0;0;0;7;1;0;4;0;0;0;0;3;0;0;0;0;0;0;0;
PB;251520;SÃO SEBASTIÃO DO UMBUZEIRO;0;0;0;0;0;0;12;0;0;0;0;0;0;0;0;0;0;0;0;0;2;0;
PB;251274;RIACHÃO;0;0;0;0;0;0;0;0;0;0;0;0;0;0;13;0;0;0;0;0;0;0;
MG;316720;SETE LAGOAS;0;0;0;0;0;0;0;0;0;0;0;0;0;0;2;0;0;0;0;0;0;0;
MG;316400;SÃO PEDRO DOS FERROS;1;0;58;2;204;4;3;8;0;6;1;2;2;30;0;0;1;0;0;0;0;0;
SE;280510;PEDRINHAS;6;2;17;1;28;6;33;31;0;71;2;1;0;17;26;0;0;0;0;20;6;2;
PB;250780;JUNCO DO SERIDÓ;13;2;100;6;475;55;66;427;7;208;17;10;0;72;65;1;3;1;0;1;6;0;
BA;292890;SÃO DESIDÉRIO;0;0;0;0;0;0;1;0;0;4;0;0;0;0;0;0;0;0;0;14;14;0;
MG;317200;VISCONDE DO RIO BRANCO;7;5;97;0;216;6;70;19;0;7;2;0;2;45;552;0;0;0;2;0;0;0;
AL;270160;CANAPI;5;0;42;0;230;7;142;454;14;149;3;1;4;43;5;0;2;0;0;0;2;0;
MT;510320;COLÍDER;2;1;3;0;12;2;2;1;0;15;0;0;0;10;0;1;3;0;0;0;10;1;
PE;261110;PETROLINA;0;0;9;0;53;2;121;17;9;21;2;2;2;6;2;3;0;2;0;6;2;2;
RN;240890;PARELHAS;4;6;21;4;74;9;28;7;27;16;5;4;0;26;2;2;1;0;0;2;0;0;
MG;316800;TAIOBEIRAS;0;2;9;0;44;0;19;17;1;17;1;2;0;22;0;0;1;0;0;13;13;0;
PA;150563;PIÇARRA;20;4;17;2;56;2;50;7;3;7;0;0;0;20;0;0;2;8;0;2;4;2;
RS;432210;TUCUNDUVA;0;0;0;0;2;0;0;0;0;0;0;0;0;0;0;0;0;0;0;0;0;0;
MA;211160;SÃO RAIMUNDO DAS MANGABEIRAS;0;0;8;0;5;1;17;2;0;14;0;0;0;0;39;0;0;0;0;3;5;0;
SP;355365;TAQUARAL;0;0;0;0;2;2;2;14;0;0;2;0;0;0;0;0;0;0;0;0;0;0;
MA;210290;CARUTAPERA;0;0;13;0;11;0;0;0;0;0;0;0;0;0;0;0;0;0;0;0;0;0;
BA;291560;ITAMARAJU;0;0;0;0;11;2;0;0;0;0;0;0;0;0;0;0;0;0;0;0;0;0;
RS;431330;NOVA PRATA;0;0;0;0;4;0;0;0;0;0;0;0;0;2;0;0;0;0;0;0;0;0;
MS;500620;NOVA ANDRADINA;0;0;2;0;2;0;0;0;0;0;0;0;0;0;0;0;0;0;0;0;0;0;
PE;260650;IATI;0;2;6;0;4;0;42;33;0;24;0;0;0;6;1;0;0;0;0;1;4;0;
MA;210140;BALSAS;37;30;259;11;874;103;1.132;764;42;1.660;32;19;4;114;1.046;4;67;38;6;158;234;5;
PB;251340;SANTA LUZIA;18;29;251;22;1.169;124;246;1.438;22;513;71;14;4;612;203;0;12;0;2;63;68;65;
ES;320016;ÁGUA DOCE DO NORTE;34;0;60;10;250;59;148;20;4;123;14;4;0;26;23;0;0;2;0;4;8;0;
BA;290682;CANUDOS;0;0;37;0;63;6;175;14;10;78;2;0;0;2;0;0;0;0;0;0;0;0;
RS;432260;VENÂNCIO AIRES;8;2;13;1;65;20;2;40;0;68;9;3;0;16;152;0;4;0;1;41;48;0;
PB;251690;UIRAÚNA;9;6;59;1;267;16;24;72;3;60;1;0;1;49;13;0;0;0;0;1;0;6;
BA;291750;JACOBINA;4;6;64;0;237;12;272;27;3;196;0;7;0;22;2;0;2;2;6;20;54;0;
RN;240290;CORONEL JOÃO PESSOA;0;4;35;0;74;6;12;2;2;24;22;6;0;1;0;2;0;0;0;16;20;7;
SC;420210;BARRA VELHA;29;16;153;11;343;46;95;79;6;138;24;6;1;129;39;0;5;0;2;15;65;6;
SP;352370;ITIRAPUÃ;0;1;9;1;28;0;0;0;0;0;0;0;0;3;0;0;0;0;0;0;0;0;
SE;280580;RIACHÃO DO DANTAS;0;0;6;0;15;0;4;0;0;5;0;0;0;0;0;0;0;0;0;0;0;0;
PA;150620;SALINÓPOLIS;2;3;72;1;137;11;34;61;2;48;4;4;1;24;1;1;1;0;2;1;4;0;
RN;240080;ANGICOS;1;0;15;0;52;2;14;82;1;25;0;0;0;12;60;0;1;0;0;0;5;1;
MA;210465;GOVERNADOR NEWTON BELLO;0;0;11;0;16;1;68;92;1;82;0;0;0;10;2;0;1;1;0;0;0;0;
RN;241300;SÃO VICENTE;1;0;1;0;30;0;3;2;1;7;0;0;0;12;0;0;0;0;0;0;5;0;
SE;280330;JAPARATUBA;0;0;1;0;0;0;0;0;0;0;0;0;0;0;0;0;0;0;0;0;0;0;
PI;221060;SÃO RAIMUNDO NONATO;0;0;3;0;5;7;0;0;0;0;0;0;0;3;2;0;0;0;0;0;0;0;
PE;260080;ALTINHO;0;1;0;1;2;5;0;0;0;3;0;0;0;1;0;0;0;0;0;0;0;0;
RS;431900;SÃO MARCOS;0;0;2;0;2;0;0;0;0;0;0;0;0;0;0;0;0;0;0;0;0;0;
PB;250210;BOA VENTURA;5;1;56;0;232;9;46;99;4;94;10;2;0;78;228;0;0;0;1;4;11;0;
MG;317020;UBERLÂNDIA;112;126;1.130;42;3.354;179;2.567;2.898;4;96;20;20;13;1.358;61;14;27;0;0;0;1.146;1;
BA;291320;IBOTIRAMA;4;4;15;0;84;10;93;60;6;147;17;11;2;3;7;0;0;1;2;34;24;0;
MS;500090;ANTÔNIO JOÃO;5;9;28;6;87;72;36;8;11;105;11;2;0;71;91;0;30;3;0;0;39;3;
MG;310020;ABAETÉ;18;5;130;5;393;87;7;98;8;44;28;10;2;237;545;14;1;1;0;3;25;0;
MA;211130;SÃO LUÍS;18;21;318;10;778;63;472;563;48;602;17;8;1;32;27;3;18;45;5;78;142;24;
GO;520017;ÁGUA FRIA DE GOIÁS;12;59;50;35;286;22;57;93;10;47;16;11;5;139;14;1;2;8;0;1;1;0;
RN;241142;SANTANA DO SERIDÓ;1;2;41;0;69;0;21;88;11;222;0;0;0;22;4;2;6;0;0;17;58;0;
PA;150775;SAPUCAIA;0;0;0;0;36;4;100;59;4;0;0;0;0;2;0;0;0;0;0;0;0;0;
PE;260110;ARARIPINA;5;2;18;0;99;4;197;105;6;32;0;3;0;35;0;0;0;3;6;2;43;4;
RN;241190;SÃO FRANCISCO DO OESTE;1;0;7;1;37;4;14;16;0;5;1;1;0;15;1;0;0;0;0;0;9;0;
MA;210070;ANAJATUBA;0;2;0;0;1;0;51;2;7;0;0;0;0;0;0;0;0;0;0;0;0;0;
RS;431075;IVORÁ;1;1;3;2;14;1;2;0;0;0;0;1;1;13;2;0;1;0;1;0;0;0;
MA;211174;SENADOR ALEXANDRE COSTA;0;0;2;0;13;0;7;11;0;19;0;0;0;0;0;0;0;0;0;0;0;0;
TO;170305;BANDEIRANTES DO TOCANTINS;0;0;6;0;25;0;6;49;0;1;0;0;0;7;0;0;0;0;0;0;0;0;
PB;251365;JOCA CLAUDINO;0;0;39;0;119;2;12;25;3;15;0;0;0;9;0;13;0;1;1;0;0;0;
BA;290200;ARACATU;0;0;3;0;19;0;0;0;0;1;1;0;0;8;0;0;0;0;0;0;0;0;
BA;292930;SÃO GONÇALO DOS CAMPOS;0;0;0;0;0;0;0;0;0;1;0;0;0;0;8;0;0;0;0;0;0;0;
MA;211157;SÃO PEDRO DOS CRENTES;0;1;3;0;23;0;5;7;0;14;0;0;0;7;3;0;2;0;0;4;12;0;
MG;315630;RODEIRO;0;3;6;0;21;12;0;1;3;3;0;0;0;3;14;0;0;0;0;0;0;0;
MA;210830;PENALVA;0;0;0;0;0;0;1;0;0;0;0;0;0;0;0;0;0;0;0;0;0;0;
SP;354780;SANTO ANDRÉ;39;21;648;23;1.481;138;376;683;73;739;53;20;27;360;330;7;29;0;18;97;178;145;
SP;354020;PONTAL;4;18;213;4;509;181;6;9;6;130;14;8;7;170;356;2;0;0;4;16;25;0;
PE;260600;GARANHUNS;13;23;203;10;782;58;330;808;29;494;46;11;25;404;67;12;35;10;13;7;56;6;
GO;521230;LEOPOLDO DE BULHÕES;2;2;14;4;95;10;14;13;0;17;0;0;0;75;7;7;3;0;0;0;1;1;
PA;150215;CANAÃ DOS CARAJÁS;6;6;120;1;239;13;465;203;38;132;4;4;1;26;6;0;7;15;5;51;66;3;
SP;350740;BORBOREMA;0;1;44;2;137;5;15;4;4;16;0;1;0;16;436;3;11;0;0;10;24;0;
ES;320500;SERRA;16;1;193;5;441;37;58;93;10;244;19;5;1;123;8;21;15;0;2;53;141;0;
MS;500060;AMAMBAI;0;0;13;6;55;0;55;49;0;11;0;0;0;10;8;0;0;0;0;28;34;0;
RS;430960;HORIZONTINA;2;0;11;2;22;2;0;11;4;74;1;0;0;13;7;0;0;0;0;33;33;1;
CE;230195;BARREIRA;2;3;94;0;216;14;48;34;3;120;9;1;0;50;4;1;0;6;4;11;13;0;
MA;210620;LUÍS DOMINGUES;0;0;0;0;0;0;0;137;0;0;0;0;0;0;0;0;0;0;0;0;0;0;
PI;220440;GILBUÉS;0;0;6;0;15;0;16;1;1;11;0;0;0;0;32;1;0;1;0;0;0;0;
PA;150442;MARITUBA;2;7;15;0;24;3;19;9;0;10;0;0;0;5;2;0;0;0;2;0;0;1;
MG;312260;DOM JOAQUIM;0;0;0;0;0;0;0;0;0;0;0;0;0;0;9;0;0;0;0;0;0;0;
MG;311460;CARRANCAS;2;0;6;0;22;0;2;1;0;16;0;0;0;6;14;0;0;0;0;4;8;0;
MG;316080;SÃO BENTO ABADE;3;0;0;0;2;0;20;1;2;4;0;0;0;0;0;0;0;0;0;0;13;1;
BA;292670;RIO DE CONTAS;0;0;0;0;0;0;19;14;2;0;0;0;0;1;1;0;0;0;0;0;0;0;
RN;241180;SÃO FERNANDO;0;0;2;0;5;0;0;0;0;2;0;0;0;6;0;0;0;0;0;0;0;0;
SP;353030;MIRASSOL;3;0;21;1;50;21;23;6;0;13;1;0;0;12;81;0;0;0;0;0;0;0;
TO;172020;SÃO MIGUEL DO TOCANTINS;0;0;1;0;2;0;0;2;0;3;0;0;0;0;0;0;0;0;0;0;0;0;
TO;170600;COUTO MAGALHÃES;0;0;0;0;0;0;0;0;0;0;0;0;0;0;7;0;0;0;0;0;0;0;
RN;240790;MONTE DAS GAMELEIRAS;3;8;10;0;11;11;11;7;1;10;0;0;0;6;17;0;0;0;0;0;0;0;
BA;291685;ITATIM;9;0;53;0;109;7;83;15;3;35;0;6;0;57;956;0;4;0;0;0;16;0;
SC;421220;PAPANDUVA;2;0;54;11;94;10;137;63;14;53;26;0;1;183;504;0;4;0;3;3;18;0;
MA;210232;BURITICUPU;1;0;60;0;147;3;246;244;8;39;0;0;0;0;16;0;1;2;0;0;1;8;
MA;210740;OLHO D'ÁGUA DAS CUNHÃS;4;4;105;6;543;9;164;418;22;413;4;8;2;21;12;0;9;43;0;16;37;2;
PA;150405;MÃE DO RIO;1;1;28;1;84;4;42;103;15;11;0;0;0;5;10;0;1;2;0;0;0;0;
RN;240320;DOUTOR SEVERIANO;0;0;16;0;14;2;58;58;0;7;0;0;0;1;137;1;0;0;0;0;6;0;
TO;171889;SANTA RITA DO TOCANTINS;0;0;13;0;35;0;6;0;2;6;4;0;0;4;56;0;0;0;0;0;0;0;
PB;250460;CONDE;5;0;58;1;241;10;72;26;11;162;7;0;0;9;1;0;14;0;0;0;12;0;
PB;250010;ÁGUA BRANCA;0;1;0;0;1;0;61;0;2;0;0;0;0;1;1;0;0;0;1;0;0;0;
MT;510190;BRASNORTE;0;0;5;1;47;4;11;5;0;34;5;1;0;70;0;1;1;0;1;0;5;0;
PA;150660;SANTA MARIA DO PARÁ;2;17;40;3;116;35;103;134;5;76;4;0;0;45;1;0;0;1;1;0;2;22;
PE;260380;CAPOEIRAS;0;0;0;0;11;0;9;10;1;16;0;0;0;0;0;0;0;0;0;0;0;0;
PE;261230;SALOÁ;22;2;28;0;191;11;51;146;5;87;0;2;2;27;2;0;0;0;1;2;20;2;
BA;291660;ITAPITANGA;0;2;13;0;114;7;14;16;0;26;2;0;0;21;3;0;0;1;0;4;0;0;
MG;315470;RIBEIRÃO VERMELHO;0;0;8;1;32;11;7;5;0;5;2;2;1;13;26;0;0;0;1;0;0;0;
PA;150805;TRAIRÃO;0;0;6;0;31;4;12;26;1;24;0;0;0;3;30;0;1;1;1;0;17;1;
GO;522180;URUTAÍ;0;0;6;1;3;1;3;2;0;3;1;2;0;4;117;0;1;0;0;0;0;0;
MG;313753;LAGOA GRANDE;0;0;2;0;7;5;4;0;0;0;0;0;0;2;2;0;0;0;0;0;0;0;
GO;520790;FLORES DE GOIÁS;2;0;0;0;0;1;11;3;0;1;0;0;0;0;1;0;0;0;1;0;0;0;
PA;150190;BUJARU;0;0;0;0;3;0;6;13;3;4;0;0;0;0;2;0;0;0;0;0;0;0;
SE;280680;SÃO DOMINGOS;0;0;0;0;0;0;10;0;0;0;0;0;0;0;0;0;0;0;0;0;0;0;
AL;270940;VIÇOSA;0;0;3;0;7;0;0;1;0;0;1;3;0;1;0;0;0;0;1;0;0;0;
PE;260250;BREJINHO;0;0;0;0;0;0;0;2;1;2;0;0;0;0;0;0;0;0;0;0;0;0;
RS;431500;PORTO LUCENA;0;0;0;0;0;0;0;2;0;0;0;0;0;0;0;0;0;0;0;0;0;0;
PR;410775;FIGUEIRA;0;0;0;0;1;0;0;0;0;0;0;0;0;1;0;0;0;0;0;0;0;0;
PA;150060;ALTAMIRA;61;44;406;11;1.146;148;1.395;1.011;78;948;43;14;0;359;261;76;6;125;21;5;5;22;
PB;250403;CAPIM;4;2;90;1;330;49;90;271;14;288;10;6;8;96;86;14;9;2;2;6;2;17;
MG;312880;GUIDOVAL;6;0;394;0;702;37;0;58;4;154;66;7;0;112;0;0;0;0;0;0;0;0;
SC;421000;LUIZ ALVES;2;3;1;1;6;0;2;3;0;9;0;0;0;4;0;0;0;0;1;2;0;0;
MG;314390;MURIAÉ;1;28;115;7;89;103;4;1;2;18;11;24;24;152;194;0;0;0;1;0;0;0;
MA;210545;JATOBÁ;0;0;0;0;0;0;20;3;0;3;0;0;0;3;0;0;0;0;0;0;0;0;
GO;520410;CACHOEIRA ALTA;1;2;47;1;80;12;41;147;1;67;31;1;0;68;6;1;1;0;0;23;47;0;
BA;292145;MIRANTE;0;0;18;0;87;2;34;119;2;83;0;0;0;0;0;0;0;0;0;7;7;0;
BA;292250;NAZARÉ;0;0;12;0;31;0;40;59;9;168;0;0;0;0;32;0;2;0;0;0;5;0;
MG;312675;FRANCISCÓPOLIS;0;0;4;0;15;0;2;3;0;7;1;0;0;8;26;0;0;0;0;0;0;0;
PB;251615;SOSSÊGO;0;0;2;1;2;0;0;0;1;3;0;0;0;0;5;0;0;0;0;0;0;0;
MG;311870;COQUEIRAL;1;0;5;0;11;15;0;2;0;4;2;0;0;1;0;0;0;0;0;0;0;9;
ES;320334;MARECHAL FLORIANO;0;0;2;1;5;0;0;1;0;1;0;0;0;2;13;0;0;0;0;0;0;0;
PR;411980;PLANALTO;0;0;2;0;6;0;0;2;0;8;0;0;0;8;2;0;0;0;0;6;0;0;
SP;350650;BIRIGUI;0;10;11;0;12;21;0;0;0;0;0;0;0;8;2;0;0;0;0;0;0;0;
SP;350600;BAURU;0;0;0;0;2;0;0;2;0;10;0;0;0;3;0;0;2;0;0;0;12;0;
PE;260140;BARREIROS;1;1;0;0;0;1;0;0;0;0;0;0;0;0;0;0;0;0;0;0;0;0;
SP;351610;FLORÍNIA;2;0;0;0;7;1;2;0;0;50;0;0;0;4;0;0;1;0;0;0;0;1;
PB;250600;ESPERANÇA;33;31;304;14;1.043;56;287;577;31;347;18;17;1;404;32;0;8;3;1;21;41;3;
PB;251220;PRATA;0;2;27;3;180;2;28;5;2;32;2;2;0;6;0;0;5;0;0;0;0;0;
MG;316100;SÃO DOMINGOS DO PRATA;9;18;78;2;290;8;36;82;2;68;3;3;0;102;10;0;1;0;2;6;54;0;
MA;210515;IGARAPÉ DO MEIO;1;0;27;1;100;3;72;261;4;123;1;1;0;8;0;0;0;2;0;1;3;0;
MG;311170;CANAÃ;22;0;37;0;87;50;16;94;0;14;0;0;0;195;4;0;0;0;0;0;14;0;
MA;211102;SÃO JOÃO DO CARÚ;0;0;0;0;2;0;20;36;0;20;0;0;0;0;0;0;0;2;0;0;0;0;
RN;240040;ÁGUA NOVA;1;3;20;1;56;21;34;34;1;18;10;3;3;15;78;14;1;1;2;17;36;1;
SE;280660;SANTO AMARO DAS BROTAS;7;0;67;0;157;22;76;49;4;100;7;4;0;77;1;0;0;0;0;3;23;0;
PE;261410;SERTÂNIA;21;5;79;1;178;16;169;157;8;259;2;0;2;32;328;0;1;0;1;24;162;1;
PE;260240;BREJÃO;6;6;11;0;51;4;106;156;10;262;0;0;2;64;72;0;0;0;4;0;28;0;
MA;210250;CAJARI;0;0;8;4;42;1;89;160;2;37;0;0;0;4;0;0;0;2;9;0;0;0;
RN;241420;TIBAU DO SUL;4;5;94;2;272;11;68;258;11;130;1;2;3;24;87;0;0;0;0;19;39;0;
RS;430660;DOM PEDRITO;2;2;11;1;59;2;8;3;4;19;1;0;0;13;0;0;0;0;0;2;3;7;
SP;355560;UCHOA;3;0;40;4;177;0;12;17;0;0;1;0;0;85;0;1;0;0;0;4;11;0;
AL;270900;TANQUE D'ARCA;0;1;1;0;8;1;1;1;0;3;0;2;0;4;1;0;0;0;0;0;0;0;
SP;353260;NHANDEARA;0;1;13;3;43;1;2;2;2;0;0;0;1;18;140;2;0;4;0;2;3;0;
MA;211230;TUNTUM;0;3;9;0;20;1;48;25;5;6;0;0;0;3;1;0;0;3;1;0;0;0;
MG;310980;CACHOEIRA DOURADA;0;0;4;1;12;0;3;0;0;6;0;1;0;14;0;0;0;0;0;0;0;0;
BA;290860;CONDE;4;0;1;0;21;3;2;0;0;0;0;2;1;0;0;0;0;0;0;0;0;2;
TO;170555;COMBINADO;1;9;11;1;29;2;7;20;9;14;0;3;0;25;209;0;4;1;2;1;9;1;
BA;292520;POJUCA;0;0;3;0;9;0;0;0;0;0;0;0;0;0;0;0;0;0;0;0;0;0;
SC;420530;FAXINAL DOS GUEDES;0;2;7;0;19;15;10;0;1;26;0;0;0;23;0;0;0;0;0;11;16;0;
TO;171820;PORTO NACIONAL;38;17;450;32;1.294;94;402;1.036;75;279;32;20;6;140;22;3;25;20;6;20;209;5;
PB;250150;BANANEIRAS;11;38;79;3;371;37;189;337;28;432;3;0;0;130;69;2;0;0;0;23;110;19;
MA;210120;BACABAL;40;67;566;24;1.427;67;522;1.098;75;835;36;17;1;20;751;6;14;50;27;0;13;2;
SC;421570;SANTO AMARO DA IMPERATRIZ;24;2;148;11;407;63;83;128;9;140;7;6;8;204;13;0;4;0;1;37;50;73;
RN;240600;JOSÉ DA PENHA;6;8;19;3;76;45;31;17;5;48;3;2;1;33;49;0;4;0;0;15;36;13;
MA;210055;AMAPÁ DO MARANHÃO;20;7;60;4;156;3;73;176;6;102;8;8;1;26;19;1;0;5;2;1;7;0;
RJ;330220;ITAPERUNA;3;1;2;0;14;2;0;3;0;1;0;0;0;1;5;0;0;0;0;0;0;0;
MA;211250;TUTÓIA;14;10;49;0;149;17;291;193;14;120;7;3;0;6;99;1;2;0;0;4;3;14;
SE;280710;SIMÃO DIAS;0;3;16;1;103;4;27;29;7;34;0;0;0;34;0;0;1;0;0;4;2;4;
MG;310390;ARAÚJOS;9;0;4;1;27;0;1;6;0;0;0;0;0;6;0;2;0;0;0;0;0;0;
BA;291130;GENTIO DO OURO;0;0;1;0;26;2;8;4;1;13;0;0;0;0;0;0;0;0;0;0;0;0;
PB;251210;POMBAL;2;0;5;0;9;2;0;7;0;0;0;0;0;6;10;0;6;0;0;0;0;0;
MG;313590;JESUÂNIA;0;0;18;0;70;3;0;8;0;0;2;0;0;2;0;0;0;0;0;1;0;0;
MG;314505;NOVA PORTEIRINHA;0;0;0;0;14;0;0;2;0;0;0;0;0;2;0;0;4;0;0;0;0;0;
MA;210800;PASTOS BONS;0;0;11;0;10;0;9;0;0;2;0;0;0;0;14;0;0;0;0;2;2;0;
AM;130310;NOVA OLINDA DO NORTE;22;18;49;13;164;14;99;176;4;121;14;4;5;6;97;0;2;1;4;3;23;0;
MA;210530;IMPERATRIZ;35;76;245;6;701;65;284;809;24;948;10;7;15;330;404;2;5;27;8;10;64;15;
MA;210870;PIO XII;2;3;13;5;68;7;103;132;16;81;4;2;1;7;8;0;6;12;3;0;17;0;
PB;250970;MONTEIRO;32;11;150;6;645;44;166;185;12;127;0;2;6;242;98;0;4;0;2;67;68;23;
PE;261210;SALGADINHO;0;0;9;0;84;4;4;39;0;6;0;0;0;0;12;0;0;0;0;0;0;0;
MA;210650;MATINHA;2;18;124;4;345;16;164;247;20;111;0;6;62;14;8;1;18;0;10;0;2;6;
MA;210770;PARAIBANO;0;6;27;0;255;2;43;111;14;79;2;0;0;8;1;0;2;0;0;0;0;0;
RN;240620;LAGOA D'ANTA;3;13;33;0;68;10;34;37;2;62;2;0;1;75;78;0;3;0;1;0;1;0;
RN;240970;PEDRO AVELINO;4;10;8;4;55;4;1;30;10;19;2;0;7;43;140;0;2;0;2;12;6;14;
RN;240480;IPUEIRA;0;0;6;0;13;7;0;0;0;0;1;0;0;0;0;0;0;0;0;0;0;0;
MS;500720;RIO BRILHANTE;4;0;31;6;123;0;29;8;2;34;6;0;0;48;20;0;4;4;0;10;15;15;
GO;520280;AVELINÓPOLIS;25;4;13;8;51;18;1;4;0;19;7;1;0;48;6;0;4;0;0;0;0;0;
MG;316320;SÃO JOSÉ DO ALEGRE;26;3;43;2;147;12;0;1;0;4;2;2;1;72;1;0;0;0;0;0;0;2;
PB;250980;MULUNGU;0;0;0;0;3;0;0;0;0;0;0;0;0;3;0;0;0;0;0;0;0;0;
PB;250320;CABEDELO;1;0;8;0;28;4;3;7;1;24;0;0;0;15;1;0;0;0;1;0;0;0;
RS;432218;TUPANCI DO SUL;9;3;0;6;70;0;3;3;0;0;0;0;0;99;0;0;0;0;0;3;0;0;
TO;170320;BERNARDO SAYÃO;0;0;2;0;3;0;2;0;0;0;0;0;0;0;0;0;0;0;0;0;0;0;
MG;312300;DORES DE CAMPOS;1;0;0;0;0;0;0;0;0;0;0;0;0;0;0;0;0;0;0;0;0;0;
SE;280200;DIVINA PASTORA;0;0;0;0;0;0;10;6;6;0;0;0;0;0;0;0;0;0;0;0;0;0;
MG;316490;SÃO SEBASTIÃO DO RIO VERDE;0;0;10;1;19;6;6;0;0;0;0;0;0;0;10;0;0;0;0;0;0;0;
AL;270880;SÃO SEBASTIÃO;0;0;9;0;22;0;6;13;1;7;0;0;0;1;1;1;1;0;0;0;0;0;
SP;353550;PARAGUAÇU PAULISTA;1;3;8;0;20;1;1;0;0;3;0;0;0;15;0;0;1;0;0;0;1;0;
MG;313550;JEQUERI;0;0;0;0;3;14;0;0;0;0;0;0;0;23;22;0;0;0;0;0;0;0;
SP;352620;JUQUITIBA;0;0;0;0;1;0;0;0;0;0;0;0;0;0;0;0;0;0;0;0;0;0;
SE;280410;MOITA BONITA;0;1;1;0;2;0;0;1;0;0;0;0;0;1;0;0;0;0;0;0;0;0;
MA;210043;ALTO ALEGRE DO MARANHÃO;1;0;1;0;14;0;7;0;0;10;0;0;0;0;0;0;0;1;0;0;0;0;
RN;241220;SÃO JOSÉ DE MIPIBU;4;1;237;2;504;71;156;348;20;323;23;8;3;123;30;3;5;0;11;12;101;52;
GO;520430;CAÇU;0;3;31;0;252;7;45;65;7;81;0;1;0;3;0;0;0;0;0;0;32;0;
RN;241080;RIACHO DE SANTANA;22;10;53;7;159;53;18;42;4;64;10;4;0;118;27;0;0;0;0;16;15;113;
MG;310900;BRUMADINHO;0;2;2;0;13;0;6;1;4;2;0;2;0;0;94;0;0;0;0;2;0;1;
GO;520020;ÁGUA LIMPA;0;2;0;0;6;0;0;2;0;0;0;0;0;2;0;0;0;0;0;2;0;0;
RN;240220;CANGUARETAMA;16;12;280;2;1.169;41;348;648;30;1.223;6;4;5;175;176;6;6;0;19;33;85;117;
MS;500350;DOURADINA;8;1;22;0;54;16;5;0;1;0;0;1;0;46;1;0;0;0;0;1;0;0;
PR;411420;MANDAGUARI;0;0;0;0;0;29;0;0;0;0;0;0;0;0;0;0;0;0;0;0;0;0;
SP;355570;UNIÃO PAULISTA;0;0;2;0;21;3;0;0;0;0;0;0;0;0;0;0;0;0;0;0;0;0;
MA;210390;DUQUE BACELAR;1;13;27;0;74;11;67;36;4;58;0;0;1;20;76;0;0;3;3;0;0;0;
RS;431301;NOVA CANDELÁRIA;4;0;8;10;52;28;6;10;0;4;0;0;0;36;10;0;0;0;0;2;2;0;
RN;241350;SERRINHA;0;0;2;0;16;0;14;33;1;1;0;0;0;10;2;0;0;0;0;0;17;0;
PA;150540;OURÉM;0;0;3;0;14;0;4;8;0;0;1;0;0;0;0;0;2;0;0;0;0;3;
BA;292905;SÃO FÉLIX DO CORIBE;0;1;2;0;16;11;12;7;0;15;0;0;0;2;27;0;0;0;0;0;0;0;
RS;431960;SÃO SEPÉ;6;0;3;0;6;0;9;8;0;2;0;0;0;6;2;0;0;0;0;1;17;0;
GO;522220;VILA BOA;5;3;10;0;46;20;19;15;1;20;1;4;0;1;5;0;1;0;1;0;13;0;
TO;170040;ALMAS;0;2;4;0;3;2;0;6;1;10;0;0;0;1;0;0;0;0;0;0;0;0;
TO;170190;ARAGUACEMA;0;0;0;0;0;0;2;0;0;0;0;0;0;0;0;0;0;0;0;0;0;0;
MA;210860;PINHEIRO;0;0;0;0;0;2;0;0;0;0;0;0;0;0;0;0;0;0;0;0;0;0;
GO;521190;JATAÍ;12;18;82;3;263;88;81;60;13;197;48;31;65;518;76;70;18;1;0;14;67;16;
MA;210270;CANTANHEDE;18;9;83;0;278;47;73;312;18;77;8;2;2;36;191;0;6;4;0;0;14;0;
PA;150747;SÃO JOÃO DE PIRABAS;2;2;44;1;69;4;16;11;2;4;0;0;0;8;40;0;0;1;2;0;0;0;
PE;261640;VITÓRIA DE SANTO ANTÃO;0;0;18;0;106;1;19;75;0;15;1;0;0;49;0;0;0;0;0;0;0;0;
BA;290680;CANSANÇÃO;1;0;15;0;37;0;2;10;0;10;1;1;1;5;1;0;0;0;0;0;0;0;
RN;241240;SÃO JOSÉ DO SERIDÓ;0;0;1;0;8;0;12;0;1;19;0;0;0;0;0;0;0;0;0;0;0;0;
MA;210547;JENIPAPO DOS VIEIRAS;0;0;0;0;2;0;2;8;0;0;0;0;0;0;0;0;0;0;0;0;0;0;
MG;313050;ILICÍNEA;0;0;12;2;57;4;26;34;2;31;5;3;0;9;17;0;0;0;0;6;6;3;
SC;421725;SÃO PEDRO DE ALCÂNTARA;0;0;0;0;9;0;7;2;0;3;0;0;0;8;0;0;0;0;0;0;50;0;
TO;170720;DOIS IRMÃOS DO TOCANTINS;0;0;2;0;2;0;1;15;2;1;0;2;0;9;54;0;0;1;0;0;0;0;
PB;251670;TEIXEIRA;0;0;3;1;6;0;0;0;0;0;0;1;0;0;0;0;0;0;0;0;0;0;
TO;170700;DIANÓPOLIS;0;0;0;0;5;2;5;7;0;4;0;0;0;0;0;0;0;1;0;0;2;0;
GO;521056;ITAGUARI;0;3;0;0;0;1;1;0;0;0;0;0;0;4;25;0;0;0;0;0;0;0;
TO;171510;NOVO ACORDO;0;0;0;1;0;0;0;0;0;0;0;0;0;0;0;0;0;0;0;0;0;0;
RJ;330187;IGUABA GRANDE;0;0;0;0;0;0;1;1;2;2;0;0;0;0;0;0;0;0;0;0;0;0;
PB;250030;ALAGOA GRANDE;0;0;0;0;0;0;1;4;0;2;1;0;0;1;0;0;0;0;0;0;0;0;
MG;311640;CLARAVAL;0;0;0;0;0;0;0;0;0;0;0;0;0;0;0;0;0;0;0;0;0;1;
RN;241010;POÇO BRANCO;14;8;101;7;392;35;144;287;15;174;18;3;2;80;14;5;10;0;7;26;107;82;
SP;352900;MARÍLIA;17;19;106;8;278;41;55;151;8;78;12;11;2;156;27;19;4;0;0;20;21;12;
GO;520552;COLINAS DO SUL;2;4;12;2;92;3;46;61;2;33;0;1;0;6;117;0;5;0;0;5;6;3;
RS;432045;SÉRIO;6;0;8;0;21;7;3;3;0;0;9;0;3;84;0;0;2;0;0;0;24;0;
MA;210590;LAGO VERDE;1;0;5;0;40;1;23;45;0;22;0;0;0;4;0;0;0;1;0;0;0;0;
MG;311020;CAJURI;0;0;3;1;2;0;0;0;0;0;1;1;0;6;0;0;0;0;0;0;0;0;
MG;315020;PIEDADE DE PONTE NOVA;16;6;44;2;160;6;0;22;8;40;34;20;0;26;20;0;2;0;12;10;0;2;
SP;352770;LUIZIÂNIA;10;0;57;8;164;2;124;22;2;60;2;11;0;24;0;18;0;0;2;0;0;0;
AP;160070;TARTARUGALZINHO;1;1;8;0;10;0;103;8;0;12;0;0;0;0;0;0;1;0;0;0;0;0;
GO;521308;MINAÇU;6;1;23;0;148;0;19;11;0;8;2;0;0;26;28;0;0;1;0;0;1;1;
PA;150170;BRAGANÇA;0;0;1;0;1;0;1;4;0;3;0;0;0;0;0;0;0;0;0;0;0;0;
BA;292870;SANTO ANTÔNIO DE JESUS;2;1;18;0;30;3;0;2;0;0;3;0;0;14;34;0;0;0;0;0;0;0;
MG;315740;SANTA CRUZ DO ESCALVADO;1;0;0;0;3;3;0;14;0;2;1;1;0;3;1;0;0;0;0;0;0;0;
PR;412270;SABÁUDIA;1;5;25;1;60;22;0;3;0;9;5;2;1;61;16;0;0;1;0;3;0;19;
MA;210430;GODOFREDO VIANA;1;4;5;0;27;0;33;74;1;57;0;0;0;1;0;0;0;0;0;0;0;0;
CE;230060;ALTANEIRA;1;0;1;0;10;1;21;1;4;11;0;1;0;3;23;0;0;0;1;1;1;0;
AM;130080;BORBA;0;1;2;0;5;0;2;3;1;10;0;0;0;0;1;0;0;0;0;0;9;0;
BA;290210;ARACI;3;0;1;0;7;0;0;2;0;6;0;0;0;0;0;0;0;0;0;0;0;0;
MA;210890;POÇÃO DE PEDRAS;0;0;19;1;191;0;53;219;3;628;0;0;0;17;42;0;0;0;0;0;19;5;
SE;280130;CAPELA;3;6;47;1;159;43;61;22;9;91;10;1;0;88;31;0;3;2;1;1;22;6;
PE;260890;LIMOEIRO;20;35;354;2;1.057;100;294;592;40;723;3;3;0;470;188;7;22;10;4;71;415;25;
GO;520025;ÁGUAS LINDAS DE GOIÁS;34;60;128;4;333;85;365;429;31;239;41;2;4;73;187;0;3;2;0;33;57;21;
RN;240630;LAGOA DE PEDRAS;6;0;46;4;205;7;78;207;6;68;12;6;0;140;28;0;4;0;2;4;2;66;
SC;420460;CRICIÚMA;0;0;48;0;153;63;0;0;0;0;18;0;0;0;0;0;0;0;0;0;0;0;
BA;291690;ITIRUÇU;6;0;102;0;648;2;58;201;8;144;0;0;0;2;20;0;0;0;0;0;0;24;
BA;291360;ILHÉUS;1;1;56;0;142;23;112;98;5;80;0;0;0;12;24;1;0;0;0;2;6;4;
SP;351750;GUAPIAÇU;20;1;118;25;293;66;35;76;4;48;46;24;3;143;38;0;2;0;0;5;12;0;
MA;210440;GONÇALVES DIAS;1;2;36;0;129;13;77;160;1;33;1;1;0;25;0;0;0;0;1;6;4;10;
MG;312350;DOURADOQUARA;0;0;8;0;20;23;0;2;0;6;0;0;0;2;0;0;0;0;0;2;3;0;
CE;231126;QUITERIANÓPOLIS;0;0;0;0;0;0;0;0;0;0;0;0;0;9;85;0;0;0;0;0;0;0;
SP;355610;VALENTIM GENTIL;4;1;72;9;141;91;3;69;0;1;7;3;0;40;1;1;1;0;0;12;9;11;
GO;520510;CATALÃO;9;5;31;3;109;10;0;14;0;91;8;3;3;46;45;22;7;0;9;4;41;2;
BA;290090;ALMADINA;0;0;4;0;6;0;0;0;0;5;0;0;0;6;0;0;0;0;0;0;0;0;
SP;354440;RUBIÁCEA;2;2;4;0;2;0;12;0;0;10;0;0;2;2;22;4;0;2;0;26;32;0;
PR;410380;CAMBIRA;0;0;0;0;2;0;80;0;0;16;0;0;0;2;36;0;0;0;0;0;8;0;
TO;170460;CHAPADA DE AREIA;0;0;0;0;0;0;0;2;4;2;0;0;0;0;0;0;0;0;0;0;0;0;
MA;210760;PALMEIRÂNDIA;0;0;1;0;32;0;15;32;3;39;0;0;0;0;0;0;0;0;0;0;0;0;
SP;354260;REGISTRO;9;1;81;0;264;17;39;128;3;109;4;8;2;29;17;0;1;1;3;16;28;18;
SP;350620;BENTO DE ABREU;0;5;30;0;78;3;10;7;0;0;1;0;0;17;0;0;0;0;0;0;0;0;
RS;430471;CARAÁ;7;0;31;0;126;2;26;30;0;32;0;0;0;87;3;0;2;0;0;2;2;0;
RN;241400;TANGARÁ;0;1;29;14;126;0;82;33;1;133;0;0;1;111;451;1;0;0;0;0;24;0;
MG;315790;SANTA MARGARIDA;13;1;1;0;6;2;1;17;0;2;0;3;1;9;12;0;0;0;0;0;2;0;
MA;210460;GOVERNADOR EUGÊNIO BARROS;3;4;18;0;70;15;24;103;3;33;4;4;0;32;210;0;2;1;5;1;6;17;
RN;241500;VILA FLOR;2;8;30;2;118;4;54;150;0;96;0;0;0;12;2;0;0;0;6;0;0;0;
MA;211000;SANTA LUZIA;1;12;40;1;169;6;126;146;11;52;7;1;0;9;9;0;2;3;1;0;0;0;
PE;260210;BOM CONSELHO;0;0;2;0;2;0;60;9;5;4;0;0;0;18;0;0;0;0;0;0;18;0;
RJ;330227;JAPERI;0;0;2;0;7;0;1;32;1;67;0;0;0;0;0;0;0;0;1;0;0;0;
RN;240130;AUGUSTO SEVERO;0;1;0;0;0;0;32;1;0;4;0;0;0;0;0;0;0;0;0;0;4;0;
SC;420750;INDAIAL;0;0;10;2;0;0;0;0;0;0;0;0;0;0;0;0;0;0;0;0;0;0;
GO;521487;NOVA IGUAÇU DE GOIÁS;0;0;0;0;0;0;0;0;0;0;0;0;0;12;74;0;0;0;0;0;0;0;
SP;353475;OUROESTE;0;0;0;0;0;0;1;0;0;0;0;0;0;1;1;0;0;0;0;0;0;0;
SE;280140;CARIRA;20;5;68;0;301;16;82;57;25;149;11;0;1;105;13;0;0;0;0;1;0;0;
AP;160027;LARANJAL DO JARI;0;2;17;0;90;0;64;142;4;107;0;1;0;1;90;2;0;0;0;0;0;0;
RS;430920;GRAVATAÍ;145;15;445;95;918;178;246;358;22;350;84;31;21;632;804;0;41;0;5;97;142;83;
MA;210220;BURITI;12;22;102;6;359;34;427;579;19;681;1;1;0;50;269;0;0;4;2;0;20;0;
RS;431100;JAGUARÃO;52;17;140;53;486;20;71;69;4;204;39;8;0;122;16;0;7;0;3;5;12;2;
RJ;330360;PARACAMBI;0;0;38;0;47;3;5;76;0;1;2;0;0;0;0;0;0;0;0;0;0;0;
PB;250990;NATUBA;1;1;8;0;35;6;6;2;0;29;0;0;0;5;69;0;0;0;0;0;0;0;
MG;314670;PALMA;1;0;9;0;63;1;1;19;0;55;2;1;0;31;0;0;1;0;0;0;0;0;
CE;231240;SÃO GONÇALO DO AMARANTE;0;0;0;0;0;0;0;0;0;12;0;0;0;0;1;0;0;0;0;10;10;0;
PI;220205;CABECEIRAS DO PIAUÍ;0;0;0;0;4;0;22;12;0;18;0;0;0;0;8;0;0;0;0;0;0;0;
RS;430120;ARROIO DO TIGRE;2;0;4;1;16;8;1;5;0;26;1;4;6;16;1;0;11;0;0;23;19;4;
SE;280067;BOQUIM;2;0;7;0;21;2;49;20;6;79;0;0;0;6;0;0;0;0;0;29;84;2;
RS;432032;SENADOR SALGADO FILHO;0;4;8;4;58;0;34;0;0;0;0;4;0;18;0;0;0;0;0;0;0;0;
MA;210315;CENTRO DO GUILHERME;2;23;23;0;17;34;5;8;0;11;11;2;0;30;8;0;0;0;0;0;0;0;
MA;210410;FORTALEZA DOS NOGUEIRAS;0;0;0;0;0;0;14;0;0;0;0;0;0;0;0;0;0;0;0;0;0;0;
SP;352690;LIMEIRA;0;0;2;0;4;2;0;0;0;4;2;0;0;6;8;0;0;0;0;0;0;0;
BA;291950;LIVRAMENTO DE NOSSA SENHORA;0;6;5;0;16;7;0;0;0;0;0;0;0;0;0;0;0;0;0;0;0;0;
MG;312738;GOIANÁ;0;0;0;0;0;0;0;0;0;4;0;0;0;0;2;0;0;0;0;0;4;0;
RS;432190;TRÊS PASSOS;0;0;0;0;0;0;0;2;0;0;0;0;0;0;0;0;0;0;0;0;0;0;
TO;170950;GURUPI;0;0;0;0;0;0;1;0;0;0;0;0;0;0;0;0;0;0;0;0;0;0;
RS;430740;ESMERALDA;0;0;0;0;8;0;0;0;0;0;0;0;3;3;0;0;0;0;0;0;0;0;
SP;353325;NOVAIS;0;0;1;0;8;0;0;0;0;0;0;0;0;0;5;0;0;0;0;0;0;0;
MA;210467;GOVERNADOR NUNES FREIRE;17;13;22;4;156;22;100;154;19;157;13;4;2;23;120;0;5;8;4;1;9;9;
MG;312090;CURVELO;60;14;235;46;607;86;214;300;38;342;19;13;7;528;460;5;5;0;3;50;112;7;
RJ;330170;DUQUE DE CAXIAS;0;1;95;2;322;32;61;83;10;127;6;0;1;22;1;0;1;1;1;37;50;6;
RN;240980;PEDRO VELHO;8;8;54;0;219;20;85;291;15;131;0;0;0;20;48;0;0;3;2;1;0;0;
MS;500315;CORONEL SAPUCAIA;0;1;44;0;116;4;109;6;0;27;13;0;0;7;13;6;6;0;0;94;172;15;
MG;314600;OURO FINO;28;2;112;8;336;28;4;71;0;76;0;6;61;33;106;0;2;0;0;0;0;15;
MS;500270;CAMPO GRANDE;0;3;36;2;71;1;14;18;1;31;8;227;160;38;3;0;36;1;18;2;1;4;
PB;250540;DESTERRO;3;8;52;1;232;45;40;137;8;102;7;1;0;81;17;2;24;0;0;1;37;2;
BA;290230;ARATUÍPE;0;0;3;0;7;0;1;2;0;7;0;0;0;0;0;0;0;0;0;0;0;0;
SC;420320;CAMBORIÚ;0;0;2;0;1;69;1;2;0;1;0;0;0;1;0;0;0;0;0;0;0;0;
RS;431179;MARATÁ;0;0;2;1;3;0;0;0;0;1;0;0;0;7;5;0;0;0;0;4;9;0;
MG;316520;SÃO THOMÉ DAS LETRAS;0;2;4;0;8;7;3;1;0;1;1;0;0;7;2;0;1;0;0;0;0;0;
RJ;330045;BELFORD ROXO;17;2;62;0;324;15;73;41;3;40;3;1;1;2;2;0;1;0;0;1;9;11;
RS;431490;PORTO ALEGRE;22;4;55;1;69;4;21;36;0;4;0;3;3;91;0;0;0;0;8;0;0;0;
MA;210215;BREJO DE AREIA;5;2;40;0;179;5;59;22;3;17;2;0;1;5;0;0;4;3;0;0;4;0;
PR;410790;FLORESTA;0;1;23;2;119;20;48;17;9;64;4;4;0;88;91;0;0;0;0;0;0;0;
MG;315700;SALINAS;36;1;5;0;8;0;18;0;0;1;12;2;1;75;0;0;0;0;0;0;0;0;
PA;150320;IGARAPÉ-AÇU;0;0;12;0;29;0;39;79;0;70;0;0;0;5;0;0;0;0;1;0;0;0;
CE;231410;VIÇOSA DO CEARÁ;0;5;5;0;27;0;11;7;0;7;0;0;4;2;0;0;2;0;0;0;0;0;
CE;230430;FARIAS BRITO;0;0;0;0;0;0;0;0;0;8;0;0;0;0;0;0;0;0;0;0;0;0;
TO;171900;SANTA TEREZA DO TOCANTINS;6;12;15;0;111;6;38;0;1;0;0;0;0;9;129;2;5;0;0;0;0;0;
BA;293030;SERRA DOURADA;0;0;0;0;0;0;5;0;1;5;0;0;0;0;0;0;0;0;0;2;2;0;
PB;250855;LOGRADOURO;0;0;0;0;3;0;0;0;0;0;1;0;0;0;0;0;0;0;0;0;0;0;
RS;432215;TUNAS;0;0;0;0;1;0;1;0;0;1;0;0;0;0;0;0;0;0;0;0;0;0;
SP;353290;NOVA EUROPA;10;1;167;9;316;77;5;33;1;40;22;9;6;415;34;6;0;0;2;0;0;0;
MG;310825;BONITO DE MINAS;7;6;19;0;50;21;42;24;4;10;0;0;0;10;659;0;0;2;0;0;0;0;
BA;290687;CAPIM GROSSO;2;0;12;0;112;0;62;19;2;153;5;4;0;10;0;0;0;0;6;5;0;0;
SE;280170;CRISTINÁPOLIS;3;2;33;2;81;16;81;92;11;125;10;2;0;38;1;0;1;2;2;0;16;5;
SP;350925;CAJATI;0;0;0;0;5;0;10;0;0;0;0;0;0;9;0;0;0;0;0;0;0;0;
BA;290120;ANAGÉ;0;2;17;0;129;23;21;46;3;28;1;0;0;6;1;0;0;11;0;0;0;31;
SE;280560;PORTO DA FOLHA;0;0;5;0;26;0;6;7;0;11;1;0;0;2;0;0;0;0;0;2;9;0;
PA;150720;SÃO DOMINGOS DO CAPIM;0;0;2;0;2;0;9;2;0;1;0;0;0;0;10;0;0;0;0;0;0;0;
TO;171750;PIUM;0;0;4;1;6;5;4;1;2;3;3;3;0;3;15;0;2;0;0;4;0;6;
SP;354980;SÃO JOSÉ DO RIO PRETO;2;1;5;1;3;2;3;4;0;0;0;1;1;13;3;0;0;0;0;0;9;0;
MA;211190;SUCUPIRA DO NORTE;0;0;1;0;1;0;18;0;0;0;0;0;0;0;0;0;0;0;0;0;0;0;
SE;280445;NOSSA SENHORA APARECIDA;0;0;0;0;0;0;2;0;0;0;0;0;0;0;0;0;0;0;0;0;0;0;
PA;150770;SÃO SEBASTIÃO DA BOA VISTA;0;0;0;0;1;0;0;0;0;0;0;0;0;0;0;0;0;0;0;0;0;0;
RS;432230;TUPARENDI;0;0;21;6;72;0;24;10;0;0;0;4;0;113;4;0;0;0;0;0;0;0;
MA;210930;PRESIDENTE VARGAS;7;0;18;0;71;0;106;84;5;107;1;0;0;10;136;0;1;9;0;0;15;0;
SP;350500;BARÃO DE ANTONINA;1;0;12;1;11;4;9;6;6;15;2;1;0;12;3;0;0;0;0;8;15;11;
RS;430860;GARIBALDI;3;3;41;3;47;0;23;5;0;8;0;0;0;42;2;0;6;0;0;0;34;0;
PA;150670;SANTANA DO ARAGUAIA;0;1;25;1;90;3;84;9;5;24;9;1;0;3;118;0;0;1;0;0;6;0;
RS;430620;CRUZEIRO DO SUL;9;2;15;2;59;0;1;10;0;18;0;2;0;32;0;0;1;0;0;0;6;0;
BA;291270;IBIRAPITANGA;0;0;8;1;35;1;17;22;1;78;1;0;0;2;0;0;0;0;0;0;0;0;
RJ;330150;CORDEIRO;0;1;21;0;42;4;11;2;2;19;1;0;0;11;25;0;0;0;0;1;5;3;
RS;430670;DONA FRANCISCA;6;1;21;6;16;5;17;0;0;8;6;1;0;41;1;0;0;0;0;6;8;1;
PB;250240;BONITO DE SANTA FÉ;0;0;0;0;0;0;1;5;0;0;0;0;0;0;0;0;0;0;0;0;0;0;
PB;250890;MAMANGUAPE;0;0;1;0;4;0;0;0;0;1;0;0;0;2;0;0;0;0;0;0;0;0;
PE;261250;SANTA CRUZ DO CAPIBARIBE;0;4;12;0;1;29;3;35;0;0;0;0;0;0;0;0;0;0;0;0;0;0;
MA;210490;GUIMARÃES;0;0;0;0;0;0;4;0;0;0;0;0;0;0;0;0;0;0;0;0;0;0;
PB;250910;MARI;12;6;388;4;1.202;42;285;436;10;442;18;2;0;366;171;0;0;0;4;0;30;2;
PE;261510;TEREZINHA;2;5;14;0;43;10;26;46;2;7;0;1;10;44;64;2;0;0;3;0;22;0;
TO;172065;SILVANÓPOLIS;5;2;43;2;262;52;54;88;9;52;7;3;0;31;214;0;3;6;0;24;34;0;
BA;292770;SANTA CRUZ CABRÁLIA;24;0;72;7;207;6;75;30;6;73;3;1;0;11;2;0;1;2;2;3;5;2;
RS;431250;MOSTARDAS;7;0;10;2;27;2;1;0;0;2;0;0;0;9;0;0;0;0;0;0;0;0;
SP;352650;LAVÍNIA;0;2;15;0;74;2;7;30;0;0;0;0;0;14;0;0;0;0;0;0;0;0;
RN;240400;FRUTUOSO GOMES;0;0;4;0;14;0;0;3;0;4;0;0;0;0;84;0;0;0;0;0;0;0;
RN;240610;JUCURUTU;1;8;50;0;187;42;131;232;11;318;4;0;0;8;7;4;133;1;8;37;217;1;
SP;352090;IPAUSSU;0;0;59;0;122;2;12;0;2;0;25;0;0;2;95;0;0;0;0;0;1;51;
PE;260320;CAETÉS;0;0;11;0;30;0;63;102;3;5;0;0;0;2;1;0;0;1;1;2;1;0;
GO;521878;RIO QUENTE;9;4;0;0;6;2;0;11;1;7;0;0;0;5;0;18;0;0;0;0;12;0;
PE;260760;ILHA DE ITAMARACÁ;1;2;43;0;162;36;51;119;0;25;3;3;0;40;9;0;0;0;1;9;27;5;
PB;250560;DIAMANTE;48;3;80;0;138;28;19;68;0;33;3;2;0;13;210;1;1;0;0;1;1;0;
MA;210462;GOVERNADOR LUIZ ROCHA;0;0;1;0;9;0;2;8;0;35;0;0;0;0;0;0;0;0;0;0;0;0;
TO;172125;TUPIRAMA;0;0;0;0;5;0;0;0;0;0;0;0;0;1;1;0;0;2;0;0;0;0;
SC;420230;BIGUAÇU;9;0;14;2;0;0;0;0;0;0;0;0;0;9;0;0;0;0;0;0;0;0;
PI;220700;OEIRAS;0;0;3;0;11;0;35;0;0;0;0;0;0;8;0;0;0;0;0;0;0;0;
BA;292500;PLANALTO;0;1;1;0;1;0;0;1;0;10;1;0;0;1;11;0;0;0;1;0;0;0;
PA;150080;ANANINDEUA;1;0;9;0;17;0;0;0;0;0;0;0;0;0;0;0;0;0;0;0;0;0;
PA;150760;SÃO MIGUEL DO GUAMÁ;0;0;0;0;1;0;0;0;0;0;0;0;0;0;0;0;0;0;0;0;0;0;
RR;140023;CAROEBE;0;1;5;0;9;0;19;12;0;13;0;0;0;0;0;5;2;0;0;0;0;0;
PB;251490;SÃO MAMEDE;4;9;34;1;274;26;47;72;6;44;0;2;0;115;44;2;0;0;0;3;0;0;
SE;280670;SÃO CRISTÓVÃO;8;7;321;2;797;70;232;286;47;758;11;7;2;129;9;1;18;10;12;100;112;84;
ES;320190;DOMINGOS MARTINS;5;18;109;3;542;61;57;72;7;87;11;14;4;209;23;0;19;0;0;106;228;6;
SP;354540;SALTO GRANDE;0;5;10;1;35;5;2;0;1;0;4;2;0;13;13;1;0;0;0;0;0;0;
MT;510140;ARIPUANÃ;2;8;60;7;181;38;251;56;20;202;13;4;1;86;13;1;44;21;8;57;87;1;
MT;510337;COTRIGUAÇU;2;0;7;0;8;0;49;82;7;224;0;0;0;0;0;0;0;0;0;0;55;0;
PB;251160;PILÕES;7;9;12;1;65;7;78;46;7;101;0;0;0;58;24;1;2;0;3;15;40;0;
TO;171515;NOVO ALEGRE;1;5;15;0;55;13;14;13;1;61;4;4;1;24;42;3;0;0;0;11;8;5;
RN;240540;JAPI;0;0;23;0;100;3;46;52;8;44;1;0;0;15;1;0;2;0;0;1;0;0;
RN;240780;MONTE ALEGRE;20;9;73;6;292;5;59;177;3;277;5;3;2;236;89;2;1;0;1;1;10;15;
PR;412210;RIO BOM;0;0;1;0;5;5;0;0;0;50;0;0;0;41;1;0;0;0;0;18;53;0;
GO;520520;CATURAÍ;0;6;14;1;27;26;23;7;4;29;4;2;0;14;14;10;0;2;0;11;23;3;
MG;316730;SILVEIRÂNIA;0;8;7;0;14;1;2;33;0;0;0;0;0;0;0;0;0;0;0;0;0;0;
PB;251720;VIEIRÓPOLIS;0;0;1;2;0;0;0;0;0;0;0;0;0;0;13;0;0;0;0;0;0;0;
PB;251170;PILÕEZINHOS;0;0;2;0;21;0;8;6;1;10;0;0;0;0;0;0;0;0;0;0;0;0;
AL;270710;PIRANHAS;1;0;0;0;2;0;0;0;0;0;0;0;0;2;0;0;0;0;0;0;0;0;
MG;314820;PATROCÍNIO DO MURIAÉ;0;0;0;0;0;0;0;0;0;0;0;0;0;1;2;0;0;0;0;0;0;0;
MG;314610;OURO PRETO;13;22;151;6;427;147;96;124;25;373;13;22;2;144;88;0;7;0;0;28;202;27;
TO;171280;MAURILÂNDIA DO TOCANTINS;1;1;21;0;143;10;17;63;1;71;1;2;1;1;0;0;0;0;0;11;17;0;
BA;290390;BOM JESUS DA LAPA;4;9;45;2;388;46;51;92;2;95;1;1;2;15;0;0;0;0;0;24;0;3;
RJ;330025;ARRAIAL DO CABO;0;5;38;0;87;12;10;6;0;22;4;2;1;6;95;0;0;0;0;28;53;20;
PB;251140;PICUÍ;35;4;107;12;318;36;87;958;21;123;25;11;1;281;17;1;2;0;0;5;16;3;
PB;251470;SÃO JOSÉ DO SABUGI;2;18;88;0;333;77;93;89;6;57;0;0;0;64;66;6;3;0;0;0;53;0;
GO;521860;RIALMA;0;0;7;0;18;2;10;3;0;9;1;0;0;17;3;1;0;1;4;4;7;0;
MT;510035;ALTO BOA VISTA;18;3;28;2;81;23;38;58;11;42;7;7;0;52;19;0;7;14;0;3;15;5;
SP;352720;LORENA;0;1;118;0;258;6;24;142;3;110;6;3;1;6;0;3;1;0;4;13;20;0;
BA;290470;BUERAREMA;3;0;21;1;69;1;6;21;2;42;0;3;0;4;1;0;1;0;0;20;7;0;
SE;280400;MARUIM;0;0;22;0;68;3;35;11;4;13;2;4;0;1;0;0;0;0;1;3;6;1;
MA;210632;MARACAÇUMÉ;5;1;11;2;32;2;33;32;4;24;0;0;0;1;0;0;0;7;5;0;7;2;
MA;210598;LAJEADO NOVO;0;0;0;0;3;0;2;1;1;5;0;0;0;0;13;0;0;0;0;0;0;0;
RN;241490;VIÇOSA;1;1;4;0;12;3;6;13;0;11;1;0;0;5;14;0;0;0;0;0;0;0;
SC;420600;GOVERNADOR CELSO RAMOS;0;0;12;0;0;0;0;0;0;0;2;2;0;0;0;0;0;0;0;0;0;0;
MG;315210;PONTE NOVA;2;0;13;0;39;14;2;0;0;3;3;1;0;6;0;0;0;0;0;7;8;6;
MA;210080;ANAPURUS;0;13;19;0;66;2;27;21;0;2;0;0;0;4;0;0;0;2;0;39;38;34;
PB;250960;MONTE HOREBE;2;3;4;1;5;0;0;3;0;0;0;1;0;2;0;0;0;0;0;0;0;0;
SP;355160;SERRA NEGRA;0;0;0;0;8;0;0;0;0;5;0;0;0;0;0;0;0;0;0;0;0;0;
SP;350280;ARAÇATUBA;4;5;124;1;447;18;14;20;2;85;3;3;2;41;128;34;1;1;3;31;51;0;
ES;320455;SANTA MARIA DE JETIBÁ;0;20;106;0;635;40;77;245;20;642;6;4;25;14;189;0;0;1;7;143;218;15;
MA;210900;PORTO FRANCO;34;34;442;27;1.269;31;638;781;36;665;34;19;6;94;766;3;48;20;18;14;17;8;
BA;293160;TEOLÂNDIA;6;9;46;0;135;5;51;213;2;193;11;8;1;61;79;0;1;0;0;18;17;0;
PA;150550;PARAGOMINAS;0;0;56;0;182;0;0;0;0;0;2;4;0;0;0;0;0;0;0;0;0;0;
RS;430050;ALPESTRE;6;6;2;19;101;3;20;8;0;3;5;2;0;52;0;0;0;0;0;0;0;1;
PI;220170;BERTOLÍNIA;4;6;0;0;54;12;18;34;0;4;0;0;0;0;107;0;0;0;0;3;1;0;
SP;351980;ICÉM;0;0;28;1;71;2;15;68;6;71;2;0;0;26;74;0;0;0;0;8;9;0;
MG;315750;SANTA EFIGÊNIA DE MINAS;0;0;0;0;1;0;7;0;0;0;0;0;0;0;0;0;0;0;0;0;0;0;
MA;210405;ESTREITO;0;0;1;0;14;0;23;354;2;9;1;0;0;13;71;0;1;1;0;0;1;0;
RJ;330250;MAGÉ;1;0;48;0;93;4;23;17;0;33;3;3;0;7;1;0;1;0;0;6;5;3;
MG;312580;FERNANDES TOURINHO;0;0;0;0;0;0;0;0;0;0;0;0;0;0;198;0;0;0;0;0;0;0;
PI;220415;FRANCISCO MACEDO;0;0;0;0;4;0;33;0;0;0;0;0;0;0;0;0;0;0;0;2;2;0;
BA;292180;MORTUGABA;0;0;22;0;24;1;9;294;0;0;0;0;0;0;0;0;0;0;0;0;0;0;
SP;351380;DIADEMA;0;0;2;0;4;2;21;16;2;22;0;0;2;2;0;0;0;0;0;14;24;0;
BA;292820;SANTANA;0;0;0;0;3;0;0;0;0;0;0;0;0;0;14;0;0;0;0;0;0;0;
RN;240380;FLORÂNIA;0;0;1;0;5;0;2;3;1;1;0;0;0;0;0;0;0;0;0;0;2;0;
PI;220020;ÁGUA BRANCA;0;0;1;0;5;0;5;0;0;0;0;0;0;0;0;0;0;0;0;0;0;0;
SP;350770;BRAÚNA;0;2;29;12;61;3;1;4;2;4;2;0;0;21;8;0;0;0;0;0;0;2;
MA;210237;CACHOEIRA GRANDE;0;0;1;0;0;0;5;4;0;5;0;0;0;0;0;0;0;0;0;0;0;0;
PR;411880;PEABIRU;0;0;0;0;0;0;0;0;0;0;0;0;0;2;0;0;0;0;0;0;0;0;
RN;240933;SANTA MARIA;0;0;0;0;0;0;0;6;0;0;0;0;0;0;0;0;0;0;0;0;0;0;
SE;280160;CEDRO DE SÃO JOÃO;1;0;1;0;10;1;0;0;0;2;1;0;0;0;0;0;0;0;0;0;0;0;
PB;250860;LUCENA;0;0;2;0;6;0;0;1;0;2;0;0;0;0;0;0;0;0;0;0;0;0;
MA;211050;SÃO BENTO;1;3;86;35;238;9;41;178;17;246;1;0;0;1;2;0;0;0;0;12;12;0;
MA;210535;ITAIPAVA DO GRAJAÚ;42;20;40;7;155;17;75;98;7;68;8;0;0;0;1;0;0;0;0;0;0;0;
GO;520145;APARECIDA DO RIO DOCE;0;1;0;0;0;1;14;0;0;0;10;0;0;0;0;0;1;1;0;0;0;0;
SE;280040;ARAUÁ;4;2;72;0;166;26;91;67;8;238;3;0;0;46;5;0;0;5;2;0;0;0;
BA;290840;CONCEIÇÃO DO COITÉ;0;4;24;2;26;9;1;1;0;0;0;1;0;9;23;0;1;0;0;3;0;0;
PA;150290;CURUÇÁ;6;3;71;3;171;15;74;219;7;79;0;0;1;18;2;1;0;3;6;11;27;0;
MA;211100;SÃO JOÃO BATISTA;0;0;22;0;26;0;8;76;2;82;0;0;0;0;0;0;0;0;0;0;0;0;
SP;353420;ORINDIÚVA;0;0;3;0;7;2;0;0;0;2;0;0;0;2;0;0;0;0;0;0;0;0;
RN;241250;SÃO MIGUEL;0;2;1;0;36;4;57;6;8;36;0;2;0;18;4;0;0;0;0;0;1;0;
BA;292105;MATINA;1;0;7;0;28;3;2;3;0;22;0;0;0;3;0;0;0;0;0;0;0;0;
PE;260200;BODOCÓ;2;0;6;0;39;2;3;8;1;3;0;0;0;5;0;0;0;0;0;0;1;0;
MG;312910;GURINHATÃ;0;0;0;0;0;0;0;0;0;1;0;0;0;0;0;0;0;0;0;0;0;0;
SE;280120;CANINDÉ DE SÃO FRANCISCO;0;0;0;0;2;0;0;1;0;0;0;0;0;1;0;0;0;0;0;0;0;0;
GO;521340;MOIPORÁ;0;0;0;0;0;0;0;0;0;0;0;0;0;1;0;0;0;0;0;0;0;0;
RN;240500;JAÇANÃ;0;0;0;0;0;0;0;0;0;0;0;0;0;1;0;0;0;0;0;0;0;0;
TO;170110;APARECIDA DO RIO NEGRO;0;0;0;0;1;0;0;0;0;0;0;0;0;0;0;0;0;0;0;0;0;0;
BA;293135;TEIXEIRA DE FREITAS;314;4;5;5;365;232;151;7;7;32;107;97;13;24;1;6;1;3;8;9;51;21;
PR;410980;IBIPORÃ;3;1;9;0;11;2;1;1;1;0;0;0;0;3;0;0;0;0;0;0;0;0;
MA;210990;SANTA INÊS;15;7;144;2;368;18;439;120;16;263;5;1;1;49;1.686;0;14;24;5;1;19;3;
MA;211003;SANTA LUZIA DO PARUÁ;4;3;56;1;189;10;146;230;12;119;0;1;0;3;1;0;43;7;2;3;12;0;
PA;150240;CASTANHAL;0;31;33;0;60;34;1;96;1;1;2;2;2;46;183;0;0;0;0;0;0;0;
PA;150497;NOVA IPIXUNA;0;0;22;0;58;0;25;22;9;9;0;0;0;11;4;0;3;1;2;1;1;0;
BA;292560;PRESIDENTE DUTRA;9;1;24;9;115;4;51;40;0;50;1;0;0;40;5;0;6;0;0;15;63;5;
MA;211163;SÃO RAIMUNDO DO DOCA BEZERRA;0;0;0;0;3;0;3;9;1;3;0;0;0;0;2;0;0;0;0;0;0;0;
PI;221063;SEBASTIÃO LEAL;2;5;24;0;185;32;9;162;0;55;0;0;1;31;77;0;0;0;0;1;14;0;
BA;292810;SANTA MARIA DA VITÓRIA;0;0;0;0;4;0;0;0;0;0;0;0;0;0;0;0;0;0;0;0;0;0;
RS;431310;NOVA PALMA;0;2;14;3;42;1;1;1;0;2;0;0;13;11;25;0;0;0;0;2;2;1;
MG;313665;JUATUBA;0;2;2;0;8;4;0;7;0;1;0;0;0;0;3;0;0;0;0;0;0;0;
MT;510390;GENERAL CARNEIRO;6;0;8;0;19;13;4;0;0;15;1;0;0;4;4;0;0;2;0;0;0;1;
RN;240420;GOIANINHA;23;4;210;0;430;60;97;300;24;318;7;17;0;40;42;4;0;0;6;51;72;6;
MA;210010;AFONSO CUNHA;2;32;64;0;225;11;161;706;11;207;0;0;3;24;7;0;2;5;0;0;0;12;
MG;310710;BOA ESPERANÇA;16;3;147;5;357;100;1;185;7;36;22;23;5;79;110;0;1;0;1;18;43;6;
MG;316443;SÃO SEBASTIÃO DA VARGEM ALEGRE;1;0;3;0;9;0;3;10;7;14;0;0;0;1;8;0;0;0;0;0;5;0;
MA;211176;SENADOR LA ROCQUE;6;0;21;0;102;1;70;187;4;74;0;0;0;4;0;0;0;1;0;0;18;0;
GO;521550;OUVIDOR;0;0;5;0;47;1;63;8;0;0;0;0;0;31;0;0;0;0;0;0;0;0;
BA;293310;VÁRZEA DO POÇO;0;0;7;0;43;0;5;33;2;30;0;0;0;15;2;0;0;0;0;2;0;22;
PR;410240;BANDEIRANTES;1;0;3;1;10;0;1;0;0;0;1;0;0;1;0;0;0;0;0;0;0;0;
RS;431020;IJUÍ;0;3;4;0;3;0;0;0;0;3;1;0;0;6;9;0;0;0;0;0;0;0;
PI;220930;SANTA LUZ;0;0;0;0;0;0;1;0;0;0;0;0;0;0;0;0;0;0;0;0;1;0;
MA;211270;VARGEM GRANDE;3;4;63;1;145;21;220;189;11;158;1;0;0;15;343;3;5;0;0;6;2;4;
CE;230530;IBIAPINA;8;19;167;2;383;57;110;34;8;158;5;1;0;41;5;0;0;2;1;17;36;26;
SE;280240;GARARU;12;2;78;2;230;28;12;60;8;14;18;4;0;48;0;2;0;0;0;0;6;0;
TO;171250;MARIANÓPOLIS DO TOCANTINS;0;0;0;0;2;0;4;0;0;5;0;0;0;0;45;0;1;0;0;1;3;0;
RJ;330285;MESQUITA;4;2;48;2;198;6;65;14;4;82;32;10;0;8;0;2;0;0;0;22;54;4;
TO;171850;RECURSOLÂNDIA;0;0;0;0;0;0;0;0;0;0;0;0;0;0;0;0;0;4;0;0;0;0;
BA;290327;BARROCAS;2;7;46;8;193;4;91;175;23;174;2;0;0;17;8;2;2;0;2;4;14;3;
RN;240150;BARCELONA;0;0;3;0;17;0;14;26;2;8;3;0;0;23;48;0;0;0;1;1;0;0;
MA;210300;CAXIAS;0;0;9;0;9;0;45;40;4;19;0;0;0;0;6;0;0;1;2;3;6;0;
BA;292260;NILO PEÇANHA;0;0;2;0;162;0;44;8;6;29;0;0;0;0;0;0;2;0;0;0;2;0;
PB;250190;BELÉM;1;0;17;0;79;4;14;9;3;17;2;0;0;35;4;0;2;0;0;0;0;0;
RN;240300;CRUZETA;4;1;49;5;96;5;27;22;2;22;1;4;6;88;6;34;0;0;1;2;2;0;
PB;250370;CAJAZEIRAS;0;0;10;0;4;0;0;0;0;12;0;0;0;0;6;0;0;0;0;0;0;0;
BA;293317;VARZEDO;0;0;2;0;2;0;1;6;2;12;0;0;0;2;0;0;0;0;0;2;0;0;
BA;291450;IRARÁ;0;0;0;0;0;0;0;0;0;1;0;0;0;0;65;0;0;0;0;0;0;0;
BA;290460;BRUMADO;0;0;1;0;13;0;0;0;0;0;0;0;0;0;0;0;0;0;0;0;0;0;
GO;521160;IVOLÂNDIA;0;0;0;0;0;0;16;0;0;3;0;0;0;0;0;0;0;0;0;0;3;0;
SE;280620;SALGADO;0;0;1;0;3;0;0;2;0;1;0;0;0;0;0;0;0;0;0;0;0;1;
RS;430220;BOA VISTA DO BURICÁ;0;0;0;0;0;0;1;0;0;0;0;0;0;1;0;0;0;0;0;0;0;0;
RS;431177;MAQUINÉ;0;0;0;1;1;0;0;1;0;0;0;0;0;0;0;0;0;0;0;0;0;1;
MG;315320;PRESIDENTE JUSCELINO;0;0;0;0;0;0;0;0;0;0;0;0;0;0;0;0;0;0;0;1;0;0;
MG;313695;JUVENÍLIA;0;1;0;0;0;0;0;0;1;0;0;0;0;0;0;0;0;0;0;0;0;0;
PA;150172;BRASIL NOVO;9;2;54;6;321;14;200;173;2;89;0;9;6;8;33;11;0;3;0;0;12;0;
MA;210255;CAMPESTRE DO MARANHÃO;14;0;44;0;97;2;167;330;8;194;0;0;0;6;112;2;6;4;0;18;24;8;
TO;171890;SANTA ROSA DO TOCANTINS;0;0;0;0;2;0;42;0;0;0;0;0;0;0;0;0;0;4;0;0;0;0;
MG;314740;PARAOPEBA;9;8;79;2;193;7;66;35;5;75;7;6;0;95;9;7;1;1;2;77;144;4;
RN;240180;BREJINHO;13;7;61;1;161;4;75;211;21;76;1;0;2;115;21;4;1;0;1;8;12;0;
RS;430513;CERRO BRANCO;3;0;10;8;46;0;4;8;0;31;2;0;1;31;6;0;0;0;0;3;15;0;
RN;241040;PUREZA;2;2;10;1;29;0;21;20;0;52;0;1;0;16;1;7;0;0;1;5;2;0;
SE;280460;NOSSA SENHORA DAS DORES;0;0;7;0;7;4;23;11;0;28;1;2;0;7;6;0;4;0;1;9;13;3;
MA;211220;TIMON;0;0;0;0;0;0;10;0;0;0;0;0;0;0;0;0;0;0;0;0;0;0;
BA;290130;ANDARAÍ;0;5;1;0;1;2;0;0;0;0;0;0;0;0;196;0;0;0;0;0;0;0;
SP;353280;NOVA ALIANÇA;0;1;5;0;5;4;0;1;0;0;2;0;0;1;0;0;0;0;0;0;0;2;
GO;520620;CRISTALINA;0;0;0;0;10;0;0;0;0;0;0;0;0;0;0;0;0;0;0;1;0;0;
RJ;330160;DUAS BARRAS;0;0;0;0;2;0;0;0;0;2;0;0;0;0;0;0;0;0;0;0;0;0;
PB;251030;NOVA PALMEIRA;0;0;0;0;1;1;0;0;0;0;0;0;0;2;0;0;0;0;0;0;0;0;
BA;292210;MUNDO NOVO;24;9;84;3;505;35;111;116;5;252;16;7;4;69;35;10;2;0;1;14;12;102;
BA;293150;TEOFILÂNDIA;0;0;5;0;33;1;30;19;4;68;0;0;0;0;70;0;0;0;0;2;18;0;
SE;280570;PROPRIÁ;5;4;39;0;98;17;40;41;1;26;4;1;1;15;22;0;1;0;0;7;7;5;
MA;211195;SUCUPIRA DO RIACHÃO;0;0;1;0;15;1;3;10;1;2;0;0;0;0;2;0;0;0;0;0;0;0;
AL;270800;SANTANA DO IPANEMA;0;2;4;0;16;2;0;0;0;0;0;0;0;1;0;0;0;0;0;0;0;0;
RS;431406;PASSA SETE;2;1;2;1;5;1;5;2;1;3;1;0;0;1;0;0;0;0;0;0;3;0;
AL;270360;JAPARATINGA;0;0;3;0;10;0;0;3;0;0;0;0;0;1;0;0;0;0;0;0;0;0;
RR;140040;NORMANDIA;0;2;0;0;4;0;0;0;0;10;0;0;0;0;0;0;0;0;0;0;0;0;
RJ;330200;ITAGUAÍ;0;1;1;0;3;2;0;0;0;0;1;0;0;0;3;0;0;0;0;0;0;2;
RN;241480;VERA CRUZ;0;0;0;0;0;0;7;0;0;2;0;0;0;0;0;0;0;0;0;0;0;0;
BA;292700;RIO REAL;0;0;0;0;0;0;0;0;0;0;0;0;0;3;4;0;0;0;0;0;0;0;
MA;211245;TURILÂNDIA;0;0;0;0;0;0;1;0;0;0;0;0;0;0;0;0;0;0;0;0;0;0;
SE;280250;GENERAL MAYNARD;16;4;62;0;121;4;31;177;13;57;0;4;0;27;6;4;4;4;4;2;2;0;
RN;241120;SANTA CRUZ;3;0;36;1;155;5;81;229;13;129;6;2;2;33;0;0;2;0;4;45;67;27;
MS;500280;CARACOL;0;0;0;0;0;0;28;0;0;0;0;0;0;0;0;0;0;0;0;0;0;0;
MA;211300;VITORINO FREIRE;6;10;104;0;324;8;116;185;48;134;0;1;0;1;10;0;4;0;0;0;10;4;
RS;431810;SÃO FRANCISCO DE ASSIS;75;1;58;17;171;45;10;5;0;86;33;15;14;231;220;0;4;0;0;24;21;11;
PA;150150;BENEVIDES;1;0;42;0;100;2;91;134;21;30;0;0;0;8;156;0;2;0;1;12;35;0;
PB;251110;PEDRA LAVRADA;14;7;102;4;481;19;168;386;30;354;13;2;4;247;6;0;0;4;0;6;37;0;
MA;210565;JUNCO DO MARANHÃO;5;1;14;0;64;7;68;114;5;38;10;4;3;7;33;1;1;3;0;0;21;5;
TO;170210;ARAGUAÍNA;1;0;111;0;357;4;68;7;9;12;0;1;0;65;0;0;0;2;2;0;0;0;
PI;220820;PIO IX;0;0;15;0;105;6;78;77;5;99;0;0;0;17;0;0;0;6;0;0;0;0;
PB;250570;DONA INÊS;0;0;0;0;3;0;0;0;0;2;0;0;0;1;0;0;0;0;0;0;0;2;
SP;353360;NUPORANGA;8;2;28;4;55;11;0;0;0;8;12;10;5;44;33;0;0;0;2;2;0;0;
SP;352480;JALES;4;0;22;4;58;6;2;0;0;0;0;0;3;22;3;6;0;0;2;0;0;0;
GO;520360;BRAZABRANTES;0;0;2;0;8;4;0;1;0;2;1;0;0;3;0;0;0;0;0;0;0;1;
MG;316630;SERICITA;0;0;0;0;2;0;0;0;0;0;0;0;0;0;193;0;0;0;0;0;0;0;
PB;251150;PILAR;0;0;0;0;0;0;12;0;0;0;0;0;0;0;0;0;0;0;0;0;0;0;
MG;310665;BERIZAL;0;0;0;0;0;0;0;5;0;4;0;0;0;0;0;0;0;0;0;0;2;0;
MG;311615;CHAPADA GAÚCHA;0;0;0;0;2;0;0;0;0;2;0;0;0;0;0;0;0;0;0;0;0;0;
PB;251080;PATOS;53;46;591;23;1.674;80;585;269;64;668;54;20;28;840;243;2;24;4;13;90;142;18;
MA;211178;SERRANO DO MARANHÃO;0;0;8;0;40;0;5;0;1;7;0;0;0;0;184;0;0;0;0;0;0;0;
MA;210637;MARANHÃOZINHO;14;1;28;0;96;5;33;60;4;17;0;0;0;2;2;0;1;2;2;1;20;6;
BA;292380;PARIPIRANGA;0;1;49;0;89;0;48;63;7;93;0;0;0;41;0;0;3;0;0;6;75;6;
PE;261160;RECIFE;8;1;12;0;76;15;11;7;0;0;0;1;0;33;0;0;3;0;0;0;0;0;
MA;211150;SÃO MATEUS DO MARANHÃO;14;14;132;5;375;20;131;152;11;139;14;8;1;46;11;0;16;3;3;1;22;0;
RN;240710;MACAÍBA;10;7;63;3;173;12;77;108;7;265;4;1;0;25;3;0;2;0;5;2;35;1;
BA;291005;DIAS D'ÁVILA;5;1;54;1;158;12;40;93;1;38;5;1;0;7;1;2;0;0;0;1;13;8;
GO;522150;TURVÂNIA;0;0;3;2;11;1;1;15;4;0;0;0;0;6;3;1;0;0;0;1;1;0;
SE;280700;SÃO MIGUEL DO ALEIXO;4;0;3;0;17;0;8;6;0;13;3;2;0;6;0;0;0;0;1;3;5;4;
SC;420915;JOSÉ BOITEUX;0;0;7;0;10;0;8;2;0;0;0;0;0;25;0;0;0;0;0;0;2;0;
PB;251740;ZABELÊ;0;0;12;0;28;10;2;12;0;8;6;2;0;8;22;2;0;0;0;2;2;2;
AP;160020;CALÇOENE;4;0;56;1;106;4;65;85;3;137;30;29;0;1;423;0;6;1;0;0;0;0;
MA;211140;SÃO LUÍS GONZAGA DO MARANHÃO;0;0;4;0;12;0;17;31;0;13;0;0;0;0;0;0;0;0;0;0;0;0;
MG;316570;SENADOR FIRMINO;0;3;0;1;8;1;0;0;0;0;0;0;0;50;7;0;0;0;0;0;0;0;
TO;171800;PORTO ALEGRE DO TOCANTINS;0;0;0;0;6;0;1;1;0;0;0;2;0;1;1;0;2;0;0;0;7;0;
MA;210409;FORMOSA DA SERRA NEGRA;5;0;4;4;29;0;26;7;0;34;0;0;0;0;123;0;0;0;0;1;2;11;
MG;313440;ITURAMA;4;2;247;16;302;70;13;6;6;13;43;6;2;105;52;0;4;0;0;0;0;66;
MG;314350;MORADA NOVA DE MINAS;7;2;27;10;77;30;11;14;0;13;9;8;2;40;6;0;0;0;0;30;11;0;
PA;150548;PACAJÁ;6;0;12;0;25;2;11;27;5;34;0;0;0;0;8;2;0;0;0;0;2;0;
AL;270520;MESSIAS;4;3;29;1;60;12;46;32;6;38;6;2;0;17;3;0;4;0;3;0;18;12;
RS;430290;CACEQUI;2;1;5;0;49;0;1;0;0;0;0;0;0;32;0;0;0;0;0;0;0;0;
MA;210173;BELÁGUA;0;0;5;0;6;0;7;5;0;1;0;0;0;0;0;0;0;0;0;0;0;0;
MG;316540;SAPUCAÍ-MIRIM;31;2;15;0;4;0;1;0;3;0;9;4;12;0;0;0;0;0;0;0;0;0;
MA;210110;AXIXÁ;0;0;0;1;0;0;7;0;0;23;0;0;0;0;0;0;0;0;0;0;1;0;
GO;522045;SENADOR CANEDO;0;0;4;1;16;6;7;5;1;5;1;0;0;7;0;0;2;1;1;0;1;0;
ES;320332;MARATAÍZES;0;0;2;0;4;0;8;0;0;0;0;0;0;0;0;0;0;0;0;0;0;0;
AC;120060;TARAUACÁ;0;0;0;0;0;0;6;1;0;2;0;0;0;0;0;0;0;0;0;0;0;0;
BA;290790;CIPÓ;1;0;8;0;59;4;77;40;7;131;0;0;0;2;60;0;0;0;0;0;10;0;
SE;280350;LAGARTO;12;3;178;4;660;32;152;286;15;192;15;5;3;45;16;0;7;2;5;23;71;130;
MA;211110;SÃO JOÃO DOS PATOS;0;0;4;0;2;6;2;2;0;2;0;0;0;0;0;0;0;0;0;0;0;0;
MG;315980;SANTA VITÓRIA;5;1;14;0;48;15;0;1;0;13;7;0;0;18;1;0;2;0;0;11;12;0;
PB;251350;SANTANA DE MANGUEIRA;0;0;3;0;16;0;0;4;0;6;0;0;0;1;3;0;0;0;0;0;0;0;
BA;291510;ITAGI;7;2;100;0;279;14;51;136;1;245;1;0;0;23;16;0;1;1;0;2;2;0;
MG;311180;CANÁPOLIS;4;0;0;2;5;1;4;1;1;0;2;2;0;2;2;0;0;0;0;0;0;0;
TO;171855;RIACHINHO;0;0;0;0;1;0;12;7;0;12;0;0;0;0;0;0;0;1;0;27;8;0;
RN;240110;AREIA BRANCA;0;0;1;0;15;1;5;2;1;40;0;0;0;2;32;0;1;0;4;0;1;1;
PE;260710;INGAZEIRA;0;0;0;0;3;0;0;0;0;0;0;0;0;0;0;0;0;0;0;0;0;0;
PI;220970;SÃO FRANCISCO DO PIAUÍ;0;0;0;0;5;0;0;0;0;0;0;0;0;0;0;0;0;0;0;0;0;0;
PR;411700;NOVA FÁTIMA;0;0;5;2;5;1;0;0;0;0;0;0;0;0;19;0;0;0;0;0;0;0;
MG;313510;JANAÚBA;0;0;1;0;5;0;0;5;1;15;13;0;0;0;0;0;0;0;0;0;0;0;
SE;280030;ARACAJU;0;0;0;0;1;0;0;0;0;5;0;0;0;0;0;0;0;0;0;0;0;0;
BA;291955;LUÍS EDUARDO MAGALHÃES;32;39;90;1;350;103;552;549;75;276;5;10;5;84;9;9;2;0;2;45;220;16;
PB;251398;SÃO FRANCISCO;7;2;29;9;172;0;25;43;2;27;8;6;2;53;32;0;0;2;1;0;0;0;
RR;140010;BOA VISTA;3;2;14;0;148;9;40;4;6;0;3;0;0;0;0;0;17;0;6;0;18;0;
MA;210630;MAGALHÃES DE ALMEIDA;4;4;31;0;73;2;140;273;8;67;1;6;0;1;45;0;2;0;0;0;0;0;
BA;291072;EUNÁPOLIS;7;5;106;1;314;36;120;123;10;327;4;0;2;32;37;0;3;28;13;34;88;22;
BA;291125;GAVIÃO;6;0;12;2;138;0;12;24;0;12;2;0;0;0;6;0;0;0;0;4;14;18;
MG;313240;ITAJUBÁ;4;0;60;0;98;15;28;33;3;15;7;1;0;37;0;0;0;0;0;0;1;0;
PB;251120;PEDRAS DE FOGO;0;0;7;0;16;0;6;3;0;2;0;0;0;2;0;0;0;0;0;0;0;0;
TO;171330;MIRANORTE;0;0;3;0;28;2;50;1;3;4;1;0;0;2;0;0;1;5;0;3;11;0;
MG;311000;CAETÉ;2;0;2;0;12;1;4;5;0;11;0;1;0;2;0;0;1;0;0;4;9;0;
ES;320340;MIMOSO DO SUL;0;0;2;0;7;0;0;0;0;0;0;0;0;1;2;0;0;0;0;0;0;0;
MG;314880;PEDRA DO ANTA;4;0;40;0;95;30;0;0;0;4;0;0;0;0;0;0;0;0;0;4;8;0;
PB;251630;SUMÉ;2;1;1;0;6;1;0;0;0;0;0;0;0;2;1;0;0;0;0;0;0;0;
SP;351250;COROADOS;0;0;1;0;1;0;0;0;0;0;0;0;0;0;0;0;0;0;0;0;0;0;
MA;210310;CEDRAL;0;0;0;0;1;1;0;0;0;0;0;0;0;0;2;0;0;0;0;0;0;0;
MG;310470;ATALÉIA;0;0;1;0;2;0;0;0;0;0;0;0;0;0;0;0;0;0;0;0;0;0;
RJ;330500;SÃO JOÃO DA BARRA;0;0;0;0;0;0;0;0;0;4;0;0;0;0;0;0;0;0;0;4;4;0;
MA;210923;PRESIDENTE MÉDICI;0;10;30;0;82;32;18;42;2;24;12;30;0;50;453;6;0;0;2;0;0;46;
PB;251550;SERRA BRANCA;10;18;105;4;524;18;185;349;41;265;4;21;22;272;22;0;26;2;10;34;16;12;
BA;292405;PÉ DE SERRA;1;0;28;0;167;4;28;29;3;42;2;1;1;84;1;0;0;0;0;2;2;0;
PE;261255;SANTA FILOMENA;25;14;11;2;12;4;13;17;0;33;8;0;0;4;6;0;0;2;1;0;0;0;
RN;240560;JARDIM DE PIRANHAS;28;3;67;4;121;21;85;50;8;182;5;0;0;72;44;8;28;0;2;10;70;5;
MA;210810;PAULO RAMOS;2;0;35;1;150;8;108;131;12;168;0;1;0;14;125;1;0;14;0;7;73;7;
PB;250020;AGUIAR;0;0;60;1;206;0;29;34;4;32;0;0;0;39;0;0;3;0;0;6;2;0;
PE;260660;IBIMIRIM;0;0;13;0;27;0;16;8;4;30;6;0;0;25;123;0;0;0;0;2;2;2;
MA;210805;PAULINO NEVES;3;0;15;9;46;2;47;76;4;57;2;0;0;2;8;0;0;1;0;0;0;5;
RS;431870;SÃO LEOPOLDO;9;0;18;1;36;1;9;10;0;11;0;0;0;10;4;0;0;0;0;8;8;0;
MA;210975;SANTA FILOMENA DO MARANHÃO;2;0;2;0;18;0;5;22;0;4;0;0;0;0;0;0;1;0;0;0;0;0;
BA;292030;MALHADA DE PEDRAS;0;0;0;0;8;0;13;3;5;4;0;0;0;0;0;0;0;1;0;0;0;0;
PR;410370;CAMBÉ;0;0;1;0;0;0;1;1;1;1;0;0;0;10;7;0;0;0;0;2;0;0;
SP;353700;PEDREGULHO;0;0;3;0;3;0;0;8;1;1;0;0;0;0;2;0;0;0;0;0;2;0;
MT;510631;NOVO SANTO ANTÔNIO;0;0;1;0;3;0;2;0;0;1;0;0;0;0;30;0;0;0;0;0;0;0;
MA;211227;TUFILÂNDIA;4;10;27;5;86;33;49;99;9;46;6;3;3;13;665;0;3;0;0;5;6;0;
PB;250680;INGÁ;5;3;110;3;415;26;50;47;10;176;2;2;0;142;2;0;10;0;1;2;24;6;
MG;315490;RIO CASCA;0;6;79;8;346;6;34;62;12;189;10;6;4;46;5;0;0;0;2;109;49;0;
MA;211400;ZÉ DOCA;14;12;41;7;106;15;94;99;4;94;1;1;0;14;6;0;3;19;1;3;3;1;
SE;280600;RIBEIRÓPOLIS;0;0;4;0;13;1;11;3;0;2;1;0;0;7;4;0;0;0;0;1;5;0;
PB;250205;BERNARDINO BATISTA;4;4;0;0;6;0;2;2;0;1;0;1;0;25;19;1;0;0;0;0;0;0;
TO;171110;ITAPORÃ DO TOCANTINS;0;0;12;0;49;9;14;20;0;12;2;0;0;31;2;0;0;0;0;2;2;0;
BA;293015;SERRA DO RAMALHO;0;0;13;0;23;1;52;82;3;96;0;0;0;0;0;0;0;0;0;0;29;0;
MA;210207;BOM LUGAR;2;16;4;6;5;1;28;9;1;41;0;1;0;7;0;0;1;0;0;0;0;1;
PB;251390;SÃO BENTO;0;0;0;0;10;0;0;0;0;0;0;0;0;0;0;0;0;0;0;2;2;0;
GO;520396;BURITINÓPOLIS;0;0;0;0;4;0;13;22;3;6;0;0;0;0;1;0;0;0;0;8;9;0;
PA;150140;BELÉM;0;0;0;0;2;0;26;8;1;0;0;0;0;1;0;0;0;0;0;0;0;0;
RJ;330330;NITERÓI;0;0;1;0;1;0;2;0;0;0;0;0;0;0;0;0;1;0;0;0;0;0;
MG;312650;FRANCISCO BADARÓ;0;0;0;0;4;0;0;0;0;0;0;0;0;0;4;0;0;0;0;0;0;0;
PE;261140;PRIMAVERA;0;1;0;0;0;0;0;0;0;0;0;0;0;0;1;0;0;0;1;0;0;0;
AM;130356;RIO PRETO DA EVA;3;10;67;4;141;32;183;143;15;109;12;2;0;6;0;0;22;0;0;6;30;6;
MA;210780;PARNARAMA;5;0;66;0;297;2;98;68;4;16;2;2;0;0;0;0;0;0;0;34;34;0;
SP;350010;ADAMANTINA;0;0;27;0;106;10;0;40;2;20;0;0;0;4;600;0;0;0;0;1;9;1;
RN;240170;BOM JESUS;0;0;6;0;17;1;18;12;2;16;0;0;0;0;1;0;0;0;0;0;0;0;
RS;430807;FAZENDA VILANOVA;7;2;45;6;196;18;51;14;1;7;5;1;0;94;1;0;0;0;0;5;3;0;
PI;220635;MILTON BRANDÃO;0;0;6;0;50;0;42;20;0;64;2;0;0;2;8;2;52;0;0;38;60;2;
SC;421550;SANTA CECÍLIA;0;0;0;0;0;1;8;0;0;13;0;0;0;0;0;0;2;0;0;0;0;0;
SP;355715;ZACARIAS;35;0;0;0;0;0;0;0;1;1;15;0;0;0;0;0;0;0;0;0;0;0;
TO;172210;XAMBIOÁ;0;0;4;0;6;0;6;0;0;0;0;0;0;0;0;0;0;0;0;0;0;0;
MA;210550;JOÃO LISBOA;0;0;3;0;9;0;0;16;0;0;2;0;0;0;2;0;0;0;0;0;0;0;
BA;290930;CORRENTINA;0;1;0;0;0;0;1;0;0;1;0;0;0;0;0;0;0;0;0;0;0;0;
SP;352590;JUNDIAÍ;0;0;0;0;0;2;0;0;0;0;0;0;0;0;0;0;0;0;0;0;0;0;
BA;291080;FEIRA DE SANTANA;0;2;20;0;45;0;2;10;0;11;0;0;0;4;0;0;0;0;0;0;0;0;
BA;290260;BAIXA GRANDE;0;1;0;0;21;0;2;9;0;5;2;0;0;0;0;0;0;0;0;0;0;0;
SP;352450;JACI;0;0;4;0;3;0;0;0;0;0;0;0;0;2;0;1;0;0;0;0;0;0;
PB;250933;MATINHAS;0;0;0;0;0;0;0;0;0;0;0;0;0;3;0;0;0;0;0;0;0;0;
SP;351870;GUARUJÁ;0;0;0;0;0;0;0;0;0;0;0;1;0;0;0;0;0;0;0;0;0;0;
PI;220275;COLÔNIA DO GURGUÉIA;0;2;2;0;5;7;0;0;0;0;0;1;0;0;0;0;0;0;0;0;0;0;
PE;260270;BUENOS AIRES;6;0;17;0;67;2;8;47;1;9;0;2;1;82;0;0;1;0;1;0;0;0;
RS;431805;SÃO DOMINGOS DO SUL;9;0;23;3;111;5;0;0;0;0;0;0;0;77;5;0;0;0;0;0;0;0;
MA;210280;CAROLINA;0;2;4;0;22;0;34;42;0;88;0;0;0;0;2;0;0;2;0;42;44;0;
RN;240810;NATAL;2;2;55;6;158;56;58;54;6;42;20;14;12;68;2;0;4;0;0;2;12;4;
MS;500750;ROCHEDO;0;0;0;0;0;0;0;2;1;7;0;0;0;0;0;0;0;0;0;0;4;0;
GO;520735;EDEALINA;0;0;0;0;4;0;0;0;0;0;0;0;0;8;4;2;0;0;0;2;0;2;
SP;353390;OLÍMPIA;0;0;9;0;1;0;5;0;1;10;0;0;0;0;0;1;0;0;0;0;7;0;
PR;412120;QUITANDINHA;2;0;8;4;31;0;2;4;2;2;6;0;0;12;0;0;0;0;0;14;36;20;
TO;171865;RIO DA CONCEIÇÃO;5;1;3;0;38;1;17;1;1;6;0;1;2;5;0;0;2;0;0;0;1;0;
SE;280290;ITABAIANA;0;0;21;0;28;8;18;9;20;6;4;0;0;8;0;0;0;1;0;0;2;0;
RJ;330470;SANTO ANTÔNIO DE PÁDUA;0;1;1;0;1;0;0;7;0;0;0;0;0;13;0;0;0;0;0;0;0;0;
MA;211120;SÃO JOSÉ DE RIBAMAR;143;17;518;10;1.630;193;939;1.047;53;1.097;49;5;10;48;45;6;32;45;14;83;217;23;
AC;120040;RIO BRANCO;2;4;22;2;150;16;228;7;15;414;8;5;1;13;1;0;16;0;0;36;62;3;
RN;241140;SANTANA DO MATOS;0;0;4;0;4;4;0;16;0;2;2;0;0;34;16;0;0;0;0;2;2;0;
MG;311360;CAREAÇU;0;0;8;0;20;2;0;6;0;12;0;2;2;6;4;0;4;0;0;0;0;0;
RN;241440;TOUROS;15;32;77;2;218;74;161;206;23;292;22;4;4;64;78;0;3;1;1;2;54;36;
SP;354360;RIFAINA;0;4;4;0;9;13;0;1;0;0;1;2;3;40;17;0;0;0;0;0;0;8;
SP;353400;ONDA VERDE;4;4;38;6;94;6;2;0;0;0;0;4;0;26;0;0;0;0;0;0;0;0;
RN;240390;FRANCISCO DANTAS;0;0;1;0;5;0;0;0;0;0;0;0;0;0;108;0;0;0;0;0;0;0;
PB;250660;IBIARA;1;4;38;1;253;2;26;314;2;110;1;0;0;32;587;1;0;0;0;0;0;0;
AP;160010;AMAPÁ;7;9;30;5;198;27;77;177;14;179;1;1;0;4;4;0;1;0;0;0;0;0;
TO;170270;AURORA DO TOCANTINS;0;0;3;0;8;0;3;0;0;15;0;0;0;1;16;0;0;1;0;0;9;0;
RJ;330410;PORCIÚNCULA;0;0;10;0;16;8;0;0;0;0;0;0;0;0;12;0;0;0;0;0;0;2;
MG;310990;CAETANÓPOLIS;1;0;5;0;10;1;3;4;0;0;1;0;0;4;2;0;0;0;0;1;4;1;
MG;316500;SÃO TIAGO;0;0;2;0;0;0;0;0;0;0;0;0;0;0;0;0;0;0;0;0;2;0;
RJ;330185;GUAPIMIRIM;0;0;0;0;1;0;0;0;0;1;1;0;0;0;4;0;0;0;0;0;0;0;
TO;171790;PONTE ALTA DO TOCANTINS;0;0;0;0;7;0;6;0;0;6;0;0;0;0;2;0;0;0;0;0;1;0;
BA;292460;PINDOBAÇU;0;0;0;0;0;0;10;0;0;0;0;0;0;0;0;0;0;0;0;0;0;0;
CE;231330;TAUÁ;0;0;5;0;31;3;16;0;2;19;0;0;0;2;2;0;0;0;0;0;0;0;
PA;150635;SANTA BÁRBARA DO PARÁ;1;3;29;0;78;5;25;101;7;14;0;0;0;13;1;0;0;1;0;0;1;0;
RS;430512;CERRITO;0;2;0;0;4;0;10;0;0;2;0;0;0;12;0;0;0;0;0;0;0;0;
BA;290270;BARRA;61;7;13;4;100;0;64;153;21;199;4;1;1;14;13;2;0;11;4;0;23;3;
PB;250940;MOGEIRO;0;0;8;0;12;0;0;0;0;18;0;0;0;10;0;0;0;0;0;0;0;0;
PB;250640;GURINHÉM;1;10;41;2;126;5;83;98;3;119;0;1;1;85;3;0;3;0;0;9;5;0;
BA;291330;ICHU;0;2;26;0;100;9;38;80;16;23;6;0;0;21;27;0;0;1;0;0;0;0;
MS;500560;MIRANDA;0;0;0;13;23;4;1;0;0;0;0;0;0;1;0;0;0;0;0;0;0;0;
SE;280150;CARMÓPOLIS;0;1;19;2;32;21;8;2;1;9;6;1;0;22;0;0;0;0;1;8;16;7;
MA;210580;LAGO DO JUNCO;6;3;7;0;27;1;18;7;2;12;2;1;0;1;18;0;1;0;0;0;0;0;
RJ;330400;PIRAÍ;0;5;0;0;0;0;0;0;0;0;0;0;0;0;6;0;0;0;0;0;0;0;
PR;412660;SIQUEIRA CAMPOS;2;0;18;0;38;4;0;0;0;2;0;0;0;4;14;0;0;0;0;0;0;0;
PE;261320;SÃO JOÃO;5;3;39;3;223;27;142;261;18;139;0;3;0;24;61;0;2;0;1;7;41;0;
MG;312770;GOVERNADOR VALADARES;1;1;1;0;11;5;1;12;2;0;1;0;0;0;0;0;0;0;0;1;1;0;
ES;320080;BAIXO GUANDU;6;0;56;10;218;12;38;36;0;26;2;6;0;60;6;0;2;0;0;30;44;6;
PB;250380;CALDAS BRANDÃO;1;3;44;0;198;18;139;316;6;123;2;0;3;40;18;0;0;0;0;0;35;0;
RS;432040;SERAFINA CORRÊA;39;0;33;17;178;4;7;0;9;3;0;20;6;257;0;0;0;0;0;0;0;0;
PB;251020;NOVA OLINDA;1;1;67;0;208;4;43;23;1;68;4;7;5;110;0;0;1;0;0;16;12;0;
MG;314270;MONTALVÂNIA;2;102;0;0;0;90;0;0;0;0;0;0;0;0;0;0;0;0;0;0;0;0;
MG;314280;MONTE ALEGRE DE MINAS;4;2;77;8;321;7;4;46;2;180;6;0;0;262;386;0;2;0;2;25;114;6;
MA;210090;ARAIOSES;1;3;9;2;26;0;13;96;1;18;0;0;0;2;1;0;0;0;0;0;2;3;
MA;210135;BACURITUBA;5;3;9;17;44;2;14;138;0;20;6;2;0;3;0;0;1;0;0;0;0;0;
RN;240830;NOVA CRUZ;30;8;295;14;1.025;35;180;257;18;450;30;8;147;415;195;1;6;1;11;26;21;0;
PR;412035;PRANCHITA;0;113;0;0;0;148;0;0;0;0;0;0;0;0;0;0;0;0;0;0;0;0;
SP;352530;JAÚ;13;3;56;3;143;49;29;16;1;36;10;4;0;82;11;6;0;0;0;0;0;0;
SP;355475;TRABIJU;0;0;0;0;6;0;0;0;0;0;0;0;0;0;0;0;0;0;0;0;0;0;
SP;351770;GUARÁ;0;0;1;1;5;0;0;21;0;0;0;0;0;5;0;0;0;0;0;0;0;0;
MG;314655;PAI PEDRO;0;0;0;0;0;0;0;0;0;81;0;0;0;0;0;0;0;0;0;0;53;0;
TO;170360;BRASILÂNDIA DO TOCANTINS;2;1;14;1;23;1;1;9;0;0;0;0;0;1;0;0;0;0;0;0;0;0;
BA;291420;IRAJUBA;0;0;6;0;9;0;6;0;1;0;0;0;0;0;0;0;0;0;0;0;0;0;
MT;510380;FIGUEIRÓPOLIS D'OESTE;0;0;0;0;0;0;0;0;0;0;0;0;0;0;1;0;0;0;0;0;0;0;
BA;291170;GUANAMBI;0;0;3;0;9;2;0;0;0;0;0;0;0;0;0;0;0;0;0;0;0;0;
BA;290590;CAMPO ALEGRE DE LOURDES;0;0;103;3;673;2;386;189;27;259;2;0;0;9;3;3;10;3;2;0;37;29;
SE;280720;SIRIRI;5;0;25;2;89;8;18;35;4;32;1;2;0;32;2;0;0;0;0;1;0;1;
MA;211290;VITÓRIA DO MEARIM;0;19;113;2;640;36;198;136;23;228;2;0;0;27;151;0;0;10;0;0;4;0;
SE;280280;INDIAROBA;0;0;10;0;11;1;57;2;6;30;0;0;0;0;0;0;6;0;0;0;18;0;
PR;412200;RIO AZUL;0;2;11;0;19;28;0;6;0;1;1;39;5;46;52;0;0;0;0;0;0;0;
SP;351680;GASTÃO VIDIGAL;0;0;4;0;41;0;0;0;0;0;0;0;0;0;0;0;0;0;0;0;0;0;
SP;354060;PORTO FELIZ;1;3;22;0;109;36;24;22;0;0;1;0;0;1;2;0;0;0;0;0;19;0;
RN;240820;NÍSIA FLORESTA;2;1;9;0;46;3;19;36;3;36;1;3;0;64;280;0;0;0;0;0;1;0;
CE;231170;RERIUTABA;0;1;28;2;53;6;38;13;1;12;0;0;0;20;14;0;0;0;2;0;0;2;
RN;240650;LAGOA NOVA;0;1;6;0;38;3;47;106;4;39;1;0;0;1;2;0;1;0;2;0;0;0;
RJ;330385;PATY DO ALFERES;0;0;8;0;14;2;1;14;4;19;3;0;0;3;0;0;0;0;0;1;16;0;
SP;353300;NOVA GRANADA;2;1;33;4;104;40;0;6;1;3;18;4;1;9;6;0;0;0;0;0;0;23;
BA;291870;LAFAIETE COUTINHO;0;0;5;0;17;1;3;4;0;2;0;0;0;0;56;0;0;0;0;5;5;0;
RN;241410;TENENTE ANANIAS;0;0;0;0;0;0;0;0;0;0;0;0;0;1;0;0;0;0;0;0;0;0;
GO;520815;GAMELEIRA DE GOIÁS;0;0;0;0;3;0;2;0;0;0;0;0;0;0;0;0;0;0;0;0;0;0;
MA;211170;SÃO VICENTE FERRER;0;0;0;0;0;0;0;1;0;0;0;0;0;0;4;0;0;0;0;0;0;0;
BA;291845;JUCURUÇU;0;0;1;0;8;4;0;0;0;0;0;0;0;1;0;0;0;0;0;0;0;0;
PB;250930;MATARACA;25;0;76;9;401;36;109;209;5;354;6;0;0;28;67;0;0;1;0;0;18;4;
AC;120030;FEIJÓ;3;38;18;1;86;17;120;10;3;60;1;0;5;66;0;1;21;0;0;3;30;37;
PB;251455;SÃO JOSÉ DE PRINCESA;9;4;28;4;101;16;27;51;3;96;6;4;0;56;105;0;0;0;0;3;8;8;
RN;240450;GUAMARÉ;7;28;122;3;427;68;129;244;9;161;23;9;2;192;136;0;2;1;2;5;28;8;
BA;291180;GUARATINGA;3;0;45;2;211;5;41;35;3;153;0;1;0;22;4;0;0;3;0;2;0;1;
MA;210750;PAÇO DO LUMIAR;0;0;7;0;19;0;10;18;1;8;0;0;0;0;0;0;0;0;0;0;0;0;
BA;291700;ITIÚBA;0;8;40;0;188;44;67;34;2;131;0;0;0;10;16;0;0;0;8;0;0;0;
MG;313930;MANGA;0;0;1;0;4;0;20;4;0;0;0;0;0;0;0;0;0;0;0;0;11;0;
RN;240530;JANUÁRIO CICCO;22;1;3;0;57;22;27;8;17;13;15;0;1;4;1;0;0;0;0;0;0;0;
PR;412780;TOMAZINA;0;0;1;0;15;0;20;0;0;0;0;0;0;26;0;0;0;0;1;16;2;0;
PA;150340;INHANGAPI;0;1;4;0;30;0;16;42;1;8;1;1;0;3;0;0;0;0;0;0;0;0;
SE;280610;ROSÁRIO DO CATETE;1;0;6;0;16;2;10;1;2;27;0;0;0;5;0;0;0;0;0;0;0;3;
AP;160055;PRACUÚBA;4;0;11;0;59;0;104;69;16;48;0;0;0;0;2;0;0;0;0;0;0;0;
MA;210745;OLINDA NOVA DO MARANHÃO;0;1;0;0;10;0;0;13;1;7;0;0;1;2;16;0;1;0;0;0;0;0;
PB;250390;CAMALAÚ;0;0;0;0;0;0;6;4;0;1;0;0;0;0;0;0;0;0;0;0;12;0;
SE;280210;ESTÂNCIA;0;0;0;0;0;0;1;1;0;3;1;0;0;0;0;0;0;0;0;0;0;0;
PB;250535;DAMIÃO;8;2;79;0;188;45;86;102;14;118;6;0;0;30;169;0;0;0;0;0;0;0;
RJ;330010;ANGRA DOS REIS;0;6;41;2;121;18;25;62;0;123;2;2;0;20;18;0;4;0;0;32;70;8;
PB;251560;SERRA DA RAIZ;5;2;33;5;86;27;20;24;0;40;9;0;0;43;28;0;0;0;0;0;8;1;
SE;280340;JAPOATÃ;0;11;65;3;123;10;47;164;6;155;4;5;0;19;142;0;1;0;0;9;16;16;
MA;210640;MATA ROMA;2;8;111;0;459;12;91;21;6;133;0;0;0;3;6;0;0;0;0;0;0;0;
AP;160040;MAZAGÃO;0;0;0;0;0;0;82;67;16;47;0;0;0;96;24;0;0;0;2;0;0;0;
PB;251440;SÃO JOSÉ DE ESPINHARAS;6;1;22;1;47;2;20;43;2;17;1;0;0;28;10;0;8;0;0;0;2;0;
MA;210927;PRESIDENTE SARNEY;2;190;46;0;182;6;71;115;5;79;0;0;0;10;2;0;7;2;6;0;2;4;
MG;311260;CAPINÓPOLIS;0;0;0;0;0;0;4;2;0;0;0;0;0;0;0;0;0;0;0;0;15;0;
MA;210980;SANTA HELENA;0;2;9;0;28;3;19;40;1;5;0;0;0;8;8;0;0;0;0;0;0;0;
MT;510719;RIBEIRÃOZINHO;0;0;12;0;12;60;30;0;0;8;2;0;0;34;0;0;0;14;0;0;4;0;
BA;290750;CATU;0;3;6;0;25;3;22;10;0;74;0;0;0;45;21;0;2;0;0;0;0;0;
SC;421280;BALNEÁRIO PIÇARRAS;1;2;10;2;19;16;0;4;0;2;8;2;2;137;121;0;1;0;0;0;0;0;
RN;240010;ACARI;3;0;9;3;28;0;1;12;0;19;0;1;2;22;2;0;0;0;0;0;2;0;
BA;290830;CONCEIÇÃO DO ALMEIDA;0;1;13;0;45;0;17;14;2;8;0;0;0;4;6;0;0;0;2;0;0;0;
RS;430020;AJURICABA;0;0;0;0;1;0;0;0;0;1;0;0;0;0;0;0;0;0;0;0;0;0;
SP;353950;PITANGUEIRAS;0;0;2;0;2;0;0;0;0;0;0;0;0;0;0;0;0;0;0;0;0;0;
AL;270820;SÃO BRÁS;0;0;0;0;0;0;0;0;0;0;0;0;0;0;2;0;0;0;0;0;0;0;
GO;520420;CACHOEIRA DE GOIÁS;0;0;1;0;1;1;0;0;0;0;0;0;0;3;1;0;0;0;0;0;0;0;
BA;290110;AMÉLIA RODRIGUES;0;0;0;0;0;0;0;10;0;1;0;0;0;0;0;0;0;0;0;0;0;0;
TO;172208;WANDERLÂNDIA;0;0;0;0;0;0;0;0;0;0;0;0;0;1;0;0;0;0;0;0;0;0;
PB;251675;TENÓRIO;0;0;0;0;0;0;0;0;0;0;0;0;0;8;0;0;0;0;0;0;0;0;
PB;251360;SANTANA DOS GARROTES;5;1;82;7;294;17;53;15;3;31;13;3;1;77;179;0;1;0;0;0;34;1;
RS;431115;JÓIA;15;7;13;6;62;0;66;24;3;2;0;1;0;56;0;0;3;0;3;2;6;0;
PB;250090;ARARA;12;20;78;0;230;48;119;138;9;242;11;4;0;150;62;2;12;0;4;19;154;14;
MA;211167;SÃO ROBERTO;4;17;13;0;88;63;98;107;0;55;18;4;0;0;4;0;0;0;0;0;0;12;
BA;290485;CABACEIRAS DO PARAGUAÇU;0;0;4;0;8;0;0;0;0;0;0;0;0;0;0;0;0;0;0;0;0;0;
SP;351690;GENERAL SALGADO;0;8;55;4;66;22;0;0;3;0;10;4;0;10;31;2;0;0;0;2;0;4;
MG;315410;RECREIO;4;0;14;0;47;15;11;12;2;10;6;3;0;26;2;0;1;0;0;5;7;1;
PA;150445;MEDICILÂNDIA;4;8;27;3;60;13;144;21;3;37;16;10;0;2;0;2;3;9;0;1;7;40;
RN;240120;ARÊS;7;1;3;6;18;1;14;57;0;26;3;1;0;6;0;0;0;0;0;0;0;0;
RN;241200;SÃO GONÇALO DO AMARANTE;0;0;14;0;30;4;0;36;0;4;0;0;0;7;31;0;0;0;0;0;0;0;
PB;250710;ITAPOROROCA;2;1;5;0;17;2;12;6;0;20;0;0;0;16;0;1;0;0;0;1;6;0;
PB;250435;CATURITÉ;0;0;0;0;8;0;0;4;0;0;0;0;0;4;0;0;0;0;0;0;0;0;
GO;520400;CABECEIRAS;4;1;12;0;35;2;39;16;0;2;2;0;0;5;1;0;0;0;0;2;2;0;
BA;290900;CORDEIROS;0;0;0;0;0;0;0;1;0;18;0;0;0;0;0;0;18;0;0;0;18;0;
MG;313650;JORDÂNIA;0;0;0;0;0;0;0;0;0;20;0;0;0;0;0;0;0;0;0;0;0;0;
PE;260390;CARNAÍBA;6;3;1;0;0;0;0;1;0;2;0;0;0;5;3;0;0;0;0;0;0;0;
BA;291730;ITUBERÁ;0;0;0;0;0;0;0;2;0;0;0;0;0;0;2;0;0;0;0;0;0;0;
SC;421530;SALETE;0;0;0;0;0;2;0;0;0;0;0;2;0;0;4;0;0;0;0;0;0;2;
MG;315570;RIO PIRACICABA;6;0;0;0;0;0;0;0;0;0;0;2;0;0;0;0;0;0;0;0;1;0;
PB;250939;MATURÉIA;5;0;15;2;71;2;40;55;0;89;9;0;1;13;0;3;0;1;0;1;30;0;
MT;510610;NOSSA SENHORA DO LIVRAMENTO;1;3;31;7;84;6;29;10;4;36;0;0;0;13;94;0;0;3;0;3;10;0;
PR;412640;SERTANEJA;0;0;6;0;13;3;3;1;0;0;2;0;0;4;2;1;0;0;0;12;16;1;
RS;432180;TRÊS DE MAIO;2;0;4;0;51;0;17;0;0;2;0;0;0;18;0;0;0;0;1;1;0;0;
ES;320305;JAGUARÉ;0;0;0;0;0;11;9;4;0;18;0;0;0;9;0;4;0;0;0;17;17;0;
MG;316680;SERRA DO SALITRE;8;5;22;8;81;7;14;65;8;30;11;5;1;68;24;0;2;0;0;0;1;0;
PB;251180;PIRPIRITUBA;4;0;15;0;91;9;37;8;4;55;0;1;0;46;10;0;1;1;0;2;17;2;
PI;220325;CURRALINHOS;0;0;2;0;1;0;2;6;0;11;0;0;0;2;0;0;0;0;0;2;3;0;
PA;150295;ELDORADO DOS CARAJÁS;0;0;3;0;7;0;24;1;1;39;0;0;0;3;0;0;0;0;0;1;12;2;
MT;510730;SÃO JOSÉ DO RIO CLARO;0;0;0;0;0;0;0;0;0;0;0;0;0;1;0;1;0;0;0;0;1;0;
PR;410730;DOUTOR CAMARGO;0;0;0;0;0;0;0;0;0;0;0;0;0;0;2;0;0;0;0;0;0;0;
SP;353050;MOCOCA;7;0;202;4;441;38;14;128;3;27;18;13;6;301;90;19;0;0;0;1;1;35;
AM;130260;MANAUS;69;118;1.304;25;2.733;855;1.183;1.625;104;2.016;62;47;44;253;909;1;94;2;68;121;382;143;
PB;250510;CUITÉ;10;3;48;3;267;5;67;160;9;240;2;2;0;59;4;0;2;1;0;7;9;7;
BA;293110;TANQUINHO;0;16;0;0;0;4;0;50;0;0;0;0;0;0;0;0;0;0;0;0;0;0;
ES;320390;NOVA VENÉCIA;3;6;29;0;133;16;17;26;4;101;1;1;1;51;11;0;4;1;0;15;87;1;
RN;241310;SENADOR ELÓI DE SOUZA;16;4;27;2;60;12;19;76;5;81;19;3;0;10;68;0;0;0;1;10;13;1;
SP;354080;POTIRENDABA;6;0;72;2;246;11;0;5;1;10;6;4;2;105;10;1;0;0;1;1;15;0;
PB;250720;ITATUBA;1;1;22;2;92;0;23;46;5;111;1;0;0;58;1;0;14;0;0;0;2;0;
SP;352640;LARANJAL PAULISTA;0;0;0;0;0;0;19;0;4;7;0;0;0;0;0;0;1;0;0;4;5;0;
RS;430510;CAXIAS DO SUL;9;2;13;2;41;5;21;52;3;13;4;2;1;19;3;0;0;0;0;1;1;0;
MG;313780;LAMBARI;1;1;7;0;16;0;0;6;0;0;0;0;0;0;0;0;0;0;0;9;0;0;
BA;291085;FILADÉLFIA;0;0;2;0;9;3;12;10;1;8;0;0;0;0;8;0;0;0;0;0;0;1;
TO;171500;NOVA ROSALÂNDIA;0;0;4;0;37;0;0;0;0;0;0;0;0;6;106;0;0;0;0;0;0;0;
PB;251310;SALGADO DE SÃO FÉLIX;0;2;6;0;9;0;21;9;2;50;0;0;0;12;0;0;0;1;0;0;0;0;
PB;250330;CACHOEIRA DOS ÍNDIOS;0;0;0;0;2;0;0;0;0;0;0;0;0;0;0;0;0;0;0;0;0;0;
RS;431446;PINHAL DA SERRA;0;0;0;0;0;0;0;0;0;0;0;0;0;0;19;0;0;0;0;0;0;0;
GO;522205;VICENTINÓPOLIS;1;0;0;0;1;1;0;3;0;0;0;0;0;0;3;0;0;0;0;0;0;0;
SE;280010;AMPARO DE SÃO FRANCISCO;0;0;0;0;0;0;9;0;0;1;0;0;0;0;0;0;0;0;0;0;0;0;
BA;292330;OURIÇANGAS;0;0;7;0;15;0;0;0;0;18;0;0;0;0;0;0;0;0;0;0;0;0;
MG;315390;RAPOSOS;0;0;0;0;1;0;0;0;0;0;0;0;0;0;0;0;0;0;0;0;0;0;
GO;521530;ORIZONA;0;0;0;0;0;0;0;0;0;2;0;0;0;3;3;0;0;0;0;0;0;0;
PE;261247;SANTA CRUZ DA BAIXA VERDE;0;0;0;0;0;0;0;0;1;4;0;0;0;0;1;0;0;0;0;0;1;0;
PE;260880;LAJEDO;2;0;9;0;30;0;16;69;0;31;0;0;0;81;0;0;0;0;0;2;2;0;
AL;270500;MATA GRANDE;4;24;76;2;249;13;290;285;16;181;4;2;0;20;0;0;0;4;2;8;41;2;
MA;210095;ARAME;18;8;29;6;135;38;321;164;6;64;3;2;0;94;3;0;9;0;0;0;0;17;
PB;250550;VISTA SERRANA;2;10;61;0;313;0;27;180;6;32;2;0;2;208;10;0;0;0;0;0;1;0;
MG;313380;ITAÚNA;0;0;3;0;7;3;0;0;0;0;0;0;0;1;0;0;0;0;0;0;0;0;
BA;291410;IPUPIARA;2;1;11;3;49;5;11;18;0;7;3;0;3;3;5;0;0;0;0;0;0;2;
MG;316990;UBÁ;0;0;1;0;11;0;9;3;0;2;0;0;0;4;4;0;0;0;2;0;0;0;
MA;210542;ITINGA DO MARANHÃO;0;0;7;0;13;0;5;17;0;13;0;0;0;1;0;0;0;0;0;0;0;0;
MG;317010;UBERABA;0;0;3;0;4;0;10;0;0;9;0;0;0;0;0;0;0;0;0;2;6;0;
SP;352570;JOSÉ BONIFÁCIO;0;0;0;2;4;0;0;14;0;0;0;0;0;4;0;0;0;0;0;4;2;0;
SC;420110;ANITÁPOLIS;0;0;0;0;0;1;2;0;1;5;0;0;0;0;2;0;0;0;0;3;2;0;
RS;431320;NOVA PETRÓPOLIS;0;0;0;0;4;0;0;0;0;0;0;0;0;12;0;0;0;0;0;0;0;0;
MA;210160;BARRA DO CORDA;0;0;0;0;0;0;0;0;0;0;0;0;0;0;5;0;0;0;0;0;0;0;
PA;150230;CAPITÃO POÇO;0;0;0;0;2;0;1;0;0;0;0;0;0;0;0;0;0;0;0;0;0;0;
MA;210170;BARREIRINHAS;1;1;4;0;9;0;1;15;0;6;0;0;0;2;0;0;0;0;0;0;0;0;
RS;431173;MAMPITUBA;0;3;29;4;57;7;0;0;0;0;0;0;0;16;0;0;0;0;0;0;0;0;
PB;251430;SÃO JOSÉ DE CAIANA;0;2;28;0;95;2;6;12;0;24;0;0;0;89;16;0;0;0;0;0;0;0;
BA;292530;PORTO SEGURO;0;1;41;1;131;2;26;22;1;52;0;4;3;105;145;0;2;3;0;5;20;18;
TO;170410;CENTENÁRIO;3;0;0;0;10;0;0;2;0;0;0;0;0;1;1;0;0;0;0;0;0;0;
MG;314120;MATUTINA;0;0;1;0;4;1;0;1;0;2;1;0;0;0;0;0;0;0;0;0;0;0;
BA;291120;GANDU;0;0;13;0;14;0;7;0;0;0;0;0;0;0;0;0;2;0;0;0;0;0;
PI;220173;BETÂNIA DO PIAUÍ;2;0;3;2;10;1;3;3;1;0;0;1;0;6;0;0;0;1;0;0;0;2;
MA;211260;URBANO SANTOS;0;2;0;0;6;0;31;24;3;24;0;0;0;0;0;0;0;0;0;11;15;0;
PB;250760;JUAREZ TÁVORA;1;0;8;4;22;2;0;4;0;1;0;0;0;12;0;0;0;0;0;0;1;0;
SP;353750;PEREIRAS;0;0;0;0;0;12;0;0;0;0;0;0;1;0;22;0;0;0;0;0;0;0;
GO;521310;MINEIROS;0;0;0;0;0;0;5;0;0;0;0;0;0;0;0;0;0;0;0;0;0;0;
PE;261310;SÃO CAITANO;0;0;0;0;0;0;10;0;0;0;0;0;0;0;0;0;0;0;0;0;0;0;
MG;313710;LAGAMAR;0;0;0;0;0;0;0;0;0;0;0;0;0;12;0;0;0;0;0;0;0;0;
AL;270070;BATALHA;0;0;0;0;0;0;0;0;0;0;0;0;0;1;0;0;1;0;0;0;0;0;
BA;290550;CALDEIRÃO GRANDE;2;0;4;0;4;0;8;0;0;0;0;0;0;0;2;0;0;0;0;0;0;0;
SE;280390;MALHADOR;0;0;1;0;0;0;4;1;0;0;1;0;0;0;0;0;0;0;0;0;0;0;
MA;211010;SANTA QUITÉRIA DO MARANHÃO;25;10;176;6;620;27;186;281;18;224;16;23;19;80;24;1;4;3;0;0;24;32;
RN;240350;ESPÍRITO SANTO;0;0;77;0;418;0;79;71;15;122;0;0;0;17;0;0;2;0;0;0;0;0;
SC;421630;SÃO JOÃO BATISTA;24;7;109;7;277;35;34;36;4;58;8;6;2;248;232;0;0;0;0;9;16;11;
GO;520850;GOIANDIRA;9;4;25;4;64;20;6;100;2;10;5;1;0;54;83;17;0;1;1;5;5;11;
MA;211085;SÃO FRANCISCO DO BREJÃO;2;1;18;2;112;0;50;98;4;86;4;4;0;1;0;0;0;2;2;2;20;0;
BA;292040;MANOEL VITORINO;6;0;11;0;197;1;16;77;4;101;3;1;0;0;2;0;0;0;1;18;15;0;
PA;150812;ULIANÓPOLIS;3;0;2;0;13;0;2;9;0;1;0;0;0;1;2;0;0;0;0;0;0;0;
MA;210500;HUMBERTO DE CAMPOS;0;0;9;0;90;0;132;183;6;69;0;0;0;0;0;0;0;0;0;2;0;0;
RN;241280;SÃO RAFAEL;0;0;13;0;43;0;1;5;0;21;0;0;0;0;0;0;1;0;0;7;24;1;
TO;170625;CRIXÁS DO TOCANTINS;0;0;4;0;5;3;2;2;1;10;0;0;0;7;69;0;0;1;0;0;0;0;
GO;520330;BELA VISTA DE GOIÁS;0;0;16;0;38;0;46;2;4;2;2;2;0;10;0;2;0;0;0;0;0;4;
MA;210030;ALDEIAS ALTAS;0;1;0;0;1;1;18;6;0;10;0;0;0;0;8;0;0;0;1;0;0;0;
PE;261460;TABIRA;0;0;1;0;14;0;0;0;2;0;0;0;0;0;0;0;0;0;0;0;0;0;
PB;251230;PRINCESA ISABEL;0;0;4;0;9;0;1;6;0;1;0;0;0;1;2;0;0;0;0;0;0;0;
MT;510452;IPIRANGA DO NORTE;0;0;0;0;1;0;0;0;0;4;0;0;0;0;0;0;0;0;1;0;0;0;
PA;150300;FARO;2;0;0;0;4;0;4;1;0;6;0;0;0;0;2;0;0;0;0;0;0;0;
MG;315180;POÇOS DE CALDAS;0;0;1;0;2;0;0;0;0;0;0;0;0;4;0;0;0;0;0;0;0;0;
MG;311030;CALDAS;0;0;0;0;0;0;9;0;0;0;0;0;0;0;0;0;0;0;0;0;0;0;
GO;520800;FORMOSA;0;0;0;0;2;0;0;0;0;2;0;0;0;0;0;0;0;0;0;0;0;0;
MT;510080;APIACÁS;0;0;0;0;0;0;1;0;0;0;0;0;0;0;0;0;0;0;0;0;0;0;
RS;431910;SÃO MARTINHO;0;0;0;0;0;0;0;0;0;0;0;0;0;0;0;0;0;0;0;2;0;0;
PI;220190;BOM JESUS;33;55;174;0;1.281;43;269;475;13;297;38;12;1;367;98;7;11;18;1;6;6;2;
RN;241100;RODOLFO FERNANDES;0;0;0;0;7;0;63;37;3;1;0;0;0;1;0;0;0;1;0;22;22;0;
RS;430790;FARROUPILHA;40;9;134;27;422;111;25;41;8;32;57;23;6;246;57;0;15;0;0;33;25;57;
AP;160050;OIAPOQUE;0;4;32;0;71;10;50;57;4;36;4;2;0;8;30;2;37;4;4;0;2;24;
BA;291465;ITABELA;0;8;48;0;293;19;18;11;0;17;0;2;0;22;2;0;0;12;0;6;6;0;
RN;240660;LAGOA SALGADA;0;0;2;0;70;1;23;12;9;0;0;0;0;22;42;0;0;0;0;0;0;0;
PE;260410;CARUARU;2;4;20;0;65;27;2;0;0;0;1;4;2;17;315;0;0;0;0;0;0;0;
CE;231140;QUIXERAMOBIM;0;66;0;0;0;47;0;0;0;0;0;0;0;0;0;0;0;0;0;0;0;0;
SP;355260;TABAPUÃ;0;0;16;0;68;0;0;0;0;0;0;0;0;0;0;0;0;0;0;0;0;0;
SP;355535;UBARANA;0;1;8;0;8;0;0;1;2;1;0;0;0;0;0;0;0;0;0;0;0;0;
MG;315560;RIO PARDO DE MINAS;0;9;2;0;2;5;0;14;0;0;0;0;0;6;8;0;0;0;0;0;0;0;
SP;354330;RIBEIRÃO PIRES;1;1;1;0;2;1;0;7;0;0;0;0;0;0;0;0;0;0;0;0;1;0;
AL;270290;GIRAU DO PONCIANO;0;0;0;0;0;0;0;1;0;0;0;0;0;0;0;0;0;0;0;0;0;0;
MG;314220;MIRAÍ;0;0;1;0;1;1;0;2;0;4;0;0;0;1;0;0;0;0;0;0;3;0;
RN;240940;PAU DOS FERROS;4;16;68;22;208;52;99;100;14;287;20;12;4;110;30;2;6;2;8;82;129;117;
BA;291830;JITAÚNA;21;3;121;0;418;7;109;192;5;272;1;2;0;38;24;0;1;0;0;11;12;8;
BA;292440;PILÃO ARCADO;2;9;18;0;43;20;30;33;3;56;2;0;0;12;0;0;2;0;0;2;0;19;
RN;240770;MONTANHAS;0;14;44;0;144;8;14;78;3;80;0;0;0;104;99;0;0;0;4;0;0;0;
MG;314480;NOVA LIMA;65;9;237;13;552;70;84;181;6;175;51;14;6;204;42;0;4;0;5;51;106;11;
PB;250400;CAMPINA GRANDE;0;0;0;0;5;0;9;4;0;9;0;0;0;1;0;0;0;0;0;1;0;0;
RN;241475;VENHA-VER;30;0;64;2;534;16;0;18;0;0;156;14;4;26;50;0;0;0;0;0;0;128;
PA;150820;VIGIA;4;0;6;2;24;0;35;126;8;20;3;0;1;21;8;0;0;5;3;0;28;6;
PB;251597;SOBRADO;2;2;125;0;417;2;161;231;10;338;2;2;0;67;156;2;0;0;0;0;16;0;
PB;251710;VÁRZEA;12;6;31;2;168;77;22;108;4;29;4;4;4;132;32;22;10;0;7;0;2;0;
PB;250050;ALAGOINHA;1;0;3;0;7;2;1;0;0;6;1;0;0;8;18;0;0;0;0;0;0;1;
SP;350460;BADY BASSITT;1;1;26;0;83;0;24;58;0;0;0;0;0;63;0;0;0;0;2;8;40;0;
BA;292110;MEDEIROS NETO;0;0;0;0;70;0;0;23;0;18;0;0;0;1;0;0;0;0;0;1;1;0;
RN;240485;ITAJÁ;0;0;0;0;0;0;0;0;0;0;0;0;0;0;39;0;0;0;0;0;0;0;
PA;150611;QUATIPURU;0;0;2;0;2;0;9;8;0;29;0;0;0;4;0;0;2;0;0;0;0;0;
RS;430642;DOIS IRMÃOS DAS MISSÕES;0;0;0;0;0;7;0;0;0;0;0;0;0;0;3;0;0;0;0;0;0;0;
PE;261030;PARANATAMA;0;0;11;0;16;0;1;19;0;5;1;2;0;9;0;0;1;0;0;1;4;0;
RS;430070;ANTA GORDA;0;0;0;0;0;0;0;0;0;0;2;2;0;2;0;0;0;0;0;0;0;0;
BA;290080;ALCOBAÇA;2;2;0;0;2;4;0;0;0;0;0;0;0;0;24;0;0;0;0;0;0;0;
PR;412280;SALGADO FILHO;0;0;0;0;0;0;0;0;0;0;1;2;0;34;18;0;0;0;0;0;0;0;
MA;210510;ICATU;0;0;4;0;4;0;1;4;0;7;0;0;0;0;3;0;0;0;0;1;0;0;
MG;315990;SANTO ANTÔNIO DO AMPARO;0;0;0;0;0;0;2;0;0;4;0;0;0;0;0;0;0;0;0;0;0;0;
BA;290450;BROTAS DE MACAÚBAS;0;0;0;0;1;0;1;0;0;0;0;0;0;0;0;0;0;0;0;0;1;0;
MG;316340;SÃO JOSÉ DO GOIABAL;0;0;0;0;0;0;0;0;0;0;0;0;0;3;8;0;0;0;0;0;0;0;
RN;240870;PARAÚ;0;0;0;0;2;0;0;0;0;0;0;0;0;0;2;0;0;0;0;0;0;0;
AL;270330;INHAPI;2;6;9;0;25;3;110;121;15;57;0;0;1;19;1;0;0;2;2;0;0;0;
PB;251315;SANTA CECÍLIA;2;2;106;2;372;6;72;85;0;43;0;0;0;62;2;0;6;0;2;0;14;0;
RN;241150;SANTO ANTÔNIO;2;6;76;5;288;13;116;463;9;385;1;3;4;147;29;1;1;1;3;90;131;31;
MT;510562;MIRASSOL D'OESTE;1;718;31;0;0;751;0;0;0;131;0;0;0;0;0;0;0;0;0;0;0;0;
GO;521800;PORANGATU;8;8;103;9;296;35;194;26;18;173;5;3;2;47;28;3;11;15;1;0;34;19;
BA;292780;SANTA CRUZ DA VITÓRIA;25;9;107;20;343;8;20;121;22;211;23;6;3;121;16;0;0;0;0;8;34;39;
MA;210355;CONCEIÇÃO DO LAGO-AÇU;7;1;30;4;85;5;53;13;2;14;5;0;0;1;749;0;0;6;4;0;0;0;
SP;355010;SÃO MANUEL;24;17;74;5;225;12;108;106;7;27;13;7;3;58;11;0;3;0;0;4;6;1;
RS;430367;CAMPESTRE DA SERRA;10;2;75;4;245;143;10;12;0;31;10;25;0;90;38;0;0;0;0;31;38;79;
GO;522068;SIMOLÂNDIA;1;1;9;0;38;5;18;22;0;16;2;2;0;31;3;2;2;1;0;0;1;3;
PE;260860;LAGOA DO OURO;0;0;3;0;28;0;71;68;6;151;0;0;0;8;9;0;0;0;0;6;21;13;
BA;292650;RIBEIRA DO AMPARO;0;0;7;0;29;2;32;27;1;4;0;0;0;18;37;0;0;0;1;1;11;0;
SP;353680;PEDRA BELA;0;0;2;0;8;2;0;0;0;0;8;0;0;4;0;0;0;0;0;0;0;0;
SP;350760;BRAGANÇA PAULISTA;0;1;0;0;0;0;0;0;0;0;0;0;0;0;0;0;0;0;0;0;0;0;
MA;210540;ITAPECURU MIRIM;13;14;149;0;397;16;273;376;23;340;2;1;4;50;699;0;11;0;2;6;26;1;
PR;411370;LONDRINA;916;285;3.382;277;7.121;1.100;2.087;1.727;263;2.636;532;166;76;3.703;3.128;309;222;13;73;1.270;1.514;650;
MA;211060;SÃO BERNARDO;6;3;90;1;397;4;231;84;11;42;2;0;0;35;91;0;5;6;2;0;0;0;
PI;220470;INHUMA;3;0;31;0;215;6;40;118;1;40;0;0;0;33;1;0;0;0;0;4;7;0;
RN;241110;RUY BARBOSA;2;1;31;0;571;2;27;42;4;14;0;0;0;45;271;0;0;0;0;2;2;2;
ES;320020;ALEGRE;0;0;76;0;212;3;42;36;21;93;2;0;0;31;36;0;7;0;0;32;48;0;
MA;210450;GOVERNADOR ARCHER;1;0;1;0;17;6;6;25;0;12;3;0;0;2;2;0;0;0;0;0;0;1;
BA;290770;CHORROCHÓ;0;0;8;0;0;0;48;10;10;67;0;0;0;0;0;0;0;0;0;0;0;0;
MA;210720;NINA RODRIGUES;1;0;38;0;105;0;80;100;8;68;0;0;0;1;8;0;0;2;1;0;6;2;
RS;430040;ALEGRETE;41;1;12;7;178;9;9;4;0;20;6;8;1;19;5;0;1;0;2;10;10;0;
AM;130060;BENJAMIN CONSTANT;5;5;36;0;96;5;78;153;7;181;7;5;1;0;12;1;1;0;0;2;1;0;
PB;251330;SANTA HELENA;0;0;24;0;83;0;27;22;3;81;6;4;0;4;0;0;0;0;0;0;0;0;
MG;312083;CUPARAQUE;0;0;8;0;36;0;21;23;0;0;0;0;0;124;2;0;0;0;0;0;0;0;
MG;313620;JOÃO MONLEVADE;0;0;2;1;3;0;2;0;0;8;0;0;0;0;0;0;0;0;0;0;0;0;
SE;280520;PINHÃO;0;0;2;0;11;1;9;0;0;2;0;0;0;0;1;0;0;0;0;0;0;0;
MA;210594;LAGO DOS RODRIGUES;0;0;0;0;0;0;1;0;0;0;0;0;0;0;0;0;0;0;0;0;0;0;
MA;210667;MILAGRES DO MARANHÃO;6;0;10;0;52;16;21;43;4;51;0;0;0;20;26;0;0;0;0;0;0;0;
SP;353140;MONTE APRAZÍVEL;0;0;0;0;1;0;0;1;0;8;0;0;0;0;27;0;0;0;1;0;15;0;
BA;291210;IBICARAÍ;0;0;0;0;0;0;4;3;0;1;0;0;0;0;192;0;0;0;0;0;0;0;
PB;251290;RIO TINTO;1;1;8;1;35;6;0;2;1;9;1;0;0;5;0;0;1;0;0;0;2;0;
SE;280470;NOSSA SENHORA DE LOURDES;0;0;0;0;2;0;0;0;0;9;0;0;0;0;0;0;0;0;0;1;2;0;
MG;313925;MAMONAS;0;0;0;0;4;0;0;0;0;2;0;0;0;2;15;0;0;0;0;0;0;0;
GO;520590;CORUMBAÍBA;0;0;0;0;0;0;0;0;0;6;0;0;0;3;0;0;0;0;0;0;0;0;
AM;130090;CANUTAMA;0;0;0;0;0;0;0;1;0;0;0;0;0;0;0;0;0;0;0;0;0;0;
MG;314830;PAULA CÂNDIDO;3;0;68;2;356;0;5;22;2;8;8;9;0;170;8;0;1;0;0;12;11;3;
PA;150510;ÓBIDOS;6;2;53;1;165;10;90;72;12;64;10;1;0;2;7;0;2;1;1;3;8;18;
ES;320501;SOORETAMA;31;44;162;0;716;27;325;374;18;271;4;10;1;74;33;5;18;2;6;40;47;8;
SC;420830;ITAPEMA;7;9;21;0;46;13;26;33;1;3;4;2;2;44;13;0;0;0;0;0;0;0;
RJ;330450;RIO DAS FLORES;6;0;10;4;96;0;8;4;2;8;0;0;0;0;0;0;0;0;0;0;6;0;
MG;311080;CAMPANÁRIO;0;0;2;0;12;0;5;18;1;10;0;0;0;5;247;0;0;0;0;0;0;0;
RN;240615;JUNDIÁ;0;0;3;0;14;2;10;59;0;94;0;0;0;70;6;0;0;0;0;0;0;0;
MG;317070;VARGINHA;0;4;8;0;30;25;0;52;0;1;0;0;2;117;0;0;0;0;0;0;0;0;
RN;241030;SERRA CAIADA;0;0;0;0;6;0;1;10;1;6;0;0;0;1;0;0;0;0;0;0;0;0;
MT;510050;ALTO PARAGUAI;0;0;0;0;0;0;5;0;0;0;0;0;0;0;1;0;0;0;0;0;0;0;
MG;310370;ARAPONGA;0;0;1;0;0;2;0;0;0;0;0;0;0;0;0;0;0;0;0;0;0;0;
RN;240020;AÇU;0;0;5;0;14;0;0;0;0;0;1;0;0;11;37;0;1;0;0;0;0;0;
PI;220220;CAMPO MAIOR;0;1;0;0;0;0;5;1;1;0;0;0;0;0;1;0;0;0;0;0;0;0;
MA;210203;BOM JESUS DAS SELVAS;2;11;18;0;53;2;51;43;8;39;7;3;1;1;0;1;14;1;0;0;0;0;
SP;351790;GUARACI;0;0;0;0;0;0;0;0;0;0;0;0;0;0;1.562;0;2;0;0;0;0;0;
SP;352010;IGARAPAVA;13;2;73;2;189;8;0;0;1;31;6;1;0;52;1;0;0;0;0;1;0;0;
SE;280260;GRACHO CARDOSO;0;0;13;0;51;2;24;31;4;117;3;2;0;10;28;0;0;0;0;0;0;0;
SP;350320;ARARAQUARA;23;14;215;7;492;36;58;143;19;225;20;7;2;221;185;9;18;0;2;55;77;16;
SE;280740;TOBIAS BARRETO;8;3;84;10;181;31;181;80;4;130;6;4;5;64;3;2;11;0;3;49;159;4;
BA;292575;PRESIDENTE TANCREDO NEVES;5;0;36;3;126;0;55;113;0;144;0;0;0;20;2;0;4;0;2;0;0;8;
RS;431113;JARI;6;3;3;6;25;1;11;3;0;0;1;0;0;7;0;0;0;0;0;0;0;0;
PA;150020;ACARÁ;16;9;17;1;83;28;25;219;0;325;1;0;0;0;101;0;0;0;0;0;0;0;
PB;251100;PEDRA BRANCA;0;4;8;0;84;0;50;114;0;30;0;0;0;66;0;0;2;0;4;0;0;0;
MA;210040;ALTAMIRA DO MARANHÃO;0;0;28;0;98;4;15;30;7;11;1;0;0;2;31;0;0;0;2;0;0;0;
RN;241090;RIACHUELO;0;0;0;0;0;0;11;1;0;19;0;0;0;0;0;0;0;0;0;0;16;0;
MG;314010;MARILAC;0;2;8;2;46;0;2;36;0;2;6;0;0;4;24;0;0;0;0;4;0;2;
BA;290700;CARDEAL DA SILVA;3;3;6;0;27;1;19;15;2;12;0;0;0;6;36;0;0;0;3;0;1;0;
BA;291930;LENÇÓIS;2;3;3;5;10;9;12;14;2;42;5;1;0;5;5;0;1;0;1;0;0;7;
SP;355230;SUD MENNUCCI;0;0;4;0;9;0;13;0;0;0;1;0;0;3;1;0;0;0;0;0;7;0;
SP;351170;CHARQUEADA;7;0;68;6;202;22;7;15;14;69;9;2;0;39;0;3;0;0;0;0;18;2;
PB;250115;AREIA DE BARAÚNAS;0;1;0;0;0;0;0;0;0;0;0;0;0;0;0;0;0;0;0;0;0;0;
GO;520160;ARAÇU;0;0;0;0;0;0;0;0;0;2;0;0;0;0;6;0;0;0;0;0;0;0;
MG;313065;INDAIABIRA;0;0;0;0;2;1;1;0;0;0;1;0;0;0;2;0;0;0;0;0;0;0;
RS;430760;ESTÂNCIA VELHA;2;0;0;0;0;0;0;0;0;0;0;0;0;0;0;0;0;0;0;0;0;0;
RJ;330350;NOVA IGUAÇU;2;0;54;0;222;20;158;117;10;110;2;2;0;5;11;0;0;0;0;22;40;0;
RS;430210;BENTO GONÇALVES;5;4;24;0;53;9;10;3;0;3;11;2;1;66;4;0;0;0;0;0;1;1;
MA;210910;PRESIDENTE DUTRA;0;0;0;0;3;0;73;11;0;15;0;0;0;0;0;0;0;0;0;0;5;0;
MG;315800;SANTA MARIA DE ITABIRA;0;3;23;10;141;11;31;38;2;24;7;4;0;47;141;0;1;0;1;2;42;0;
AP;160030;MACAPÁ;10;4;35;5;173;11;126;64;23;219;8;6;3;42;15;0;0;0;5;0;0;0;
SP;354105;PRATÂNIA;6;4;61;5;216;47;16;44;11;65;11;8;0;72;182;0;2;0;0;6;8;1;
SP;354270;RESTINGA;2;0;37;7;73;3;1;11;1;2;0;3;0;8;206;0;0;1;2;0;0;1;
PE;260005;ABREU E LIMA;0;1;18;0;65;2;25;12;2;25;0;0;0;8;11;0;0;0;0;3;10;0;
PB;251270;REMÍGIO;107;0;19;0;86;41;32;54;2;26;18;3;0;12;28;0;0;2;0;0;0;0;
MG;313530;JAPARAÍBA;0;0;0;1;3;0;10;9;1;17;1;0;1;0;18;1;0;0;0;12;13;0;
PR;412320;SANTA CECÍLIA DO PAVÃO;0;0;50;2;38;0;0;32;0;19;2;0;0;29;0;0;0;0;0;24;24;0;
AP;160060;SANTANA;7;1;9;1;52;3;29;44;9;116;3;0;0;9;39;0;1;0;0;16;32;0;
PE;260825;JUCATI;21;21;5;0;19;13;23;52;0;27;0;14;11;2;2;0;0;0;0;0;0;0;
BA;290070;ALAGOINHAS;0;0;2;0;6;0;0;8;0;2;0;0;0;0;1;0;0;0;0;0;0;0;
TO;170100;ANANÁS;0;0;0;0;8;8;14;0;0;20;2;0;0;4;22;0;4;0;0;0;0;0;
MA;211180;SÍTIO NOVO;0;2;0;0;0;3;0;14;0;0;0;0;0;0;0;0;0;0;0;0;0;0;
BA;291100;FLORESTA AZUL;0;0;0;0;0;0;0;0;0;0;0;0;0;2;0;0;0;0;0;0;0;0;
MA;210020;ALCÂNTARA;0;0;0;0;0;0;0;4;0;2;0;0;0;0;0;0;0;0;0;0;0;0;
PR;412410;SANTO ANTÔNIO DA PLATINA;0;0;0;0;0;0;0;0;0;2;0;0;0;0;0;0;0;0;0;0;0;0;
PB;250750;JOÃO PESSOA;359;215;2.758;112;7.908;435;1.686;2.021;190;3.420;248;170;48;2.134;271;62;68;13;38;90;382;49;
BA;291920;LAURO DE FREITAS;4;2;66;11;226;87;68;126;1;218;9;7;4;176;28;0;0;0;4;1;14;0;
MA;210955;RIBAMAR FIQUENE;8;8;60;8;167;16;119;46;14;187;28;8;4;70;734;2;0;2;0;4;10;0;
MG;315200;POMPÉU;49;16;82;15;225;33;59;123;11;269;6;16;10;216;255;1;5;1;0;29;81;8;
MT;510180;BARRA DO GARÇAS;34;13;362;23;814;36;193;152;25;321;22;5;30;131;200;1;11;28;2;28;50;42;
SP;350870;CACONDE;0;0;1;0;1;0;0;751;2;0;0;0;0;0;0;0;0;0;0;0;0;0;
PB;251600;SOLÂNEA;9;5;115;11;418;63;125;176;19;329;3;2;0;157;409;1;0;1;1;29;72;3;
MA;210260;CÂNDIDO MENDES;11;33;68;12;211;64;221;398;22;84;22;2;4;27;18;2;18;0;4;20;13;63;
BA;290910;CORIBE;0;0;0;0;1;0;2;1;0;1;0;0;0;0;0;0;0;0;0;0;0;0;
RJ;330414;QUEIMADOS;0;3;2;0;13;1;47;18;2;4;1;0;0;2;9;0;2;0;1;0;0;0;
MA;210177;BELA VISTA DO MARANHÃO;2;0;3;0;17;4;52;64;0;81;1;2;0;8;2;0;0;1;0;0;0;0;
SP;354880;SÃO CAETANO DO SUL;0;0;0;0;1;0;0;0;0;0;0;0;0;0;2;0;0;0;0;0;0;1;
RJ;330390;PETRÓPOLIS;0;2;2;0;0;0;0;0;0;0;0;0;0;0;0;0;0;0;0;0;0;0;
GO;520235;ARENÓPOLIS;0;0;0;0;0;0;0;0;0;0;0;0;0;15;2;0;0;0;0;0;0;0;
SE;280360;LARANJEIRAS;0;0;2;0;4;0;2;0;0;0;0;0;0;0;1;0;0;0;0;0;0;0;
PE;261360;SÃO JOSÉ DO EGITO;0;0;0;0;0;0;0;1;0;0;0;0;0;0;0;0;0;0;0;0;0;0;
MG;314440;NATÉRCIA;0;0;2;0;3;0;0;0;0;0;0;0;0;0;0;0;0;0;0;0;0;0;
RN;240570;JARDIM DO SERIDÓ;0;0;22;0;65;8;24;44;2;101;2;1;1;56;166;1;2;0;1;23;31;7;
PI;221100;TERESINA;12;12;317;4;883;87;190;166;8;192;4;11;2;87;27;0;7;14;6;7;15;21;
SP;354140;PRESIDENTE PRUDENTE;311;23;509;11;519;200;196;145;15;196;220;121;77;394;112;2;2;0;0;20;57;45;
MA;210880;PIRAPEMAS;1;3;21;2;77;2;44;120;0;49;1;0;0;23;127;0;1;5;2;0;2;0;
BA;290560;CAMACAN;0;1;16;0;40;16;0;0;0;0;1;0;0;8;117;0;0;1;6;0;0;0;
PA;150430;MARACANÃ;0;0;8;0;21;1;40;32;3;60;0;0;0;1;4;0;0;0;8;7;8;2;
GO;521910;SANTA BÁRBARA DE GOIÁS;0;0;4;1;9;2;24;5;0;17;0;0;0;0;21;0;5;3;0;5;4;0;
PB;251465;SÃO JOSÉ DO BREJO DO CRUZ;26;4;15;2;40;42;14;8;0;98;16;21;1;13;5;0;0;0;0;0;0;0;
SC;420290;BRUSQUE;7;8;12;16;65;42;101;56;5;199;2;0;0;42;486;0;0;0;5;35;90;0;
MA;210340;COELHO NETO;17;51;103;1;346;29;250;882;19;198;9;4;0;77;17;0;4;6;3;0;0;2;
RS;430975;IBARAMA;9;0;8;5;29;2;12;17;0;32;1;0;0;17;1;0;2;0;2;1;19;1;
BA;293300;VALENTE;1;1;23;0;40;2;75;36;13;52;1;0;0;10;0;0;0;0;1;4;39;2;
BA;290990;CURAÇÁ;0;11;19;0;65;23;16;33;1;24;0;0;0;5;0;0;0;0;0;6;0;13;
BA;292593;QUIXABEIRA;0;0;29;0;151;1;7;4;2;20;0;0;0;0;2;0;0;0;0;2;8;0;
RN;241470;VÁRZEA;12;0;12;0;100;0;43;76;2;104;0;0;0;6;285;2;0;0;0;0;54;5;
MA;210520;IGARAPÉ GRANDE;0;1;21;0;47;0;7;15;0;70;1;0;0;10;124;0;0;0;0;0;0;0;
SE;280020;AQUIDABÃ;0;0;2;0;1;0;12;0;0;7;1;0;0;0;0;0;2;0;0;1;2;0;
ES;320380;MUQUI;0;0;10;0;10;0;0;5;0;0;0;0;0;0;2;0;0;0;0;0;0;0;
PR;411745;OURO VERDE DO OESTE;1;0;2;1;1;2;0;0;0;0;0;0;0;13;0;0;0;0;0;0;0;0;
TO;170980;IPUEIRAS;0;0;0;0;3;0;0;0;0;0;0;0;0;0;0;0;0;0;0;0;0;0;
RO;110147;PRIMAVERA DE RONDÔNIA;0;0;0;0;1;0;0;0;0;0;0;0;0;0;0;0;0;0;0;0;2;0;
MG;316960;TUPACIGUARA;2;3;5;0;24;0;8;0;0;14;8;0;0;2;19;0;0;0;0;3;3;0;
RS;431470;PLANALTO;4;24;14;27;164;12;104;54;3;47;3;9;0;221;4;0;0;0;0;1;19;2;
MA;210320;CHAPADINHA;24;46;234;7;607;50;457;692;40;409;14;16;2;47;41;0;30;0;6;13;49;3;
BA;293280;UTINGA;15;3;56;3;295;13;146;137;17;253;3;1;0;33;6;0;1;3;4;5;65;6;
MA;210592;LAGOA DO MATO;6;14;180;0;863;6;110;112;10;123;6;3;0;8;0;3;6;0;2;70;76;2;
BA;290180;ANTÔNIO GONÇALVES;4;16;117;4;394;87;123;180;7;191;34;18;0;185;460;0;37;7;2;39;40;20;
SE;280530;PIRAMBU;0;0;9;0;34;1;24;3;1;32;0;0;0;7;0;0;1;0;0;1;12;1;
MG;311400;CARMO DA MATA;0;1;3;2;15;0;5;10;0;1;0;2;0;4;0;0;0;0;0;1;3;3;
SP;353430;ORLÂNDIA;0;0;1;1;4;2;0;0;0;0;1;0;1;0;0;0;0;0;0;0;0;0;
BA;291140;GLÓRIA;1;3;37;0;110;24;1;31;0;90;3;0;1;27;9;0;0;0;0;0;1;0;
PB;250407;CARAÚBAS;2;2;8;6;21;0;6;10;0;13;0;2;0;16;22;0;0;0;0;0;0;0;
RS;430655;DOM PEDRO DE ALCÂNTARA;6;15;15;6;42;3;0;0;0;0;0;0;0;27;15;0;0;0;0;15;0;0;
SP;354030;PONTES GESTAL;6;0;8;0;24;1;1;2;0;10;0;0;0;11;3;0;0;0;0;0;0;0;
PB;250485;COXIXOLA;2;0;4;0;8;0;8;22;0;0;0;0;0;2;0;0;0;0;0;0;0;0;
PB;250160;BARRA DE SANTA ROSA;14;4;78;0;322;14;73;443;14;137;5;2;4;141;36;1;11;0;3;14;22;1;
RS;431740;SANTIAGO;7;11;35;26;143;13;0;12;0;5;5;0;0;59;2;0;0;0;0;0;0;3;
RJ;330420;RESENDE;144;7;13;49;105;2;16;105;0;0;0;0;0;140;0;0;4;0;0;0;88;0;
SE;280730;TELHA;2;2;1;0;7;1;6;8;5;12;0;0;0;1;0;0;0;0;0;0;5;0;
RS;432030;SELBACH;10;2;33;2;73;43;3;14;10;27;8;0;0;34;173;0;2;0;2;28;30;23;
BA;292510;POÇÕES;1;5;21;8;269;7;77;94;10;55;1;0;0;47;76;0;1;7;4;1;4;0;
RN;241290;SÃO TOMÉ;1;0;44;1;115;18;58;54;8;75;5;2;1;43;547;0;0;0;0;7;18;0;
CE;230170;AURORA;0;0;0;0;1;0;45;3;0;0;0;0;0;1;0;0;0;0;0;0;0;0;
BA;291010;DOM BASÍLIO;3;0;13;0;109;1;64;107;13;171;5;0;1;52;17;0;2;0;0;45;43;0;
RS;432023;SEDE NOVA;4;1;8;6;21;2;23;11;0;12;2;2;0;9;2;0;0;0;0;2;2;1;
MG;312140;DESTERRO DE ENTRE RIOS;0;0;0;0;0;0;0;0;0;0;0;0;0;0;5;0;0;0;0;0;0;0;
PI;220480;IPIRANGA DO PIAUÍ;0;1;1;0;1;7;0;0;0;0;0;0;0;0;0;0;0;0;0;0;0;0;
BA;290510;CAÉM;0;0;0;0;1;0;0;0;0;0;0;0;0;0;0;0;0;0;0;0;0;0;
CE;230600;IRACEMA;0;0;0;0;0;2;0;0;0;0;0;0;0;3;1;0;0;0;0;0;0;0;
MA;211153;SÃO PEDRO DA ÁGUA BRANCA;12;24;35;0;159;15;102;191;5;41;0;0;0;4;0;0;22;4;0;2;10;0;
SP;350510;BARBOSA;11;1;64;5;135;65;22;10;0;38;20;16;5;122;4;9;0;1;2;0;1;6;
SP;352044;ILHA SOLTEIRA;0;0;0;0;0;0;3;0;3;25;0;0;0;1;2;0;6;0;0;2;18;0;
MA;210670;MIRADOR;1;0;13;2;39;7;81;58;3;20;0;0;0;1;106;0;0;0;4;5;5;23;
MA;210455;GOVERNADOR EDISON LOBÃO;2;8;31;1;58;9;86;88;3;65;4;2;0;9;2;2;0;0;0;4;21;5;
BA;291735;JABORANDI;6;2;11;4;69;2;14;23;13;70;7;0;0;56;114;0;2;3;0;0;6;2;
MA;210050;ALTO PARNAÍBA;2;0;2;0;14;0;36;57;0;37;0;0;0;2;7;0;0;0;0;0;0;0;
MA;211040;SÃO BENEDITO DO RIO PRETO;1;1;35;1;159;1;131;432;15;491;5;3;1;4;8;0;0;0;0;0;0;0;
RJ;330452;RIO DAS OSTRAS;0;0;0;0;0;0;4;0;0;0;0;0;0;0;0;0;0;0;0;0;0;0;
MA;210570;LAGO DA PEDRA;6;5;47;1;120;4;38;158;3;378;27;8;0;16;64;0;0;1;0;0;0;0;
MG;313750;LAGOA FORMOSA;6;3;131;30;378;40;52;140;2;148;22;16;4;263;26;2;5;0;2;22;80;32;
RN;241230;SÃO JOSÉ DO CAMPESTRE;4;0;23;0;88;2;2;15;0;96;1;3;0;123;9;0;0;0;0;0;0;0;
AP;160023;FERREIRA GOMES;0;0;4;0;14;0;4;20;1;0;0;0;0;0;0;0;0;0;0;0;0;0;
TO;171830;PRAIA NORTE;2;10;61;0;229;6;65;33;10;36;7;0;0;14;13;0;2;5;0;4;24;1;
PR;411020;INÁCIO MARTINS;0;0;0;0;0;0;2;4;0;5;0;0;0;0;3;0;0;0;0;0;0;0;
MG;316550;SARDOÁ;0;0;0;2;4;0;0;0;0;0;0;0;0;0;0;0;0;0;0;0;0;0;
BA;293250;UNA;0;0;0;1;4;0;23;1;5;21;0;0;0;0;0;0;0;0;0;1;11;2;
SP;352940;MAUÁ;0;0;4;0;2;0;6;0;0;8;0;0;0;0;0;0;0;0;0;0;0;0;
AL;270450;MARAGOGI;0;0;1;0;3;1;23;10;0;18;0;0;0;0;5;0;0;0;1;3;2;0;
MG;310490;BAEPENDI;0;0;0;0;2;0;0;0;0;0;0;0;0;0;0;0;0;0;0;0;0;0;
MA;210400;ESPERANTINÓPOLIS;0;0;0;0;0;0;1;0;0;0;0;0;0;0;0;0;0;0;0;0;0;0;
PR;411910;PIÊN;0;0;0;0;0;0;0;0;0;0;0;0;0;2;0;0;0;0;0;0;0;0;


Fonte: Sistema de Informação em Saúde para a Atenção Básica - SISAB;
E-mail: sisab@saude.gov.br;
Dado gerado em: 18 de Novembro de 2022 - 17:43h
