MS/SAPS/Departamento de Saúde da Família ­ DESF 
Dados sujeitos à alteração 
---Descrição dos Filtros Utilizados---
Competência: JAN/2014.
Tipo de Produção: Atendimento Individual.
"Probl/ Condição Avaliada: Asma, Desnutrição, Diabetes, DPOC, Hipertensão arterial, Obesidade, Pré-natal, Puericultura, Puerpério (até 42 dias), Saúde sexual e reprodutiva, Tabagismo, Usuário de álcool, Usuário de outras drogas, Saúde mental, Reabilitação, D.Transmissíveis - Dengue, Doenças transmissíveis - DST, D.Transmissíveis - Hanseníase, D.Transmissíveis - Tuberculose, Rast. câncer de mama, Rast. câncer do colo do útero, Rast. risco cardiovascular."


Uf;Ibge;Municipio;Asma;Desnutrição;Diabetes;DPOC;Hipertensão arterial;Obesidade;Pré-natal;Puericultura;Puerpério (até 42 dias);Saúde sexual e reprodutiva;Tabagismo;Usuário de álcool;Usuário de outras drogas;Saúde mental;Reabilitação;D.Transmissíveis - Dengue;Doenças transmissíveis - DST;D.Transmissíveis - Hanseníase;D.Transmissíveis - Tuberculose;Rast. câncer de mama;Rast. câncer do colo do útero;Rast. risco cardiovascular;
RN;241310;SENADOR ELÓI DE SOUZA;0;0;1;0;18;0;31;60;1;49;0;0;0;4;5;0;0;0;0;0;0;0;
SP;354080;POTIRENDABA;14;0;4;0;35;1;0;0;0;0;2;1;0;21;0;0;0;0;0;0;0;0;
RS;430510;CAXIAS DO SUL;2;0;15;2;61;1;27;4;2;33;0;0;1;22;2;0;0;0;0;12;12;0;
AM;130260;MANAUS;2;0;7;1;23;0;10;1;0;11;0;0;0;0;1;0;0;0;0;0;1;0;
MA;210790;PASSAGEM FRANCA;6;0;0;0;0;2;0;0;0;0;2;0;0;0;0;0;0;0;0;0;0;0;
PB;250510;CUITÉ;0;0;0;0;0;0;0;1;0;2;0;0;0;0;0;0;0;0;0;3;4;0;
PB;250550;VISTA SERRANA;0;0;2;0;6;0;0;0;0;18;0;50;0;118;0;0;0;0;0;0;0;0;
SP;352570;JOSÉ BONIFÁCIO;0;0;1;0;2;1;0;0;0;0;0;0;0;1;2;0;0;0;0;0;0;0;
PA;150230;CAPITÃO POÇO;0;0;0;0;0;0;3;2;1;0;0;0;0;0;0;0;0;0;0;0;0;0;
BA;291410;IPUPIARA;2;0;4;1;3;0;1;4;1;2;0;0;0;1;1;0;0;0;0;0;0;0;
PB;251430;SÃO JOSÉ DE CAIANA;6;0;33;0;298;0;84;82;19;207;0;4;0;21;0;0;0;0;2;20;46;0;
PE;260680;IGARASSU;2;5;130;1;387;47;80;251;7;135;11;4;11;80;2;0;1;3;3;1;16;9;
BA;292530;PORTO SEGURO;0;0;5;2;28;4;8;2;1;28;3;2;2;3;1;0;0;1;0;2;18;3;
AL;270070;BATALHA;0;0;1;0;6;0;0;0;0;0;0;0;0;0;0;0;0;0;0;0;0;0;
TO;171610;PARAÍSO DO TOCANTINS;0;2;1;0;16;0;0;1;2;18;0;0;0;4;0;0;0;0;0;0;0;0;
BA;291120;GANDU;0;0;0;0;1;0;0;0;0;0;0;0;0;0;0;0;0;0;0;0;0;0;
PI;220515;JACOBINA DO PIAUÍ;0;0;0;0;0;0;0;0;0;0;0;0;0;10;0;0;0;0;0;0;0;0;
TO;170410;CENTENÁRIO;1;0;0;0;14;0;0;0;0;0;0;0;0;3;1;0;0;0;0;0;0;0;
MG;313710;LAGAMAR;0;0;0;0;0;0;0;1;0;11;0;0;0;0;1;0;0;0;0;0;0;0;
PI;220640;MONSENHOR GIL;0;0;0;0;0;0;0;0;0;1;0;0;0;0;0;0;0;0;0;0;0;0;
RN;240350;ESPÍRITO SANTO;0;0;43;0;119;0;10;16;0;36;0;0;0;0;0;0;0;0;0;0;2;0;
PE;261460;TABIRA;2;0;1;0;5;0;0;0;0;0;0;0;0;0;7;0;0;0;0;0;0;0;
SC;421630;SÃO JOÃO BATISTA;0;0;1;0;2;0;0;0;0;0;0;0;0;3;0;0;0;0;0;0;0;1;
GO;520850;GOIANDIRA;0;0;1;0;1;0;0;0;0;0;0;0;0;6;0;0;0;0;0;0;0;0;
BA;292040;MANOEL VITORINO;0;0;0;0;4;0;0;0;0;1;0;0;0;0;0;0;0;0;0;0;0;0;
PE;260410;CARUARU;0;5;17;0;31;16;1;0;0;0;1;2;0;26;146;0;0;0;0;0;0;0;
PI;220190;BOM JESUS;17;25;115;0;511;26;156;197;6;157;1;5;2;40;215;0;4;10;2;0;1;0;
MG;314220;MIRAÍ;0;6;12;0;18;15;1;31;4;0;0;0;2;47;42;0;1;0;0;0;0;1;
SP;350210;ANDRADINA;0;0;18;0;4;0;0;0;0;0;0;0;0;0;7;0;0;2;0;0;0;0;
BA;291465;ITABELA;9;0;0;0;4;0;1;0;0;2;2;1;7;4;2;1;0;0;0;0;0;0;
RS;430790;FARROUPILHA;0;0;1;0;5;0;0;0;0;0;1;0;0;3;0;0;0;0;0;0;0;0;
RN;240660;LAGOA SALGADA;0;0;9;0;88;1;15;10;2;5;0;0;1;4;0;0;0;0;0;0;0;0;
RN;240770;MONTANHAS;0;7;15;0;231;2;51;50;14;102;4;6;1;8;30;0;0;0;0;0;0;0;
PB;251597;SOBRADO;4;4;175;0;590;4;153;228;12;329;0;0;0;94;47;0;0;0;12;30;28;0;
RN;240870;PARAÚ;0;0;0;0;0;0;0;0;0;0;0;0;0;3;12;0;0;0;0;0;0;0;
SP;350460;BADY BASSITT;0;0;4;0;29;0;17;21;0;0;0;0;0;17;0;0;0;0;0;0;26;0;
BA;291830;JITAÚNA;63;1;64;1;285;27;63;72;0;95;12;3;2;8;110;0;0;0;1;2;27;0;
PB;250400;CAMPINA GRANDE;0;0;3;0;20;1;0;0;0;3;0;0;0;3;0;0;0;0;0;0;0;0;
PB;251710;VÁRZEA;12;3;45;16;112;34;34;55;6;54;30;16;1;41;16;0;9;0;0;1;0;0;
RN;240485;ITAJÁ;0;0;0;0;0;0;0;0;0;0;0;0;0;0;6;0;0;0;0;0;0;0;
BA;292440;PILÃO ARCADO;0;0;1;0;7;1;1;0;0;0;0;0;6;7;0;0;0;0;1;0;0;7;
RS;430642;DOIS IRMÃOS DAS MISSÕES;0;0;1;0;0;1;0;0;0;0;0;0;0;0;4;0;0;0;0;0;0;0;
RN;240940;PAU DOS FERROS;0;0;0;0;0;0;3;0;1;0;0;0;0;3;5;0;0;0;0;1;0;0;
MG;314480;NOVA LIMA;0;0;3;0;5;1;0;0;0;0;0;0;0;2;0;0;0;0;0;0;0;0;
RN;241150;SANTO ANTÔNIO;5;1;151;2;536;17;194;746;24;476;3;1;2;146;22;0;21;1;1;99;172;69;
PE;260860;LAGOA DO OURO;0;0;4;0;19;0;28;17;2;31;0;0;0;4;16;0;0;0;0;1;0;0;
BA;292650;RIBEIRA DO AMPARO;0;1;0;0;0;0;0;0;0;5;0;0;0;0;0;0;0;0;0;0;0;0;
RS;430367;CAMPESTRE DA SERRA;0;0;24;4;66;20;12;10;0;46;2;4;0;44;34;0;2;0;0;2;0;18;
MA;210355;CONCEIÇÃO DO LAGO-AÇU;0;0;0;0;2;0;2;0;0;0;1;0;0;0;2;0;0;0;0;0;0;0;
SP;355010;SÃO MANUEL;0;0;0;0;0;0;0;0;1;0;0;0;0;1;0;0;0;0;0;0;0;0;
GO;521800;PORANGATU;0;0;1;0;3;1;0;0;0;0;0;0;0;0;0;0;0;0;0;0;0;0;
AL;270440;MAJOR ISIDORO;0;0;0;0;0;0;0;0;1;1;0;0;0;0;0;0;0;0;0;0;0;0;
MA;210720;NINA RODRIGUES;0;0;7;0;23;0;10;44;0;10;0;0;0;0;0;0;0;0;0;0;6;0;
MG;313620;JOÃO MONLEVADE;1;0;25;0;67;17;4;6;2;10;5;0;0;21;3;0;0;0;2;0;0;0;
PR;411370;LONDRINA;2;0;2;0;8;0;0;0;0;2;0;0;0;10;6;0;0;0;0;3;3;0;
MA;210540;ITAPECURU MIRIM;0;0;9;0;21;4;23;41;0;26;0;0;0;3;3;0;0;0;0;0;0;0;
RS;430040;ALEGRETE;1;1;0;1;3;0;0;0;0;4;1;0;0;4;0;0;0;0;0;0;1;0;
MS;500260;CAMAPUÃ;0;0;0;0;2;0;0;0;0;0;0;0;0;1;0;0;0;0;0;0;0;0;
PB;251274;RIACHÃO;0;0;2;0;2;7;0;0;0;10;0;0;0;1;35;0;0;0;0;0;10;6;
PE;260415;CASINHAS;3;0;8;0;32;0;0;13;0;6;1;0;0;32;70;0;0;0;0;0;0;0;
RS;432000;SAPUCAIA DO SUL;0;0;1;1;8;1;5;1;0;10;0;0;0;0;3;0;0;0;0;0;2;0;
MA;210360;COROATÁ;0;0;1;0;1;0;0;0;0;0;1;0;0;0;0;0;1;1;0;0;0;0;
PA;150808;TUCUMÃ;0;0;1;0;2;0;1;5;0;1;0;0;0;0;8;0;0;0;0;0;0;0;
MA;210005;AÇAILÂNDIA;1;1;14;1;63;17;66;5;2;14;3;2;0;16;29;0;0;0;0;0;1;12;
SC;420270;BOTUVERÁ;0;0;0;0;0;0;0;0;0;0;0;0;0;0;11;0;0;0;0;0;0;0;
RS;430060;ALVORADA;0;0;0;0;0;0;0;6;0;0;0;0;0;0;0;0;0;0;0;0;0;0;
MG;311995;CÓRREGO FUNDO;0;0;0;0;1;0;0;0;0;0;0;0;0;2;0;0;0;0;0;0;0;0;
RN;240930;PATU;0;0;1;0;3;0;0;1;0;0;0;0;0;1;0;0;0;0;0;0;0;0;
SE;280510;PEDRINHAS;0;0;0;0;0;0;0;0;0;0;0;0;0;0;6;0;0;0;0;0;0;0;
MG;317200;VISCONDE DO RIO BRANCO;0;0;8;0;13;1;38;24;1;36;0;0;0;27;5;0;0;0;0;0;0;0;
RS;430223;BOA VISTA DO INCRA;0;0;2;0;2;0;0;0;0;3;1;0;0;0;1;0;0;0;0;0;0;0;
MT;510776;SANTA RITA DO TRIVELATO;0;0;0;0;9;1;7;8;1;4;0;0;0;1;0;0;1;0;0;1;0;0;
RS;431330;NOVA PRATA;0;0;1;0;2;1;1;0;0;5;0;1;0;1;3;0;0;0;0;0;0;0;
MS;500620;NOVA ANDRADINA;0;0;0;0;0;0;0;0;0;1;0;0;0;0;0;0;0;0;0;0;1;0;
BA;293305;VÁRZEA DA ROÇA;0;0;0;0;1;1;0;0;0;0;0;0;0;0;0;0;0;0;0;0;0;0;
PB;251340;SANTA LUZIA;2;6;324;20;1.306;148;262;1.708;38;696;16;14;4;419;274;5;4;2;4;68;122;127;
MA;210465;GOVERNADOR NEWTON BELLO;2;1;9;0;31;3;56;74;2;37;0;0;0;4;3;0;8;2;1;0;0;0;
SC;420210;BARRA VELHA;7;2;8;1;34;2;25;7;0;10;4;4;2;9;0;0;0;0;0;1;0;0;
SP;352370;ITIRAPUÃ;0;0;3;1;8;0;0;0;0;0;0;0;0;0;0;0;0;0;0;0;0;0;
MA;210140;BALSAS;0;0;0;0;0;0;5;0;1;0;0;0;0;0;0;0;0;0;0;0;0;0;
SE;280580;RIACHÃO DO DANTAS;0;0;0;0;4;0;0;0;0;0;0;0;0;0;0;0;0;0;0;0;0;0;
RS;431900;SÃO MARCOS;0;0;0;0;5;0;0;0;0;0;0;0;0;2;0;0;0;0;0;0;0;0;
MG;312590;FERROS;0;0;0;0;1;0;0;0;0;0;0;0;0;0;0;0;0;0;0;0;0;0;
MA;210830;PENALVA;1;0;10;0;45;2;43;48;1;25;0;0;0;0;0;0;4;2;1;0;0;0;
MA;211174;SENADOR ALEXANDRE COSTA;0;1;2;0;18;0;4;4;0;13;0;0;0;0;0;0;0;0;0;0;0;0;
RN;241190;SÃO FRANCISCO DO OESTE;0;0;0;0;0;0;0;0;0;0;0;0;0;1;10;0;0;0;0;0;0;0;
MS;500769;SÃO GABRIEL DO OESTE;1;0;0;0;2;1;3;0;0;0;0;0;0;0;0;1;0;0;0;0;1;0;
MA;211130;SÃO LUÍS;0;0;0;0;1;0;0;0;0;3;0;0;0;0;0;0;0;0;1;0;0;0;
SC;421540;SALTO VELOSO;0;0;3;0;5;0;0;0;0;0;0;0;0;0;0;0;0;0;0;0;0;0;
RS;430960;HORIZONTINA;0;0;1;0;2;0;0;1;0;0;0;0;0;0;2;0;0;0;0;0;0;0;
PE;260600;GARANHUNS;2;5;116;2;303;21;134;267;13;132;8;4;3;118;37;0;0;1;2;3;24;0;
SP;354020;PONTAL;6;4;29;3;144;5;2;7;2;10;1;15;3;34;7;0;1;0;0;5;9;0;
SP;350740;BORBOREMA;37;0;0;0;0;0;0;0;0;0;3;0;0;0;0;0;0;0;0;0;0;0;
SP;353030;MIRASSOL;0;0;0;0;2;0;6;0;0;0;0;0;0;0;4;0;0;0;0;0;4;0;
SP;354780;SANTO ANDRÉ;0;0;4;0;7;0;0;0;1;0;0;0;0;3;1;0;0;0;0;0;0;0;
ES;320500;SERRA;0;0;1;0;5;0;2;0;0;15;0;0;0;3;0;0;0;0;0;8;8;0;
PI;220440;GILBUÉS;0;0;0;0;0;0;5;0;0;0;0;0;0;0;0;0;0;0;0;0;0;0;
BA;292670;RIO DE CONTAS;0;0;0;0;0;1;3;0;0;0;0;0;0;0;0;0;0;0;0;0;0;0;
PA;150215;CANAÃ DOS CARAJÁS;0;0;0;0;0;0;0;1;0;0;0;0;0;0;0;0;0;0;0;0;1;0;
MA;210620;LUÍS DOMINGUES;0;0;0;0;0;0;2;0;0;0;0;0;0;0;0;0;0;0;0;0;0;0;
MG;311460;CARRANCAS;0;0;0;0;1;0;0;0;0;0;0;0;0;0;0;0;0;0;0;0;0;0;
RN;240790;MONTE DAS GAMELEIRAS;0;5;3;0;1;6;14;9;0;27;0;0;0;7;49;0;0;0;0;13;13;0;
MG;312400;ERVÁLIA;0;1;5;0;7;0;0;0;0;0;0;3;0;1;0;0;0;0;0;0;0;0;
MS;500240;CAARAPÓ;2;0;3;0;6;0;0;1;0;0;0;0;0;6;0;0;0;0;0;0;0;0;
MA;210740;OLHO D'ÁGUA DAS CUNHÃS;0;0;0;0;7;0;0;20;0;6;0;0;0;0;4;0;0;0;0;0;0;0;
SC;421220;PAPANDUVA;2;2;4;2;2;2;6;0;0;0;0;0;0;8;0;0;0;0;0;0;0;0;
GO;520790;FLORES DE GOIÁS;0;0;1;0;4;1;0;1;0;2;0;0;0;0;0;0;0;0;0;0;0;0;
BA;291685;ITATIM;0;0;0;0;0;0;0;0;0;0;0;0;0;0;19;0;0;0;0;0;0;0;
BA;293180;TREMEDAL;0;0;0;0;0;0;0;0;0;3;0;0;0;0;0;0;0;0;0;0;0;0;
RS;431930;SÃO PAULO DAS MISSÕES;0;0;0;0;0;0;2;0;0;0;0;0;0;0;0;0;0;0;0;0;0;0;
CE;231210;SANTANA DO CARIRI;0;0;0;0;0;7;0;0;0;0;0;0;0;0;0;0;0;0;0;0;0;0;
BA;292250;NAZARÉ;1;0;23;0;111;1;59;78;4;171;4;2;0;0;182;0;3;0;0;0;12;0;
MG;312880;GUIDOVAL;1;4;344;3;664;27;0;14;1;100;23;4;1;87;20;1;1;1;0;1;1;0;
PA;150060;ALTAMIRA;0;0;2;0;1;0;1;3;0;10;0;0;0;3;0;2;0;0;0;0;0;0;
MG;312960;IBIAÍ;30;0;0;0;73;4;22;0;0;0;6;0;0;6;0;0;0;0;0;2;25;0;
BA;292010;MAIRI;0;0;0;0;5;0;0;0;0;4;0;0;0;0;0;0;0;0;0;0;0;0;
SP;350600;BAURU;0;0;2;0;12;0;0;0;0;4;0;0;0;3;1;0;0;0;0;0;0;0;
MG;314390;MURIAÉ;2;0;0;0;0;0;0;0;0;0;1;0;4;13;0;0;0;0;0;0;0;1;
MA;210545;JATOBÁ;0;0;0;0;0;0;0;3;0;0;0;0;0;0;0;0;0;0;0;0;0;0;
PR;411980;PLANALTO;0;0;0;0;0;0;0;0;0;1;0;0;0;0;0;0;0;0;0;1;0;0;
PB;251593;SERTÃOZINHO;0;0;0;0;0;0;0;0;0;0;0;0;0;0;9;0;0;0;0;0;0;0;
BA;290240;AURELINO LEAL;0;0;0;0;0;0;9;0;0;9;0;0;0;0;0;0;0;0;0;0;0;0;
MG;316100;SÃO DOMINGOS DO PRATA;39;1;7;0;71;55;14;4;0;5;11;1;1;5;0;0;0;0;2;8;35;0;
BA;291210;IBICARAÍ;0;0;6;0;21;1;1;0;0;1;0;0;0;2;126;0;0;0;0;0;0;0;
PA;150840;XINGUARA;0;0;0;0;0;0;7;0;0;0;0;0;0;0;0;0;1;0;0;0;0;0;
GO;520590;CORUMBAÍBA;1;0;0;0;0;0;0;0;0;1;0;0;0;0;0;0;0;0;0;0;0;0;
BA;291720;ITUAÇU;0;0;3;0;9;0;2;0;0;0;0;0;0;0;0;0;0;0;0;0;0;0;
SP;351550;FERNANDÓPOLIS;0;0;0;0;0;0;0;0;0;0;0;0;0;1;1;0;0;0;0;0;0;0;
MA;210667;MILAGRES DO MARANHÃO;0;0;0;0;4;0;0;2;0;0;0;0;0;0;0;0;0;0;0;0;0;0;
RS;432237;UNISTALDA;0;0;0;0;0;0;5;0;0;0;0;0;0;0;0;0;0;0;0;0;0;0;
PB;250660;IBIARA;1;0;3;0;6;0;0;0;0;0;0;0;0;1;26;0;0;0;0;0;0;0;
AP;160010;AMAPÁ;66;3;2;0;95;62;18;0;10;4;15;0;13;1;6;1;0;0;3;0;0;0;
SP;354360;RIFAINA;0;2;3;0;4;5;0;0;0;0;0;0;0;3;1;0;0;0;0;0;0;0;
MG;316150;SÃO GERALDO;5;0;0;0;0;2;0;1;1;0;2;0;8;46;0;0;0;0;0;0;0;0;
MA;211120;SÃO JOSÉ DE RIBAMAR;51;1;0;1;47;26;42;0;0;1;32;3;2;4;0;2;0;0;1;0;19;0;
BA;290270;BARRA;0;0;10;0;35;2;27;56;5;111;0;0;1;3;1;0;1;4;2;16;34;0;
CE;231330;TAUÁ;5;0;18;2;87;1;13;7;1;36;3;1;0;4;5;7;0;5;0;11;11;5;
BA;291760;JAGUAQUARA;0;0;4;0;3;0;1;0;0;3;0;0;0;0;9;0;0;0;0;0;0;0;
PB;250640;GURINHÉM;0;0;0;0;0;0;0;0;0;9;0;0;0;0;0;0;0;0;0;0;0;0;
BA;292470;PIRIPÁ;2;0;0;0;3;3;3;1;0;2;2;0;1;0;1;0;0;0;0;0;4;0;
BA;291330;ICHU;0;0;0;0;0;0;0;1;0;1;0;0;0;1;0;0;0;0;0;0;0;0;
MS;500370;DOURADOS;0;0;1;0;7;0;0;0;0;0;0;0;0;1;0;0;0;0;0;0;0;0;
RN;240830;NOVA CRUZ;4;3;87;0;315;25;102;67;5;92;11;4;31;98;15;0;0;0;0;1;6;1;
AP;160080;VITÓRIA DO JARI;0;0;0;0;0;0;0;0;0;0;0;0;0;0;61;0;0;0;0;0;0;0;
PE;261320;SÃO JOÃO;0;0;0;0;2;0;13;28;0;18;0;0;0;0;2;0;0;0;0;0;0;0;
PB;250380;CALDAS BRANDÃO;0;0;10;0;66;1;67;39;1;130;0;0;0;1;0;0;0;0;0;7;19;0;
SP;355475;TRABIJU;0;1;2;2;0;0;0;12;0;1;0;0;0;0;0;0;0;0;0;0;0;0;
MA;210380;DOM PEDRO;0;0;1;0;11;0;1;4;0;0;1;0;0;0;1;0;0;0;0;0;0;0;
MG;314280;MONTE ALEGRE DE MINAS;0;0;0;0;1;0;0;0;0;0;0;0;0;0;0;0;0;0;0;0;0;0;
RN;240820;NÍSIA FLORESTA;3;5;27;0;79;11;25;36;4;26;2;4;3;48;245;0;0;0;0;2;0;0;
MA;211290;VITÓRIA DO MEARIM;0;1;6;0;30;9;22;9;3;5;0;0;0;4;0;0;0;0;0;0;0;0;
SP;353300;NOVA GRANADA;3;1;1;0;0;2;3;0;0;5;1;1;0;0;0;0;0;0;0;0;0;0;
RJ;330385;PATY DO ALFERES;0;3;7;0;7;0;0;0;0;6;0;0;0;0;10;0;0;0;0;0;0;0;
MA;210750;PAÇO DO LUMIAR;11;15;246;2;666;26;290;501;22;432;4;4;3;22;23;2;5;17;6;5;25;0;
AP;160055;PRACUÚBA;2;0;7;0;12;0;28;5;1;1;0;0;0;0;2;0;0;0;0;0;0;3;
MA;210745;OLINDA NOVA DO MARANHÃO;0;0;3;0;5;0;3;0;0;10;0;0;0;0;0;0;0;0;0;0;0;0;
SE;280210;ESTÂNCIA;0;0;8;0;8;0;2;0;0;8;0;0;0;0;0;0;0;0;0;0;0;0;
PB;250930;MATARACA;0;0;0;0;0;0;0;0;0;4;0;0;0;0;0;0;0;0;0;0;0;0;
RN;240450;GUAMARÉ;0;2;1;0;2;0;0;0;0;2;1;0;0;0;0;0;0;0;0;0;0;0;
MA;210850;PINDARÉ-MIRIM;6;14;43;2;176;15;161;171;5;168;2;2;1;9;302;0;0;50;5;3;5;3;
GO;520420;CACHOEIRA DE GOIÁS;0;0;2;0;3;0;0;0;0;0;0;0;0;1;0;0;0;0;0;0;0;0;
MG;315050;PIMENTA;0;0;1;2;8;0;0;4;0;7;0;0;0;9;4;0;0;0;0;0;0;0;
BA;290750;CATU;33;0;30;2;108;18;39;42;4;146;10;10;2;3;1;0;5;0;1;4;15;2;
MG;311260;CAPINÓPOLIS;0;0;9;1;41;6;6;5;4;18;17;0;0;6;1;0;0;0;0;4;2;0;
AM;130420;TEFÉ;0;0;0;0;0;0;0;0;0;0;0;0;0;28;0;0;0;0;0;0;0;0;
PB;251560;SERRA DA RAIZ;0;0;0;0;0;0;0;0;0;0;0;0;0;0;1;0;0;0;0;0;0;0;
PI;220430;FRONTEIRAS;0;0;12;0;68;0;60;9;1;33;0;0;0;0;1;0;0;0;0;0;1;0;
SE;280340;JAPOATÃ;0;0;0;0;0;0;1;2;0;0;0;0;0;0;1;0;0;0;0;0;0;0;
BA;290830;CONCEIÇÃO DO ALMEIDA;7;1;6;0;39;2;13;12;2;12;3;0;0;2;1;0;0;0;0;0;1;0;
AP;160040;MAZAGÃO;0;0;0;0;0;0;5;2;2;2;0;0;0;0;0;0;0;0;1;0;0;0;
RJ;330310;NATIVIDADE;0;0;0;0;0;0;0;0;0;0;0;0;0;1;0;0;0;0;0;0;0;0;
BA;292595;RAFAEL JAMBEIRO;0;0;0;0;1;0;0;0;0;0;0;0;0;0;0;0;0;0;0;0;0;0;
RN;241200;SÃO GONÇALO DO AMARANTE;5;1;56;1;240;24;35;56;8;109;0;1;0;26;15;0;0;0;2;0;10;0;
PB;250710;ITAPOROROCA;0;0;1;0;1;1;0;0;0;0;0;0;0;1;0;1;0;0;0;0;0;0;
AP;160021;CUTIAS;41;1;0;0;26;35;28;0;0;2;6;0;0;0;0;0;0;0;0;0;0;0;
RN;240120;ARÊS;1;0;0;0;1;0;0;1;0;1;1;0;0;0;1;0;0;0;0;0;0;0;
RS;431849;SÃO JOSÉ DO INHACORÁ;0;0;0;0;0;0;0;0;0;0;0;0;0;1;0;0;0;0;0;0;0;0;
PI;220325;CURRALINHOS;0;1;1;0;1;0;0;0;0;0;0;0;0;3;0;0;0;0;0;0;0;0;
SP;350390;ARUJÁ;15;5;333;0;832;4;245;377;16;1.038;0;0;0;30;0;0;12;0;0;25;883;0;
MA;211230;TUNTUM;5;19;55;4;174;11;124;72;8;87;5;3;0;11;14;2;1;11;0;2;17;0;
RN;241420;TIBAU DO SUL;0;1;5;0;6;0;6;18;0;9;0;1;2;33;120;0;0;0;1;1;0;0;
SP;355560;UCHOA;2;0;0;0;6;0;0;0;0;0;0;0;0;6;0;0;0;0;0;0;0;0;
PE;260100;ANGELIM;1;0;14;1;40;0;22;20;1;21;0;0;0;25;63;0;0;0;0;4;8;5;
MA;210250;CAJARI;0;0;0;0;1;0;55;3;1;9;0;0;0;0;0;0;0;0;2;0;0;0;
TO;170555;COMBINADO;0;0;0;0;0;0;0;0;0;0;0;0;0;1;0;0;0;0;0;0;0;0;
BA;292850;SANTA TERESINHA;0;0;0;0;0;0;0;0;0;0;0;0;0;0;2;0;0;0;0;0;0;0;
MA;210120;BACABAL;0;15;221;6;597;12;311;191;38;398;2;6;2;12;439;2;13;27;22;2;0;0;
MG;314505;NOVA PORTEIRINHA;0;0;0;0;2;1;0;0;0;0;0;0;0;0;7;0;1;0;0;0;0;0;
BA;293290;VALENÇA;0;0;0;0;0;0;2;0;0;0;0;0;0;0;0;0;0;0;0;0;0;0;
RJ;330220;ITAPERUNA;1;0;0;1;3;1;0;0;0;0;0;0;0;0;0;0;0;0;0;0;0;0;
MA;211250;TUTÓIA;0;1;1;0;0;0;10;6;0;2;0;0;0;0;0;0;0;0;0;0;0;0;
MG;311730;CONCEIÇÃO DAS ALAGOAS;0;0;1;0;3;0;1;0;0;7;0;1;2;2;0;0;0;0;0;0;0;0;
TO;171820;PORTO NACIONAL;0;0;0;1;0;0;0;0;0;0;0;0;0;0;0;0;0;0;0;0;0;0;
RN;240620;LAGOA D'ANTA;1;5;24;0;44;1;34;26;1;51;0;1;0;53;93;0;1;0;0;0;2;0;
PB;250320;CABEDELO;0;0;3;0;10;2;1;2;0;7;0;0;0;4;0;0;0;0;0;2;1;0;
MA;210530;IMPERATRIZ;0;1;14;0;39;2;33;22;1;13;0;0;0;4;13;0;0;1;2;0;1;0;
MG;316320;SÃO JOSÉ DO ALEGRE;3;0;12;1;64;8;9;1;1;6;0;0;1;19;3;0;0;0;0;0;0;0;
MG;313550;JEQUERI;0;0;0;0;2;8;0;0;0;0;0;0;0;16;4;0;0;0;0;0;0;0;
MA;210650;MATINHA;0;0;1;0;0;0;4;1;0;1;0;0;0;0;0;0;0;0;0;0;0;0;
PB;250980;MULUNGU;0;0;0;0;4;0;0;0;1;2;0;0;0;0;0;0;0;0;0;0;0;0;
RN;241220;SÃO JOSÉ DE MIPIBU;8;4;107;1;323;33;213;253;25;589;4;1;8;102;38;3;4;0;16;52;107;0;
RN;241350;SERRINHA;1;3;24;2;76;2;53;51;1;47;1;0;0;15;18;0;0;0;2;1;10;1;
RN;240220;CANGUARETAMA;1;0;2;0;40;0;20;5;1;30;0;0;0;43;22;0;0;0;0;0;0;0;
GO;520430;CAÇU;0;0;5;0;15;1;18;8;2;0;0;0;0;0;0;0;0;0;0;0;11;0;
PB;250250;BOQUEIRÃO;0;0;0;0;0;0;2;0;0;6;0;0;0;0;0;0;0;0;0;0;2;0;
BA;290680;CANSANÇÃO;0;0;0;0;0;0;0;0;0;0;0;0;0;0;3;0;0;0;0;0;0;0;
PI;220271;COCAL DE TELHA;0;0;0;0;1;0;0;0;0;0;0;0;0;4;0;0;0;0;0;0;0;0;
SP;351940;IBIRÁ;0;0;25;1;69;0;1;1;0;6;0;0;1;27;1;0;0;0;0;0;3;0;
BA;292870;SANTO ANTÔNIO DE JESUS;0;0;0;0;7;0;0;0;0;0;0;0;0;17;4;0;0;0;0;0;0;0;
PB;250610;FAGUNDES;0;0;7;0;3;0;0;0;0;0;0;0;0;3;0;0;0;0;0;0;0;0;
GO;521308;MINAÇU;0;0;0;0;2;0;0;0;0;0;0;0;0;0;0;0;0;0;0;0;0;0;
RN;241010;POÇO BRANCO;0;0;0;0;0;0;0;2;2;0;0;0;0;0;0;0;0;0;1;0;0;0;
SP;350170;AMÉRICO BRASILIENSE;0;0;0;0;0;0;2;0;2;6;0;0;0;0;0;0;3;0;0;0;1;0;
MA;210430;GODOFREDO VIANA;0;0;1;0;0;1;0;2;0;2;0;0;0;0;0;0;0;0;0;0;0;0;
MA;210590;LAGO VERDE;0;0;0;0;0;0;0;1;0;0;0;0;0;0;0;0;0;0;0;0;0;0;
MA;210890;POÇÃO DE PEDRAS;0;1;33;1;145;0;42;203;2;234;0;0;0;0;13;0;0;0;1;0;8;12;
PR;410380;CAMBIRA;0;0;0;2;0;3;12;0;0;0;0;0;0;0;30;0;0;0;0;0;0;0;
CE;231126;QUITERIANÓPOLIS;0;0;0;0;0;0;0;0;0;0;0;4;0;52;0;0;0;0;0;0;0;0;
PE;260890;LIMOEIRO;4;1;0;0;2;0;5;1;0;4;0;0;0;3;12;0;0;0;0;1;1;0;
RN;240630;LAGOA DE PEDRAS;2;8;23;6;143;2;62;200;2;33;2;0;0;14;0;0;0;0;0;0;0;0;
GO;520025;ÁGUAS LINDAS DE GOIÁS;0;0;0;2;3;3;0;3;0;4;1;1;0;0;0;0;0;0;0;0;0;0;
BA;291690;ITIRUÇU;0;0;0;0;8;0;0;1;0;0;0;0;0;0;0;0;0;0;0;0;0;0;
MA;210440;GONÇALVES DIAS;78;0;5;1;62;63;28;74;0;36;5;2;16;0;0;0;0;0;0;0;2;0;
PE;260910;MACHADOS;0;0;0;0;2;0;0;0;0;4;0;0;0;0;0;0;0;0;0;0;0;0;
SC;420460;CRICIÚMA;0;0;7;0;32;15;0;0;0;0;10;2;2;0;0;0;0;0;0;0;0;11;
BA;293080;SOUTO SOARES;0;0;0;0;0;1;0;0;0;0;0;0;0;4;7;0;0;0;0;0;0;0;
PB;251385;SANTO ANDRÉ;0;0;0;0;0;0;0;2;0;1;0;0;0;0;0;0;0;0;0;0;0;0;
PE;260210;BOM CONSELHO;0;0;0;0;0;0;0;0;0;0;0;0;0;0;6;0;0;0;0;0;0;0;
SP;354260;REGISTRO;0;2;4;0;9;3;6;9;0;6;2;0;0;1;0;0;0;0;0;0;10;0;
RJ;330227;JAPERI;0;0;1;0;9;0;0;2;0;17;0;0;0;0;0;0;0;0;0;0;0;0;
MG;310740;BOM DESPACHO;0;0;0;0;0;0;0;0;0;1;0;0;0;0;0;0;0;0;0;0;0;0;
MA;210220;BURITI;4;13;21;0;79;10;132;72;1;67;1;0;0;25;164;0;2;0;0;0;4;0;
AP;160027;LARANJAL DO JARI;115;1;9;1;140;152;179;71;15;15;35;43;4;210;85;0;0;1;5;0;0;2;
MG;314670;PALMA;0;0;0;0;0;0;0;0;0;0;0;22;0;0;0;0;0;0;0;0;0;0;
SP;352690;LIMEIRA;0;0;1;0;1;2;0;0;0;0;0;0;0;0;6;0;0;0;0;0;0;0;
SP;353325;NOVAIS;0;0;1;0;59;0;0;0;0;0;0;0;0;0;214;0;0;0;0;0;0;0;
BA;291400;IPIRÁ;1;4;38;0;116;3;68;36;5;74;1;0;0;2;2;1;1;0;0;3;6;0;
PB;250990;NATUBA;0;0;4;0;24;0;0;0;1;5;0;0;0;0;0;0;0;0;0;0;0;0;
BA;291950;LIVRAMENTO DE NOSSA SENHORA;0;0;2;0;2;0;0;0;0;0;0;0;0;0;1;0;0;0;1;0;16;0;
RS;431100;JAGUARÃO;0;0;0;0;5;0;0;0;0;0;0;0;0;0;0;0;0;0;0;0;0;0;
SE;280067;BOQUIM;0;0;0;0;0;0;0;0;3;0;0;0;0;0;0;0;0;0;0;0;0;0;
TO;172100;PALMAS;0;0;0;0;0;0;0;0;0;0;0;0;0;0;0;0;0;0;0;0;1;0;
MG;312330;DORES DO TURVO;4;0;0;0;0;0;0;0;0;0;3;5;3;4;0;0;0;0;0;0;0;0;
MS;500315;CORONEL SAPUCAIA;0;0;1;0;4;0;1;0;0;2;0;0;0;1;0;1;0;0;0;4;4;0;
MS;500270;CAMPO GRANDE;0;0;1;0;9;0;1;0;0;6;0;1;0;7;3;10;0;0;0;1;1;1;
RN;240980;PEDRO VELHO;0;0;0;0;0;0;0;8;0;1;0;0;0;0;2;0;0;0;0;0;0;0;
RJ;330170;DUQUE DE CAXIAS;0;0;3;0;9;3;1;0;0;5;2;0;0;1;0;0;0;0;0;0;0;1;
AC;120010;BRASILÉIA;0;0;0;0;0;0;7;0;1;0;0;0;0;0;0;0;0;0;0;0;0;0;
SP;353210;MURUTINGA DO SUL;0;0;2;0;2;17;0;0;0;0;0;0;0;0;6;0;0;0;0;0;0;0;
CE;230765;MARACANAÚ;0;0;2;0;7;0;0;0;0;1;0;0;0;0;0;0;0;0;0;0;0;0;
MG;310110;AIMORÉS;0;0;1;0;3;0;0;0;0;0;0;0;0;0;0;0;0;0;0;0;0;0;
PA;150320;IGARAPÉ-AÇU;1;6;31;0;43;0;23;7;10;7;0;0;0;89;0;0;0;0;1;0;0;0;
RJ;330045;BELFORD ROXO;0;0;3;0;2;0;0;0;0;0;0;0;0;0;0;0;0;0;0;0;0;0;
CE;231410;VIÇOSA DO CEARÁ;0;0;0;0;3;0;5;0;0;1;0;0;0;0;0;0;0;0;0;0;0;0;
MG;310730;BOCAIÚVA;0;0;0;0;8;0;0;0;0;0;0;0;1;2;0;0;0;0;0;0;0;0;
GO;520880;GOIANIRA;0;0;1;0;0;0;0;0;0;0;1;0;0;0;0;0;0;0;0;0;0;0;
RS;430710;HERVAL;0;0;0;0;0;0;2;0;0;0;0;0;0;0;0;0;0;0;0;0;0;0;
MG;310100;ÁGUAS VERMELHAS;0;0;0;0;0;0;2;0;2;0;0;0;0;0;0;0;0;0;0;0;0;0;
BA;290120;ANAGÉ;1;0;42;1;187;13;56;94;4;45;4;0;0;18;12;0;2;1;0;4;3;4;
SP;353290;NOVA EUROPA;6;5;148;10;295;119;3;10;0;79;27;17;5;243;56;0;4;0;1;0;0;0;
MG;310825;BONITO DE MINAS;11;6;16;0;32;46;2;0;0;1;2;1;0;43;116;0;0;0;0;0;0;0;
RN;240750;MAXARANGUAPE;0;0;2;0;3;0;0;0;0;0;0;0;0;3;0;0;0;0;0;1;0;0;
BA;292750;SANTA BÁRBARA;0;0;6;0;13;0;0;0;0;0;0;0;0;1;0;0;0;0;0;0;0;0;
PA;150720;SÃO DOMINGOS DO CAPIM;0;0;0;0;1;0;0;2;0;0;0;0;0;0;4;0;0;0;0;0;0;0;
SE;280445;NOSSA SENHORA APARECIDA;0;0;0;0;0;0;2;0;0;3;0;0;0;0;0;0;0;0;0;1;2;0;
BA;291270;IBIRAPITANGA;0;0;2;0;3;2;0;4;0;3;0;0;0;0;9;0;0;0;0;0;0;0;
PE;261250;SANTA CRUZ DO CAPIBARIBE;0;2;3;0;3;18;0;1;0;0;0;0;0;11;3;0;0;0;0;0;0;0;
PA;150180;BREVES;0;0;0;0;0;0;4;1;0;0;0;0;0;0;10;0;0;0;0;0;0;0;
MG;314700;PARACATU;0;0;3;0;4;0;0;0;0;1;0;0;0;1;0;0;0;0;0;0;0;0;
PB;250730;JACARAÚ;0;0;0;0;0;0;0;0;0;0;0;0;0;0;1;0;0;0;0;0;0;0;
RN;240610;JUCURUTU;1;0;9;0;40;13;105;148;17;124;3;0;1;0;1;0;69;0;0;19;64;0;
PE;260760;ILHA DE ITAMARACÁ;1;2;5;0;27;6;53;92;2;65;3;0;1;5;4;1;0;0;0;28;45;3;
PB;250560;DIAMANTE;3;8;10;6;60;2;35;21;0;51;0;1;0;53;37;2;1;1;0;1;0;0;
PE;261510;TEREZINHA;5;3;12;0;28;3;13;24;0;5;0;0;0;41;15;0;0;0;0;0;7;0;
GO;521250;LUZIÂNIA;0;0;1;0;4;0;15;3;0;0;0;0;0;7;0;0;0;0;0;0;25;0;
SP;352090;IPAUSSU;2;0;1;0;3;0;0;0;0;0;3;0;0;1;0;0;0;0;0;0;0;0;
SP;351100;CASTILHO;0;0;2;0;3;1;0;0;0;0;1;0;0;1;0;0;0;0;0;0;0;0;
GO;521878;RIO QUENTE;0;0;0;2;8;0;2;4;2;0;0;0;0;4;0;5;0;0;0;0;0;0;
RS;430360;CAMBARÁ DO SUL;0;1;0;0;1;0;0;0;0;0;0;0;0;2;0;0;0;0;0;0;0;0;
BA;292500;PLANALTO;0;0;0;0;1;0;0;0;0;3;0;0;0;0;1;0;0;0;0;2;0;0;
ES;320030;ALFREDO CHAVES;0;0;0;0;0;0;0;0;0;0;0;0;0;2;0;0;0;0;0;0;0;0;
PB;251490;SÃO MAMEDE;259;5;70;5;455;127;85;111;4;50;47;16;2;117;11;0;0;0;0;21;22;1;
RN;240780;MONTE ALEGRE;6;2;89;6;268;5;90;146;8;118;6;3;1;70;10;1;2;0;7;6;6;0;
GO;520520;CATURAÍ;4;5;28;3;132;19;37;61;3;85;18;3;4;104;10;2;12;3;2;59;69;3;
PB;250630;GUARABIRA;0;0;1;0;3;0;0;0;0;5;0;0;0;3;3;0;0;0;0;0;0;0;
RR;140023;CAROEBE;0;0;0;0;1;0;0;2;0;0;0;0;0;0;0;0;0;0;0;0;0;0;
PB;251470;SÃO JOSÉ DO SABUGI;736;16;21;0;133;71;189;0;0;11;188;129;10;102;10;0;0;12;0;4;0;16;
BA;290390;BOM JESUS DA LAPA;0;4;31;2;112;1;3;11;1;10;0;3;0;8;3;0;0;0;0;3;7;0;
BA;290540;CAIRU;0;0;0;0;0;0;0;0;0;0;0;0;0;75;6;0;0;0;0;0;0;0;
MT;510035;ALTO BOA VISTA;4;2;5;0;23;4;7;5;1;23;3;1;0;13;24;0;4;2;0;2;15;4;
SP;355160;SERRA NEGRA;0;0;4;0;31;0;10;4;0;50;0;0;0;30;6;0;0;0;0;8;30;0;
PB;250850;LIVRAMENTO;0;0;0;0;1;0;0;2;0;1;0;0;0;0;3;0;0;0;0;0;0;0;
SP;351810;GUARANTÃ;0;0;1;0;2;0;0;0;0;0;0;0;0;4;2;0;0;0;0;0;0;0;
SP;351380;DIADEMA;0;0;1;1;3;0;15;12;0;0;0;0;0;6;0;0;0;0;0;0;0;0;
SP;351980;ICÉM;26;2;11;1;97;17;7;13;4;9;14;2;3;37;5;0;0;0;0;15;26;0;
BA;292180;MORTUGABA;0;0;29;0;16;0;0;0;0;0;0;0;0;0;0;0;0;0;0;0;0;0;
PB;250820;LAGOA DE DENTRO;0;0;0;0;0;0;7;0;0;0;0;0;0;0;0;0;0;0;0;0;0;0;
MA;210900;PORTO FRANCO;0;0;0;0;1;0;0;0;0;2;0;0;0;1;2;0;0;0;0;0;0;0;
SP;350280;ARAÇATUBA;0;0;5;0;6;0;0;0;0;3;0;0;0;0;2;0;0;0;0;0;0;0;
SP;350770;BRAÚNA;0;0;2;0;4;0;0;0;0;0;0;0;0;0;10;0;0;0;0;0;0;0;
GO;520145;APARECIDA DO RIO DOCE;0;1;1;0;1;7;0;0;0;0;0;0;0;0;1;0;0;0;0;0;0;0;
MA;211100;SÃO JOÃO BATISTA;4;0;20;0;90;6;33;55;11;132;6;0;5;92;0;0;0;0;0;0;1;0;
BA;290840;CONCEIÇÃO DO COITÉ;0;0;0;0;0;0;0;0;0;0;0;0;0;28;4;0;0;0;0;0;0;0;
SE;280120;CANINDÉ DE SÃO FRANCISCO;0;0;0;0;16;0;3;7;1;8;0;0;0;0;0;0;0;0;0;0;0;0;
SP;354520;SALTO;0;0;1;0;2;0;0;0;0;3;0;0;0;0;5;0;0;0;0;0;0;0;
MA;210990;SANTA INÊS;0;0;12;0;20;0;46;72;0;28;0;0;0;2;103;0;0;7;0;0;0;0;
BA;293135;TEIXEIRA DE FREITAS;1.084;7;17;18;621;512;324;6;30;14;332;212;122;95;47;12;17;5;6;24;57;83;
PA;150240;CASTANHAL;0;0;18;0;41;7;0;0;0;0;1;0;0;0;123;0;0;0;0;0;0;0;
PR;412850;WENCESLAU BRAZ;0;0;0;0;2;0;0;0;0;0;0;0;0;0;73;0;0;0;0;0;0;0;
BA;292150;MONTE SANTO;78;0;0;0;0;0;0;0;0;0;20;0;0;0;0;0;0;0;0;0;0;0;
PR;412440;SANTO ANTÔNIO DO SUDOESTE;0;0;0;0;2;0;0;0;0;0;0;0;0;0;0;0;1;0;0;0;0;0;
BA;290100;AMARGOSA;0;0;0;0;0;0;0;0;0;3;0;0;0;0;0;0;0;0;0;0;0;0;
MT;510025;ALTA FLORESTA;0;0;0;0;0;0;0;0;0;0;0;0;0;0;0;1;0;0;0;0;0;0;
MA;211003;SANTA LUZIA DO PARUÁ;0;0;0;0;0;0;6;0;0;0;0;0;0;0;0;0;0;0;0;0;0;0;
RN;240420;GOIANINHA;216;5;26;3;274;100;156;205;15;294;61;16;4;73;13;3;4;1;1;7;44;6;
GO;521550;OUVIDOR;1;0;19;2;73;6;38;15;0;12;1;1;0;34;1;0;0;0;0;1;4;1;
SP;351800;GUARANI D'OESTE;0;19;0;0;0;120;0;0;0;0;0;0;0;0;0;0;0;0;0;0;0;0;
BA;293310;VÁRZEA DO POÇO;0;1;3;0;27;1;6;22;0;27;0;1;0;1;0;0;0;0;0;0;0;0;
PR;410240;BANDEIRANTES;0;0;1;0;5;0;0;0;0;1;0;0;0;0;0;0;0;0;0;0;0;0;
SE;280550;POÇO VERDE;0;0;0;0;0;0;0;0;0;1;0;0;0;0;0;0;0;0;1;0;0;0;
TO;171250;MARIANÓPOLIS DO TOCANTINS;0;0;0;0;0;1;0;0;0;0;0;0;0;8;0;0;0;0;0;0;0;0;
MA;211270;VARGEM GRANDE;0;0;2;0;8;1;20;9;6;43;0;0;0;3;2;0;1;0;0;0;0;0;
CE;230530;IBIAPINA;0;0;0;0;0;0;0;0;0;2;0;0;0;0;0;0;0;0;0;2;2;0;
MG;315840;SANTANA DE CATAGUASES;0;0;0;1;0;1;0;0;0;0;0;0;0;5;0;0;0;0;0;0;0;0;
MA;210300;CAXIAS;0;0;9;0;19;0;29;36;0;23;0;0;0;0;8;0;0;6;0;0;0;0;
RJ;330285;MESQUITA;0;0;0;0;14;0;0;0;0;3;0;0;0;0;1;0;0;0;0;0;0;0;
MG;313695;JUVENÍLIA;1;0;1;0;1;0;1;6;0;4;0;0;0;3;0;1;0;0;0;0;0;0;
PI;220300;CRISTALÂNDIA DO PIAUÍ;0;1;0;0;6;0;0;0;0;4;0;0;0;0;0;0;0;0;0;0;0;0;
GO;521160;IVOLÂNDIA;0;0;0;0;0;0;0;0;0;3;0;0;0;0;0;0;0;0;0;2;2;0;
AM;130014;APUÍ;0;0;0;0;1;0;0;0;0;0;0;0;0;0;0;0;0;0;0;0;0;0;
RN;240180;BREJINHO;33;2;32;1;97;4;91;253;2;149;6;15;2;69;87;0;1;0;3;3;2;0;
SP;352790;LUTÉCIA;0;0;0;0;0;0;0;0;0;0;0;0;0;0;9;0;0;0;0;0;0;0;
GO;520620;CRISTALINA;25;0;0;0;0;3;0;0;0;1;4;0;0;0;0;0;0;0;0;0;0;0;
PB;251250;QUEIMADAS;0;0;0;0;2;0;0;0;0;0;0;0;0;0;0;0;0;0;0;0;0;0;
SP;353280;NOVA ALIANÇA;0;0;0;0;1;0;0;0;0;0;0;0;0;0;1;0;0;0;0;0;0;0;
BA;292210;MUNDO NOVO;0;1;0;0;3;0;0;1;0;1;0;0;0;0;0;0;0;0;0;0;0;0;
BA;292895;SÃO DOMINGOS;0;0;0;0;1;0;6;0;0;0;0;0;0;0;0;0;0;0;0;0;0;0;
SP;352042;ILHA COMPRIDA;0;0;1;0;1;1;0;0;0;0;0;0;0;0;0;0;0;0;0;0;0;0;
MG;310510;BAMBUÍ;0;0;0;0;0;0;0;0;0;0;0;0;0;1;0;0;0;0;0;0;0;0;
PI;220820;PIO IX;9;0;23;0;155;3;225;224;6;140;4;2;2;0;0;0;0;10;2;0;6;0;
PB;251150;PILAR;0;0;1;0;0;7;0;19;0;2;0;0;0;0;0;0;0;0;0;0;0;0;
MA;211300;VITORINO FREIRE;0;0;6;2;34;2;59;21;5;20;0;0;0;0;2;0;0;2;0;0;0;0;
SP;353360;NUPORANGA;3;0;1;0;1;0;0;1;1;0;2;1;1;1;0;0;0;0;0;0;0;1;
TO;170210;ARAGUAÍNA;0;0;0;0;1;0;0;0;1;0;0;0;0;0;0;0;0;0;0;0;4;0;
RS;431810;SÃO FRANCISCO DE ASSIS;0;0;2;0;6;0;0;0;0;0;0;0;0;1;0;0;0;0;0;0;0;0;
PE;260770;ITAPETIM;0;0;0;0;0;0;0;0;0;0;0;0;0;0;1;0;0;0;0;0;0;0;
PE;261160;RECIFE;2;0;5;0;14;0;0;0;0;0;2;0;0;4;0;0;0;0;0;0;0;0;
PB;251080;PATOS;0;0;1;0;9;0;0;7;0;0;0;0;0;7;2;0;0;0;0;0;0;0;
MA;211150;SÃO MATEUS DO MARANHÃO;0;0;0;0;1;0;1;0;0;2;0;0;0;0;0;0;1;0;0;0;0;0;
RN;240710;MACAÍBA;0;0;0;0;0;0;1;0;0;1;0;0;0;0;0;0;0;0;0;0;0;0;
SC;420915;JOSÉ BOITEUX;0;0;0;0;0;0;0;0;0;1;0;0;0;0;0;0;0;0;0;0;1;0;
PA;150548;PACAJÁ;0;0;2;0;5;3;1;2;0;6;0;0;0;7;2;0;0;0;0;0;0;0;
GO;522045;SENADOR CANEDO;3;6;39;3;100;22;96;63;2;41;4;5;0;97;15;1;0;0;2;10;18;4;
MA;211140;SÃO LUÍS GONZAGA DO MARANHÃO;0;1;0;0;1;0;6;5;1;5;2;1;0;0;0;0;1;3;1;0;0;0;
MG;316570;SENADOR FIRMINO;0;0;0;0;0;0;8;0;0;0;0;0;0;0;0;0;0;0;0;0;0;0;
MG;315980;SANTA VITÓRIA;38;2;27;1;81;70;4;7;1;19;19;59;2;63;1;0;0;1;0;16;15;1;
MA;211110;SÃO JOÃO DOS PATOS;0;0;5;0;35;0;50;19;9;24;0;0;0;11;0;0;4;1;3;1;1;0;
TO;171855;RIACHINHO;0;0;0;0;0;0;3;0;0;0;0;0;0;0;0;0;0;0;0;0;0;0;
SE;280350;LAGARTO;0;0;2;0;2;0;0;5;0;1;0;0;0;1;0;0;0;0;0;0;0;0;
PI;220970;SÃO FRANCISCO DO PIAUÍ;0;0;2;0;29;0;0;0;0;0;2;0;0;1;0;0;0;0;0;0;0;0;
BA;291955;LUÍS EDUARDO MAGALHÃES;214;16;14;0;414;216;399;161;4;34;71;36;56;85;2;0;0;0;0;14;218;0;
MG;314880;PEDRA DO ANTA;0;4;2;0;0;0;0;0;0;0;0;0;0;0;2;0;0;0;0;0;0;0;
PB;251398;SÃO FRANCISCO;0;0;1;0;1;1;0;0;0;0;0;0;0;1;18;0;0;0;0;0;0;0;
BA;291072;EUNÁPOLIS;12;0;45;0;196;25;121;34;10;109;5;0;2;0;3;2;4;57;30;4;25;0;
RJ;330500;SÃO JOÃO DA BARRA;0;0;0;0;0;0;0;0;0;1;0;0;0;0;0;0;0;0;0;0;0;0;
PB;251120;PEDRAS DE FOGO;0;2;0;0;0;0;1;0;0;1;0;0;0;0;0;0;0;0;0;0;0;0;
MA;210310;CEDRAL;0;0;0;0;0;0;0;0;0;0;0;0;0;0;2;0;0;0;0;0;0;0;
MT;510631;NOVO SANTO ANTÔNIO;11;5;7;1;65;10;6;56;2;37;2;0;0;12;49;0;1;1;0;0;0;0;
ES;320490;SÃO MATEUS;0;0;2;0;3;0;26;15;1;71;0;1;0;0;0;0;0;0;0;1;1;0;
PB;251550;SERRA BRANCA;0;2;0;0;2;0;8;0;0;3;0;0;0;4;0;0;0;0;0;0;0;0;
RS;431870;SÃO LEOPOLDO;0;0;0;0;0;0;0;0;0;5;0;0;0;0;0;0;0;0;0;5;5;0;
MA;210810;PAULO RAMOS;0;0;0;1;1;0;2;0;0;1;1;0;0;0;2;0;0;0;0;1;2;2;
PE;261255;SANTA FILOMENA;1;0;0;0;2;1;0;0;0;1;0;0;0;2;0;0;0;0;0;0;0;0;
MA;210596;LAGOA GRANDE DO MARANHÃO;0;0;1;0;0;0;0;0;0;0;0;0;0;0;0;0;0;0;0;0;0;0;
BA;293015;SERRA DO RAMALHO;1;0;21;0;57;7;84;53;6;36;2;0;0;6;1;0;0;0;1;3;8;1;
PA;150140;BELÉM;0;0;5;0;7;0;0;0;0;3;0;0;0;0;0;0;0;1;5;0;0;0;
BA;291520;ITAGIBÁ;61;0;0;0;0;0;0;0;0;0;50;0;0;0;0;0;0;0;0;0;0;0;
MA;211227;TUFILÂNDIA;2;3;11;0;52;11;32;74;3;33;3;1;0;0;123;0;0;0;0;0;0;0;
BA;290400;BONINAL;0;0;0;0;0;0;0;0;0;11;0;0;0;0;0;0;0;0;0;0;0;0;
PB;251390;SÃO BENTO;0;0;0;0;0;0;0;0;0;8;0;0;0;0;0;0;0;0;0;8;8;0;
RJ;330330;NITERÓI;0;0;0;0;0;0;0;1;0;2;0;0;0;0;0;0;0;0;0;0;0;0;
MA;210780;PARNARAMA;2;0;18;0;96;8;67;52;2;9;2;0;0;6;0;0;0;0;0;0;0;0;
MA;210550;JOÃO LISBOA;4;2;54;0;142;4;65;153;2;88;21;0;0;9;12;0;2;4;0;0;11;7;
BA;291080;FEIRA DE SANTANA;0;0;1;0;28;0;0;8;0;14;0;0;0;2;0;0;0;0;2;0;0;0;
PB;250360;CAIÇARA;0;0;0;0;0;0;2;0;0;0;0;0;0;0;0;0;0;0;0;0;0;0;
RS;431580;ROCA SALES;0;0;0;0;0;0;0;0;0;0;0;0;0;0;0;0;0;0;0;1;0;0;
RN;240810;NATAL;0;0;8;0;15;2;8;0;0;12;0;0;0;1;4;0;0;0;3;4;0;0;
PR;412120;QUITANDINHA;0;0;2;0;2;1;0;0;0;0;0;0;0;0;0;0;0;0;0;0;0;0;
BA;291610;ITAPARICA;0;0;0;0;4;0;0;1;0;0;0;0;0;0;0;0;0;0;0;0;0;0;
SP;353390;OLÍMPIA;0;3;1;0;6;3;0;0;0;0;0;0;0;0;0;0;0;0;0;0;0;1;
SC;420830;ITAPEMA;0;27;109;3;383;23;186;168;3;0;2;0;0;206;0;0;6;0;0;0;0;0;
MG;317070;VARGINHA;0;4;6;0;4;47;0;0;0;0;0;0;0;0;0;0;0;0;0;0;0;0;
MG;310370;ARAPONGA;0;1;0;0;1;3;0;12;0;0;0;1;0;5;55;0;0;0;0;0;0;0;
MG;314830;PAULA CÂNDIDO;0;1;1;0;1;0;0;0;0;0;0;0;0;0;8;0;0;0;0;0;0;0;
RN;240615;JUNDIÁ;1;0;9;1;37;5;40;376;1;170;0;0;1;69;1;0;0;0;3;0;0;0;
MG;311080;CAMPANÁRIO;2;0;4;0;26;11;31;43;0;14;4;2;0;22;441;0;0;0;0;0;0;0;
PA;150510;ÓBIDOS;0;0;0;0;1;0;0;0;0;2;0;0;0;1;0;0;0;0;0;0;0;0;
BA;291460;IRECÊ;0;0;2;0;11;1;32;0;0;11;0;0;0;0;0;0;0;0;0;0;0;0;
RN;241030;SERRA CAIADA;0;0;0;0;2;0;1;1;0;6;0;0;0;0;0;0;0;0;0;0;0;0;
MG;314030;MARLIÉRIA;0;0;0;0;0;0;0;1;0;0;0;0;0;0;0;0;0;0;0;0;0;0;
MA;210960;ROSÁRIO;0;0;0;0;0;0;0;0;0;0;0;0;0;0;0;0;0;1;0;0;0;0;
BA;290160;ANTAS;0;0;0;0;1;0;0;0;0;1;0;0;0;0;0;0;0;0;0;0;0;0;
SP;350320;ARARAQUARA;106;0;10;0;12;4;0;2;6;2;4;0;3;452;0;0;0;0;0;0;0;0;
SP;351170;CHARQUEADA;1;0;5;0;8;0;0;0;0;3;0;0;0;4;0;0;0;0;0;0;0;0;
BA;292575;PRESIDENTE TANCREDO NEVES;1;0;34;1;118;25;87;177;1;133;0;0;1;3;61;0;0;0;1;0;0;0;
PB;251100;PEDRA BRANCA;14;2;77;8;432;53;87;120;4;346;67;6;10;155;8;0;8;0;0;10;19;4;
MG;313065;INDAIABIRA;9;0;0;0;0;0;5;0;4;1;0;0;13;0;0;0;0;0;0;0;0;0;
PR;411480;MARIALVA;0;0;0;0;0;0;0;0;0;2;0;0;0;0;0;0;0;0;0;0;0;0;
SP;352010;IGARAPAVA;0;0;0;0;0;0;0;0;0;0;0;0;0;2;1;0;0;0;0;0;0;0;
SP;351790;GUARACI;0;0;0;0;0;0;0;0;0;0;0;0;0;0;1;0;0;0;0;0;0;0;
PR;412410;SANTO ANTÔNIO DA PLATINA;0;0;0;0;0;0;0;0;0;8;0;0;0;22;0;0;0;0;0;0;0;0;
AP;160030;MACAPÁ;71;3;190;2;479;19;289;227;44;460;12;24;4;12;71;1;0;1;1;3;3;1;
SP;350550;BARRETOS;64;0;0;1;4;3;1;2;0;0;30;29;0;49;2;0;0;0;0;0;0;1;
AP;160060;SANTANA;0;2;9;0;23;5;7;0;0;0;0;0;0;0;14;0;0;0;0;0;0;0;
PE;260825;JUCATI;1;0;2;0;14;0;20;9;0;0;0;0;0;0;0;0;0;0;0;0;0;0;
RS;430210;BENTO GONÇALVES;0;0;0;0;0;0;0;0;0;0;0;0;0;10;0;0;0;0;0;0;0;0;
MA;211180;SÍTIO NOVO;0;0;0;0;1;0;0;18;0;0;0;0;0;0;1;0;0;0;0;0;0;0;
MG;317100;VAZANTE;0;0;0;0;0;0;0;1;0;1;0;0;0;0;0;0;0;0;0;0;0;0;
RJ;330350;NOVA IGUAÇU;0;0;1;0;2;0;0;0;0;0;0;0;0;0;1;0;0;0;0;0;0;0;
MA;210955;RIBAMAR FIQUENE;0;0;7;0;17;0;7;2;4;10;0;1;0;9;65;0;0;0;0;0;0;1;
PB;251600;SOLÂNEA;2;13;114;7;376;80;149;157;18;227;5;3;0;107;328;0;1;1;0;31;36;0;
BA;291920;LAURO DE FREITAS;0;0;0;0;0;0;2;0;0;0;0;0;0;8;9;0;0;0;0;0;0;0;
PE;261360;SÃO JOSÉ DO EGITO;0;0;0;0;5;0;0;2;0;1;0;0;0;1;10;0;0;1;0;0;0;0;
PB;250750;JOÃO PESSOA;0;0;10;0;15;0;0;0;1;8;0;0;0;0;0;0;1;0;0;0;5;0;
RJ;330414;QUEIMADOS;0;0;1;0;7;0;1;10;0;0;0;0;0;1;12;0;0;0;0;0;0;0;
PI;220194;BOQUEIRÃO DO PIAUÍ;0;0;0;0;0;0;2;0;0;0;0;0;0;0;0;0;0;0;0;0;0;0;
MG;315200;POMPÉU;0;0;0;0;1;1;0;0;0;0;0;0;0;0;0;0;0;0;0;0;0;0;
SP;354880;SÃO CAETANO DO SUL;0;0;0;0;0;0;0;0;0;0;0;0;0;0;2;0;0;0;0;0;0;1;
PI;221100;TERESINA;2;0;15;0;45;12;18;30;2;57;5;2;0;10;0;0;1;1;1;0;0;0;
BA;290560;CAMACAN;0;0;0;0;2;0;0;0;0;0;0;0;2;25;186;1;1;0;0;0;0;0;
SC;420290;BRUSQUE;0;0;28;0;6;6;0;6;0;0;0;0;0;6;6;0;0;0;0;0;0;0;
RN;241470;VÁRZEA;0;0;0;0;26;5;6;0;0;2;0;0;0;0;0;0;0;0;0;0;15;2;
MA;210880;PIRAPEMAS;0;0;0;0;2;0;1;3;0;1;0;0;0;0;0;0;0;0;0;0;0;0;
AP;160053;PORTO GRANDE;11;0;0;0;81;19;109;0;0;1;6;0;0;0;0;1;6;0;0;0;0;0;
BA;290990;CURAÇÁ;1;0;5;0;30;8;5;4;2;25;0;0;0;4;4;0;2;0;0;17;12;1;
SP;354140;PRESIDENTE PRUDENTE;80;1;1;0;30;13;4;3;0;2;39;24;2;3;0;0;2;1;0;0;6;0;
MA;210340;COELHO NETO;0;0;0;0;3;0;0;0;3;3;0;0;0;0;0;0;0;0;0;0;0;0;
GO;521930;SANTA HELENA DE GOIÁS;0;0;0;0;0;0;0;0;0;0;0;0;0;0;1;0;0;0;0;0;0;0;
BA;290180;ANTÔNIO GONÇALVES;0;0;0;0;0;0;0;3;0;0;0;0;0;3;0;0;0;0;0;0;0;0;
SC;421970;XAXIM;0;0;0;0;0;0;4;0;0;0;0;42;0;0;0;0;0;0;0;0;0;0;
BA;293280;UTINGA;0;0;0;0;0;0;0;0;0;3;0;0;0;0;0;0;0;0;0;0;0;0;
SP;354030;PONTES GESTAL;0;0;0;0;0;0;0;0;0;0;1;0;0;0;12;0;0;0;0;0;0;0;
MG;311400;CARMO DA MATA;0;0;0;0;2;0;0;2;0;0;0;0;0;1;0;0;0;0;0;0;0;0;
BA;291020;DOM MACEDO COSTA;0;0;1;0;4;0;0;0;0;0;0;0;0;0;0;0;0;0;0;0;0;0;
PB;250840;LASTRO;0;0;0;0;1;0;0;0;0;0;0;0;0;1;0;0;0;0;0;0;0;0;
BA;292510;POÇÕES;0;4;9;1;50;1;25;26;1;18;0;0;0;2;61;0;0;3;0;3;2;0;
PB;250160;BARRA DE SANTA ROSA;0;0;1;0;8;0;0;0;1;9;0;0;0;1;1;0;0;0;0;0;0;0;
PE;261530;TIMBAÚBA;332;0;0;3;50;32;29;0;1;3;75;349;1;24;0;0;0;0;0;0;18;46;
MA;210570;LAGO DA PEDRA;0;0;1;0;0;0;0;2;0;7;0;0;0;0;0;0;0;0;0;0;0;0;
RN;241230;SÃO JOSÉ DO CAMPESTRE;0;0;1;0;10;0;0;1;1;19;0;0;0;0;0;0;0;0;0;0;0;0;
MT;510840;VÁRZEA GRANDE;0;0;0;0;0;0;2;0;1;0;0;0;0;0;0;0;0;0;0;0;0;0;
PI;220558;LAGOA DO PIAUÍ;0;0;0;0;1;0;0;0;0;0;0;0;0;1;0;0;0;0;0;0;0;0;
MA;210050;ALTO PARNAÍBA;0;0;0;0;1;0;0;0;0;0;0;0;0;0;0;0;0;0;0;0;0;0;


Fonte: Sistema de Informação em Saúde para a Atenção Básica - SISAB;
E-mail: sisab@saude.gov.br;
Dado gerado em: 18 de Novembro de 2022 - 17:44h
