MS/SAPS/Departamento de Saúde da Família ­ DESF 
Dados sujeitos à alteração 
---Descrição dos Filtros Utilizados---
Competência: ABR/2014.
Tipo de Produção: Atendimento Individual.
"Probl/ Condição Avaliada: Asma, Desnutrição, Diabetes, DPOC, Hipertensão arterial, Obesidade, Pré-natal, Puericultura, Puerpério (até 42 dias), Saúde sexual e reprodutiva, Tabagismo, Usuário de álcool, Usuário de outras drogas, Saúde mental, Reabilitação, D.Transmissíveis - Dengue, Doenças transmissíveis - DST, D.Transmissíveis - Hanseníase, D.Transmissíveis - Tuberculose, Rast. câncer de mama, Rast. câncer do colo do útero, Rast. risco cardiovascular."


Uf;Ibge;Municipio;Asma;Desnutrição;Diabetes;DPOC;Hipertensão arterial;Obesidade;Pré-natal;Puericultura;Puerpério (até 42 dias);Saúde sexual e reprodutiva;Tabagismo;Usuário de álcool;Usuário de outras drogas;Saúde mental;Reabilitação;D.Transmissíveis - Dengue;Doenças transmissíveis - DST;D.Transmissíveis - Hanseníase;D.Transmissíveis - Tuberculose;Rast. câncer de mama;Rast. câncer do colo do útero;Rast. risco cardiovascular;
RS;432000;SAPUCAIA DO SUL;144;22;321;57;719;150;109;213;13;321;121;11;12;415;332;0;14;0;4;108;148;67;
MA;210005;AÇAILÂNDIA;2;0;262;0;729;16;375;417;36;464;3;1;3;98;3;0;9;0;0;0;1;0;
MA;210360;COROATÁ;40;214;590;9;1.125;124;478;1.019;6;943;34;23;12;177;119;0;25;103;14;79;214;69;
PE;260415;CASINHAS;0;0;2;0;6;0;0;4;0;0;0;0;0;30;113;0;0;0;0;0;0;0;
MG;316720;SETE LAGOAS;1;0;2;0;1;0;0;0;1;4;0;0;0;0;2;0;1;0;0;1;3;0;
TO;170130;ARAGOMINAS;0;0;6;0;30;0;4;52;2;18;0;0;0;4;0;0;2;0;2;0;0;0;
MG;311995;CÓRREGO FUNDO;0;0;0;0;0;0;0;0;0;0;0;0;0;12;0;0;0;0;0;0;0;0;
AM;130008;ANAMÃ;0;0;34;0;94;0;0;0;0;0;0;0;0;0;0;0;0;0;0;0;0;0;
BA;292980;SAÚDE;3;0;6;0;30;2;18;16;1;18;0;0;0;12;2;0;0;0;0;0;0;0;
RN;240930;PATU;0;0;0;0;0;0;0;0;0;1;0;0;0;0;7;0;0;0;0;0;0;0;
PE;261050;PASSIRA;0;1;0;0;14;0;1;3;0;5;0;0;0;0;0;0;0;0;1;0;0;0;
MA;211125;SÃO JOSÉ DOS BASÍLIOS;0;2;0;0;4;0;6;9;0;0;0;0;0;0;2;0;0;0;0;0;0;0;
MA;210047;ALTO ALEGRE DO PINDARÉ;0;0;0;0;5;0;0;2;0;3;0;0;0;0;0;0;0;0;0;0;0;0;
PA;150390;JURUTI;0;0;0;0;0;0;0;5;0;3;0;0;0;0;0;0;0;0;0;0;3;0;
BA;292467;PIRAÍ DO NORTE;0;0;1;0;2;0;1;1;0;2;0;0;0;0;0;0;0;0;0;0;0;0;
MG;316800;TAIOBEIRAS;36;9;19;2;70;12;36;15;3;20;15;17;0;58;0;0;1;1;0;0;5;0;
MG;317200;VISCONDE DO RIO BRANCO;18;1;64;11;194;1;73;38;2;91;0;2;0;65;373;3;0;0;2;0;0;0;
PB;250780;JUNCO DO SERIDÓ;0;0;0;0;0;0;0;17;0;1;0;0;0;0;0;0;0;0;0;0;0;0;
MG;315910;SANTANA DOS MONTES;0;0;0;0;0;0;0;0;0;0;0;0;0;24;1;0;0;0;0;0;0;0;
RN;240920;PASSAGEM;0;0;2;0;0;0;13;14;3;20;0;0;0;0;0;0;0;0;0;0;0;0;
AL;270160;CANAPI;0;0;0;0;0;0;2;4;2;0;0;0;0;0;0;0;0;0;0;0;0;0;
MS;500620;NOVA ANDRADINA;0;0;0;0;1;0;0;0;0;0;0;0;0;0;0;0;0;0;0;0;0;0;
RJ;330600;TRÊS RIOS;0;0;0;0;1;0;0;0;0;0;0;0;0;0;0;0;0;0;0;0;0;0;
PB;251340;SANTA LUZIA;14;17;315;20;1.286;230;370;1.544;20;699;66;35;4;615;297;4;0;0;4;118;199;104;
SC;420210;BARRA VELHA;9;6;91;5;226;52;51;47;4;92;14;5;4;95;36;0;1;0;0;27;26;20;
MA;210465;GOVERNADOR NEWTON BELLO;0;2;8;0;17;2;56;96;7;60;0;0;0;7;0;0;4;0;2;0;0;0;
MA;210140;BALSAS;0;0;0;0;0;0;39;0;3;2;0;0;0;0;4;0;0;0;2;0;0;0;
TO;171620;PARANÃ;0;1;3;0;13;0;25;0;0;38;2;0;0;3;0;0;0;0;0;1;11;0;
MG;312590;FERROS;0;0;0;0;1;0;1;0;0;0;0;0;0;1;0;0;0;0;0;0;0;0;
PI;221060;SÃO RAIMUNDO NONATO;0;0;0;0;3;0;0;0;0;0;0;0;0;1;1;0;0;0;0;0;0;0;
RS;430780;ESTRELA;0;0;0;0;0;0;8;0;0;6;0;0;0;0;0;0;0;0;0;0;0;0;
SP;352370;ITIRAPUÃ;0;2;7;0;31;0;0;0;0;0;0;0;0;3;0;0;0;0;0;0;0;0;
MG;314370;MORRO DO PILAR;0;0;3;0;9;0;0;0;0;0;0;0;0;0;0;0;0;0;0;0;0;0;
RS;432260;VENÂNCIO AIRES;0;0;0;1;2;0;0;2;0;2;1;0;1;1;0;0;0;0;1;0;0;0;
MG;317020;UBERLÂNDIA;9;2;101;5;233;18;148;151;0;7;2;4;13;167;1;21;2;2;2;0;0;2;
GO;520017;ÁGUA FRIA DE GOIÁS;0;4;2;0;6;2;0;0;0;0;0;0;0;2;0;0;0;0;0;0;0;0;
PE;260110;ARARIPINA;0;0;0;0;0;0;0;0;0;21;0;0;0;0;0;0;0;0;0;0;0;0;
MA;211130;SÃO LUÍS;0;0;2;0;9;0;8;9;0;6;0;0;0;0;0;0;0;2;0;0;0;0;
RS;431075;IVORÁ;2;1;3;1;5;1;3;3;1;1;0;0;0;6;3;0;0;0;1;0;0;0;
MA;211157;SÃO PEDRO DOS CRENTES;0;0;0;0;0;0;0;1;0;9;2;0;0;3;11;0;2;0;0;9;8;1;
BA;291320;IBOTIRAMA;0;0;0;0;0;0;2;0;0;10;0;0;0;0;0;0;0;0;0;0;0;0;
MA;211174;SENADOR ALEXANDRE COSTA;0;0;1;0;1;0;3;5;0;2;0;0;0;0;0;0;0;0;0;0;0;0;
MA;210070;ANAJATUBA;0;0;0;0;1;0;3;0;0;0;0;0;0;9;0;0;0;0;0;0;0;0;
MG;315630;RODEIRO;0;0;1;0;2;0;0;0;0;0;0;0;0;0;3;0;0;0;0;0;0;0;
BA;290200;ARACATU;0;0;1;0;1;0;0;0;0;0;0;0;0;0;0;0;0;0;0;0;0;0;
PE;260600;GARANHUNS;27;34;407;13;1.405;108;462;650;37;494;91;10;27;643;77;10;18;8;21;44;69;79;
SP;354020;PONTAL;7;14;192;8;431;120;1;22;1;205;10;13;7;152;129;0;9;0;1;24;30;0;
SP;350740;BORBOREMA;0;0;34;0;139;0;5;0;0;14;0;2;0;0;390;0;16;0;1;0;13;1;
PI;220440;GILBUÉS;1;1;48;0;203;12;87;79;10;31;0;0;9;16;487;0;3;1;0;1;0;19;
MG;312260;DOM JOAQUIM;0;0;0;0;0;0;0;0;0;0;0;0;0;0;76;0;0;0;0;0;0;0;
PA;150215;CANAÃ DOS CARAJÁS;0;0;0;0;0;0;4;0;0;0;0;0;0;0;0;0;0;0;0;0;0;0;
SP;353030;MIRASSOL;2;0;3;1;21;1;12;6;0;0;0;0;0;0;0;0;0;0;0;0;0;0;
RS;430960;HORIZONTINA;0;0;1;0;1;1;0;0;0;0;0;0;0;0;0;0;0;0;0;0;0;0;
ES;320500;SERRA;0;0;2;0;4;1;0;0;0;0;0;0;0;0;0;1;0;0;0;4;4;0;
MA;210350;COLINAS;0;0;1;0;4;0;2;0;0;0;0;0;0;0;0;0;0;0;0;0;0;0;
SP;354780;SANTO ANDRÉ;1;2;3;0;8;4;0;2;0;12;1;0;0;3;0;0;0;0;0;1;2;8;
BA;292670;RIO DE CONTAS;0;0;0;0;1;2;12;0;0;0;0;0;0;0;0;0;0;0;0;0;0;0;
BA;291685;ITATIM;0;3;6;0;12;48;1;14;0;2;0;0;0;78;996;0;0;0;0;0;0;0;
BA;291660;ITAPITANGA;1;5;46;0;189;12;69;63;4;41;0;2;2;10;0;0;1;0;1;0;8;0;
MT;510190;BRASNORTE;4;2;23;1;67;4;16;17;0;3;1;0;0;4;0;0;2;0;2;0;0;0;
RN;240790;MONTE DAS GAMELEIRAS;0;15;4;0;33;9;8;8;1;15;0;1;0;8;17;0;0;0;0;0;0;0;
RS;431500;PORTO LUCENA;0;0;0;0;0;0;0;1;0;0;0;0;0;0;1;0;0;0;0;0;0;0;
MG;312400;ERVÁLIA;0;0;0;0;0;0;0;0;0;0;0;0;0;0;0;0;2;0;0;0;0;0;
TO;171889;SANTA RITA DO TOCANTINS;0;0;9;0;22;0;0;0;0;0;2;0;0;2;48;0;0;0;0;0;0;0;
MA;210232;BURITICUPU;0;1;7;0;55;0;44;48;7;4;0;0;0;0;0;0;0;3;0;1;0;0;
SC;421220;PAPANDUVA;0;0;10;0;11;2;2;0;0;0;0;0;0;12;2;0;0;0;0;0;0;0;
AP;160005;SERRA DO NAVIO;0;0;0;0;1;0;3;6;0;10;0;1;0;0;1;0;0;0;0;3;3;0;
ES;320320;LINHARES;0;0;0;0;2;0;0;0;0;0;0;0;0;0;0;0;0;0;0;0;0;0;
MA;210740;OLHO D'ÁGUA DAS CUNHÃS;0;0;2;4;7;0;0;0;0;6;0;0;0;0;0;0;0;2;0;0;0;0;
BA;291670;ITAQUARA;0;0;0;0;7;0;0;0;0;0;0;0;0;0;0;0;0;0;0;0;0;0;
PB;251590;SERRARIA;0;0;0;0;2;0;0;16;0;8;0;0;0;0;0;0;0;0;0;0;0;0;
PA;150405;MÃE DO RIO;0;1;0;0;0;3;0;0;0;0;0;0;0;0;0;0;0;0;0;0;0;0;
GO;522180;URUTAÍ;0;0;0;0;1;0;0;0;0;1;0;0;0;0;6;0;0;0;0;0;0;0;
PA;150805;TRAIRÃO;0;0;0;0;2;0;4;0;0;1;0;0;0;0;3;0;0;1;0;0;0;0;
PB;250460;CONDE;0;0;0;0;2;0;0;0;0;2;0;0;0;0;0;0;0;0;0;0;0;0;
PR;412265;ROSÁRIO DO IVAÍ;0;0;0;0;0;0;0;0;0;5;0;0;0;0;0;0;0;0;0;0;0;0;
PE;260250;BREJINHO;0;0;0;0;0;0;0;0;0;2;0;0;0;0;0;0;0;0;0;0;0;0;
MG;312880;GUIDOVAL;20;4;624;8;1.036;61;0;82;3;193;20;2;0;261;76;0;0;0;0;0;0;0;
SP;350650;BIRIGUI;0;4;9;0;24;0;0;0;0;0;0;0;0;0;2;0;0;0;0;0;0;0;
PA;150060;ALTAMIRA;24;18;114;2;298;36;590;236;33;319;4;2;7;65;6;39;0;141;14;0;0;6;
MG;314390;MURIAÉ;0;22;68;4;80;72;1;0;0;3;0;4;21;207;304;0;0;0;1;0;0;0;
BA;292250;NAZARÉ;0;0;33;0;93;7;70;118;16;201;0;0;2;2;49;0;1;0;0;0;0;1;
BA;292145;MIRANTE;1;0;0;0;28;0;8;51;3;26;0;0;0;5;0;0;0;0;0;31;31;1;
PB;251615;SOSSÊGO;0;0;0;0;0;0;0;5;0;37;0;0;0;5;0;0;0;0;0;12;20;0;
MA;210545;JATOBÁ;2;0;1;0;6;0;3;3;0;2;0;0;0;3;0;0;0;0;0;0;1;0;
SP;350600;BAURU;0;0;0;1;0;0;0;0;0;1;0;0;0;0;9;0;0;0;0;0;0;0;
MG;315810;SANTA MARIA DO SALTO;0;0;2;0;9;0;0;7;0;5;0;0;0;0;0;0;0;0;0;0;0;0;
MG;312960;IBIAÍ;1;0;9;0;12;2;3;4;1;2;1;2;0;0;0;0;0;0;0;0;0;0;
PE;260140;BARREIROS;0;0;1;0;1;4;0;0;0;0;0;0;0;0;0;0;0;0;0;0;0;0;
MG;316100;SÃO DOMINGOS DO PRATA;20;13;90;3;406;11;64;121;1;53;0;2;3;191;108;0;3;0;2;2;99;1;
TO;170390;CASEARA;7;2;4;8;31;11;14;5;3;41;5;3;0;16;23;0;1;2;5;0;0;0;
MG;313925;MAMONAS;1;0;3;0;9;0;0;1;0;0;0;0;0;3;120;0;0;0;0;0;0;6;
BA;291210;IBICARAÍ;0;0;2;0;15;0;15;5;0;12;0;0;0;0;114;0;0;0;1;0;0;0;
MA;210667;MILAGRES DO MARANHÃO;0;0;0;0;2;0;0;0;2;6;0;0;0;13;6;0;0;0;0;0;0;0;
SP;351550;FERNANDÓPOLIS;0;0;4;0;2;0;0;0;0;0;0;0;0;6;0;0;0;0;0;0;0;0;
PB;251290;RIO TINTO;0;0;5;0;17;0;0;0;0;0;0;0;0;8;10;0;0;0;0;0;0;0;
PB;250600;ESPERANÇA;0;1;3;2;5;0;0;0;1;0;2;0;0;4;0;0;0;0;0;0;0;0;
PB;251190;PITIMBU;0;0;0;0;0;0;0;0;0;0;0;0;0;1;0;0;0;0;0;0;0;0;
MA;210515;IGARAPÉ DO MEIO;0;0;0;0;1;0;2;0;0;0;0;0;0;0;0;0;0;0;0;0;0;0;
PE;261160;RECIFE;9;4;32;3;129;7;5;18;0;2;0;0;0;37;0;0;20;0;0;0;0;0;
AL;270235;CRAÍBAS;0;0;2;0;1;0;0;0;0;0;0;0;0;0;0;0;0;0;0;0;0;0;
BA;291005;DIAS D'ÁVILA;0;0;0;0;2;0;5;1;0;1;0;0;0;0;0;0;0;0;0;0;0;0;
PB;251080;PATOS;0;1;2;0;3;0;1;1;0;1;0;0;0;2;8;0;0;0;0;0;0;0;
RN;240710;MACAÍBA;0;0;0;0;0;0;4;0;0;0;0;0;0;0;0;0;0;0;0;0;0;0;
MA;211140;SÃO LUÍS GONZAGA DO MARANHÃO;0;0;0;0;0;0;27;93;0;0;0;0;0;0;0;0;0;0;0;0;0;0;
AP;160020;CALÇOENE;9;10;61;2;129;13;37;74;7;208;9;0;0;1;8;0;9;0;0;4;3;16;
GO;522045;SENADOR CANEDO;0;0;7;0;38;2;15;68;1;37;0;0;0;2;0;0;0;0;0;5;5;0;
SE;280060;BARRA DOS COQUEIROS;0;0;2;0;8;2;0;2;0;8;2;0;0;0;0;0;0;0;2;0;0;0;
MG;316570;SENADOR FIRMINO;0;2;1;0;2;0;0;1;0;0;2;0;0;11;4;0;0;0;0;0;0;0;
PA;150548;PACAJÁ;0;0;0;0;1;6;0;0;0;0;0;0;0;0;2;0;0;0;0;0;0;0;
MG;313440;ITURAMA;0;1;4;1;12;0;0;0;0;0;1;1;0;3;5;0;0;0;0;0;0;0;
MA;210110;AXIXÁ;0;0;1;0;9;0;0;0;0;0;0;0;0;0;0;0;0;0;0;0;0;0;
TO;170710;DIVINÓPOLIS DO TOCANTINS;0;0;0;0;0;0;0;0;0;3;0;0;0;0;0;0;0;2;0;0;0;0;
AC;120060;TARAUACÁ;0;0;0;0;0;0;1;0;0;0;0;0;0;0;0;0;0;0;0;0;0;0;
PB;251500;SÃO MIGUEL DE TAIPU;0;0;0;0;3;0;0;2;0;9;0;0;0;2;0;0;0;0;0;0;0;0;
MA;211110;SÃO JOÃO DOS PATOS;0;0;1;0;3;0;0;4;0;0;0;0;0;0;2;0;0;0;0;0;0;0;
MG;315980;SANTA VITÓRIA;4;1;21;1;28;64;1;6;0;42;1;2;3;16;59;6;0;1;1;21;21;0;
MA;210125;BACABEIRA;0;0;0;0;1;0;1;0;0;2;0;0;0;0;0;0;0;0;0;0;0;0;
PE;261330;SÃO JOAQUIM DO MONTE;0;0;0;0;1;0;0;17;0;0;0;0;0;0;0;0;0;0;0;0;0;0;
TO;171855;RIACHINHO;0;0;0;0;0;0;3;0;0;0;0;0;0;0;0;0;0;0;0;0;0;0;
BA;291955;LUÍS EDUARDO MAGALHÃES;179;29;60;1;560;373;588;204;39;165;24;48;66;129;9;2;1;11;1;22;362;0;
BA;291072;EUNÁPOLIS;1;1;27;0;70;3;34;27;7;58;0;0;0;5;12;0;0;9;4;17;25;0;
MG;314880;PEDRA DO ANTA;0;0;4;2;6;0;0;0;0;2;0;0;0;4;0;0;0;0;0;0;0;0;
BA;291125;GAVIÃO;0;0;0;0;18;1;13;8;0;6;0;0;0;4;0;0;0;0;0;2;4;8;
SP;351130;CEDRAL;0;0;2;0;4;0;0;0;0;0;0;0;0;0;0;0;0;0;0;0;0;0;
PB;251120;PEDRAS DE FOGO;1;0;0;0;0;0;1;1;0;0;0;0;0;0;0;0;0;0;0;0;0;0;
MG;313240;ITAJUBÁ;0;0;0;0;0;0;0;0;0;0;0;0;0;0;1;0;0;0;0;0;0;0;
PB;251398;SÃO FRANCISCO;5;0;15;0;48;1;9;15;0;20;4;1;0;6;32;0;0;0;1;2;3;0;
PB;251630;SUMÉ;0;0;0;0;0;0;2;5;0;1;0;0;0;2;0;0;0;0;0;0;1;0;
SP;351250;COROADOS;0;0;0;0;0;0;2;0;0;1;0;0;0;0;1;0;0;0;0;0;0;0;
ES;320490;SÃO MATEUS;0;0;6;0;0;1;15;14;1;52;0;0;0;1;0;0;8;0;0;4;22;0;
PR;410370;CAMBÉ;1;2;3;0;5;4;1;2;0;1;0;0;0;3;0;1;0;0;0;0;0;0;
MA;210596;LAGOA GRANDE DO MARANHÃO;1;0;8;1;38;0;49;29;2;41;0;0;0;3;0;0;0;0;0;0;0;0;
MA;210923;PRESIDENTE MÉDICI;2;0;2;0;18;2;22;4;0;0;0;0;0;0;24;0;0;0;0;0;0;0;
PB;250020;AGUIAR;1;0;73;3;221;2;46;82;4;37;0;0;0;48;0;0;3;0;0;5;26;0;
MA;210810;PAULO RAMOS;1;0;3;0;13;4;16;30;0;10;0;0;0;0;14;0;4;0;0;1;5;8;
MT;510631;NOVO SANTO ANTÔNIO;4;0;1;0;25;0;6;14;1;78;0;0;0;0;40;0;0;6;0;0;1;0;
RS;431870;SÃO LEOPOLDO;0;1;0;0;0;0;2;3;0;1;0;0;0;0;0;0;0;0;0;0;0;0;
PE;260660;IBIMIRIM;0;0;0;0;2;0;0;3;0;1;0;0;0;0;0;0;0;0;0;0;0;0;
MG;311580;CENTRALINA;0;0;8;0;22;16;0;6;0;6;6;0;0;2;2;0;0;0;0;0;0;0;
BA;292405;PÉ DE SERRA;0;0;0;0;0;0;0;0;0;2;0;0;0;0;0;0;0;0;0;0;0;0;
RO;110170;URUPÁ;0;0;0;0;4;0;0;0;0;0;0;0;0;0;0;0;0;0;0;0;0;0;
PB;250680;INGÁ;0;0;0;0;3;0;3;0;1;0;0;0;0;5;0;0;0;0;0;0;0;0;
BA;293015;SERRA DO RAMALHO;13;13;43;2;182;8;192;267;13;84;4;6;0;23;28;0;6;4;1;2;56;3;
PB;251390;SÃO BENTO;3;4;26;1;81;5;59;26;10;80;1;5;0;181;8;0;1;0;4;23;36;0;
MA;211227;TUFILÂNDIA;5;4;21;10;84;39;39;100;3;27;13;41;0;8;186;0;0;3;0;15;0;2;
MA;210207;BOM LUGAR;3;4;3;6;11;2;18;18;0;15;0;0;0;0;2;0;0;0;0;0;0;0;
RJ;330330;NITERÓI;0;1;0;0;1;1;0;1;0;3;1;0;0;0;0;0;0;0;0;0;0;2;
PE;261140;PRIMAVERA;0;0;4;0;8;0;2;1;0;0;0;0;0;1;0;0;0;0;0;0;0;0;
MG;310630;BELO ORIENTE;0;0;0;0;17;1;0;0;0;0;0;0;0;0;0;0;0;0;0;0;0;0;
PA;150140;BELÉM;0;0;0;0;0;0;1;0;0;0;0;0;0;0;0;0;0;0;0;0;0;0;
BA;291915;LAPÃO;0;0;0;0;0;0;1;0;0;0;0;0;0;0;0;0;0;0;0;0;0;0;
SP;354805;SANTO ANTÔNIO DO ARACANGUÁ;0;0;0;0;0;0;0;0;0;0;0;0;0;0;1;0;0;0;0;0;0;0;
MA;210780;PARNARAMA;0;0;19;0;59;3;64;47;1;5;0;0;0;3;0;0;0;1;0;0;0;0;
SC;421550;SANTA CECÍLIA;0;0;0;0;0;0;0;0;0;10;0;0;0;0;0;0;3;0;0;0;0;0;
BA;290260;BAIXA GRANDE;0;0;1;0;12;0;0;12;0;0;0;0;0;0;0;0;0;0;0;0;0;0;
BA;291080;FEIRA DE SANTANA;0;0;0;0;6;0;7;0;0;2;0;0;2;0;1;0;0;0;0;0;2;0;
MA;210550;JOÃO LISBOA;0;0;7;1;43;2;16;30;1;25;15;2;0;1;0;0;0;0;2;0;0;0;
SC;420370;CANELINHA;0;0;0;0;0;0;0;0;0;0;0;0;0;4;0;0;0;0;0;0;0;0;
PI;220275;COLÔNIA DO GURGUÉIA;0;4;0;0;3;12;0;0;0;0;0;0;0;0;0;0;0;0;0;0;0;0;
AM;130356;RIO PRETO DA EVA;0;0;0;0;0;0;0;0;0;0;0;0;0;0;1;0;0;0;0;0;0;0;
PB;250375;CAJAZEIRINHAS;0;0;0;0;0;0;0;1;0;0;0;0;0;0;0;0;0;0;0;0;0;0;
SP;355715;ZACARIAS;1;0;0;0;0;0;0;0;0;0;0;0;0;0;0;0;0;0;0;0;0;0;
RN;240810;NATAL;1;0;7;0;15;4;1;12;0;14;0;0;0;6;6;0;0;0;0;4;9;8;
PR;412120;QUITANDINHA;0;0;0;0;2;2;1;0;2;0;0;0;0;2;0;0;0;0;0;0;0;0;
AP;160015;PEDRA BRANCA DO AMAPARI;0;1;0;0;1;0;0;1;1;0;0;0;0;0;0;0;0;0;0;0;0;0;
RJ;330470;SANTO ANTÔNIO DE PÁDUA;0;0;1;0;1;0;0;0;0;0;0;0;0;2;0;0;0;0;0;0;0;0;
PB;250660;IBIARA;3;12;64;5;262;24;29;47;2;132;7;4;3;141;593;0;1;0;0;0;0;0;
SP;354360;RIFAINA;0;2;13;1;16;28;1;0;0;0;1;2;0;48;14;0;0;0;0;0;0;0;
AP;160010;AMAPÁ;62;8;1;0;147;71;42;3;4;9;27;32;11;2;0;0;0;1;1;0;0;0;
MA;211120;SÃO JOSÉ DE RIBAMAR;7;0;49;0;110;9;50;149;8;76;5;1;1;2;3;1;3;2;0;0;0;0;
TO;171790;PONTE ALTA DO TOCANTINS;0;0;0;0;4;1;0;0;0;3;0;0;0;1;0;0;0;1;0;0;0;0;
SP;353400;ONDA VERDE;6;6;25;5;62;3;0;1;1;0;5;1;0;37;3;0;0;0;0;0;0;0;
ES;320120;CACHOEIRO DE ITAPEMIRIM;2;0;0;0;5;1;0;0;0;11;0;0;0;0;0;0;0;0;0;0;1;0;
PR;410770;FÊNIX;0;0;0;0;0;0;0;0;4;0;0;0;0;0;0;0;0;0;0;0;0;0;
RS;430545;CIDREIRA;0;0;6;0;7;0;1;5;0;2;0;0;0;0;0;0;0;0;0;0;0;0;
BA;290270;BARRA;34;29;33;1;218;10;107;161;15;496;10;5;0;24;7;0;0;6;2;6;77;12;
PB;250640;GURINHÉM;0;1;22;0;88;3;44;83;2;98;0;0;0;0;0;0;0;1;0;0;0;0;
RJ;330400;PIRAÍ;0;0;0;0;0;0;0;0;0;0;0;0;0;0;15;0;0;0;0;0;0;0;
PR;412400;SANTANA DO ITARARÉ;0;36;0;0;0;47;0;0;0;0;0;0;0;0;0;0;0;0;0;0;0;0;
PB;250940;MOGEIRO;0;0;0;0;2;0;0;0;0;2;0;0;0;6;0;0;0;0;0;0;0;0;
CE;231330;TAUÁ;0;0;6;0;15;0;0;0;4;0;0;0;0;0;0;0;0;0;0;0;0;0;
MS;500370;DOURADOS;0;0;4;0;10;0;0;1;0;2;0;0;1;3;0;0;0;0;0;0;0;0;
MA;210580;LAGO DO JUNCO;4;6;8;0;22;2;6;8;2;2;2;0;0;0;10;0;0;4;0;0;24;0;
MG;315737;SANTA CRUZ DE SALINAS;2;0;0;1;4;0;0;1;0;0;0;0;0;3;0;0;0;0;0;0;0;0;
BA;292470;PIRIPÁ;0;0;0;0;0;1;0;0;0;0;0;0;4;0;0;0;0;0;0;0;0;0;
MA;210380;DOM PEDRO;13;2;110;4;446;21;41;297;10;91;10;9;1;8;61;5;65;5;0;1;0;0;
RN;240830;NOVA CRUZ;9;3;172;3;572;16;143;130;12;275;4;1;211;86;26;0;0;1;4;2;1;0;
MG;314280;MONTE ALEGRE DE MINAS;0;2;2;0;7;0;0;0;0;4;0;0;0;2;6;0;0;0;0;0;3;0;
PB;251020;NOVA OLINDA;0;1;1;0;2;0;0;0;0;0;1;0;0;3;0;0;0;0;0;0;0;0;
MA;210090;ARAIOSES;0;0;23;2;24;0;0;28;2;27;5;1;0;0;0;0;0;0;0;0;0;0;
PB;250380;CALDAS BRANDÃO;0;0;2;0;18;0;46;49;2;128;0;0;0;20;0;0;0;0;0;0;0;0;
SP;351770;GUARÁ;0;0;1;0;6;0;0;0;2;1;0;0;0;14;0;0;0;0;0;0;0;0;
BA;291420;IRAJUBA;3;0;2;0;3;0;0;11;0;1;0;0;0;0;0;0;0;0;0;0;0;0;
BA;291170;GUANAMBI;0;0;1;0;12;1;1;1;0;0;0;0;0;0;0;0;0;0;0;0;0;0;
MG;314655;PAI PEDRO;0;0;0;0;0;0;0;0;0;19;0;0;0;0;0;0;0;0;0;0;15;0;
MG;312770;GOVERNADOR VALADARES;0;0;2;0;8;2;3;1;1;0;0;2;0;2;0;0;0;0;0;0;0;0;
BA;291810;JEREMOABO;0;0;0;0;0;0;0;2;0;0;0;0;0;0;0;0;0;0;0;0;0;0;
PE;261320;SÃO JOÃO;6;0;3;0;16;2;5;17;2;16;0;0;0;0;0;0;0;0;0;0;9;0;
SP;355475;TRABIJU;1;0;1;0;7;0;0;0;0;0;0;0;0;0;0;0;0;0;0;0;0;0;
MA;211290;VITÓRIA DO MEARIM;0;9;90;0;338;65;117;103;22;100;0;0;0;3;93;0;0;4;1;14;15;0;
PR;412200;RIO AZUL;0;0;6;0;9;28;1;0;0;3;0;4;0;38;29;0;0;0;0;0;0;0;
RN;240820;NÍSIA FLORESTA;1;4;5;0;10;9;20;24;4;30;0;0;0;1;58;0;0;0;0;1;0;0;
MA;211170;SÃO VICENTE FERRER;0;0;0;0;0;0;0;0;0;0;0;0;0;0;45;0;0;0;0;0;0;0;
BA;290590;CAMPO ALEGRE DE LOURDES;0;0;2;0;29;0;19;3;1;21;0;0;0;0;0;0;0;0;0;0;16;0;
SP;353300;NOVA GRANADA;9;0;0;0;0;0;0;0;0;0;2;1;1;1;0;0;0;0;0;0;0;0;
PR;410400;CAMPINA GRANDE DO SUL;0;0;0;0;6;0;0;2;0;0;0;0;0;0;0;0;0;0;0;0;0;0;
MA;210820;PEDREIRAS;0;0;0;0;3;0;0;0;0;4;0;0;0;0;9;0;0;0;0;0;0;0;
MA;210745;OLINDA NOVA DO MARANHÃO;1;0;56;0;166;0;127;289;4;168;0;23;23;43;298;0;0;0;0;0;0;0;
PR;412780;TOMAZINA;0;0;4;2;12;0;38;2;0;2;0;0;0;26;0;0;0;0;0;24;0;0;
AP;160055;PRACUÚBA;0;0;16;0;73;6;66;70;6;91;0;4;4;2;7;0;0;0;0;0;0;0;
BA;291700;ITIÚBA;0;1;0;0;0;20;0;149;0;0;0;0;0;0;0;0;0;0;0;0;0;0;
MG;313930;MANGA;0;0;0;0;0;0;12;4;0;0;0;0;0;0;0;0;0;0;0;0;0;0;
MG;314800;PATOS DE MINAS;0;0;1;0;0;0;1;0;1;0;0;0;0;6;1;0;0;0;0;0;3;0;
PR;410410;CAMPO DO TENENTE;0;0;3;4;12;0;0;12;1;0;0;0;0;10;0;0;0;0;0;0;0;0;
MA;210750;PAÇO DO LUMIAR;1;0;25;0;76;2;48;141;1;112;1;0;1;5;3;0;0;2;2;0;0;0;
PB;250390;CAMALAÚ;0;0;1;0;2;0;0;1;0;1;0;0;0;1;5;0;0;0;0;0;0;0;
SE;280210;ESTÂNCIA;0;0;0;0;2;0;6;3;0;29;0;0;0;0;0;1;0;0;0;2;2;0;
PB;251455;SÃO JOSÉ DE PRINCESA;0;0;0;0;1;0;3;0;0;1;0;0;0;1;4;0;0;0;0;0;0;0;
RN;240450;GUAMARÉ;0;0;0;0;0;0;7;6;0;20;0;0;0;0;1;0;0;0;0;0;0;0;
RN;240530;JANUÁRIO CICCO;0;0;0;0;0;0;0;0;2;0;0;0;0;0;0;0;0;0;0;0;0;0;
RJ;330370;PARAÍBA DO SUL;0;0;12;0;12;0;0;0;0;0;0;0;0;0;10;0;0;0;0;0;0;0;
SP;350080;ALFREDO MARCONDES;0;1;14;0;35;4;1;2;0;0;1;1;0;11;0;0;0;0;0;0;0;0;
MA;210850;PINDARÉ-MIRIM;0;1;6;0;19;5;36;165;2;183;0;0;0;0;310;0;0;4;0;0;0;0;
PI;220430;FRONTEIRAS;0;0;7;0;10;0;0;0;0;3;0;0;0;6;11;0;0;0;0;0;0;0;
AP;160040;MAZAGÃO;0;2;5;0;21;3;24;0;0;15;0;0;0;34;0;0;0;0;0;0;0;0;
PB;250535;DAMIÃO;0;0;1;0;13;0;3;3;0;2;0;0;0;0;5;0;0;0;0;0;0;0;
MA;210370;CURURUPU;0;0;16;0;69;0;4;19;0;20;0;0;0;0;0;0;0;0;0;0;0;0;
RS;432140;TENENTE PORTELA;0;0;0;0;0;0;0;0;0;0;0;0;0;0;0;0;0;0;0;2;2;0;
BA;290830;CONCEIÇÃO DO ALMEIDA;2;0;34;0;84;0;33;27;1;57;0;0;0;9;15;0;0;0;5;0;0;0;
BA;290750;CATU;0;0;11;0;30;0;11;11;1;90;1;1;0;0;6;0;0;0;0;9;18;0;
BA;290110;AMÉLIA RODRIGUES;0;0;8;0;74;2;12;11;0;2;0;0;0;0;0;0;0;0;0;0;0;0;
MA;210927;PRESIDENTE SARNEY;0;0;0;0;0;0;6;8;0;1;0;0;0;0;0;0;0;0;0;0;0;0;
RJ;330010;ANGRA DOS REIS;0;1;0;0;5;0;1;0;0;4;0;0;0;0;0;0;0;0;0;1;1;0;
GO;520420;CACHOEIRA DE GOIÁS;0;0;0;0;1;0;0;0;0;0;0;0;0;0;0;0;0;0;0;0;0;0;
SC;421755;SERRA ALTA;0;4;0;0;0;13;0;0;0;0;0;0;0;0;0;0;0;0;0;0;0;0;
MT;510719;RIBEIRÃOZINHO;0;0;2;0;2;12;0;0;0;0;0;0;0;0;0;0;0;0;0;0;0;0;
MG;311260;CAPINÓPOLIS;0;0;2;0;9;1;0;1;0;12;0;0;0;0;6;0;0;1;0;6;34;0;
RJ;330310;NATIVIDADE;0;0;0;0;3;0;0;0;0;0;0;0;0;4;0;0;0;0;0;0;0;0;
MA;210980;SANTA HELENA;0;0;4;0;1;0;1;0;0;0;0;0;0;0;0;0;0;0;0;0;0;0;
BA;291730;ITUBERÁ;0;6;33;0;47;55;4;16;3;6;2;1;0;6;2;0;2;0;2;1;0;56;
MA;211167;SÃO ROBERTO;8;2;51;0;156;18;90;186;4;96;0;0;0;10;4;0;0;2;0;0;0;8;
RN;240120;ARÊS;19;7;3;0;23;8;13;53;0;70;4;0;0;6;0;0;0;0;0;0;0;0;
RN;241200;SÃO GONÇALO DO AMARANTE;1;0;2;0;3;1;5;5;0;20;0;0;0;0;3;0;0;0;0;0;10;0;
RN;240210;CAMPO REDONDO;0;0;0;0;0;0;0;3;0;4;0;0;0;0;2;0;0;0;0;0;0;0;
AP;160021;CUTIAS;0;0;16;0;37;1;39;73;1;44;0;0;0;0;0;0;0;0;0;0;0;0;
PB;250090;ARARA;0;4;0;0;21;4;4;2;0;1;1;0;0;0;0;0;0;0;0;0;0;2;
PB;250710;ITAPOROROCA;0;0;0;0;4;0;0;1;0;1;0;0;0;2;0;0;0;0;0;0;0;0;
PB;251680;TRIUNFO;0;0;0;0;1;0;0;0;0;0;0;0;0;0;0;0;0;0;0;0;0;0;
MG;315570;RIO PIRACICABA;0;0;2;0;4;0;0;1;0;0;5;0;0;0;0;0;0;0;0;0;0;0;
BA;290485;CABACEIRAS DO PARAGUAÇU;0;0;3;0;4;0;1;0;0;0;0;0;0;1;0;0;0;0;0;0;0;0;
MG;312460;ESTRELA DALVA;0;0;0;0;1;0;0;0;0;5;2;0;0;0;0;0;0;0;1;0;0;0;
SP;353130;MONTE ALTO;0;0;0;0;0;0;0;0;0;0;0;0;0;0;4;0;0;0;0;0;0;0;
PB;250355;CACIMBAS;0;0;0;0;0;0;18;0;0;0;0;0;0;0;0;0;0;0;0;0;0;0;
RS;432180;TRÊS DE MAIO;0;0;0;0;0;0;0;0;0;0;0;0;0;10;0;0;0;0;0;0;0;0;
MT;510610;NOSSA SENHORA DO LIVRAMENTO;0;0;0;0;0;172;0;0;0;0;0;0;0;0;130;0;0;0;0;0;0;0;
PE;260500;CUPIRA;2;0;0;0;1;1;0;1;0;2;0;0;0;1;0;0;0;0;0;0;0;0;
PA;150295;ELDORADO DOS CARAJÁS;0;0;0;0;0;0;9;0;0;0;0;0;0;0;0;0;0;0;0;0;0;0;
PB;250939;MATURÉIA;0;0;0;0;1;0;0;0;0;1;0;0;0;0;0;0;0;0;0;0;0;0;
SP;355080;SÃO SEBASTIÃO DA GRAMA;0;0;0;0;1;0;0;0;0;0;0;0;0;0;0;0;0;0;0;0;0;0;
PE;261410;SERTÂNIA;34;27;59;6;264;67;223;257;3;515;13;3;2;54;21;0;2;0;1;54;212;8;
MA;210250;CAJARI;0;0;9;0;31;1;96;220;2;29;1;0;0;2;1;0;5;2;1;0;0;0;
RN;241420;TIBAU DO SUL;4;10;80;1;279;18;95;189;3;120;1;6;4;62;79;2;0;0;0;7;32;4;
SP;350390;ARUJÁ;1;6;33;0;32;5;79;65;0;0;0;0;0;3;0;0;0;5;0;14;73;0;
PE;260240;BREJÃO;1;1;19;0;53;5;55;54;8;149;0;1;0;74;149;0;0;0;0;0;9;0;
SP;355560;UCHOA;0;0;14;8;96;0;14;0;0;0;0;0;0;36;0;0;0;0;0;8;48;0;
PE;260100;ANGELIM;2;1;7;3;25;4;33;78;1;47;1;0;0;21;77;0;1;1;0;1;4;1;
MA;211230;TUNTUM;1;2;7;0;42;1;50;13;3;7;0;0;0;2;8;0;0;0;0;0;0;0;
BA;290860;CONDE;34;0;1;0;113;40;25;0;0;1;5;4;7;0;1;0;0;0;0;1;0;6;
MG;311560;CEDRO DO ABAETÉ;0;0;1;0;1;2;0;0;1;0;0;0;0;0;0;0;0;0;0;0;0;0;
PR;411390;MALLET;1;3;3;0;9;6;3;2;0;0;0;0;0;0;4;0;0;0;0;0;0;3;
TO;170555;COMBINADO;0;0;0;0;0;0;0;0;0;0;0;0;0;1;0;0;0;0;0;0;0;0;
TO;171070;ITAGUATINS;0;0;0;0;1;0;0;0;0;0;0;0;0;0;0;2;0;0;0;1;0;0;
MA;210120;BACABAL;16;5;533;2;1.558;23;580;400;55;843;10;2;0;23;434;0;2;60;19;4;12;0;
SC;421570;SANTO AMARO DA IMPERATRIZ;11;6;113;16;278;64;79;121;17;92;6;2;1;175;11;0;7;0;2;45;69;47;
TO;171820;PORTO NACIONAL;0;0;2;0;9;0;1;6;0;0;0;0;0;1;0;0;0;0;0;0;0;0;
RJ;330220;ITAPERUNA;0;0;6;0;7;2;0;0;0;1;0;0;0;0;0;0;0;0;0;0;0;0;
PB;251210;POMBAL;0;1;0;0;2;0;1;0;0;0;0;0;0;0;0;0;0;0;0;0;0;0;
MA;211250;TUTÓIA;0;0;0;0;4;0;2;0;0;0;0;0;0;0;0;0;0;0;0;0;0;0;
SE;280710;SIMÃO DIAS;0;0;1;0;1;0;4;1;0;0;0;0;0;0;0;0;0;0;0;0;0;0;
MG;314505;NOVA PORTEIRINHA;0;0;0;0;2;0;0;0;0;0;0;0;0;0;0;0;0;0;0;0;0;0;
MT;510618;NOVA LACERDA;0;0;0;0;0;0;0;2;0;0;2;0;0;0;0;0;0;0;0;0;0;0;
MA;210055;AMAPÁ DO MARANHÃO;0;0;0;0;3;0;0;0;0;0;0;0;0;0;0;0;0;0;0;0;0;0;
RN;240620;LAGOA D'ANTA;0;9;50;5;140;8;62;91;9;61;3;0;0;85;107;0;3;0;0;0;0;0;
MA;210530;IMPERATRIZ;21;35;380;1;1.207;61;493;933;39;960;11;6;5;245;464;7;3;34;4;5;21;2;
RN;240970;PEDRO AVELINO;1;0;0;0;2;0;0;5;0;16;0;0;0;1;3;0;0;0;0;3;3;0;
MA;210870;PIO XII;0;0;1;0;1;0;3;8;0;0;0;0;0;0;0;0;1;1;0;0;0;0;
MA;210770;PARAIBANO;0;0;12;0;58;2;7;41;5;6;0;0;0;0;0;0;0;0;0;3;3;0;
MG;313550;JEQUERI;0;0;0;0;1;8;0;0;0;0;0;0;0;14;3;0;0;0;0;0;0;0;
PB;250320;CABEDELO;0;0;4;0;7;3;2;3;0;4;0;0;0;3;4;0;0;0;0;0;0;0;
AM;130310;NOVA OLINDA DO NORTE;0;0;2;0;1;2;0;0;0;0;0;0;0;1;1;0;0;0;0;0;0;0;
SP;350440;AVANHANDAVA;0;0;0;0;0;1;0;0;0;0;0;0;0;0;0;0;0;0;0;0;0;0;
RN;241220;SÃO JOSÉ DE MIPIBU;5;4;178;0;610;53;108;186;15;242;18;3;1;135;17;3;0;0;23;17;33;1;
RN;240220;CANGUARETAMA;6;4;260;4;978;42;414;446;47;1.114;24;10;10;132;62;10;12;0;13;56;107;34;
RN;241350;SERRINHA;0;0;1;0;6;1;43;19;2;10;0;0;0;2;0;0;1;0;0;16;64;0;
GO;520430;CAÇU;0;0;5;0;13;2;15;11;2;0;0;0;0;0;0;0;0;0;0;0;17;0;
MA;210860;PINHEIRO;0;0;2;0;26;0;31;29;1;72;0;0;0;0;15;0;0;0;0;0;0;0;
PR;411420;MANDAGUARI;0;0;0;0;0;19;0;0;0;1;0;0;0;0;0;0;0;0;0;0;1;0;
MA;210390;DUQUE BACELAR;0;0;1;1;4;0;4;5;0;0;0;0;0;0;0;0;0;0;0;0;0;0;
RN;241080;RIACHO DE SANTANA;0;1;0;0;5;0;0;0;0;0;0;0;0;2;0;0;0;0;0;0;0;0;
MG;310900;BRUMADINHO;0;0;0;0;0;0;2;2;0;0;0;0;0;0;0;0;0;0;0;0;0;0;
BA;293240;UIBAÍ;0;0;0;0;0;0;0;0;0;0;0;0;0;0;0;0;0;0;0;0;22;0;
BA;292610;RETIROLÂNDIA;0;0;0;0;0;0;0;0;0;0;0;0;0;0;8;0;0;0;0;0;0;0;
RS;431960;SÃO SEPÉ;0;0;0;0;1;0;0;0;0;1;0;0;0;1;1;0;1;0;0;1;1;0;
MS;500350;DOURADINA;0;0;1;0;1;0;3;0;0;0;0;0;0;2;0;0;0;0;0;0;0;0;
PB;250250;BOQUEIRÃO;4;0;2;0;10;0;0;0;0;0;0;0;0;0;0;0;0;0;0;0;0;0;
PE;261640;VITÓRIA DE SANTO ANTÃO;1;0;2;0;4;0;0;0;0;0;0;0;0;1;0;0;0;0;0;0;0;0;
BA;290680;CANSANÇÃO;6;0;18;0;72;2;23;62;2;16;0;1;1;15;2;0;0;0;0;0;0;0;
PB;250030;ALAGOA GRANDE;0;0;1;0;8;0;0;0;0;0;0;0;0;0;0;0;0;0;0;0;0;0;
GO;521190;JATAÍ;0;0;0;0;0;0;6;0;0;10;0;0;0;0;0;0;2;0;0;0;0;0;
BA;292880;SANTO ESTÊVÃO;0;0;0;0;1;0;0;2;0;0;0;0;0;0;0;0;0;0;0;0;0;0;
SP;351940;IBIRÁ;13;49;32;56;136;100;84;141;37;435;10;19;9;42;94;2;11;0;2;7;3;0;
AP;160025;ITAUBAL;0;0;0;0;21;0;8;0;0;17;0;1;0;0;0;0;0;0;0;0;0;0;
BA;292870;SANTO ANTÔNIO DE JESUS;1;0;16;1;42;1;0;1;0;0;1;0;0;43;53;0;0;0;0;0;1;3;
BA;290210;ARACI;0;0;0;0;0;0;0;0;0;5;0;0;0;0;0;0;0;0;0;0;0;0;
AP;160070;TARTARUGALZINHO;1;0;8;0;32;2;65;2;1;11;0;0;0;5;0;0;1;0;0;0;0;0;
PA;150170;BRAGANÇA;0;6;1;0;4;108;0;0;0;0;0;0;0;0;0;0;0;0;0;0;0;0;
PR;412270;SABÁUDIA;1;1;10;7;21;16;0;0;0;0;8;2;0;1;11;0;0;0;0;0;0;20;
MA;210430;GODOFREDO VIANA;1;0;8;0;20;1;10;38;0;19;0;0;0;0;3;2;0;0;0;0;0;0;
PA;150680;SANTARÉM;0;0;0;1;0;0;3;2;1;1;0;0;0;1;0;0;0;0;0;0;0;0;
MA;210590;LAGO VERDE;0;1;0;0;2;0;3;0;0;0;0;0;0;0;0;0;0;1;0;0;0;0;
SP;352770;LUIZIÂNIA;0;0;1;0;1;0;0;0;0;0;0;0;0;0;0;0;0;0;0;0;0;0;
CE;230060;ALTANEIRA;0;0;1;0;7;0;2;0;0;0;0;0;0;0;0;0;0;0;0;0;0;0;
SP;352900;MARÍLIA;0;0;1;0;0;0;0;0;0;0;0;0;0;0;0;0;0;0;0;0;0;0;
SP;350170;AMÉRICO BRASILIENSE;0;0;0;0;0;0;0;0;0;1;0;0;0;0;0;0;1;0;0;0;0;0;
GO;520510;CATALÃO;7;3;23;0;106;15;0;12;0;65;7;2;0;28;6;13;0;0;3;0;0;0;
PE;260890;LIMOEIRO;0;9;25;0;42;34;11;8;0;16;0;1;0;27;17;0;0;0;0;0;0;0;
RN;240630;LAGOA DE PEDRAS;4;2;30;0;91;2;58;177;1;22;3;0;0;16;8;1;3;0;0;0;4;33;
MA;210440;GONÇALVES DIAS;1;9;34;1;136;25;68;168;3;127;7;0;0;5;3;0;1;8;2;0;0;10;
BA;290090;ALMADINA;3;4;11;0;33;1;7;3;0;29;0;1;0;24;0;0;0;0;1;0;0;0;
SC;420460;CRICIÚMA;0;0;48;1;160;73;0;0;0;0;13;9;8;0;0;0;0;0;0;0;0;6;
MA;210890;POÇÃO DE PEDRAS;3;0;33;0;262;0;63;376;4;823;1;0;0;2;41;0;0;4;0;0;42;3;
CE;231126;QUITERIANÓPOLIS;0;0;0;0;0;0;0;0;0;0;0;0;0;46;270;0;0;0;0;0;0;0;
SP;354600;SANTA BRANCA;0;0;0;0;0;0;0;0;0;0;0;0;0;0;2;0;0;0;0;0;0;0;
SP;351750;GUAPIAÇU;21;11;130;19;260;83;34;43;7;118;55;20;3;154;48;0;2;0;1;0;93;0;
BA;291690;ITIRUÇU;0;0;0;0;0;0;0;0;0;2;0;0;0;0;0;0;0;0;0;0;0;0;
BA;292840;SANTA RITA DE CÁSSIA;0;0;0;0;0;0;0;8;0;0;0;0;0;0;18;0;0;0;0;0;0;0;
GO;520025;ÁGUAS LINDAS DE GOIÁS;3;0;5;0;17;0;3;1;0;0;2;0;0;0;0;0;0;0;0;0;0;0;
PR;410380;CAMBIRA;0;0;0;3;2;0;56;8;14;10;0;0;0;52;43;0;0;0;0;0;1;0;
PE;260910;MACHADOS;0;0;1;0;3;0;0;0;0;0;0;0;0;0;0;0;0;0;0;0;0;0;
SE;280130;CAPELA;0;0;0;0;0;0;0;1;0;0;6;0;0;0;0;0;0;0;0;0;1;0;
MA;210460;GOVERNADOR EUGÊNIO BARROS;17;11;24;0;87;15;96;234;1;179;4;2;0;61;254;1;17;5;7;2;5;2;
SP;354260;REGISTRO;4;1;14;0;48;3;59;71;8;110;0;1;0;14;76;0;0;0;2;17;31;0;
RS;430471;CARAÁ;0;0;0;0;0;0;0;0;0;0;0;0;0;0;2;0;0;0;0;0;0;0;
RJ;330227;JAPERI;2;1;3;0;14;6;1;9;0;19;2;1;0;1;1;1;0;0;0;0;0;0;
GO;521487;NOVA IGUAÇU DE GOIÁS;0;0;0;0;0;0;0;0;0;0;0;0;0;157;0;0;0;0;0;0;0;0;
RN;241500;VILA FLOR;0;0;0;0;3;0;0;4;0;10;0;0;0;2;0;0;0;0;0;0;0;0;
BA;293080;SOUTO SOARES;0;0;0;0;2;0;0;0;0;0;0;0;0;0;0;0;0;0;0;0;0;0;
GO;521630;PARANAIGUARA;2;0;2;0;2;0;1;0;0;0;0;0;1;0;0;0;0;0;0;0;0;0;
MA;211000;SANTA LUZIA;0;1;0;0;0;0;1;6;0;3;0;0;0;0;0;0;0;0;0;0;0;0;
SP;353325;NOVAIS;0;0;17;0;36;0;7;0;0;1;0;0;0;2;149;0;0;0;0;0;0;0;
MA;210220;BURITI;6;12;64;4;307;8;218;402;12;158;5;0;2;70;141;2;0;2;2;0;25;0;
RS;430740;ESMERALDA;0;0;3;0;20;1;3;0;0;0;0;0;0;7;0;0;0;0;0;0;0;0;
MG;314670;PALMA;4;0;9;0;56;2;1;30;2;52;0;0;0;23;0;0;0;0;0;0;0;0;
SE;280067;BOQUIM;0;0;2;0;18;0;0;0;0;2;0;0;0;0;0;0;0;0;0;0;0;0;
AP;160027;LARANJAL DO JARI;0;0;15;0;61;1;59;86;4;126;0;0;0;1;11;0;1;1;0;0;0;0;
RS;432032;SENADOR SALGADO FILHO;0;0;0;0;2;0;4;0;0;0;0;0;0;0;0;0;0;0;0;1;1;0;
BA;291400;IPIRÁ;0;0;2;0;11;0;1;5;0;11;0;0;0;0;0;0;0;0;0;0;0;0;
BA;291950;LIVRAMENTO DE NOSSA SENHORA;0;0;2;0;1;0;0;0;0;0;0;0;0;0;0;0;0;0;0;0;0;0;
TO;172100;PALMAS;0;0;1;0;0;0;1;0;8;0;0;0;0;0;0;0;0;0;0;0;0;0;
PB;250990;NATUBA;0;0;0;0;0;0;0;0;0;0;0;0;0;0;19;0;0;0;0;0;0;0;
RS;431100;JAGUARÃO;0;0;0;0;0;3;0;0;0;0;0;0;0;0;0;0;0;0;0;0;0;0;
SE;280140;CARIRA;0;0;0;0;0;0;1;0;0;1;0;0;0;1;0;0;0;0;0;0;0;0;
SP;354640;SANTA CRUZ DO RIO PARDO;0;0;0;0;0;0;0;0;0;0;0;0;0;0;2;0;0;0;0;0;0;0;
RN;240980;PEDRO VELHO;5;2;62;0;160;14;36;247;8;66;1;4;1;14;40;0;0;5;0;2;0;2;
AC;120010;BRASILÉIA;0;0;0;0;0;0;0;0;0;0;0;0;0;0;4;0;0;0;0;0;0;0;
SP;353210;MURUTINGA DO SUL;0;2;0;0;0;50;0;0;0;0;0;0;0;0;10;0;0;0;0;0;0;0;
SC;420320;CAMBORIÚ;0;43;1;0;0;148;0;52;0;0;0;0;0;0;0;0;0;0;0;0;0;0;
MG;312090;CURVELO;0;2;4;2;10;2;7;1;1;0;0;0;0;5;18;0;0;0;0;0;2;0;
CE;230765;MARACANAÚ;0;0;2;0;6;3;0;0;0;0;0;0;0;1;0;0;0;0;0;0;0;0;
BA;291740;JACARACI;0;18;0;0;0;4;0;0;0;0;0;0;0;0;0;0;0;0;0;0;0;0;
MG;312330;DORES DO TURVO;0;0;0;0;0;0;0;0;0;0;0;0;0;10;0;0;0;0;0;0;0;0;
RJ;330170;DUQUE DE CAXIAS;0;0;0;0;2;0;2;0;0;1;0;0;0;0;0;0;0;0;0;0;0;0;
MG;314600;OURO FINO;0;0;0;0;2;0;0;0;0;0;0;0;0;0;2;0;0;0;0;0;0;0;
RS;431490;PORTO ALEGRE;0;0;1;0;7;1;4;0;0;0;1;0;0;3;0;0;1;0;0;0;0;5;
RJ;330045;BELFORD ROXO;0;0;1;0;12;0;0;0;0;0;0;0;0;0;0;0;0;0;0;0;0;0;
TO;171900;SANTA TEREZA DO TOCANTINS;0;0;0;0;4;0;0;0;0;0;0;0;0;0;0;0;0;0;0;2;0;0;
SP;353290;NOVA EUROPA;10;2;153;6;271;103;6;32;0;40;19;9;10;301;83;5;0;1;1;0;0;0;
MG;310825;BONITO DE MINAS;0;2;26;0;51;53;31;7;2;0;0;0;0;23;769;0;1;2;0;0;0;0;
BA;290120;ANAGÉ;3;1;28;2;190;11;37;83;8;34;3;1;0;34;3;0;0;5;0;3;3;7;
SP;354980;SÃO JOSÉ DO RIO PRETO;0;8;8;0;9;1;0;0;0;0;1;17;6;2;0;0;0;0;4;0;0;0;
TO;172080;SÍTIO NOVO DO TOCANTINS;0;0;0;0;2;0;4;12;0;19;0;2;0;0;0;0;0;0;0;0;0;0;
PA;150720;SÃO DOMINGOS DO CAPIM;0;0;0;0;1;0;0;4;0;0;0;0;0;0;0;0;0;0;0;0;0;0;
MA;210930;PRESIDENTE VARGAS;4;3;4;0;13;0;80;32;2;71;0;0;0;6;49;8;0;6;0;6;22;0;
PE;261250;SANTA CRUZ DO CAPIBARIBE;0;0;24;0;3;38;0;1.267;0;0;0;0;0;17;2;0;0;0;0;0;0;0;
RS;430860;GARIBALDI;4;0;22;3;80;0;6;9;0;0;0;0;0;10;0;0;0;0;0;0;71;0;
SC;421830;TRÊS BARRAS;5;1;25;5;100;4;20;3;2;1;7;4;5;17;1;0;0;0;0;20;20;0;
PB;250730;JACARAÚ;0;0;0;0;2;0;0;0;0;0;0;0;0;0;0;0;0;0;0;0;0;0;
RS;430670;DONA FRANCISCA;0;0;1;0;3;0;0;0;0;0;0;0;0;29;0;0;0;0;0;0;0;0;
RN;240280;CORONEL EZEQUIEL;0;0;1;0;2;0;8;0;0;0;0;0;0;0;0;0;0;0;0;0;0;0;
PB;250890;MAMANGUAPE;0;1;3;0;33;1;0;2;0;2;0;1;0;1;0;0;0;0;0;0;0;0;
RJ;330150;CORDEIRO;0;0;0;0;13;0;0;0;0;0;0;0;0;13;1;0;0;0;0;0;0;0;
AM;130190;ITACOATIARA;0;0;1;0;2;0;0;0;0;2;0;0;0;0;1;0;0;0;0;0;0;0;
PA;150180;BREVES;0;0;0;0;5;0;0;0;0;0;0;0;0;0;13;0;0;0;0;0;0;0;
BA;291270;IBIRAPITANGA;0;0;2;0;3;1;0;0;0;4;0;0;0;0;0;0;0;0;0;0;0;0;
MA;210845;PERITORÓ;5;0;2;0;1;0;24;13;0;3;0;0;0;0;0;0;0;3;1;0;0;0;
PE;261510;TEREZINHA;1;3;5;0;42;5;40;36;0;9;0;2;7;64;38;23;2;2;0;1;6;0;
PE;260760;ILHA DE ITAMARACÁ;2;0;21;0;72;8;71;99;12;36;1;2;0;33;12;0;0;0;1;10;11;0;
PB;250560;DIAMANTE;78;8;119;0;330;65;43;101;5;187;7;3;0;89;616;1;10;3;0;24;4;2;
GO;521878;RIO QUENTE;0;0;9;0;24;0;20;0;3;7;0;0;0;0;0;0;3;0;0;0;3;0;
SP;352090;IPAUSSU;1;0;46;1;113;1;11;0;2;0;31;5;4;6;63;1;0;1;0;0;0;49;
RN;240610;JUCURUTU;11;0;38;0;159;12;32;147;3;139;1;1;1;3;8;0;0;0;0;22;26;0;
BA;292500;PLANALTO;0;0;0;0;3;0;0;8;0;10;0;0;0;0;4;0;0;0;0;0;0;0;
MA;210462;GOVERNADOR LUIZ ROCHA;1;0;4;0;6;0;2;8;0;4;0;0;0;0;1;0;0;0;0;0;0;0;
BA;292770;SANTA CRUZ CABRÁLIA;0;0;0;0;2;1;6;3;0;1;1;0;0;1;0;1;0;0;0;0;0;0;
BA;290410;BOQUIRA;0;0;0;0;0;0;0;0;0;0;0;0;0;0;8;0;0;0;0;0;0;0;
PI;220700;OEIRAS;0;0;1;0;6;0;2;1;0;2;0;0;0;1;0;0;0;0;0;0;0;0;
RN;240780;MONTE ALEGRE;19;9;148;0;498;24;179;311;11;324;8;6;1;177;125;0;3;0;2;20;83;10;
PB;251490;SÃO MAMEDE;6;7;71;0;458;41;83;123;10;74;1;0;0;94;12;1;1;0;0;2;2;0;
ES;320190;DOMINGOS MARTINS;0;0;1;0;8;0;0;0;0;1;0;0;0;5;0;0;0;0;0;0;0;0;
SP;354540;SALTO GRANDE;1;0;22;0;72;2;20;50;0;8;8;1;0;5;0;0;0;0;1;0;0;0;
SP;353715;PEDRINHAS PAULISTA;0;264;2;0;0;266;0;0;0;0;0;0;0;0;0;0;0;0;0;0;0;0;
GO;520520;CATURAÍ;0;15;25;0;40;12;38;3;2;38;4;5;3;12;8;21;10;4;0;5;23;3;
PB;250630;GUARABIRA;0;0;0;0;7;0;0;2;0;3;0;0;0;0;0;0;0;0;0;0;1;0;
MS;500793;SONORA;0;0;0;0;1;2;0;0;0;1;0;0;0;0;0;2;0;0;0;0;0;0;
PB;251470;SÃO JOSÉ DO SABUGI;7;28;41;0;212;52;52;55;6;32;1;1;0;53;0;7;1;0;0;0;25;10;
SP;355160;SERRA NEGRA;0;0;50;4;239;18;55;88;2;276;0;0;3;129;10;0;0;8;0;4;25;0;
TO;171280;MAURILÂNDIA DO TOCANTINS;1;5;40;1;133;49;33;76;1;56;4;2;1;7;1;1;0;1;0;0;19;0;
BA;290390;BOM JESUS DA LAPA;1;2;22;1;154;6;15;51;0;75;4;3;0;10;5;0;2;0;0;3;0;0;
PE;260940;MORENO;0;1;2;0;2;0;17;15;1;25;0;0;0;2;0;0;1;0;2;0;23;0;
MT;510035;ALTO BOA VISTA;0;2;6;2;16;0;7;10;8;6;0;0;0;2;92;0;0;8;0;78;76;2;
BA;290470;BUERAREMA;17;4;84;1;210;14;19;18;2;52;3;3;0;7;1;37;0;0;3;0;3;0;
BA;290540;CAIRU;0;0;0;0;0;0;0;0;0;0;0;0;0;7;0;0;0;0;0;0;0;0;
MG;314610;OURO PRETO;0;0;0;0;0;1;0;1;0;1;0;0;0;0;0;0;0;0;0;3;5;0;
MG;313560;JEQUITAÍ;0;0;0;0;0;0;0;0;0;0;0;0;0;14;10;0;0;0;0;0;0;0;
PB;250850;LIVRAMENTO;0;0;1;0;3;0;0;0;0;5;0;0;0;1;2;0;0;0;0;0;0;0;
PB;251140;PICUÍ;0;0;0;0;0;0;2;0;0;2;0;0;0;0;0;0;0;0;0;0;0;0;
SP;353050;MOCOCA;4;4;59;2;137;22;0;28;6;7;13;3;1;41;6;5;2;0;0;1;0;3;
SP;354080;POTIRENDABA;0;0;19;3;61;0;0;1;0;0;0;1;0;41;0;0;0;0;0;0;0;0;
PB;250510;CUITÉ;84;22;199;37;775;79;146;323;24;666;28;4;7;235;19;13;16;0;0;86;113;47;
RN;241310;SENADOR ELÓI DE SOUZA;0;0;12;0;28;9;9;16;2;32;0;0;0;20;8;0;0;0;0;0;0;0;
BA;292330;OURIÇANGAS;7;0;0;0;0;0;0;0;0;0;0;0;0;0;0;0;0;0;0;0;0;0;
AM;130260;MANAUS;0;3;8;0;13;6;9;21;1;57;0;0;0;2;2;0;0;0;0;2;15;0;
RS;430510;CAXIAS DO SUL;1;1;5;6;14;6;5;5;0;6;1;1;0;6;1;0;0;0;0;2;4;0;
GO;521530;ORIZONA;0;0;4;2;15;0;1;0;0;0;2;0;0;0;13;0;0;0;0;0;0;0;
BA;291085;FILADÉLFIA;0;0;0;0;0;0;0;0;0;0;0;0;0;1;11;0;0;0;0;0;0;0;
PB;251310;SALGADO DE SÃO FÉLIX;0;0;4;0;9;0;0;4;0;25;0;0;0;0;0;0;0;0;0;0;6;0;
SP;352640;LARANJAL PAULISTA;0;0;0;4;0;0;1;1;0;0;0;1;1;0;7;0;0;0;0;3;1;0;
PB;250330;CACHOEIRA DOS ÍNDIOS;0;0;1;0;0;0;0;1;0;2;0;0;0;0;0;0;0;0;0;0;0;0;
PB;251207;POÇO DE JOSÉ DE MOURA;0;0;0;0;0;0;0;0;0;2;0;0;0;0;0;0;0;0;0;0;0;0;
MG;317010;UBERABA;0;0;40;4;92;16;17;8;4;36;9;4;2;28;4;1;1;0;2;5;19;0;
PB;250550;VISTA SERRANA;4;2;36;0;345;0;54;86;28;263;0;0;0;117;0;0;0;0;0;0;0;0;
MA;210095;ARAME;6;2;8;0;67;8;107;57;0;6;14;0;0;0;2;2;6;2;0;0;0;33;
MA;210160;BARRA DO CORDA;12;1;9;0;22;4;25;26;2;23;3;0;0;0;46;0;0;0;0;53;17;17;
PE;261080;PEDRA;1;0;0;0;0;0;0;0;0;1;0;0;0;0;0;0;0;0;0;0;0;0;
SC;420110;ANITÁPOLIS;0;0;0;0;0;0;0;0;0;0;0;0;0;0;2;0;0;0;0;0;0;0;
PE;260880;LAJEDO;0;0;1;0;2;0;0;0;0;0;0;0;0;29;0;0;0;0;0;0;0;0;
MA;210542;ITINGA DO MARANHÃO;0;0;0;0;1;0;0;0;0;1;0;0;0;0;0;0;0;1;0;0;0;0;
BA;292530;PORTO SEGURO;2;7;88;5;269;33;60;54;7;98;2;1;0;115;301;0;20;6;0;8;8;15;
MA;210170;BARREIRINHAS;3;4;35;0;70;10;22;73;1;48;0;0;0;10;3;1;4;1;1;15;16;30;
PE;260680;IGARASSU;2;0;77;0;285;2;72;77;8;65;0;0;0;46;2;0;2;5;6;2;68;0;
PB;251430;SÃO JOSÉ DE CAIANA;11;8;35;4;367;6;164;142;6;295;2;0;2;67;33;0;0;2;0;46;54;0;
MA;211260;URBANO SANTOS;0;3;3;0;3;1;59;43;2;37;0;0;0;0;1;0;0;0;0;0;0;0;
SP;353750;PEREIRAS;3;0;1;0;1;1;0;0;0;0;2;0;1;0;1;0;0;0;0;0;0;0;
GO;521310;MINEIROS;1;0;0;0;1;0;0;0;1;1;0;0;0;0;4;0;0;0;0;0;0;0;
MA;210680;MIRINZAL;0;0;0;0;1;0;0;0;0;0;0;0;0;0;0;0;0;0;0;0;0;0;
AL;270070;BATALHA;0;0;5;0;5;0;0;0;0;0;0;0;0;14;3;0;0;0;0;0;0;0;
TO;171610;PARAÍSO DO TOCANTINS;0;0;0;0;1;0;4;0;6;7;0;0;0;0;0;0;0;0;0;0;0;0;
BA;290550;CALDEIRÃO GRANDE;0;0;0;0;4;0;0;0;0;0;0;0;0;0;2;0;0;0;0;0;0;0;
BA;291120;GANDU;0;0;0;0;0;0;0;1;0;0;0;0;0;0;0;0;0;0;0;0;0;0;
RN;240350;ESPÍRITO SANTO;9;2;88;2;372;16;94;156;2;153;2;2;1;40;0;4;0;0;2;0;0;0;
GO;520800;FORMOSA;2;264;0;0;0;74;0;11;0;0;0;0;0;0;1;0;0;0;0;0;0;0;
GO;520850;GOIANDIRA;10;2;21;2;80;25;1;5;0;16;5;3;1;63;39;33;0;0;0;2;0;3;
BA;292040;MANOEL VITORINO;0;0;15;0;132;0;24;27;2;31;0;0;0;0;2;0;0;0;0;0;0;0;
GO;521890;RUBIATABA;0;3;0;0;3;0;0;0;0;0;0;0;0;1;0;13;0;0;0;0;0;0;
MA;210030;ALDEIAS ALTAS;1;0;3;0;16;2;53;32;1;45;0;0;0;2;13;0;0;0;0;0;6;0;
MG;315180;POÇOS DE CALDAS;0;0;0;0;1;1;0;0;0;0;0;0;0;7;2;0;0;0;0;0;0;1;
SC;421630;SÃO JOÃO BATISTA;0;0;1;0;4;0;0;0;0;0;1;0;0;2;0;0;0;0;0;0;0;0;
PI;220190;BOM JESUS;14;46;99;2;968;63;252;390;2;163;37;2;2;101;387;3;6;9;0;52;53;24;
SP;354330;RIBEIRÃO PIRES;1;2;0;0;0;0;0;10;0;0;0;0;0;1;0;0;0;0;0;0;0;0;
MS;500660;PONTA PORÃ;0;0;35;0;37;0;104;57;14;43;0;0;0;0;2;0;1;2;4;0;1;0;
SP;350210;ANDRADINA;14;3;80;10;169;32;12;31;3;46;14;2;0;33;11;0;0;0;0;2;0;0;
PE;260410;CARUARU;0;0;35;0;43;8;1;2;0;0;0;2;2;27;295;0;0;0;0;0;0;0;
AP;160050;OIAPOQUE;0;6;18;8;84;12;76;120;2;68;18;0;0;4;70;2;62;0;8;2;22;8;
SP;355260;TABAPUÃ;0;0;28;0;99;0;0;0;0;0;0;0;0;0;0;0;0;0;0;0;0;0;
RN;240660;LAGOA SALGADA;0;0;0;0;32;0;35;19;1;13;0;0;0;0;0;0;0;0;0;0;0;0;
BA;291465;ITABELA;3;0;8;0;26;0;2;1;0;0;1;2;4;2;4;1;0;0;0;0;6;0;
MG;315560;RIO PARDO DE MINAS;0;0;0;0;0;0;0;0;0;0;0;0;0;2;0;0;0;0;0;0;0;0;
SP;355535;UBARANA;0;1;2;0;3;1;0;0;0;0;0;1;0;0;0;0;0;0;0;0;0;0;
PB;251710;VÁRZEA;22;8;72;2;273;115;68;176;4;58;20;16;4;148;38;2;6;0;2;14;4;0;
BA;291830;JITAÚNA;6;6;76;0;246;8;38;140;4;189;0;11;0;26;102;0;0;0;1;1;11;0;
BA;292110;MEDEIROS NETO;0;0;1;0;4;1;27;0;0;24;0;0;0;0;0;0;0;4;0;18;20;0;
PB;251597;SOBRADO;24;1;80;0;369;16;115;218;5;335;4;2;0;123;127;0;0;0;0;0;0;0;
SP;350460;BADY BASSITT;1;0;38;3;92;0;0;0;0;0;0;1;0;62;0;0;0;0;2;0;0;0;
RN;240940;PAU DOS FERROS;0;0;0;0;0;2;0;0;0;0;0;0;2;118;42;0;0;0;0;0;0;0;
RN;240770;MONTANHAS;26;2;51;8;259;7;37;88;9;256;16;2;0;61;189;0;0;0;0;0;0;0;
RN;240485;ITAJÁ;0;0;0;0;0;0;0;0;0;0;0;0;0;39;138;0;0;0;0;0;0;0;
PB;250077;APARECIDA;0;1;0;0;0;1;0;0;0;2;0;0;0;0;10;0;0;0;0;0;0;0;
CE;230445;FORTIM;0;0;1;0;2;0;3;0;0;0;0;0;0;0;0;0;0;0;0;0;0;0;
PR;412280;SALGADO FILHO;0;0;0;0;0;0;0;0;0;0;0;0;0;0;6;0;0;0;0;0;0;0;
RS;430642;DOIS IRMÃOS DAS MISSÕES;0;0;3;0;2;18;0;0;0;0;0;0;0;0;9;0;0;0;0;0;0;0;
RN;240870;PARAÚ;0;0;0;0;0;0;0;0;0;0;0;0;0;12;9;0;0;0;0;0;0;0;
PB;250400;CAMPINA GRANDE;2;0;2;0;4;0;3;5;0;14;0;0;0;0;0;0;3;0;0;6;6;0;
RS;431535;QUINZE DE NOVEMBRO;0;0;0;0;2;0;1;0;0;0;0;0;0;0;0;0;0;0;0;0;0;0;
PB;250100;ARARUNA;0;0;0;0;0;0;0;0;0;0;0;0;0;0;0;0;0;0;0;2;1;0;
BA;292650;RIBEIRA DO AMPARO;0;1;1;0;24;3;20;0;0;18;0;0;0;6;6;0;0;0;0;0;0;0;
RN;241150;SANTO ANTÔNIO;2;16;114;3;466;19;198;820;20;367;5;5;1;147;35;0;1;0;0;53;54;27;
GO;522068;SIMOLÂNDIA;0;0;26;2;78;14;65;17;3;51;22;6;0;32;0;0;2;0;0;2;10;0;
RS;430367;CAMPESTRE DA SERRA;4;0;47;6;162;98;1;8;0;28;23;22;2;81;2;0;0;0;0;0;0;0;
MA;210355;CONCEIÇÃO DO LAGO-AÇU;0;1;3;3;17;0;16;15;2;11;2;1;0;0;173;0;0;2;0;0;0;0;
PE;260860;LAGOA DO OURO;0;0;12;0;48;0;19;45;1;101;0;0;0;11;8;0;0;0;0;0;2;1;
TO;171180;JUARINA;0;0;3;0;12;0;2;0;0;0;0;0;1;0;0;0;0;0;0;0;0;1;
RJ;330460;SANTA MARIA MADALENA;0;0;0;0;5;0;0;0;0;13;0;0;0;0;6;0;0;0;0;0;0;0;
MT;510562;MIRASSOL D'OESTE;0;59;1;0;0;60;0;0;0;0;0;0;0;0;0;0;0;0;0;0;0;0;
RN;241110;RUY BARBOSA;2;0;56;0;424;2;32;19;9;88;0;0;0;52;256;0;0;0;0;28;28;6;
MA;211060;SÃO BERNARDO;0;0;1;0;10;3;137;5;3;3;0;0;0;0;0;0;0;0;0;0;15;0;
MA;210540;ITAPECURU MIRIM;1;0;44;1;107;17;31;50;2;23;2;0;1;21;410;0;0;0;0;0;13;0;
RS;430040;ALEGRETE;58;0;1;0;146;9;6;0;1;29;3;12;1;1;0;0;2;0;0;4;3;0;
MA;210720;NINA RODRIGUES;2;1;12;0;45;1;87;43;0;23;1;0;0;1;0;0;0;1;0;0;25;0;
MG;313620;JOÃO MONLEVADE;0;0;15;1;41;1;16;38;2;57;1;1;0;15;46;0;0;0;0;0;0;0;
AM;130060;BENJAMIN CONSTANT;0;0;0;0;1;0;6;0;0;0;0;0;0;1;0;0;0;0;0;0;0;0;
PR;411370;LONDRINA;2;0;17;0;20;2;4;1;0;12;1;0;0;3;16;5;0;0;0;0;10;3;
BA;290770;CHORROCHÓ;0;0;0;0;0;0;5;0;0;6;0;0;0;0;2;0;0;0;0;0;0;0;
MA;210594;LAGO DOS RODRIGUES;0;0;0;0;0;0;0;4;0;0;0;0;0;0;0;0;0;0;0;0;0;0;
SC;420830;ITAPEMA;30;23;95;6;384;43;285;202;1;5;4;3;4;266;7;0;6;0;0;0;0;0;
PA;150510;ÓBIDOS;0;0;0;0;0;0;1;2;0;3;0;0;0;0;0;0;0;0;0;0;0;0;
RN;240615;JUNDIÁ;0;0;0;0;3;1;2;82;0;18;0;0;0;40;10;0;0;0;0;0;0;0;
MG;310370;ARAPONGA;0;0;0;0;0;0;0;0;0;28;0;4;0;16;97;0;0;0;0;0;0;0;
ES;320501;SOORETAMA;2;6;26;0;48;0;19;9;0;5;0;0;0;9;2;0;1;0;0;0;0;0;
MG;317070;VARGINHA;0;0;0;0;0;0;0;425;0;0;0;0;3;66;0;0;0;0;0;0;0;0;
RN;240020;AÇU;0;5;10;0;11;7;0;0;0;0;0;0;0;0;46;0;0;0;0;0;0;0;
MG;314830;PAULA CÂNDIDO;0;0;0;0;0;0;0;0;0;0;0;0;0;4;0;0;0;0;0;0;0;0;
MG;311080;CAMPANÁRIO;0;0;0;0;0;0;2;12;0;0;0;0;0;0;58;0;0;0;0;0;0;0;
RO;110030;VILHENA;0;0;0;0;0;0;3;0;0;0;0;0;0;0;0;0;0;0;0;0;0;0;
SP;351170;CHARQUEADA;0;0;62;6;136;6;2;0;6;26;14;4;0;24;2;0;0;0;0;0;0;0;
SP;350320;ARARAQUARA;51;27;594;52;1.223;223;148;400;26;708;63;34;16;660;477;64;49;2;4;145;275;112;
MA;210203;BOM JESUS DAS SELVAS;2;4;59;0;233;9;152;90;12;113;11;10;0;1;2;3;1;1;2;17;22;0;
BA;292575;PRESIDENTE TANCREDO NEVES;0;0;61;2;169;1;104;255;12;162;2;1;1;13;82;0;0;0;4;0;0;0;
PB;251100;PEDRA BRANCA;16;2;70;2;248;6;97;356;12;128;0;2;0;109;0;4;2;0;0;42;48;0;
SP;351790;GUARACI;0;0;0;0;8;0;0;0;0;0;0;0;0;4;1.133;0;0;0;0;0;0;0;
MA;210040;ALTAMIRA DO MARANHÃO;0;9;15;1;81;9;13;53;2;14;0;3;0;0;50;0;0;5;0;0;0;0;
SP;352010;IGARAPAVA;0;2;28;0;43;8;2;9;0;21;2;0;0;15;72;0;0;0;1;0;0;1;
TO;171845;PUGMIL;0;0;0;0;0;1;0;1;0;0;0;0;0;0;8;0;0;0;0;0;0;0;
BA;290700;CARDEAL DA SILVA;0;0;1;0;2;0;0;0;0;0;0;0;0;1;0;0;0;0;0;0;0;0;
MG;313065;INDAIABIRA;0;0;0;0;1;0;0;0;0;0;0;0;0;4;11;0;0;0;0;0;0;0;
RS;430995;IBIRAPUITÃ;0;0;2;0;2;2;0;0;0;0;0;0;0;0;0;0;0;0;0;0;0;0;
MA;211180;SÍTIO NOVO;1;175;2;0;0;125;0;587;0;0;0;0;0;0;82;0;0;0;0;0;0;0;
AP;160030;MACAPÁ;10;1;96;3;277;33;138;146;27;259;9;3;0;34;64;1;8;6;2;0;7;1;
PE;260005;ABREU E LIMA;0;0;9;0;24;2;19;28;1;20;0;0;0;18;0;0;12;0;0;2;9;0;
PE;260825;JUCATI;21;20;15;0;63;1;30;48;4;93;1;0;0;21;11;0;0;0;0;0;0;0;
RS;430210;BENTO GONÇALVES;0;0;0;0;0;0;0;0;0;0;9;0;6;0;0;0;0;0;0;0;0;0;
MG;315800;SANTA MARIA DE ITABIRA;2;1;12;2;52;0;0;8;0;8;1;0;0;9;1;0;0;2;1;0;5;4;
PB;251270;REMÍGIO;63;0;78;1;344;64;76;89;2;46;22;6;0;41;6;1;0;1;0;8;6;3;
PR;412410;SANTO ANTÔNIO DA PLATINA;0;0;4;0;2;4;0;28;0;15;0;0;0;7;0;0;0;0;0;0;0;0;
SP;350550;BARRETOS;107;0;0;0;1;44;7;5;4;1;53;80;0;116;0;0;2;0;0;0;0;0;
MA;210020;ALCÂNTARA;0;0;0;0;8;0;0;0;0;0;0;0;0;0;0;0;0;0;0;0;0;0;
AP;160060;SANTANA;1;0;7;0;22;5;17;6;4;13;0;1;0;0;2;0;0;0;0;0;0;0;
SP;354270;RESTINGA;0;0;2;0;5;0;2;2;1;0;0;1;0;1;5;0;0;0;0;0;0;0;
RJ;330350;NOVA IGUAÇU;0;1;2;0;5;1;2;0;0;0;0;0;0;0;0;0;0;0;0;0;0;0;
SP;354105;PRATÂNIA;0;0;0;0;1;0;0;0;1;0;0;0;0;0;0;0;0;0;0;0;0;0;
BA;290070;ALAGOINHAS;0;0;0;0;0;0;1;1;0;7;0;0;0;0;0;0;0;0;0;0;0;0;
BA;291100;FLORESTA AZUL;0;0;0;0;0;1;0;0;0;0;0;0;0;2;5;0;0;0;0;0;0;0;
RJ;330560;SILVA JARDIM;0;0;0;0;0;0;0;1;0;2;0;0;0;0;2;0;0;0;0;0;0;0;
PB;251600;SOLÂNEA;29;8;177;13;837;97;201;369;15;450;0;2;0;187;560;0;0;0;4;39;122;0;
MA;210955;RIBAMAR FIQUENE;8;12;55;4;170;16;140;85;4;299;24;12;2;44;855;0;2;0;8;6;6;2;
PB;250750;JOÃO PESSOA;0;0;8;0;19;3;6;4;0;26;0;0;0;17;13;0;0;0;0;0;2;0;
MA;210177;BELA VISTA DO MARANHÃO;8;0;3;0;24;3;4;64;0;5;0;0;0;19;43;0;0;0;0;0;0;0;
BA;292310;OLINDINA;0;0;0;0;0;0;1;0;0;0;0;0;0;0;0;0;0;0;0;0;0;0;
BA;291920;LAURO DE FREITAS;2;0;11;0;14;19;12;21;2;30;0;0;0;70;0;0;0;0;0;0;0;0;
MA;210260;CÂNDIDO MENDES;2;0;7;1;23;0;9;47;0;4;4;0;0;0;2;0;1;0;0;1;1;5;
MG;316935;TRÊS MARIAS;0;0;0;0;1;0;0;0;0;0;0;0;0;0;0;0;0;0;0;0;0;0;
PE;261360;SÃO JOSÉ DO EGITO;0;0;0;0;1;0;0;3;0;0;0;0;0;2;6;0;0;0;0;0;0;0;
MG;315200;POMPÉU;0;0;6;0;10;5;2;0;0;2;0;0;0;2;0;0;0;0;0;0;0;0;
RJ;330414;QUEIMADOS;0;0;2;0;5;0;0;0;0;1;0;0;0;0;5;0;0;0;0;0;0;0;
MG;314250;MONJOLOS;0;0;0;0;2;3;0;0;0;0;0;0;0;0;0;0;0;0;0;0;0;0;
SP;350870;CACONDE;0;0;6;0;2;4;0;0;0;0;0;0;0;0;0;0;0;0;0;0;0;0;
MT;510180;BARRA DO GARÇAS;0;0;2;0;6;0;1;6;0;0;2;0;0;0;0;0;0;0;0;0;0;0;
SP;354880;SÃO CAETANO DO SUL;0;0;1;0;1;0;0;0;0;0;1;0;0;1;0;0;0;0;0;0;0;0;
MA;210340;COELHO NETO;0;2;6;1;43;2;43;127;0;25;1;0;0;0;0;0;0;0;0;0;0;3;
AP;160053;PORTO GRANDE;0;0;1;0;2;0;30;0;0;10;0;0;0;1;0;0;0;1;0;0;0;0;
BA;290560;CAMACAN;0;4;30;0;76;28;0;8;0;0;8;6;1;29;207;0;0;2;0;0;0;0;
SP;354140;PRESIDENTE PRUDENTE;76;0;5;2;86;11;10;17;2;15;48;38;0;0;22;0;0;0;0;0;4;1;
MA;210880;PIRAPEMAS;0;1;5;0;9;1;53;75;5;74;0;0;0;27;306;0;0;0;3;0;0;0;
PA;150430;MARACANÃ;0;0;2;0;5;1;32;23;2;25;1;1;0;0;0;0;0;0;3;2;1;1;
MA;210520;IGARAPÉ GRANDE;7;3;4;0;5;2;0;1;1;2;1;0;0;1;14;0;0;0;0;0;0;0;
RN;241470;VÁRZEA;1;0;0;0;17;18;27;2;0;2;1;0;0;0;9;0;0;0;0;0;28;0;
SC;420290;BRUSQUE;0;4;23;0;15;42;6;7;0;1;0;0;0;22;102;0;0;0;0;0;0;0;
AL;270830;SÃO JOSÉ DA LAJE;0;0;1;0;2;0;0;5;0;0;0;0;0;0;0;0;0;0;0;0;0;0;
PB;251465;SÃO JOSÉ DO BREJO DO CRUZ;26;13;13;5;43;43;20;30;0;140;28;21;0;11;13;0;0;0;0;0;0;0;
PI;221100;TERESINA;10;1;0;0;7;0;13;5;0;18;2;3;4;1;1;1;0;0;0;0;0;0;
RN;240570;JARDIM DO SERIDÓ;0;0;0;0;0;0;0;0;0;0;0;0;0;0;3;0;0;0;0;0;0;0;
MA;210320;CHAPADINHA;14;15;78;5;202;63;152;157;19;72;22;11;5;15;3;0;21;1;5;9;4;0;
BA;290180;ANTÔNIO GONÇALVES;6;6;81;0;296;68;69;151;1;212;17;15;2;63;205;2;34;0;0;37;69;4;
RS;431470;PLANALTO;0;0;0;0;0;0;0;0;0;0;0;0;0;0;2;0;0;0;0;0;0;0;
MA;210592;LAGOA DO MATO;0;0;8;0;60;0;8;0;0;0;0;0;0;0;0;0;0;0;0;0;4;0;
SE;280530;PIRAMBU;1;0;0;0;0;1;0;0;2;1;0;0;0;1;0;0;0;0;0;0;0;0;
BA;292510;POÇÕES;2;1;55;8;248;6;92;68;6;71;2;3;0;14;342;0;1;0;0;2;26;0;
RJ;330420;RESENDE;148;0;54;57;364;36;29;244;0;0;2;2;0;205;0;0;0;0;0;0;171;0;
CE;230600;IRACEMA;0;0;0;0;0;0;0;0;0;0;0;0;0;9;0;0;0;0;0;0;0;0;
CE;230870;MORADA NOVA;0;0;1;0;4;0;0;0;0;0;0;0;0;2;11;0;0;0;0;0;0;0;
BA;291010;DOM BASÍLIO;2;0;1;0;21;1;0;0;0;0;0;0;0;3;0;0;0;0;0;0;0;0;
PB;250160;BARRA DE SANTA ROSA;0;0;0;0;5;0;0;6;0;0;0;0;0;4;2;0;0;0;0;0;0;0;
CE;230170;AURORA;0;0;0;0;0;0;6;0;0;0;0;0;0;0;0;0;0;0;0;0;0;0;
SE;280730;TELHA;0;0;0;0;1;0;0;2;0;0;0;0;0;0;8;0;0;0;0;0;0;0;
MG;314770;PASSA TEMPO;2;0;0;0;0;1;0;0;0;0;0;0;0;0;0;0;0;0;0;0;0;0;
RN;241290;SÃO TOMÉ;0;0;0;0;0;0;0;3;0;0;0;0;0;0;0;0;0;0;0;0;0;0;
MA;210570;LAGO DA PEDRA;7;8;63;7;205;23;128;943;26;612;71;20;3;4;10;0;5;0;0;0;0;1;
SP;353100;MONÇÕES;0;0;0;0;0;0;0;0;0;0;0;0;0;0;3;0;0;0;0;0;0;0;
PE;261530;TIMBAÚBA;1;0;6;0;39;6;9;14;0;15;0;0;0;14;6;0;0;0;0;0;0;1;
MA;211153;SÃO PEDRO DA ÁGUA BRANCA;5;2;2;0;12;2;10;44;4;19;0;0;0;0;0;0;6;0;0;0;14;0;
BA;291735;JABORANDI;0;0;0;0;0;0;0;0;0;12;0;0;0;0;0;0;0;0;0;16;0;0;
SP;350510;BARBOSA;0;0;13;0;24;2;89;2;8;148;2;0;0;4;0;0;0;0;0;0;7;0;
RN;241230;SÃO JOSÉ DO CAMPESTRE;0;0;10;0;17;0;15;29;0;94;0;0;0;90;6;0;0;0;0;0;0;0;
PI;220196;BRASILEIRA;0;0;0;0;6;7;1;2;0;0;0;0;0;0;120;0;0;0;0;0;0;0;
TO;171830;PRAIA NORTE;0;0;1;0;5;0;0;0;0;0;0;0;0;0;22;0;0;4;0;0;0;0;
MG;313535;JAPONVAR;0;0;0;0;0;0;0;120;0;0;0;0;0;3;0;0;0;0;0;0;0;0;
SP;352940;MAUÁ;0;0;0;0;1;1;0;0;0;0;0;0;0;4;4;0;0;0;0;0;0;0;
MG;310490;BAEPENDI;0;0;1;0;3;1;0;5;0;0;0;1;0;0;0;0;0;0;0;0;1;0;
AP;160023;FERREIRA GOMES;2;0;5;0;13;1;2;49;0;33;0;0;0;0;0;0;0;0;0;0;0;0;
MA;211040;SÃO BENEDITO DO RIO PRETO;0;0;0;0;1;0;0;4;0;5;0;0;0;0;0;0;0;0;0;0;0;0;
SP;352044;ILHA SOLTEIRA;0;0;0;0;0;0;0;0;0;2;0;0;0;0;0;0;0;0;0;0;2;0;
MT;510840;VÁRZEA GRANDE;0;0;0;0;0;0;0;1;0;0;0;0;0;0;0;0;0;0;0;0;0;0;
BA;292180;MORTUGABA;0;0;58;0;71;6;10;148;0;0;0;0;0;0;0;0;0;0;0;0;0;0;
BA;293160;TEOLÂNDIA;2;4;20;0;48;32;33;144;2;116;0;0;1;59;90;0;0;0;0;0;3;0;
MA;210405;ESTREITO;0;0;0;0;1;0;16;10;0;0;0;0;0;0;7;0;0;0;0;0;0;0;
SP;351980;ICÉM;1;0;37;2;92;16;9;10;1;68;1;1;0;24;181;0;0;0;4;16;12;0;
SP;350280;ARAÇATUBA;1;14;121;1;238;19;6;5;6;63;2;3;4;14;99;125;4;0;1;32;44;3;
PB;250820;LAGOA DE DENTRO;0;0;0;0;0;0;1;0;1;8;0;0;0;0;0;0;0;0;0;0;0;0;
SP;351380;DIADEMA;0;0;17;0;65;2;0;0;0;14;0;0;0;20;0;0;0;0;0;0;0;0;
PI;220415;FRANCISCO MACEDO;0;0;18;0;70;0;5;0;0;0;0;0;0;0;0;0;0;0;0;0;0;0;
MA;210900;PORTO FRANCO;0;0;0;0;0;0;0;0;0;0;0;0;0;0;4;0;0;0;0;0;0;0;
PA;150550;PARAGOMINAS;0;0;3;0;12;0;0;0;0;0;0;0;0;0;0;0;0;0;0;0;0;0;
PB;250860;LUCENA;0;0;0;0;0;0;1;0;0;0;0;0;0;0;0;0;0;0;0;0;0;0;
PI;220170;BERTOLÍNIA;0;0;0;0;0;0;0;0;0;0;0;0;0;4;5;0;0;0;0;0;0;0;
MA;211100;SÃO JOÃO BATISTA;1;0;110;0;230;0;90;406;8;374;0;0;0;15;33;0;1;1;1;0;0;0;
SP;353420;ORINDIÚVA;5;14;196;3;309;88;2;6;0;137;15;5;0;95;25;4;1;1;2;0;0;0;
BA;292105;MATINA;0;0;4;0;8;1;12;1;0;46;0;0;0;1;0;0;0;0;0;11;3;2;
MA;210535;ITAIPAVA DO GRAJAÚ;1;2;10;0;52;1;40;42;3;4;0;0;0;0;0;0;0;0;0;0;0;0;
PA;150290;CURUÇÁ;0;0;0;0;0;0;0;1;4;0;0;0;0;0;0;0;0;0;0;0;0;0;
MA;211050;SÃO BENTO;0;0;6;0;25;2;0;5;0;1;1;0;0;0;0;0;0;0;0;0;0;0;
BA;290840;CONCEIÇÃO DO COITÉ;0;10;10;0;28;20;0;0;0;0;0;0;0;8;2;0;0;0;0;0;0;0;
PA;150240;CASTANHAL;0;98;61;0;136;31;11;57;0;1;1;0;0;18;125;0;0;0;0;0;0;0;
BA;293135;TEIXEIRA DE FREITAS;777;15;34;10;682;423;262;18;5;77;226;167;46;57;14;20;12;8;29;27;62;28;
SE;280490;PACATUBA;0;0;2;0;1;0;11;0;0;15;0;0;0;0;0;0;0;0;0;0;0;0;
MA;211163;SÃO RAIMUNDO DO DOCA BEZERRA;0;0;1;0;12;0;15;60;0;33;0;0;0;0;7;0;0;0;0;0;0;0;
MG;313665;JUATUBA;0;0;1;0;1;0;0;0;0;0;0;0;0;0;0;0;0;0;0;0;0;0;
PI;221063;SEBASTIÃO LEAL;0;2;8;0;99;7;7;90;0;43;0;0;0;20;48;2;0;0;0;6;2;0;
BA;292810;SANTA MARIA DA VITÓRIA;0;88;1;0;1;24;0;0;0;1;0;0;0;1;0;0;0;0;0;0;0;0;
PR;410980;IBIPORÃ;2;0;0;0;0;0;2;0;0;0;0;0;0;0;0;0;0;0;0;0;0;0;
MA;210990;SANTA INÊS;0;0;1;0;2;1;3;0;0;1;0;0;0;0;25;0;0;1;0;0;0;0;
PR;412850;WENCESLAU BRAZ;0;0;0;0;0;0;0;0;0;1;0;0;0;0;0;0;0;0;0;0;0;0;
BA;292560;PRESIDENTE DUTRA;0;0;0;0;1;0;0;0;0;1;0;0;0;0;0;0;0;0;0;0;0;0;
RN;240420;GOIANINHA;146;5;82;1;445;83;155;146;5;266;40;8;3;24;26;0;1;0;0;25;40;7;
BA;293310;VÁRZEA DO POÇO;0;0;34;0;183;0;29;64;0;106;0;0;0;22;0;0;0;0;0;2;20;33;
GO;521550;OUVIDOR;1;1;8;0;17;3;8;11;0;11;1;2;1;10;0;0;0;0;0;2;2;0;
MG;310710;BOA ESPERANÇA;0;0;3;0;8;0;0;3;0;1;0;0;0;2;0;0;0;0;0;1;0;1;
PE;260520;ESCADA;0;0;0;0;0;0;0;10;0;0;0;0;0;0;0;0;0;0;0;0;0;0;
MA;211176;SENADOR LA ROCQUE;0;0;0;0;6;0;0;6;0;0;0;0;0;4;2;0;0;0;0;0;0;0;
SE;280550;POÇO VERDE;0;0;0;0;0;0;8;0;0;11;1;0;0;0;0;0;0;1;0;0;0;0;
AC;120033;MÂNCIO LIMA;0;0;0;0;1;0;1;0;0;0;0;0;0;0;0;0;0;0;0;0;0;0;
MA;211270;VARGEM GRANDE;4;5;31;1;78;34;170;114;2;77;4;2;0;52;556;0;22;0;3;2;2;14;
BA;290327;BARROCAS;8;5;30;8;76;17;91;91;7;140;4;2;2;14;1;0;0;0;2;0;4;0;
BA;292260;NILO PEÇANHA;0;0;0;0;30;0;15;0;2;0;0;0;0;0;0;0;0;0;0;0;0;0;
TO;171250;MARIANÓPOLIS DO TOCANTINS;0;0;0;0;0;0;0;0;0;10;0;0;0;8;43;0;7;1;0;8;6;0;
BA;291450;IRARÁ;0;0;0;0;0;0;0;0;0;0;0;0;0;0;58;0;0;0;0;0;0;0;
MA;210300;CAXIAS;0;0;0;0;1;0;7;8;0;0;0;0;0;0;0;0;0;0;0;0;0;0;
MG;314630;PADRE PARAÍSO;0;0;5;0;0;0;1;0;0;0;0;0;0;0;6;0;0;0;0;0;0;0;
PB;250370;CAJAZEIRAS;0;0;0;0;12;0;2;0;0;5;0;0;0;1;26;0;0;0;0;4;2;0;
CE;230530;IBIAPINA;0;0;9;0;16;1;2;0;0;1;0;0;0;0;0;0;0;0;0;1;0;0;
PI;220510;ITAUEIRA;0;0;0;0;4;0;2;3;0;1;0;0;0;1;0;0;0;0;0;0;0;0;
RJ;330285;MESQUITA;0;0;3;0;11;0;0;0;0;1;0;0;0;2;0;0;0;0;0;0;1;0;
RN;240180;BREJINHO;9;14;86;0;194;2;86;159;0;71;0;1;0;153;62;0;1;0;0;10;14;0;
GO;520620;CRISTALINA;140;8;3;1;21;0;40;29;2;45;34;49;8;7;5;0;1;1;0;3;3;1;
MA;210255;CAMPESTRE DO MARANHÃO;0;0;2;0;11;0;83;0;0;0;0;0;0;14;58;0;0;0;0;0;4;0;
MG;314740;PARAOPEBA;1;0;1;0;3;0;0;0;0;0;0;0;0;3;0;0;0;0;0;6;4;0;
SP;353280;NOVA ALIANÇA;3;0;3;0;6;9;1;9;1;2;1;0;8;55;4;0;0;0;0;0;3;0;
BA;290130;ANDARAÍ;0;0;0;0;0;0;0;0;0;0;0;0;0;0;366;0;0;0;0;0;0;0;
RN;241040;PUREZA;2;0;9;2;19;1;13;11;2;11;2;2;0;19;0;4;0;0;0;0;1;0;
PA;150370;ITUPIRANGA;0;0;0;0;5;4;0;0;0;2;0;0;0;3;0;0;0;0;0;0;0;1;
MT;510677;PORTO ALEGRE DO NORTE;0;0;0;0;0;1;0;0;0;0;0;0;0;0;0;0;0;0;0;0;0;0;
RS;431406;PASSA SETE;2;0;1;0;1;0;0;0;0;1;0;0;0;4;0;0;0;0;0;0;0;0;
MA;211245;TURILÂNDIA;0;0;0;0;41;0;29;14;1;18;0;0;0;0;0;0;0;3;0;0;0;0;
BA;290870;CONDEÚBA;0;0;0;0;1;0;0;0;1;0;0;0;0;0;0;0;0;0;0;0;0;1;
MA;211195;SUCUPIRA DO RIACHÃO;0;0;1;1;30;2;19;25;2;4;0;1;1;1;3;0;0;0;0;0;0;0;
PI;220997;SÃO JOÃO DO ARRAIAL;0;0;12;0;18;0;0;0;0;0;0;0;0;0;0;0;0;0;0;0;0;0;
BA;292895;SÃO DOMINGOS;0;0;0;0;5;0;0;0;0;1;0;0;0;0;0;0;0;0;0;0;1;0;
BA;292210;MUNDO NOVO;0;0;0;0;0;0;0;0;0;0;1;0;0;0;0;0;0;0;0;0;0;1;
RJ;330200;ITAGUAÍ;0;0;0;0;0;0;0;0;0;0;1;0;0;0;0;0;0;0;0;0;0;0;
MG;310665;BERIZAL;0;0;0;0;0;0;0;8;0;13;0;0;0;0;0;0;0;0;0;0;11;0;
SP;352480;JALES;2;0;21;8;72;6;0;10;0;0;2;2;0;31;34;12;0;0;0;2;0;0;
SP;353360;NUPORANGA;0;0;6;0;12;6;0;0;0;0;6;4;0;6;0;0;0;0;0;0;0;0;
PI;220820;PIO IX;0;5;1;0;20;0;0;4;0;44;0;0;0;0;33;0;0;0;0;0;0;0;
MS;500280;CARACOL;0;0;0;0;4;0;2;0;0;2;0;0;0;0;0;0;0;0;0;0;0;1;
TO;170210;ARAGUAÍNA;0;0;53;0;140;2;18;12;1;4;0;0;0;31;0;0;0;2;0;0;5;0;
MA;211300;VITORINO FREIRE;0;0;22;2;41;1;38;57;0;16;0;0;0;0;6;0;0;2;0;0;0;0;
PA;150150;BENEVIDES;0;0;1;0;0;0;2;0;0;0;0;0;0;0;5;0;0;0;0;0;0;0;
BA;290890;CORAÇÃO DE MARIA;0;0;0;0;4;0;4;2;0;0;0;0;0;0;0;0;0;0;0;0;0;0;
PA;150095;AURORA DO PARÁ;0;1;0;0;0;0;1;0;0;4;0;0;0;0;0;0;0;0;0;0;0;0;


Fonte: Sistema de Informação em Saúde para a Atenção Básica - SISAB;
E-mail: sisab@saude.gov.br;
Dado gerado em: 18 de Novembro de 2022 - 17:43h
