MS/SAPS/Departamento de Saúde da Família ­ DESF 
Dados sujeitos à alteração 
---Descrição dos Filtros Utilizados---
Competência: MAI/2014.
Tipo de Produção: Atendimento Individual.
"Probl/ Condição Avaliada: Asma, Desnutrição, Diabetes, DPOC, Hipertensão arterial, Obesidade, Pré-natal, Puericultura, Puerpério (até 42 dias), Saúde sexual e reprodutiva, Tabagismo, Usuário de álcool, Usuário de outras drogas, Saúde mental, Reabilitação, D.Transmissíveis - Dengue, Doenças transmissíveis - DST, D.Transmissíveis - Hanseníase, D.Transmissíveis - Tuberculose, Rast. câncer de mama, Rast. câncer do colo do útero, Rast. risco cardiovascular."


Uf;Ibge;Municipio;Asma;Desnutrição;Diabetes;DPOC;Hipertensão arterial;Obesidade;Pré-natal;Puericultura;Puerpério (até 42 dias);Saúde sexual e reprodutiva;Tabagismo;Usuário de álcool;Usuário de outras drogas;Saúde mental;Reabilitação;D.Transmissíveis - Dengue;Doenças transmissíveis - DST;D.Transmissíveis - Hanseníase;D.Transmissíveis - Tuberculose;Rast. câncer de mama;Rast. câncer do colo do útero;Rast. risco cardiovascular;
ES;320390;NOVA VENÉCIA;2;2;19;0;70;4;10;17;8;99;6;1;0;26;7;0;1;0;0;16;91;2;
PB;250510;CUITÉ;11;3;113;10;602;11;104;238;8;345;1;2;2;117;9;1;0;0;0;4;6;45;
PB;251310;SALGADO DE SÃO FÉLIX;0;0;29;0;48;0;27;35;6;111;0;0;0;0;0;0;0;0;0;0;12;0;
SP;353050;MOCOCA;1;0;37;0;66;0;6;16;7;14;5;3;1;18;2;3;0;0;0;4;5;7;
SP;354080;POTIRENDABA;5;1;38;5;121;0;3;0;0;1;3;2;1;76;3;0;1;0;1;2;12;0;
RS;430510;CAXIAS DO SUL;3;0;14;1;73;9;13;13;0;14;6;2;0;18;1;0;2;0;0;6;13;5;
RN;241310;SENADOR ELÓI DE SOUZA;0;1;4;0;11;5;24;49;3;33;0;0;0;14;48;0;0;0;0;1;0;0;
PB;250720;ITATUBA;0;0;3;0;1;1;2;0;0;5;0;0;0;3;0;0;0;0;0;0;0;0;
AM;130260;MANAUS;0;1;12;0;24;6;25;47;0;17;0;0;0;5;0;0;0;0;0;5;4;0;
GO;521130;ITARUMÃ;0;1;0;0;0;0;0;0;0;0;0;0;0;3;3;0;0;0;0;0;0;0;
GO;521530;ORIZONA;0;0;2;0;2;0;0;0;0;0;0;0;0;0;0;0;0;0;0;0;0;0;
SP;352640;LARANJAL PAULISTA;0;0;0;0;0;0;0;0;1;1;0;0;0;0;8;0;0;0;0;0;1;0;
BA;291085;FILADÉLFIA;0;0;1;0;2;4;0;0;0;0;0;0;0;0;4;0;0;0;0;0;0;2;
TO;171500;NOVA ROSALÂNDIA;0;0;0;0;1;0;0;0;0;0;0;0;0;0;0;0;0;0;0;0;0;0;
RS;431446;PINHAL DA SERRA;0;0;0;0;0;0;0;0;0;0;0;0;0;0;11;0;0;0;0;0;0;0;
MA;210095;ARAME;21;31;38;2;156;115;225;202;21;54;6;2;2;90;47;2;2;0;0;1;2;57;
MA;210542;ITINGA DO MARANHÃO;0;0;3;0;3;1;1;10;0;17;0;0;0;0;2;0;0;0;0;0;0;0;
PB;250550;VISTA SERRANA;0;7;15;0;183;0;20;100;4;28;0;0;0;195;0;2;0;2;0;0;0;0;
PE;260880;LAJEDO;0;0;1;0;0;0;3;2;0;2;0;0;0;18;0;0;0;0;0;0;0;0;
MG;317010;UBERABA;1;0;10;2;21;4;11;1;4;13;1;0;0;12;0;0;1;0;2;3;7;0;
AL;270500;MATA GRANDE;0;0;2;0;0;0;2;0;0;4;0;0;0;0;0;0;0;0;0;0;4;0;
RS;431320;NOVA PETRÓPOLIS;0;0;0;0;0;0;0;0;0;0;0;0;0;4;0;0;0;0;0;0;0;0;
MA;210210;BREJO;0;0;0;0;0;0;2;0;0;0;0;0;0;0;0;0;0;0;0;0;0;0;
PB;251430;SÃO JOSÉ DE CAIANA;14;28;70;4;466;28;66;149;14;241;6;2;0;142;36;2;6;16;0;2;2;0;
BA;292530;PORTO SEGURO;0;6;112;2;309;10;92;53;8;103;0;2;0;140;361;0;8;16;16;9;18;20;
RS;431173;MAMPITUBA;9;0;38;0;83;4;0;0;0;0;0;7;0;163;0;0;0;0;0;4;0;0;
SP;353750;PEREIRAS;10;0;0;0;0;0;0;0;0;0;4;0;19;1;52;0;0;0;0;0;0;0;
MG;313710;LAGAMAR;0;0;0;0;0;0;0;0;0;0;0;0;0;10;0;0;0;0;0;0;0;0;
MA;211260;URBANO SANTOS;0;0;0;0;4;0;14;35;1;17;0;0;0;0;0;0;0;0;0;0;9;0;
GO;521310;MINEIROS;0;0;2;0;2;0;15;0;0;3;0;0;0;0;0;0;0;0;0;0;0;0;
MA;210680;MIRINZAL;0;0;0;0;0;0;0;6;0;0;0;0;0;0;0;0;0;0;0;0;0;0;
PI;220173;BETÂNIA DO PIAUÍ;0;0;0;0;0;0;8;0;0;0;0;0;0;0;0;0;0;0;0;0;0;0;
MA;210170;BARREIRINHAS;0;0;0;0;0;0;1;6;0;1;0;0;0;0;0;0;0;0;0;0;0;0;
GO;520850;GOIANDIRA;16;2;18;4;53;24;6;44;1;16;9;3;0;55;87;34;0;0;0;4;2;9;
GO;521890;RUBIATABA;0;0;1;0;6;0;0;0;0;0;0;0;0;0;0;24;0;0;0;0;0;0;
RN;240350;ESPÍRITO SANTO;2;2;207;0;664;54;134;163;6;253;4;4;2;37;4;4;2;0;0;4;0;0;
MA;211085;SÃO FRANCISCO DO BREJÃO;0;1;21;0;54;4;35;27;6;33;2;1;0;0;0;1;0;2;0;0;3;0;
GO;520800;FORMOSA;0;42;0;0;5;9;0;5;0;0;0;0;0;0;1;0;0;0;0;0;0;0;
MA;210030;ALDEIAS ALTAS;0;0;2;0;23;3;39;37;0;45;1;0;0;1;23;0;0;0;2;13;13;0;
TO;170625;CRIXÁS DO TOCANTINS;0;0;2;0;2;4;11;1;0;1;1;0;0;0;110;0;0;0;0;0;0;0;
MA;210500;HUMBERTO DE CAMPOS;0;0;2;0;7;0;92;57;4;23;0;0;0;0;0;2;0;0;0;0;0;0;
BA;292040;MANOEL VITORINO;0;0;12;0;103;0;7;21;0;26;0;0;0;0;1;0;0;0;0;0;1;0;
MG;315180;POÇOS DE CALDAS;0;1;2;0;1;1;0;0;0;3;0;0;0;4;0;0;1;0;0;0;0;1;
SC;421630;SÃO JOÃO BATISTA;0;0;1;0;3;0;0;0;0;0;0;0;0;0;3;0;0;0;0;0;0;0;
PA;150812;ULIANÓPOLIS;0;0;0;0;1;0;0;1;0;0;0;0;0;0;1;0;0;0;0;0;0;0;
PE;261460;TABIRA;0;0;0;0;0;0;2;0;0;2;0;0;0;0;0;0;0;0;0;1;1;0;
MG;311030;CALDAS;0;0;0;0;0;0;1;0;0;0;0;0;0;0;0;0;0;0;0;0;0;0;
PI;220190;BOM JESUS;20;54;191;2;1.326;38;277;615;15;308;20;10;2;309;1.037;6;17;13;4;52;55;0;
RN;240660;LAGOA SALGADA;0;5;18;0;76;2;3;0;0;0;0;0;0;0;0;0;0;0;0;0;0;0;
MS;500660;PONTA PORÃ;0;0;2;0;3;1;58;8;2;39;2;0;0;0;0;0;1;0;0;0;8;0;
PE;260410;CARUARU;0;4;28;0;110;25;6;2;0;1;0;2;2;27;414;0;0;0;0;0;0;0;
BA;291465;ITABELA;0;4;45;0;177;25;9;0;3;1;1;1;0;28;1;0;2;11;0;0;0;0;
AP;160050;OIAPOQUE;2;3;27;2;70;34;61;61;6;49;6;0;2;11;52;4;96;2;4;0;4;9;
CE;231140;QUIXERAMOBIM;0;717;1;0;0;588;0;0;0;0;0;0;0;0;0;0;0;0;0;0;0;0;
MA;211172;SATUBINHA;2;4;12;0;20;0;8;38;2;0;0;0;0;10;40;0;8;2;0;0;4;0;
SP;355535;UBARANA;0;0;6;0;14;2;3;1;0;1;2;1;1;7;4;5;0;0;0;0;0;0;
SP;355260;TABAPUÃ;0;0;11;0;66;0;0;0;0;0;0;0;0;0;0;0;0;0;0;0;0;0;
MG;314220;MIRAÍ;1;8;6;0;7;17;0;11;0;8;0;0;0;11;62;0;0;0;0;0;0;0;
SP;350210;ANDRADINA;0;0;31;0;0;0;0;0;0;0;0;0;0;0;0;0;0;4;0;0;0;0;
MG;316820;TAPIRAÍ;0;1;0;0;0;9;0;0;0;0;0;0;0;0;11;0;0;0;0;0;0;0;
RS;430790;FARROUPILHA;0;0;1;0;1;0;1;0;0;0;2;1;0;0;0;0;0;0;0;0;0;0;
MG;316840;TARUMIRIM;0;0;1;0;0;0;0;0;0;0;0;0;0;0;0;0;0;0;0;0;0;0;
PB;251597;SOBRADO;14;10;158;2;558;4;168;302;19;440;0;0;0;76;116;0;0;0;0;0;25;0;
PB;251710;VÁRZEA;0;24;38;0;180;112;56;169;18;60;12;16;0;134;78;54;4;0;6;0;0;0;
BA;291830;JITAÚNA;10;1;84;0;268;9;58;124;6;234;3;4;0;32;93;0;0;1;0;0;7;0;
RN;240770;MONTANHAS;0;10;13;0;118;4;43;45;5;73;0;0;0;64;52;0;0;0;0;0;0;0;
SP;350460;BADY BASSITT;2;5;16;3;90;0;21;7;1;0;0;0;0;47;0;0;0;0;2;0;54;0;
RN;240870;PARAÚ;0;0;0;0;0;0;0;1;0;4;0;0;0;4;7;0;0;0;0;0;0;0;
RN;240940;PAU DOS FERROS;0;0;0;0;8;2;2;27;0;15;0;0;2;96;44;0;0;0;0;6;30;8;
RN;240485;ITAJÁ;0;0;0;0;0;0;0;0;0;0;0;0;0;7;58;0;0;0;0;0;0;0;
PB;250400;CAMPINA GRANDE;1;0;1;0;2;0;0;8;0;3;0;0;0;2;0;0;0;0;0;0;0;0;
BA;293140;TEODORO SAMPAIO;0;0;1;0;6;0;0;1;0;1;0;0;0;0;0;0;0;0;0;0;0;0;
BA;292110;MEDEIROS NETO;0;0;0;0;50;0;7;8;0;5;0;0;0;1;0;0;1;0;0;10;11;0;
MG;315990;SANTO ANTÔNIO DO AMPARO;0;0;0;0;12;0;0;0;0;0;0;0;0;2;0;0;0;0;0;0;0;0;
RS;430642;DOIS IRMÃOS DAS MISSÕES;0;0;1;0;2;12;0;0;0;0;0;0;0;0;1;0;0;0;0;0;0;0;
PB;250050;ALAGOINHA;0;1;0;0;2;0;0;2;0;0;0;0;0;0;0;0;0;0;0;0;0;0;
RN;241150;SANTO ANTÔNIO;6;8;105;4;516;13;160;912;23;497;6;5;4;187;38;0;2;1;5;88;128;31;
RS;430367;CAMPESTRE DA SERRA;12;0;72;8;237;130;2;12;0;20;18;18;2;95;14;0;0;0;0;8;8;32;
BA;292650;RIBEIRA DO AMPARO;0;0;18;0;41;0;32;10;4;23;0;1;0;19;55;0;0;0;1;0;17;0;
BA;292780;SANTA CRUZ DA VITÓRIA;8;0;32;2;86;6;10;48;4;82;4;2;2;18;2;0;4;0;0;0;2;0;
MT;510562;MIRASSOL D'OESTE;0;222;28;0;0;240;0;0;0;0;0;0;0;0;0;0;0;0;0;0;0;0;
MG;315650;RUBELITA;0;0;0;0;1;0;0;0;0;0;0;0;0;0;22;0;0;0;0;0;0;0;
PE;260860;LAGOA DO OURO;1;0;17;0;50;0;56;84;3;87;0;0;0;11;0;0;0;0;0;3;7;2;
MA;210355;CONCEIÇÃO DO LAGO-AÇU;0;0;2;3;14;0;31;18;1;11;0;1;0;2;182;0;1;1;0;0;0;0;
GO;522068;SIMOLÂNDIA;0;0;24;2;66;8;38;18;2;43;8;0;0;22;0;0;0;2;0;0;0;0;
PB;251315;SANTA CECÍLIA;0;0;4;0;4;0;0;4;0;2;0;0;0;20;0;0;0;0;0;0;0;0;
BA;292265;NORDESTINA;0;0;0;0;0;0;0;0;0;0;0;0;0;0;2;0;0;0;0;0;0;0;
AL;270330;INHAPI;0;0;0;0;0;0;1;9;0;0;0;0;0;0;0;0;0;0;0;0;0;0;
GO;521800;PORANGATU;0;0;0;0;0;0;0;2;0;0;0;0;0;0;0;0;0;0;0;0;0;0;
RN;241110;RUY BARBOSA;2;1;79;0;492;4;46;65;2;56;34;3;0;85;420;0;0;0;0;0;0;0;
RS;430040;ALEGRETE;43;0;3;1;179;8;6;7;7;16;7;21;0;0;0;0;0;0;0;12;30;0;
AM;130060;BENJAMIN CONSTANT;5;7;11;1;42;3;54;250;12;51;5;4;0;0;1;0;5;0;5;3;3;0;
MA;210720;NINA RODRIGUES;1;0;24;2;109;0;71;104;6;57;0;0;0;1;0;0;0;1;0;2;15;3;
PR;411370;LONDRINA;10;0;8;4;14;5;6;3;2;2;0;0;0;0;65;0;0;0;0;0;1;0;
MA;211060;SÃO BERNARDO;4;12;33;1;143;3;180;44;5;9;1;0;0;1;73;0;10;2;1;0;0;0;
BA;290770;CHORROCHÓ;2;0;10;0;56;0;46;15;6;43;0;0;0;18;10;0;6;0;0;0;0;0;
MA;210540;ITAPECURU MIRIM;0;0;3;0;7;0;0;0;0;11;0;0;0;1;2;0;0;0;0;0;0;0;
PI;220470;INHUMA;0;0;14;0;52;0;13;55;0;6;0;0;0;0;0;0;0;0;0;0;0;0;
ES;320020;ALEGRE;0;0;0;0;0;0;0;0;0;6;0;0;0;0;0;0;0;0;0;6;4;2;
MS;500260;CAMAPUÃ;0;0;1;0;4;0;0;0;0;0;0;0;0;0;0;0;0;0;0;0;0;0;
MG;313620;JOÃO MONLEVADE;6;0;10;0;23;1;0;0;0;5;0;0;0;14;12;0;0;0;0;0;0;0;
MA;210450;GOVERNADOR ARCHER;0;1;0;0;19;0;33;21;4;22;2;0;0;1;3;0;0;1;0;0;0;0;
MG;312083;CUPARAQUE;0;0;1;0;5;0;2;0;0;7;0;0;0;4;0;0;0;0;0;0;0;0;
PB;251330;SANTA HELENA;0;0;2;0;11;0;14;1;0;3;0;0;0;1;0;0;2;0;0;0;0;0;
MA;210594;LAGO DOS RODRIGUES;0;0;0;0;0;0;0;7;0;0;0;0;0;0;0;0;0;0;0;0;0;0;
MA;210360;COROATÁ;56;376;628;14;1.431;184;686;1.836;56;1.498;30;19;8;283;163;8;37;88;16;136;214;57;
BA;292980;SAÚDE;24;12;142;4;366;21;45;282;10;235;7;1;2;161;10;2;0;0;0;21;48;20;
MA;210005;AÇAILÂNDIA;0;6;255;2;607;48;530;443;33;574;5;2;0;116;148;0;4;2;0;0;0;25;
RS;432000;SAPUCAIA DO SUL;149;24;365;78;807;218;176;225;42;450;70;13;7;435;350;0;16;0;16;131;190;61;
PE;260415;CASINHAS;0;2;2;0;6;2;0;27;0;0;0;0;0;0;67;0;0;0;0;0;0;0;
PA;150293;DOM ELISEU;0;1;3;0;29;3;7;26;1;29;0;0;0;3;0;0;0;2;0;0;0;0;
BA;292400;PAULO AFONSO;0;0;0;0;0;0;7;0;0;0;0;0;0;0;0;0;0;0;0;0;0;0;
MA;211125;SÃO JOSÉ DOS BASÍLIOS;0;0;0;0;0;1;6;0;1;0;0;0;0;0;0;0;0;0;0;0;0;0;
TO;170130;ARAGOMINAS;0;1;1;0;2;0;0;6;2;32;0;0;0;2;0;0;0;0;0;0;0;0;
AM;130008;ANAMÃ;0;0;22;0;85;0;0;0;0;0;0;0;0;0;0;0;0;0;0;0;0;0;
PE;261050;PASSIRA;0;0;1;0;5;0;0;2;0;0;0;0;0;0;0;0;0;0;0;0;0;0;
PB;250470;CONGO;1;0;0;0;0;2;2;1;0;0;0;0;0;2;0;0;0;0;0;0;0;0;
MG;316720;SETE LAGOAS;3;1;4;1;4;1;0;0;0;0;1;2;2;5;3;0;0;0;0;0;0;0;
BA;292467;PIRAÍ DO NORTE;0;0;0;0;0;0;0;1;0;0;0;0;0;0;0;0;0;0;0;0;0;0;
MG;317200;VISCONDE DO RIO BRANCO;1;12;48;1;90;23;39;47;0;107;1;2;1;70;350;0;0;0;2;12;12;0;
MG;316400;SÃO PEDRO DOS FERROS;0;0;11;1;46;3;1;4;0;20;4;0;0;0;1;0;0;0;1;0;0;0;
RN;240920;PASSAGEM;0;0;0;0;5;0;10;25;0;35;0;0;0;0;0;0;0;0;0;0;0;0;
MG;316800;TAIOBEIRAS;7;13;24;0;94;7;31;15;5;14;1;1;0;69;1;1;0;0;0;0;0;0;
PA;150563;PIÇARRA;0;0;0;0;5;0;2;2;0;0;0;0;0;1;0;0;0;0;0;0;0;0;
PB;250780;JUNCO DO SERIDÓ;0;0;0;0;2;0;0;5;0;5;0;0;0;2;0;0;0;0;0;0;0;0;
MA;211160;SÃO RAIMUNDO DAS MANGABEIRAS;0;0;2;0;10;0;11;1;0;8;0;0;0;0;0;0;0;0;0;0;6;0;
MT;510776;SANTA RITA DO TRIVELATO;1;0;0;0;0;1;0;0;0;0;0;0;0;0;0;0;0;0;0;0;0;0;
TO;170650;DARCINÓPOLIS;0;0;0;0;0;1;0;0;0;0;0;2;0;0;0;0;0;0;0;0;0;0;
MG;310030;ABRE CAMPO;0;0;0;0;0;0;0;0;0;4;0;0;0;0;0;0;0;0;0;0;0;0;
PB;251340;SANTA LUZIA;39;24;291;26;1.167;171;325;1.379;21;652;82;33;6;650;266;0;2;4;4;61;155;78;
MA;210465;GOVERNADOR NEWTON BELLO;1;2;12;0;47;0;86;131;8;116;0;0;0;18;2;5;0;2;0;0;0;0;
MA;210140;BALSAS;22;19;125;2;317;55;544;305;37;750;5;4;3;20;665;4;4;15;13;105;110;2;
RS;432260;VENÂNCIO AIRES;7;1;7;4;29;9;1;15;2;51;11;3;0;19;30;0;1;0;0;31;35;0;
SC;420210;BARRA VELHA;8;14;80;6;259;24;46;55;10;97;8;3;1;88;22;0;0;0;0;9;10;4;
BA;290682;CANUDOS;0;0;2;0;30;2;38;0;8;24;0;0;0;22;86;0;0;0;0;0;0;0;
BA;291750;JACOBINA;0;3;22;0;68;3;30;0;2;41;2;1;0;4;0;0;0;0;2;1;10;0;
PI;221060;SÃO RAIMUNDO NONATO;0;0;0;0;4;0;0;0;0;0;0;0;0;2;5;0;0;0;0;0;0;0;
PA;150620;SALINÓPOLIS;0;0;2;0;0;0;0;0;0;2;0;0;1;0;0;0;0;0;0;0;0;0;
RN;240080;ANGICOS;0;0;2;0;3;0;1;7;0;0;0;0;0;0;3;0;0;0;0;0;0;0;
MS;500840;VICENTINA;0;0;0;0;2;0;1;0;0;1;0;0;0;0;0;0;0;0;0;0;1;1;
RS;430780;ESTRELA;0;0;3;0;3;3;0;0;0;9;0;0;0;6;0;0;0;0;0;0;0;0;
SP;352370;ITIRAPUÃ;2;2;8;1;29;0;0;0;0;0;0;2;0;2;0;0;0;0;0;0;0;0;
PB;251690;UIRAÚNA;0;1;4;0;18;0;0;2;0;0;0;0;0;0;0;0;0;0;0;0;0;0;
TO;171620;PARANÃ;1;0;0;0;2;0;2;1;0;1;0;0;0;0;0;0;0;0;0;0;0;0;
ES;320016;ÁGUA DOCE DO NORTE;0;0;0;0;0;0;0;0;0;0;1;0;0;0;0;0;0;0;0;0;0;0;
MT;510627;NOVO HORIZONTE DO NORTE;0;0;0;0;2;0;0;0;0;0;0;0;0;0;0;0;0;0;0;0;0;0;
MG;317020;UBERLÂNDIA;32;22;249;16;948;85;399;718;5;17;2;6;8;314;10;24;6;2;0;1;7;4;
PA;150775;SAPUCAIA;0;0;0;0;10;0;12;8;0;0;0;0;0;0;0;0;0;0;0;0;0;0;
MA;210070;ANAJATUBA;0;0;0;0;1;1;22;2;10;1;0;0;0;0;0;0;0;0;0;0;0;0;
RN;241142;SANTANA DO SERIDÓ;0;0;8;0;31;0;2;46;0;119;0;0;0;8;2;0;0;0;0;2;10;0;
MA;211157;SÃO PEDRO DOS CRENTES;4;0;1;0;7;0;14;2;1;13;0;0;0;0;16;0;0;0;0;6;8;0;
RN;241190;SÃO FRANCISCO DO OESTE;0;0;0;0;1;0;5;3;0;0;0;0;0;0;1;0;0;0;0;0;0;0;
BA;290200;ARACATU;0;0;4;0;38;0;7;62;1;0;0;0;0;0;0;0;0;0;0;0;0;0;
RS;431075;IVORÁ;4;0;2;4;14;2;2;1;3;0;3;0;1;14;4;0;0;0;0;0;1;4;
MA;211130;SÃO LUÍS;0;0;2;0;3;1;2;7;0;3;0;0;0;0;0;0;0;0;0;0;0;0;
PB;250210;BOA VENTURA;0;0;2;0;2;0;0;6;0;3;0;0;0;0;0;0;0;0;0;0;0;0;
MA;210087;ARAGUANÃ;0;0;0;0;0;0;5;0;0;0;0;0;0;0;0;0;0;0;0;0;0;0;
ES;320500;SERRA;3;0;13;7;37;1;2;0;0;9;0;2;0;2;0;2;0;0;0;4;7;0;
PE;260600;GARANHUNS;11;13;333;11;1.031;70;351;795;16;521;108;16;18;510;109;25;45;21;25;118;50;129;
SP;350740;BORBOREMA;0;0;40;0;114;0;7;8;0;0;0;1;0;0;608;0;0;0;0;1;2;0;
PA;150215;CANAÃ DOS CARAJÁS;8;3;66;7;155;14;332;157;22;117;4;3;3;30;1;0;12;8;4;22;49;11;
SP;354020;PONTAL;24;21;119;2;332;108;4;19;2;204;14;12;10;122;67;4;4;0;8;42;49;0;
TO;170600;COUTO MAGALHÃES;0;0;0;0;0;0;0;0;0;0;0;0;0;0;66;0;0;0;0;0;0;0;
MS;500230;BRASILÂNDIA;0;0;0;0;0;0;0;0;0;0;0;0;0;0;1;0;0;0;0;0;1;0;
SP;354780;SANTO ANDRÉ;7;3;136;7;338;38;89;136;15;136;13;6;3;68;94;4;8;0;13;37;105;30;
PI;220440;GILBUÉS;0;5;49;1;157;13;67;73;12;39;2;0;6;19;479;0;0;1;0;0;0;26;
BA;292670;RIO DE CONTAS;0;0;0;0;0;1;40;32;0;1;0;0;0;0;0;0;0;0;0;0;0;0;
MG;312260;DOM JOAQUIM;0;0;1;0;2;0;0;0;0;0;0;0;0;0;38;0;0;0;0;0;0;0;
MA;210150;BARÃO DE GRAJAÚ;0;0;2;0;33;0;2;0;0;0;0;0;0;0;0;0;0;0;0;0;0;0;
RS;430960;HORIZONTINA;0;0;0;0;0;0;0;0;0;0;0;0;0;4;0;0;0;0;0;0;0;0;
MS;500060;AMAMBAI;0;0;0;0;0;0;2;0;0;2;0;0;0;0;0;0;0;0;0;0;0;0;
PE;260380;CAPOEIRAS;0;0;4;0;28;32;56;73;1;92;0;0;0;2;0;0;0;0;0;0;0;6;
MA;210232;BURITICUPU;0;1;30;0;144;0;97;178;15;10;0;0;0;0;1;0;0;3;1;0;0;0;
MT;510190;BRASNORTE;2;7;26;4;73;24;19;31;0;20;5;2;0;14;25;0;0;0;2;2;0;1;
BA;291685;ITATIM;1;8;13;0;17;16;0;15;0;0;0;0;0;47;988;0;0;0;0;0;0;0;
BA;291660;ITAPITANGA;3;13;44;2;188;11;63;84;13;125;1;0;1;31;7;0;0;0;1;0;9;0;
SC;421220;PAPANDUVA;9;4;17;4;45;14;62;12;7;25;26;0;0;210;346;0;6;4;0;1;0;0;
PA;150405;MÃE DO RIO;0;1;2;0;2;1;0;0;0;0;0;0;0;0;6;0;0;0;1;0;0;0;
RN;240790;MONTE DAS GAMELEIRAS;7;9;20;5;55;16;17;15;2;25;0;2;0;17;61;0;0;0;0;0;0;0;
TO;171889;SANTA RITA DO TOCANTINS;0;0;11;1;28;0;0;0;0;0;5;0;0;6;67;0;0;0;0;0;0;0;
SP;350945;CAMPINA DO MONTE ALEGRE;0;0;1;0;0;126;0;0;0;0;0;0;0;0;0;0;0;0;0;0;0;0;
PA;150190;BUJARU;0;0;1;0;1;0;7;12;1;2;0;0;0;0;7;0;0;0;0;0;0;0;
RN;240320;DOUTOR SEVERIANO;0;0;0;0;0;0;1;6;0;1;0;0;0;0;7;0;0;0;0;0;0;0;
PE;260250;BREJINHO;0;0;0;0;1;1;1;10;0;0;0;0;0;1;0;0;0;0;0;0;0;0;
SE;280680;SÃO DOMINGOS;0;0;0;0;0;0;0;4;0;0;0;0;0;0;9;0;0;0;0;0;0;0;
PA;150660;SANTA MARIA DO PARÁ;0;0;0;0;2;0;0;0;0;0;0;0;0;2;0;0;0;0;0;0;0;0;
ES;320320;LINHARES;0;0;0;0;2;0;1;0;0;0;0;0;0;0;0;0;0;0;0;0;0;0;
MG;312880;GUIDOVAL;18;4;630;8;965;63;4;53;0;266;108;8;2;247;38;0;2;0;0;0;0;0;
PA;150060;ALTAMIRA;64;24;406;12;1.105;107;1.291;889;86;1.058;27;23;7;414;155;89;11;177;33;6;11;46;
MG;314390;MURIAÉ;0;11;78;3;73;114;0;0;0;14;4;6;22;153;276;0;0;0;3;0;0;0;
SP;350650;BIRIGUI;0;10;15;0;18;10;0;0;0;0;1;0;1;4;11;0;0;0;0;0;0;0;
BA;292250;NAZARÉ;0;0;16;0;65;3;92;118;6;228;1;0;0;2;117;0;1;0;1;0;0;1;
BA;292145;MIRANTE;4;0;10;0;60;0;17;74;4;104;1;0;0;18;2;0;0;0;0;12;12;0;
PB;251615;SOSSÊGO;0;0;0;0;0;0;5;2;0;67;0;0;0;0;0;0;0;0;0;8;49;0;
PE;260140;BARREIROS;0;2;0;0;2;3;0;1;0;0;0;0;0;0;0;0;0;0;0;0;0;0;
GO;520410;CACHOEIRA ALTA;0;0;0;0;0;0;3;1;0;0;8;0;0;0;0;0;0;0;0;0;0;0;
PB;251593;SERTÃOZINHO;0;0;0;0;0;0;9;0;1;0;0;0;0;0;0;0;0;0;0;0;0;0;
PR;411980;PLANALTO;0;0;0;0;0;0;0;0;0;2;0;0;0;0;0;0;0;0;0;2;0;0;
MA;210667;MILAGRES DO MARANHÃO;0;0;5;0;2;2;0;0;0;0;0;0;0;16;20;0;0;0;0;0;0;0;
BA;291210;IBICARAÍ;0;0;4;0;12;0;2;1;0;0;0;0;0;0;105;0;0;0;0;0;0;0;
MA;210515;IGARAPÉ DO MEIO;0;0;21;0;59;0;30;58;2;54;0;0;2;3;0;0;0;5;0;0;1;1;
MG;313925;MAMONAS;0;0;0;0;0;0;0;0;0;0;0;0;0;0;193;0;0;0;0;0;0;0;
MG;316100;SÃO DOMINGOS DO PRATA;10;8;28;1;191;1;9;32;6;12;0;1;0;79;10;0;1;0;1;1;13;0;
RN;240040;ÁGUA NOVA;0;0;1;0;2;1;0;0;0;0;0;0;0;0;52;0;0;0;0;0;0;0;
BA;290240;AURELINO LEAL;0;0;0;0;2;0;6;0;0;0;0;0;0;0;0;0;0;0;0;0;0;0;
TO;170390;CASEARA;1;0;3;0;7;2;2;2;0;5;0;0;0;2;0;0;1;0;1;0;0;0;
SP;351550;FERNANDÓPOLIS;0;0;0;0;4;0;0;3;0;0;0;0;0;0;0;0;0;0;0;0;0;0;
MG;313810;LASSANCE;0;0;0;0;1;0;0;0;0;0;0;0;0;0;0;0;0;0;0;0;0;0;
PE;261160;RECIFE;12;11;38;3;122;9;8;16;0;1;6;4;2;31;0;0;2;0;0;0;0;0;
MA;211150;SÃO MATEUS DO MARANHÃO;3;4;68;0;214;6;132;90;14;77;4;0;0;26;17;1;3;7;3;1;0;2;
MA;210637;MARANHÃOZINHO;4;1;5;1;25;0;10;3;3;3;0;0;0;0;1;2;1;0;1;1;0;3;
MA;211178;SERRANO DO MARANHÃO;1;0;3;0;4;0;2;3;0;3;0;0;0;0;2;0;0;0;0;0;0;0;
PB;251080;PATOS;1;4;7;0;11;3;7;1;0;0;0;1;0;1;1;0;0;0;1;0;1;0;
BA;291005;DIAS D'ÁVILA;0;0;2;0;4;3;4;2;0;6;0;0;2;3;6;0;0;0;0;0;0;1;
MA;211140;SÃO LUÍS GONZAGA DO MARANHÃO;2;0;4;0;44;0;86;127;6;83;0;0;0;0;2;0;0;0;0;0;0;0;
PB;250110;AREIA;0;0;0;0;0;0;5;1;0;0;0;0;0;0;0;0;0;0;0;0;0;0;
GO;522045;SENADOR CANEDO;0;1;4;0;10;6;12;78;0;10;0;0;0;8;2;0;0;0;1;10;7;0;
PA;150548;PACAJÁ;0;2;1;0;4;1;0;3;0;4;0;1;0;4;0;0;0;0;0;0;0;0;
RS;430290;CACEQUI;1;0;2;0;7;0;0;0;0;0;0;0;0;5;0;0;0;0;0;0;0;0;
MG;313440;ITURAMA;1;0;3;8;44;2;0;0;0;0;4;0;0;19;6;0;0;0;0;0;0;0;
AP;160020;CALÇOENE;1;2;20;0;40;0;32;37;1;59;1;0;0;0;63;0;2;0;0;0;0;0;
PB;250153;BARAÚNA;0;0;0;0;0;0;0;9;0;0;0;0;0;0;0;0;0;0;0;0;0;0;
SP;350450;AVARÉ;0;1;0;0;0;10;0;0;0;0;0;0;0;0;0;0;0;0;0;0;0;0;
PB;251500;SÃO MIGUEL DE TAIPU;0;0;0;0;6;0;2;0;0;12;0;0;0;0;0;0;0;0;0;0;0;0;
MG;316570;SENADOR FIRMINO;0;1;0;0;3;0;0;0;0;0;3;0;0;12;9;0;0;0;0;0;0;0;
TO;171800;PORTO ALEGRE DO TOCANTINS;0;0;0;0;0;0;1;0;0;0;0;0;0;0;0;0;0;0;0;0;0;0;
MG;315980;SANTA VITÓRIA;7;0;21;4;39;61;6;7;1;43;7;1;0;8;1;5;1;1;1;18;18;0;
BA;290790;CIPÓ;2;5;40;0;121;11;74;73;8;145;1;1;0;3;20;0;2;0;1;0;36;1;
SE;280030;ARACAJU;0;0;0;0;8;0;13;4;0;11;0;0;0;2;3;0;0;0;2;0;3;0;
TO;171855;RIACHINHO;0;0;0;0;0;0;10;1;0;1;0;0;0;0;0;0;0;9;0;4;11;0;
BA;290650;CANDEIAS;0;0;1;0;0;0;0;0;0;8;0;0;0;0;0;0;0;0;0;0;0;0;
SE;280350;LAGARTO;0;0;0;0;0;0;1;2;2;0;0;0;0;0;0;0;0;0;1;0;0;0;
PI;220970;SÃO FRANCISCO DO PIAUÍ;0;0;0;0;7;0;0;0;0;0;0;0;0;0;0;0;0;0;0;0;0;0;
BA;291955;LUÍS EDUARDO MAGALHÃES;90;37;105;0;491;212;655;470;64;403;16;19;7;115;15;26;3;0;0;30;208;10;
RR;140010;BOA VISTA;0;2;0;0;31;0;12;2;2;0;0;0;0;0;0;0;2;0;0;0;6;0;
BA;291072;EUNÁPOLIS;2;2;60;2;179;23;123;88;16;155;2;0;1;18;24;0;1;21;14;35;57;4;
PB;251398;SÃO FRANCISCO;8;3;20;8;141;1;30;46;0;32;4;1;1;46;36;1;2;1;1;2;0;0;
BA;291125;GAVIÃO;6;0;18;0;203;0;16;74;3;49;0;0;0;12;36;12;0;0;0;1;3;57;
MA;210630;MAGALHÃES DE ALMEIDA;5;3;4;0;19;0;3;18;1;17;0;3;0;1;0;1;1;0;0;0;0;0;
MG;314880;PEDRA DO ANTA;0;0;8;0;34;26;0;0;8;0;0;24;24;12;12;0;0;0;4;0;0;24;
PR;412500;SÃO JOÃO DO IVAÍ;0;0;3;0;4;1;0;0;1;0;0;0;0;0;2;0;0;0;0;0;0;0;
PB;251120;PEDRAS DE FOGO;0;4;0;0;0;37;1;0;0;0;0;0;0;0;0;0;0;0;0;0;0;0;
MG;313240;ITAJUBÁ;0;0;4;0;10;2;1;1;0;4;1;0;0;4;0;0;0;0;0;0;0;0;
MG;310470;ATALÉIA;0;0;0;0;1;0;0;0;0;0;0;0;0;0;0;0;0;0;0;0;0;0;
RJ;330500;SÃO JOÃO DA BARRA;0;0;0;0;0;0;0;0;0;4;0;0;0;0;0;0;0;0;0;1;3;0;
MA;210923;PRESIDENTE MÉDICI;0;2;14;0;26;11;55;4;2;12;0;0;0;0;2;10;0;1;0;0;2;0;
MA;210805;PAULINO NEVES;0;1;1;0;15;1;49;10;0;7;0;0;0;0;1;0;0;0;0;0;0;1;
MA;210810;PAULO RAMOS;1;2;20;0;83;19;187;142;19;265;4;1;0;8;105;1;0;53;2;4;117;31;
MA;210596;LAGOA GRANDE DO MARANHÃO;0;0;1;0;7;0;9;13;0;6;0;0;0;0;0;0;0;0;0;0;0;0;
PB;250020;AGUIAR;1;0;67;3;199;2;34;46;4;68;0;0;0;61;0;0;1;0;0;4;12;0;
PE;261255;SANTA FILOMENA;5;2;0;0;29;0;1;36;0;64;0;0;0;54;19;0;0;0;0;0;0;0;
MA;210975;SANTA FILOMENA DO MARANHÃO;0;2;0;0;4;0;2;2;0;5;0;2;0;0;0;0;0;0;0;0;0;0;
MT;510631;NOVO SANTO ANTÔNIO;0;0;0;0;3;0;0;0;0;3;0;0;0;0;26;0;0;2;0;0;0;0;
RS;431870;SÃO LEOPOLDO;0;0;3;0;4;0;0;0;0;0;0;0;0;0;1;0;0;0;0;0;0;0;
BA;292405;PÉ DE SERRA;0;0;0;0;0;0;0;1;0;0;0;0;0;0;0;0;0;0;0;0;0;0;
BA;292030;MALHADA DE PEDRAS;0;0;0;0;0;0;4;0;1;0;0;0;0;0;0;0;0;0;0;0;0;0;
PE;260660;IBIMIRIM;0;0;0;0;0;0;0;1;0;0;0;0;0;0;0;0;0;0;0;0;0;0;
MA;211227;TUFILÂNDIA;9;9;40;9;102;41;62;162;5;46;10;1;1;6;337;0;0;3;0;7;5;0;
BA;293015;SERRA DO RAMALHO;5;6;48;0;105;6;124;187;8;83;2;0;0;9;37;0;0;0;0;18;39;1;
RJ;330330;NITERÓI;4;2;7;0;14;2;1;1;0;1;0;0;0;1;0;0;0;0;0;0;0;0;
MA;210207;BOM LUGAR;1;8;6;0;16;0;21;33;1;39;0;0;0;5;4;0;1;0;0;0;1;0;
PA;150140;BELÉM;0;0;4;0;5;0;18;0;0;3;0;0;0;0;0;0;0;0;0;0;0;0;
PE;261140;PRIMAVERA;0;0;1;0;1;0;0;0;0;0;0;0;0;0;1;0;0;0;0;0;0;0;
PB;251390;SÃO BENTO;0;0;1;0;0;0;4;0;0;0;0;0;0;12;0;0;0;0;0;0;0;0;
TO;171110;ITAPORÃ DO TOCANTINS;0;0;0;0;0;0;0;0;0;1;0;0;0;0;0;0;0;0;0;0;0;0;
MG;312650;FRANCISCO BADARÓ;0;0;0;0;1;0;1;0;0;0;0;1;0;0;2;0;0;0;0;0;0;0;
PB;250680;INGÁ;0;0;0;0;0;0;0;0;0;4;0;0;0;0;0;0;0;0;0;0;0;0;
SC;421550;SANTA CECÍLIA;0;0;0;0;0;0;0;0;0;3;0;0;0;0;0;0;0;0;0;0;0;0;
MA;210780;PARNARAMA;1;0;55;0;236;8;117;57;4;16;0;2;0;0;0;0;0;1;0;36;36;0;
SP;352450;JACI;0;0;0;0;0;0;2;0;0;0;0;0;0;0;0;0;0;0;0;0;0;0;
RS;431532;QUEVEDOS;0;0;0;1;1;0;0;1;0;0;0;1;0;1;0;0;0;0;0;0;0;0;
AM;130356;RIO PRETO DA EVA;7;5;54;3;123;23;64;115;9;46;16;1;3;7;0;1;3;0;1;5;24;24;
BA;291080;FEIRA DE SANTANA;0;0;1;0;4;0;2;1;0;0;0;0;0;0;0;0;0;0;0;0;0;0;
TO;172210;XAMBIOÁ;0;0;0;0;1;0;0;0;0;2;0;0;0;0;0;0;0;0;0;0;0;0;
MA;210550;JOÃO LISBOA;0;0;11;1;34;1;5;26;4;7;10;0;0;46;23;0;0;1;1;0;0;0;
SP;355715;ZACARIAS;28;0;2;0;0;0;0;1;2;0;9;1;0;3;0;0;0;0;0;0;0;0;
AL;270320;IGREJA NOVA;0;0;0;0;0;0;32;0;0;0;0;0;0;0;0;0;0;0;0;0;0;0;
SC;420370;CANELINHA;0;2;0;6;0;1;0;0;0;0;1;0;0;5;0;0;0;0;0;0;0;0;
PI;220275;COLÔNIA DO GURGUÉIA;0;0;0;0;0;4;0;0;0;0;0;0;0;0;2;0;0;0;0;0;0;0;
PA;150503;NOVO PROGRESSO;0;0;0;0;0;0;1;0;0;0;0;0;0;0;0;0;0;0;0;0;0;0;
RJ;330470;SANTO ANTÔNIO DE PÁDUA;0;2;4;0;12;2;0;0;0;2;2;2;0;5;4;0;0;0;0;0;0;0;
RN;240810;NATAL;0;0;6;0;17;0;8;0;0;21;0;0;0;4;6;0;0;0;1;0;2;0;
PE;260270;BUENOS AIRES;0;0;2;0;2;1;0;0;1;1;0;0;0;7;0;0;0;0;0;0;0;1;
AP;160015;PEDRA BRANCA DO AMAPARI;0;0;1;0;1;0;1;0;0;2;0;0;0;0;0;0;0;0;0;0;0;0;
SE;280290;ITABAIANA;0;0;2;0;4;0;0;2;0;2;0;0;0;0;0;0;0;0;0;0;0;0;
PE;261410;SERTÂNIA;36;6;34;2;106;18;175;201;4;233;2;0;0;29;27;0;1;0;0;22;84;12;
PE;260240;BREJÃO;19;8;31;4;142;5;37;45;10;79;3;0;0;60;32;0;0;0;0;0;17;0;
SP;350390;ARUJÁ;0;4;11;0;3;0;22;19;0;0;0;0;0;0;0;0;1;0;0;13;20;0;
SE;280660;SANTO AMARO DAS BROTAS;4;1;23;0;59;7;19;14;2;23;1;1;0;9;0;2;1;0;0;2;5;0;
RN;241420;TIBAU DO SUL;2;6;96;1;354;16;90;320;9;157;2;3;2;48;144;2;0;1;11;24;52;0;
BA;290860;CONDE;45;0;0;0;243;43;26;0;0;10;14;0;3;2;0;0;0;0;0;3;5;0;
SP;355560;UCHOA;0;0;2;0;4;2;0;0;0;0;0;0;0;0;0;0;0;0;0;0;0;0;
MA;210250;CAJARI;0;0;4;0;42;0;104;131;2;50;2;2;0;0;0;0;2;2;1;0;0;0;
MA;211230;TUNTUM;0;2;7;0;16;1;48;29;3;18;1;0;0;0;0;0;0;9;0;0;0;0;
MA;210600;LIMA CAMPOS;0;0;0;0;0;6;0;0;0;0;0;0;0;0;0;0;0;0;0;0;0;0;
RS;430660;DOM PEDRITO;0;0;0;0;4;0;0;0;0;1;0;0;0;1;0;0;0;0;0;0;0;0;
SC;421570;SANTO AMARO DA IMPERATRIZ;21;6;127;22;291;90;80;119;9;113;10;10;2;185;1;0;5;0;0;46;63;55;
MA;210120;BACABAL;35;44;540;4;1.572;54;506;462;68;691;12;15;0;15;597;0;2;53;30;0;35;1;
RN;240600;JOSÉ DA PENHA;5;3;26;0;96;19;14;6;2;13;0;0;0;10;2;0;2;0;0;8;27;5;
PB;250150;BANANEIRAS;0;2;0;0;0;0;22;0;0;12;0;0;0;0;2;0;0;0;0;0;0;0;
MA;211250;TUTÓIA;78;17;104;0;261;17;606;556;27;478;6;7;0;17;318;2;2;1;2;7;7;7;
SE;280710;SIMÃO DIAS;1;1;15;0;45;2;6;35;0;15;3;0;0;14;0;0;0;0;0;2;7;0;
MA;210055;AMAPÁ DO MARANHÃO;0;0;3;0;9;0;0;0;0;0;0;0;0;0;0;0;0;0;0;0;0;0;
RS;430600;CRISSIUMAL;0;0;0;0;0;0;0;1;0;0;0;0;0;0;0;0;0;0;0;0;0;0;
MG;314505;NOVA PORTEIRINHA;2;0;0;0;8;0;0;4;0;4;0;0;0;4;0;0;0;0;0;0;0;0;
TO;171820;PORTO NACIONAL;0;0;0;0;3;1;0;7;0;0;0;0;0;0;0;0;0;0;0;1;0;0;
RJ;330220;ITAPERUNA;0;0;1;1;7;0;0;4;1;6;0;1;0;2;3;1;0;0;0;3;3;0;
RN;240620;LAGOA D'ANTA;2;16;33;3;87;13;63;77;2;102;7;1;0;47;124;0;0;0;0;0;3;0;
MA;210530;IMPERATRIZ;24;14;156;10;501;35;180;398;12;468;2;6;4;135;297;4;4;23;4;0;50;4;
MG;316320;SÃO JOSÉ DO ALEGRE;13;3;36;3;120;11;2;3;0;11;1;0;0;80;90;0;0;0;0;0;0;0;
MG;316245;SÃO JOÃO DAS MISSÕES;1;0;0;0;9;1;3;0;0;0;1;0;2;3;4;0;0;0;0;0;0;0;
MA;210770;PARAIBANO;0;0;21;0;284;6;71;188;20;109;9;0;2;5;2;0;0;0;0;11;3;0;
AM;130310;NOVA OLINDA DO NORTE;25;1;13;4;35;6;27;61;2;15;1;1;1;3;45;0;3;0;0;1;4;0;
MG;316490;SÃO SEBASTIÃO DO RIO VERDE;0;0;2;0;14;2;0;0;0;0;0;0;0;2;6;0;0;0;0;0;0;0;
MG;313550;JEQUERI;0;22;1;0;3;89;0;0;0;0;0;0;0;24;0;0;0;0;0;0;0;0;
PB;250320;CABEDELO;0;0;0;0;0;0;0;0;0;4;0;0;0;1;0;0;0;0;0;0;2;0;
MA;210870;PIO XII;0;0;0;0;0;0;3;1;0;2;0;0;0;0;0;0;0;0;0;0;0;0;
PB;250980;MULUNGU;0;0;0;0;1;0;0;0;0;0;0;0;0;1;0;0;0;0;0;0;0;0;
RN;240220;CANGUARETAMA;10;16;382;8;1.578;50;422;840;58;1.490;14;22;8;188;175;28;4;0;36;44;148;167;
RN;241220;SÃO JOSÉ DE MIPIBU;4;6;197;0;421;64;120;157;11;246;9;4;1;133;27;7;2;0;1;6;42;0;
MS;500350;DOURADINA;2;0;0;0;2;0;2;0;0;0;0;0;0;0;2;0;0;0;0;0;0;0;
MA;210860;PINHEIRO;1;1;12;0;72;5;10;44;0;44;1;1;0;1;5;0;0;0;0;0;1;1;
MA;210390;DUQUE BACELAR;1;5;7;0;65;8;44;39;3;37;1;0;0;1;0;0;0;1;0;0;0;0;
RN;241350;SERRINHA;0;0;0;0;3;0;20;36;1;0;0;0;0;14;33;0;0;0;0;1;7;0;
GO;520430;CAÇU;0;0;1;0;19;0;12;6;2;0;0;0;0;0;0;0;0;0;0;0;25;0;
RN;241080;RIACHO DE SANTANA;3;3;30;1;49;31;6;4;0;10;11;1;0;19;7;0;0;0;1;13;12;39;
RS;431960;SÃO SEPÉ;0;0;0;0;0;0;0;0;0;0;0;0;0;0;0;0;0;0;0;0;16;0;
BA;290050;ÉRICO CARDOSO;0;0;0;0;0;0;0;0;2;0;0;0;0;0;0;0;0;0;0;0;0;0;
PR;411420;MANDAGUARI;0;0;0;0;0;5;0;0;0;0;0;0;0;0;0;0;0;0;0;0;0;0;
GO;522220;VILA BOA;0;0;3;0;5;3;0;0;0;0;0;0;0;0;0;0;0;0;0;0;0;0;
SP;355570;UNIÃO PAULISTA;0;2;9;0;61;15;1;4;0;0;0;0;0;0;0;0;0;0;0;0;0;0;
PE;261640;VITÓRIA DE SANTO ANTÃO;0;0;2;0;5;6;1;4;0;1;0;0;0;0;0;0;0;0;0;0;0;0;
MA;210270;CANTANHEDE;0;1;63;1;234;6;52;127;10;31;2;0;0;5;59;0;1;2;0;8;33;0;
BA;290680;CANSANÇÃO;0;0;7;0;24;0;1;12;0;10;0;0;0;3;15;0;0;0;0;0;0;0;
AM;130002;ALVARÃES;1;0;0;0;0;0;0;0;0;0;0;0;0;0;0;0;1;0;0;0;0;0;
PI;220271;COCAL DE TELHA;0;0;0;0;0;0;0;0;0;0;0;0;0;0;1;0;0;0;0;0;0;0;
BA;292880;SANTO ESTÊVÃO;0;0;0;0;0;0;8;6;0;0;0;0;0;0;0;0;0;1;0;0;0;0;
MA;210430;GODOFREDO VIANA;0;0;12;1;42;0;15;118;1;50;0;1;0;0;3;3;1;0;0;0;0;0;
SP;351940;IBIRÁ;1;0;15;0;166;9;0;0;0;16;1;3;0;14;7;0;0;1;1;0;0;0;
AP;160025;ITAUBAL;19;0;0;0;55;1;20;0;0;33;8;12;0;0;0;0;0;0;0;0;0;0;
PR;412270;SABÁUDIA;1;1;15;4;35;13;0;0;0;1;5;1;0;40;4;0;0;2;0;0;0;18;
AP;160070;TARTARUGALZINHO;0;1;29;0;37;1;86;4;1;21;0;0;0;0;0;0;0;0;0;0;0;1;
GO;520552;COLINAS DO SUL;0;0;5;0;4;0;3;9;0;5;0;0;0;0;0;0;0;0;0;2;0;0;
MA;210590;LAGO VERDE;1;2;17;0;123;2;52;81;3;46;1;0;0;2;3;0;1;6;0;0;9;1;
SP;352770;LUIZIÂNIA;4;1;18;3;47;1;17;0;2;21;1;1;0;4;0;1;0;0;0;0;0;0;
SC;421175;OTACÍLIO COSTA;0;0;1;0;1;1;0;0;0;0;0;0;0;2;0;0;0;0;0;0;0;0;
GO;521308;MINAÇU;0;0;3;0;3;0;0;1;0;1;0;0;0;0;1;0;0;0;0;0;0;0;
BA;292870;SANTO ANTÔNIO DE JESUS;1;0;18;0;42;0;0;1;0;0;2;0;0;17;52;0;0;0;1;0;0;2;
MG;315020;PIEDADE DE PONTE NOVA;8;0;12;0;66;0;0;4;0;8;4;0;0;12;0;0;0;0;0;0;0;0;
PA;150170;BRAGANÇA;0;4;0;0;0;0;0;0;0;0;0;0;0;0;0;0;0;0;0;0;0;0;
BA;290210;ARACI;0;0;0;0;6;0;0;6;0;16;0;0;0;1;0;0;0;0;0;0;0;0;
PE;260120;ARCOVERDE;2;0;0;0;0;0;0;0;0;0;0;0;0;0;1;0;0;0;0;0;0;0;
RS;432045;SÉRIO;0;0;2;0;1;0;0;0;0;0;0;0;0;2;0;0;0;0;0;0;0;0;
SP;352900;MARÍLIA;0;0;0;0;1;0;0;0;0;0;0;0;0;0;0;1;0;0;0;0;0;1;
PA;150680;SANTARÉM;0;0;0;0;1;0;0;0;0;0;0;0;0;0;0;0;0;0;0;0;0;0;
RN;241010;POÇO BRANCO;0;0;0;0;0;1;0;3;0;0;0;0;0;0;0;0;0;0;0;0;0;0;
BA;291360;ILHÉUS;0;0;30;0;86;12;48;33;5;7;0;0;0;3;0;0;0;0;0;9;8;0;
GO;520025;ÁGUAS LINDAS DE GOIÁS;4;4;12;0;95;2;94;53;2;60;0;0;1;9;41;0;0;0;0;9;25;3;
SP;354440;RUBIÁCEA;0;0;0;0;2;0;4;0;0;18;0;0;0;0;4;0;2;0;0;10;14;0;
MA;210440;GONÇALVES DIAS;3;7;39;0;106;29;69;151;4;79;7;0;1;32;0;0;0;3;0;14;1;13;
PE;260890;LIMOEIRO;24;48;417;2;1.311;137;462;885;60;1.049;11;5;3;500;143;0;24;12;15;119;585;54;
MA;210890;POÇÃO DE PEDRAS;0;0;29;0;224;0;50;248;5;578;0;0;0;1;94;0;0;0;0;1;2;0;
SP;351750;GUAPIAÇU;34;11;138;22;343;102;17;60;2;19;65;35;2;179;86;0;0;0;0;0;6;0;
RN;240630;LAGOA DE PEDRAS;9;2;75;0;229;10;78;183;7;69;6;9;0;108;13;4;10;0;0;5;6;75;
CE;231126;QUITERIANÓPOLIS;0;0;0;0;0;0;0;0;0;0;0;0;0;76;238;0;0;0;0;0;0;0;
SC;420460;CRICIÚMA;0;0;23;0;64;29;0;0;0;0;8;0;0;0;0;0;0;0;0;0;0;0;
GO;520510;CATALÃO;0;1;12;0;30;3;0;1;1;48;2;0;5;17;2;34;10;0;4;11;27;0;
PE;260910;MACHADOS;1;0;0;0;6;0;8;12;4;7;0;0;0;0;0;0;0;0;0;0;0;0;
PR;410380;CAMBIRA;0;0;0;4;2;0;96;0;10;4;0;0;0;92;58;0;4;0;0;0;0;0;
SE;280130;CAPELA;0;0;3;0;13;3;14;3;1;7;2;0;0;0;0;0;1;0;0;2;13;2;
MA;210760;PALMEIRÂNDIA;0;0;4;0;30;0;12;6;0;0;0;0;0;0;0;0;0;0;0;0;0;0;
SC;420240;BLUMENAU;0;0;0;0;0;0;0;0;0;0;0;0;0;0;1;0;0;0;0;0;0;0;
BA;290090;ALMADINA;0;0;0;0;1;0;1;0;0;9;0;0;0;0;0;0;0;0;0;0;1;0;
MA;210460;GOVERNADOR EUGÊNIO BARROS;8;5;21;0;102;19;64;123;1;91;11;3;2;62;383;8;9;1;5;1;3;20;
RN;241500;VILA FLOR;6;6;52;0;142;0;54;166;2;80;0;2;0;14;2;0;2;0;2;0;0;0;
SP;354260;REGISTRO;3;0;79;3;218;14;43;114;7;97;3;2;2;33;19;0;0;0;0;12;54;0;
SC;420750;INDAIAL;0;0;7;1;0;0;0;0;0;0;0;0;0;0;0;0;0;0;0;0;0;0;
GO;521487;NOVA IGUAÇU DE GOIÁS;0;0;0;0;0;0;0;0;0;0;0;0;0;34;224;0;0;0;0;0;0;0;
RJ;330227;JAPERI;0;0;1;0;0;2;0;1;0;11;0;0;0;0;0;0;0;0;0;0;0;0;
SP;350620;BENTO DE ABREU;0;0;0;0;0;0;6;0;2;0;0;0;0;0;0;0;0;0;0;0;0;0;
RN;241400;TANGARÁ;0;0;1;0;2;0;1;1;2;3;0;0;0;0;0;0;2;0;0;0;0;0;
MA;211000;SANTA LUZIA;0;0;0;0;0;0;0;0;4;0;0;0;0;0;0;0;0;0;0;0;0;0;
BA;292960;SAPEAÇU;0;0;0;0;0;0;0;10;0;0;0;0;0;0;0;0;0;0;0;0;0;0;
SP;355370;TAQUARITINGA;0;0;1;1;2;0;2;0;0;2;0;0;0;1;2;0;0;0;0;0;2;0;
PI;220550;JOSÉ DE FREITAS;0;0;0;0;0;2;0;7;0;2;0;0;0;0;0;0;0;0;0;0;0;0;
MG;310740;BOM DESPACHO;0;0;0;0;0;0;0;0;0;0;0;0;0;0;1;0;0;0;0;0;0;0;
MG;317070;VARGINHA;0;0;0;0;0;0;0;213;0;0;0;3;0;191;0;0;0;0;0;0;0;0;
ES;320501;SOORETAMA;22;22;97;2;352;8;261;106;7;78;6;0;2;28;68;0;2;2;8;8;4;0;
RN;240615;JUNDIÁ;0;0;1;0;9;0;1;102;0;134;0;0;2;88;11;0;4;0;0;0;0;0;
SC;420830;ITAPEMA;14;9;56;2;122;23;143;98;0;1;4;4;0;149;6;0;2;0;0;0;0;0;
MG;311080;CAMPANÁRIO;2;1;5;0;18;1;16;14;2;9;0;0;0;2;409;0;0;0;0;0;0;0;
RJ;330450;RIO DAS FLORES;0;0;0;0;0;0;0;0;0;4;0;0;0;0;0;0;0;0;0;2;4;0;
MG;310370;ARAPONGA;0;0;0;0;0;0;0;0;1;8;0;2;0;8;0;0;0;0;0;0;0;0;
MG;314830;PAULA CÂNDIDO;0;1;1;0;3;0;0;0;0;0;0;0;0;1;4;0;0;0;0;0;0;0;
MA;210960;ROSÁRIO;0;0;1;0;1;0;4;0;0;1;0;0;0;0;0;0;1;1;0;0;0;0;
RN;241030;SERRA CAIADA;0;0;0;0;2;0;3;2;0;3;0;0;0;0;0;0;0;0;0;0;0;0;
BA;290780;CÍCERO DANTAS;0;0;4;0;17;0;0;4;0;3;0;0;0;0;0;0;0;0;0;0;0;0;
RN;240020;AÇU;0;4;3;0;1;8;0;0;0;0;0;0;0;5;14;0;0;0;0;0;0;0;
MA;210203;BOM JESUS DAS SELVAS;1;11;58;0;154;9;204;97;18;114;28;14;5;1;0;0;2;0;4;22;28;1;
SP;352010;IGARAPAVA;40;13;32;6;151;20;1;2;0;44;31;1;0;9;38;0;0;0;0;1;0;0;
SP;351170;CHARQUEADA;0;0;43;0;118;10;2;0;2;76;10;2;2;38;2;0;0;2;0;0;0;0;
SP;351790;GUARACI;0;0;0;0;2;0;0;0;0;0;0;0;0;0;1.065;0;0;0;0;0;0;0;
SP;350320;ARARAQUARA;31;16;310;14;665;158;96;227;35;366;45;28;8;326;264;22;21;1;1;123;165;49;
MA;210040;ALTAMIRA DO MARANHÃO;4;4;54;0;142;4;38;90;8;19;1;6;0;2;82;1;0;2;3;0;2;1;
BA;292575;PRESIDENTE TANCREDO NEVES;4;0;86;2;263;3;61;180;11;221;1;2;4;50;66;0;0;0;0;0;1;7;
SE;280260;GRACHO CARDOSO;0;0;0;0;0;0;0;2;0;2;0;0;0;0;0;0;0;0;0;0;2;0;
PB;251100;PEDRA BRANCA;0;2;33;0;170;2;76;221;10;54;0;2;0;32;0;4;0;0;0;12;28;0;
MG;313065;INDAIABIRA;0;0;0;0;1;0;2;0;0;1;0;0;1;1;1;0;0;0;0;0;0;0;
AP;160060;SANTANA;6;2;12;2;76;5;44;5;6;150;1;1;0;0;35;0;1;1;0;10;29;0;
PE;260825;JUCATI;16;26;11;1;17;3;103;89;1;40;0;9;6;0;1;0;0;0;0;0;0;0;
MG;315800;SANTA MARIA DE ITABIRA;2;0;32;9;138;6;16;33;2;36;10;10;0;49;97;0;0;0;1;8;10;1;
PB;251270;REMÍGIO;112;6;86;2;334;63;65;76;6;89;51;3;0;52;34;0;0;0;0;6;0;0;
MA;211180;SÍTIO NOVO;2;95;22;1;165;40;72;435;0;61;0;1;0;17;73;0;4;1;0;1;7;0;
AP;160030;MACAPÁ;7;3;31;1;159;6;98;93;19;99;1;2;0;36;15;0;0;1;2;0;10;0;
PE;260005;ABREU E LIMA;1;0;11;0;56;2;20;42;2;10;0;0;0;9;24;0;1;0;0;0;0;0;
PR;412410;SANTO ANTÔNIO DA PLATINA;0;0;2;0;2;0;0;0;0;6;0;0;0;13;2;0;0;0;0;0;0;0;
SP;354270;RESTINGA;2;1;50;3;61;14;15;7;7;0;1;3;4;11;224;0;0;0;1;0;0;0;
SP;354105;PRATÂNIA;0;0;0;0;1;0;2;0;2;11;0;0;0;1;2;0;0;0;0;1;5;0;
BA;290070;ALAGOINHAS;0;0;4;0;7;1;0;2;0;3;0;0;0;0;0;0;0;0;0;0;0;0;
BA;291100;FLORESTA AZUL;0;0;1;0;1;0;0;0;0;0;0;0;0;0;1;0;0;0;0;0;0;0;
BA;291920;LAURO DE FREITAS;24;6;87;1;142;65;104;164;25;236;4;1;3;123;8;2;0;0;1;4;34;0;
PB;250750;JOÃO PESSOA;57;29;684;23;2.011;140;532;562;61;1.295;46;31;21;510;546;6;11;4;9;29;144;48;
MA;210177;BELA VISTA DO MARANHÃO;10;3;8;2;51;5;13;51;1;69;12;1;0;4;8;0;0;0;0;0;0;0;
MA;210955;RIBAMAR FIQUENE;8;8;56;6;235;41;133;116;18;274;21;8;8;64;831;4;4;2;0;14;2;10;
PB;251600;SOLÂNEA;36;15;176;20;855;70;252;358;32;629;8;1;3;253;555;0;2;1;6;43;111;0;
MT;510180;BARRA DO GARÇAS;4;4;124;5;331;26;89;301;12;94;9;1;22;64;22;3;6;7;0;19;28;3;
MA;210260;CÂNDIDO MENDES;1;12;10;2;17;5;11;69;2;15;2;0;0;1;0;0;2;0;0;5;3;8;
SP;350870;CACONDE;0;0;0;0;0;0;0;1.168;3;1;0;0;0;0;0;0;0;0;0;0;0;0;
GO;522000;SÃO JOÃO D'ALIANÇA;0;0;1;0;3;1;0;0;0;0;0;0;0;1;10;0;0;0;0;0;0;0;
MG;314440;NATÉRCIA;0;0;1;0;2;0;0;0;0;0;0;0;0;0;0;0;0;0;0;0;0;0;
PI;220194;BOQUEIRÃO DO PIAUÍ;0;0;4;0;8;0;0;0;0;0;0;0;0;0;0;0;0;0;0;0;0;0;
SP;354880;SÃO CAETANO DO SUL;0;0;0;0;0;0;0;0;1;0;0;0;0;0;0;0;0;0;0;0;0;0;
PI;221100;TERESINA;14;8;84;1;350;21;25;63;8;119;0;1;1;32;0;0;9;18;6;1;8;2;
MA;210340;COELHO NETO;5;18;40;0;173;8;104;417;4;168;5;2;1;35;5;0;8;1;0;0;0;1;
RN;241470;VÁRZEA;4;0;16;0;38;0;15;42;6;84;0;0;4;0;61;0;0;0;4;0;23;0;
SP;354140;PRESIDENTE PRUDENTE;200;5;201;6;413;71;91;126;10;273;174;52;9;45;168;6;5;0;0;18;163;68;
BA;290560;CAMACAN;0;1;21;0;62;10;1;5;1;7;1;1;1;67;204;0;1;3;0;0;0;0;
BA;290990;CURAÇÁ;2;12;38;0;99;36;25;35;3;31;1;0;2;4;0;0;0;0;1;6;2;46;
AP;160053;PORTO GRANDE;0;0;0;0;1;0;42;0;1;31;0;0;0;0;0;0;0;0;0;0;0;0;
SC;420290;BRUSQUE;0;4;0;0;1;6;0;11;0;6;0;0;3;8;115;0;0;0;0;6;6;0;
MA;210880;PIRAPEMAS;0;0;2;0;5;0;4;14;0;3;0;0;0;2;4;0;0;0;1;1;1;0;
PA;150430;MARACANÃ;0;0;1;0;0;0;3;3;0;5;0;0;0;0;0;0;0;0;0;0;0;0;
MA;210520;IGARAPÉ GRANDE;0;0;3;0;25;0;8;4;1;0;0;1;0;0;0;0;0;3;0;0;0;0;
PB;251465;SÃO JOSÉ DO BREJO DO CRUZ;25;13;11;3;45;35;9;7;2;116;31;20;0;11;14;0;0;0;0;0;0;0;
RS;430105;ARROIO DO SAL;0;0;9;0;21;0;0;3;0;0;0;0;0;0;0;0;0;0;0;0;0;0;
RS;430140;ARVOREZINHA;0;0;0;0;0;0;10;0;0;2;0;0;0;0;0;0;0;0;0;1;1;0;
BA;293300;VALENTE;0;0;1;0;3;0;0;0;0;0;0;0;0;0;0;0;0;0;0;0;0;0;
PR;411745;OURO VERDE DO OESTE;0;2;2;0;3;2;0;0;0;1;0;0;0;1;0;2;0;0;0;0;0;1;
BA;292593;QUIXABEIRA;0;0;0;0;0;0;0;0;0;1;0;0;0;0;0;0;0;0;0;0;0;0;
TO;170980;IPUEIRAS;0;0;0;0;1;0;0;0;0;0;0;0;0;0;0;0;0;0;0;0;0;0;
BA;290180;ANTÔNIO GONÇALVES;37;10;85;12;356;74;85;496;10;183;39;6;2;168;127;4;42;0;0;84;116;8;
MA;210592;LAGOA DO MATO;5;8;84;6;468;0;135;82;30;68;21;2;0;10;0;0;0;0;2;22;44;2;
MA;210320;CHAPADINHA;41;28;215;8;545;60;415;611;48;337;10;7;5;42;37;3;43;3;4;15;55;1;
RS;431470;PLANALTO;0;3;2;3;3;0;3;3;0;0;0;0;0;33;0;0;0;0;0;0;0;0;
RS;430655;DOM PEDRO DE ALCÂNTARA;0;0;3;0;0;9;0;0;0;9;0;0;0;6;138;0;0;0;0;9;0;0;
MG;313920;MALACACHETA;0;0;0;0;0;0;0;1;0;0;0;0;0;0;3;0;0;0;0;0;0;0;
PE;261100;PETROLÂNDIA;0;0;0;0;4;1;0;0;0;0;0;0;0;0;0;0;0;0;0;0;0;0;
PA;150034;ÁGUA AZUL DO NORTE;0;0;0;0;0;0;6;0;0;0;0;0;0;0;0;0;0;0;0;0;0;0;
BA;293280;UTINGA;0;0;0;0;0;0;0;1;0;0;0;0;0;0;0;0;0;0;0;0;0;0;
MG;311400;CARMO DA MATA;0;0;0;0;0;0;0;2;0;0;0;0;0;0;1;0;0;0;0;0;1;0;
RJ;330420;RESENDE;201;6;48;78;289;23;30;176;0;0;4;0;0;150;0;2;0;0;0;0;250;0;
BA;292510;POÇÕES;4;1;50;17;335;3;93;96;6;109;1;0;0;40;552;0;2;0;2;3;26;2;
BA;291010;DOM BASÍLIO;1;0;2;0;26;0;7;3;0;3;0;0;0;8;0;0;0;0;0;0;0;0;
PB;250160;BARRA DE SANTA ROSA;6;20;43;5;239;27;20;16;7;41;6;1;0;49;21;1;3;1;1;17;19;0;
RS;431740;SANTIAGO;2;0;0;0;23;0;0;2;0;0;0;0;0;4;10;0;0;0;0;0;0;2;
MG;312140;DESTERRO DE ENTRE RIOS;0;0;0;0;0;0;0;0;0;0;0;0;0;0;0;0;0;0;0;36;36;0;
SE;280730;TELHA;0;0;0;0;0;0;0;5;0;0;0;0;0;0;0;0;0;9;0;0;0;0;
RN;241290;SÃO TOMÉ;0;0;1;0;1;0;0;0;0;0;0;0;0;0;3;0;0;0;0;0;0;0;
CE;230600;IRACEMA;0;0;0;0;0;0;0;0;0;0;0;0;0;8;0;0;0;0;0;0;0;0;
RS;432023;SEDE NOVA;0;0;0;0;0;0;0;2;0;0;0;0;0;0;0;0;0;0;0;0;0;0;
MA;210570;LAGO DA PEDRA;36;3;82;5;311;18;59;257;7;742;33;9;0;73;32;0;0;0;0;0;0;0;
SP;352940;MAUÁ;0;0;1;0;10;0;1;1;0;0;0;0;2;5;0;0;0;0;0;0;0;0;
MA;210455;GOVERNADOR EDISON LOBÃO;5;1;34;1;37;8;66;86;7;55;4;1;2;5;6;0;0;4;4;2;21;0;
SP;350510;BARBOSA;0;0;21;6;47;2;4;4;4;26;8;2;15;80;3;0;0;0;0;0;0;0;
BA;291735;JABORANDI;0;0;0;0;2;2;0;0;0;0;2;0;0;0;14;0;0;0;0;0;0;0;
MA;211153;SÃO PEDRO DA ÁGUA BRANCA;39;14;8;2;62;12;68;89;10;46;0;0;0;0;0;0;8;4;0;6;10;0;
RN;241230;SÃO JOSÉ DO CAMPESTRE;32;2;45;0;97;1;0;19;0;95;0;0;0;107;17;0;0;0;0;0;0;0;
BA;293250;UNA;0;0;1;1;8;0;6;4;0;9;0;0;0;0;0;0;0;0;0;0;0;0;
MA;210050;ALTO PARNAÍBA;0;0;0;2;13;0;4;8;1;2;0;0;0;2;4;0;0;0;0;0;0;0;
MA;211040;SÃO BENEDITO DO RIO PRETO;3;1;8;1;30;0;59;166;8;94;1;3;0;0;1;0;0;0;0;0;5;0;
AP;160023;FERREIRA GOMES;1;0;1;0;9;0;7;55;1;35;0;0;0;0;0;1;0;0;0;0;0;0;
MG;313535;JAPONVAR;0;0;0;0;0;0;0;51;0;0;0;0;0;0;0;0;0;0;0;0;0;0;
MA;210670;MIRADOR;0;0;0;0;2;2;21;6;2;1;2;0;0;0;8;0;0;0;0;3;0;2;
PR;411910;PIÊN;0;0;0;0;2;0;0;0;0;0;0;0;0;0;0;0;0;0;0;0;0;0;
SP;351980;ICÉM;1;0;33;0;115;6;14;21;9;105;3;1;0;33;155;0;0;0;0;15;24;0;
MA;210900;PORTO FRANCO;23;3;89;0;215;10;141;139;0;131;12;3;0;22;91;0;15;0;5;3;18;3;
BA;293160;TEOLÂNDIA;2;12;36;0;87;19;92;227;16;191;6;3;0;15;117;0;0;0;0;5;18;0;
PI;220170;BERTOLÍNIA;0;0;0;0;3;3;16;20;0;0;0;0;0;0;290;0;0;0;0;0;12;0;
SP;351380;DIADEMA;0;0;5;0;4;0;0;0;0;0;0;0;0;5;0;0;0;0;0;0;0;0;
MA;210405;ESTREITO;0;0;5;0;29;6;7;73;0;0;0;0;0;8;9;0;0;2;0;0;0;0;
SP;350770;BRAÚNA;0;0;0;0;0;0;0;0;0;0;0;2;0;16;0;0;0;0;0;0;0;0;
BA;292180;MORTUGABA;0;0;63;0;78;10;11;327;0;0;0;0;0;0;0;0;0;0;0;0;0;0;
PI;220020;ÁGUA BRANCA;0;0;0;0;2;2;0;0;0;1;0;0;0;0;0;0;0;0;0;0;0;0;
TO;172010;SÃO BENTO DO TOCANTINS;0;0;0;0;3;0;10;5;2;3;0;0;0;0;0;0;0;0;0;0;6;0;
PI;220415;FRANCISCO MACEDO;0;0;0;0;6;0;0;0;0;0;0;0;0;0;0;0;0;0;0;0;0;0;
RS;431950;SÃO SEBASTIÃO DO CAÍ;4;0;6;1;14;7;1;2;0;0;0;0;0;0;1;0;0;0;0;0;0;1;
SP;350280;ARAÇATUBA;0;7;101;3;183;21;5;5;5;65;1;0;2;10;143;84;0;0;7;37;53;5;
MG;312580;FERNANDES TOURINHO;0;0;0;0;0;0;0;0;0;0;0;0;0;0;87;0;0;0;0;0;0;0;
TO;171190;LAGOA DA CONFUSÃO;0;0;0;0;0;0;0;0;0;5;0;0;0;0;0;0;0;0;0;0;0;0;
RS;430050;ALPESTRE;0;0;0;0;4;0;0;0;0;0;0;0;0;11;0;0;0;0;0;0;0;0;
RJ;330250;MAGÉ;0;0;0;0;1;0;0;0;0;0;0;0;0;0;0;0;0;0;0;0;0;0;
PB;250820;LAGOA DE DENTRO;0;0;0;0;0;0;0;0;0;0;0;0;0;2;0;0;0;0;0;0;0;0;
MA;211050;SÃO BENTO;0;1;37;0;67;3;23;39;1;55;0;0;0;0;0;0;0;0;0;0;1;0;
MA;211100;SÃO JOÃO BATISTA;0;0;6;0;16;0;6;105;0;110;0;0;0;0;0;0;0;0;0;0;0;0;
BA;290840;CONCEIÇÃO DO COITÉ;3;5;11;3;48;14;0;2;0;0;0;0;0;11;29;1;6;0;0;1;1;0;
MA;210535;ITAIPAVA DO GRAJAÚ;18;0;12;6;81;1;66;39;6;24;0;0;0;0;0;0;0;0;0;0;0;0;
BA;292105;MATINA;0;0;14;0;74;4;30;46;0;58;1;0;0;9;1;0;0;0;0;6;7;16;
SP;353420;ORINDIÚVA;4;16;170;8;284;44;2;4;7;137;6;1;0;54;7;0;1;1;0;0;0;0;
MG;312110;DELFIM MOREIRA;0;0;4;0;7;0;0;0;0;2;0;0;0;4;1;0;0;0;0;0;0;0;
GO;520145;APARECIDA DO RIO DOCE;0;0;3;0;1;3;3;0;0;3;0;0;0;0;2;0;0;1;0;0;0;0;
MA;211163;SÃO RAIMUNDO DO DOCA BEZERRA;8;6;14;0;23;3;16;49;3;75;11;10;0;1;3;0;0;0;0;0;0;0;
PA;150240;CASTANHAL;2;40;84;0;150;55;4;84;0;0;2;0;0;31;188;0;0;0;2;0;0;0;
ES;320313;JOÃO NEIVA;0;0;8;0;8;0;0;0;0;0;0;0;0;0;0;0;0;0;0;0;0;0;
BA;293135;TEIXEIRA DE FREITAS;798;7;19;6;500;323;218;13;12;40;226;229;34;103;6;11;6;5;12;29;60;51;
PI;221063;SEBASTIÃO LEAL;0;10;12;0;16;20;8;4;0;24;0;0;0;40;34;0;0;0;0;0;8;0;
PA;150497;NOVA IPIXUNA;0;0;13;0;44;0;5;0;1;2;0;0;0;3;0;0;0;1;0;0;0;0;
SE;280490;PACATUBA;0;0;1;0;1;0;2;3;0;0;0;0;0;0;0;0;0;0;0;0;0;0;
MA;210990;SANTA INÊS;0;0;7;0;12;2;3;17;1;28;0;0;0;1;9;0;0;0;0;0;0;0;
BA;290100;AMARGOSA;0;0;0;0;4;4;0;0;0;0;0;0;0;12;4;0;0;0;0;0;0;0;
MT;510390;GENERAL CARNEIRO;0;0;3;1;13;4;0;0;0;3;0;2;0;3;4;0;0;1;0;0;0;0;
MA;211003;SANTA LUZIA DO PARUÁ;0;0;8;0;28;0;6;6;0;2;0;0;0;0;0;0;0;0;0;0;0;0;
PR;410980;IBIPORÃ;0;0;0;0;0;0;0;0;0;0;0;1;1;0;0;0;0;0;0;0;0;0;
MT;510025;ALTA FLORESTA;0;0;0;0;0;0;0;0;0;0;0;0;0;0;1;0;0;0;0;0;0;0;
RN;240420;GOIANINHA;45;18;385;1;882;139;131;258;15;281;18;16;4;160;80;60;0;1;0;38;73;2;
BA;293310;VÁRZEA DO POÇO;0;2;22;0;76;4;4;6;0;35;0;0;0;28;0;0;0;0;0;0;0;58;
MG;310710;BOA ESPERANÇA;0;0;0;0;0;0;0;5;0;2;0;0;0;0;31;0;0;0;0;2;2;0;
MA;210010;AFONSO CUNHA;2;0;42;0;65;4;35;74;8;31;0;0;0;1;0;0;0;2;0;0;0;0;
GO;521550;OUVIDOR;0;0;2;0;2;2;28;6;0;0;0;0;0;0;0;0;0;0;0;2;2;0;
MA;211176;SENADOR LA ROCQUE;2;0;0;0;14;0;4;10;0;0;2;0;0;10;11;0;0;2;0;0;2;2;
CE;231395;VARJOTA;0;0;0;0;0;7;0;0;0;0;0;0;0;0;0;0;0;0;0;0;0;0;
RS;431020;IJUÍ;0;0;1;0;1;0;0;0;0;1;0;0;0;1;0;0;0;0;0;0;0;0;
MG;316443;SÃO SEBASTIÃO DA VARGEM ALEGRE;0;0;2;0;4;0;0;0;0;0;0;0;0;0;0;0;0;0;0;0;0;0;
SC;420930;LAGES;1;0;1;1;1;1;1;0;0;1;0;0;0;0;0;0;0;0;0;1;1;0;
BA;292570;PRESIDENTE JÂNIO QUADROS;0;1;0;0;0;0;0;0;0;0;0;0;0;0;0;0;0;0;0;0;0;0;
BA;290327;BARROCAS;10;4;42;2;135;21;121;147;24;274;6;1;0;31;18;0;1;0;1;22;34;1;
CE;230530;IBIAPINA;22;24;283;14;849;118;254;84;27;261;12;4;2;76;23;0;0;4;2;44;222;88;
TO;171250;MARIANÓPOLIS DO TOCANTINS;1;0;0;0;0;0;2;0;0;0;0;0;0;3;44;0;0;1;0;0;0;0;
MA;211270;VARGEM GRANDE;12;8;45;3;104;21;145;84;8;92;1;0;1;53;346;0;5;4;0;10;0;26;
BA;291450;IRARÁ;0;0;0;0;0;0;0;0;0;0;0;0;0;0;54;0;0;0;0;0;0;0;
MA;210300;CAXIAS;0;0;3;0;10;0;0;3;0;15;0;0;0;0;3;0;0;0;0;0;1;0;
BA;292260;NILO PEÇANHA;0;0;1;0;53;0;22;0;3;15;0;0;0;1;0;1;1;0;0;0;0;0;
RN;240150;BARCELONA;0;0;0;0;0;0;0;0;0;0;0;0;0;0;10;0;0;0;0;0;0;0;
AM;130014;APUÍ;0;0;2;1;2;3;6;4;0;5;1;0;0;1;0;0;0;0;0;0;0;0;
BA;290320;BARREIRAS;0;0;0;0;1;0;1;0;0;2;0;0;0;0;1;0;0;1;0;0;0;0;
RN;240180;BREJINHO;15;18;167;3;481;8;194;373;28;196;9;8;0;278;63;0;4;2;2;24;10;0;
SP;353280;NOVA ALIANÇA;8;0;11;0;51;9;3;15;0;9;1;0;0;71;7;0;0;0;0;5;10;0;
MA;210255;CAMPESTRE DO MARANHÃO;0;0;0;0;0;0;50;0;0;0;0;0;0;0;114;0;0;0;0;0;0;0;
BA;290130;ANDARAÍ;0;2;0;0;2;3;0;0;0;0;0;0;0;0;314;0;0;0;0;0;0;0;
RN;241040;PUREZA;0;1;18;0;38;0;34;12;4;40;3;1;0;26;0;3;0;0;0;4;9;0;
GO;520620;CRISTALINA;195;0;0;0;6;0;26;3;12;10;33;68;9;7;0;0;0;1;1;5;2;0;
MG;314740;PARAOPEBA;0;0;1;0;1;0;0;0;0;0;0;0;0;0;0;1;0;0;0;0;0;0;
AL;270800;SANTANA DO IPANEMA;0;11;19;0;76;2;0;2;0;0;2;0;0;3;11;0;1;0;0;0;0;0;
RS;431406;PASSA SETE;0;1;1;0;4;0;5;0;0;1;0;0;0;4;0;0;0;0;0;8;8;1;
RR;140040;NORMANDIA;0;0;2;0;12;0;0;0;0;18;0;0;0;0;0;0;0;2;0;0;0;0;
BA;292210;MUNDO NOVO;0;0;0;0;0;0;0;1;0;4;0;0;0;0;1;0;0;0;0;0;3;0;
MA;211245;TURILÂNDIA;0;2;1;0;53;0;26;11;0;33;0;0;0;0;20;0;0;0;0;0;0;0;
MA;211195;SUCUPIRA DO RIACHÃO;0;0;4;2;9;4;1;10;0;3;1;0;0;1;1;1;0;0;0;0;0;2;
BA;290870;CONDEÚBA;0;0;0;0;0;0;0;2;0;0;0;0;0;0;0;0;0;0;0;0;0;0;
BA;292895;SÃO DOMINGOS;0;0;2;0;2;0;1;0;0;0;0;0;0;0;0;0;0;0;0;0;0;0;
PI;220820;PIO IX;0;2;8;2;40;1;35;49;3;44;0;0;0;21;2;0;0;0;0;4;1;0;
TO;170210;ARAGUAÍNA;0;0;74;1;276;0;86;7;1;17;0;0;3;54;0;0;1;7;0;0;0;0;
MA;211300;VITORINO FREIRE;0;2;12;0;40;6;52;32;10;20;2;0;0;6;12;0;0;0;0;0;10;0;
MS;500280;CARACOL;0;0;0;0;0;0;8;0;2;0;0;0;0;2;0;0;2;0;0;0;0;0;
SP;353360;NUPORANGA;8;2;28;6;46;14;0;0;0;4;8;4;3;6;17;0;0;0;0;0;2;6;
RS;431810;SÃO FRANCISCO DE ASSIS;11;0;6;5;36;8;3;0;0;14;9;5;7;43;69;0;0;0;0;0;0;2;
SP;352480;JALES;8;2;50;6;116;10;4;8;0;8;6;0;4;62;53;98;0;0;0;6;16;0;
PA;150150;BENEVIDES;0;0;16;0;30;2;6;0;1;9;0;0;0;0;11;0;0;0;0;6;10;0;
MG;310665;BERIZAL;0;0;0;0;0;0;0;21;0;15;0;0;0;0;0;0;0;0;0;0;12;0;
MA;210565;JUNCO DO MARANHÃO;0;0;1;0;1;0;1;1;0;0;0;0;0;0;0;0;0;0;0;0;0;0;
RN;241120;SANTA CRUZ;0;0;0;0;2;0;0;9;0;4;0;0;0;0;0;0;0;0;0;1;0;0;
BA;290890;CORAÇÃO DE MARIA;0;0;0;0;0;0;0;6;0;3;0;0;0;0;0;0;0;0;0;0;0;0;
MA;211120;SÃO JOSÉ DE RIBAMAR;16;0;25;1;106;33;57;108;6;88;10;1;1;8;1;2;2;1;1;0;28;0;
PB;250660;IBIARA;3;9;17;1;122;7;17;213;1;118;2;7;0;70;170;1;0;0;0;0;0;0;
SP;354360;RIFAINA;0;0;3;2;9;17;0;0;0;0;4;0;0;62;15;0;0;0;0;0;0;7;
AP;160010;AMAPÁ;5;1;26;1;112;17;67;83;6;113;1;1;0;64;19;0;0;1;1;0;0;0;
SP;353400;ONDA VERDE;8;14;62;12;143;4;0;0;0;0;4;2;2;64;0;0;0;0;0;0;0;0;
AC;120040;RIO BRANCO;0;0;0;0;0;0;48;9;4;130;0;0;0;0;0;0;0;0;0;3;39;0;
MG;316150;SÃO GERALDO;0;0;0;0;2;0;0;0;0;0;0;0;0;0;140;0;0;0;0;0;0;0;
MG;310990;CAETANÓPOLIS;0;0;0;0;0;0;0;0;0;0;0;0;0;0;0;0;0;0;0;1;0;0;
RS;430545;CIDREIRA;0;0;0;1;2;0;0;0;0;0;1;0;0;1;0;0;0;0;0;0;0;0;
TO;171790;PONTE ALTA DO TOCANTINS;1;0;3;0;15;0;4;2;2;8;0;0;0;3;1;0;0;0;0;0;0;0;
TO;170270;AURORA DO TOCANTINS;0;0;0;0;0;0;0;0;0;0;0;0;0;0;6;0;0;0;0;0;0;0;
PA;150635;SANTA BÁRBARA DO PARÁ;2;1;49;1;118;15;36;113;13;27;0;0;0;7;0;0;0;0;1;1;3;0;
PB;250640;GURINHÉM;1;5;96;1;374;12;157;260;10;351;5;2;0;45;2;2;0;0;0;1;55;0;
MA;210580;LAGO DO JUNCO;1;25;13;0;65;4;35;37;6;10;10;22;0;4;30;0;0;0;0;0;2;0;
BA;290270;BARRA;57;15;30;3;155;10;107;174;14;493;5;1;1;14;16;1;2;1;5;0;131;0;
BA;291330;ICHU;0;2;21;0;110;1;49;94;4;89;0;4;2;14;6;0;1;5;0;0;0;0;
CE;231330;TAUÁ;0;0;22;0;60;0;22;8;3;24;0;0;0;2;4;0;0;2;2;0;0;0;
PB;250790;JURIPIRANGA;0;0;0;0;0;0;6;0;0;0;0;0;0;0;0;0;0;0;0;0;0;0;
RJ;330400;PIRAÍ;0;3;0;0;0;0;0;0;0;0;0;0;0;0;7;0;0;0;0;0;0;0;
MT;510621;NOVA CANAÃ DO NORTE;0;0;0;0;0;0;1;0;0;0;0;0;0;0;0;0;0;0;0;0;0;0;
PR;412660;SIQUEIRA CAMPOS;0;0;2;0;2;0;0;0;0;0;0;0;0;0;0;0;0;0;0;0;0;0;
PE;261320;SÃO JOÃO;0;2;42;0;168;19;70;110;9;117;0;2;0;25;14;0;0;0;0;0;42;0;
RN;240830;NOVA CRUZ;27;5;282;1;859;38;205;184;19;365;19;12;127;372;155;0;11;0;2;13;3;3;
MA;210090;ARAIOSES;0;7;20;0;131;2;40;390;4;40;0;1;1;10;1;0;0;1;0;0;3;0;
MG;314280;MONTE ALEGRE DE MINAS;53;0;47;30;214;6;0;23;0;78;0;0;0;60;197;0;0;0;0;17;60;3;
MG;312770;GOVERNADOR VALADARES;0;0;6;0;23;0;0;0;0;0;0;0;0;2;8;0;0;0;0;0;0;0;
MA;210380;DOM PEDRO;0;9;35;0;150;4;11;568;1;106;3;1;0;1;5;0;0;2;0;0;0;0;
PB;250380;CALDAS BRANDÃO;4;3;4;0;27;2;0;5;0;2;0;0;1;21;0;0;0;0;0;0;0;0;
ES;320080;BAIXO GUANDU;0;0;0;0;8;0;4;0;0;4;0;0;0;0;0;0;0;0;0;4;4;0;
RS;432040;SERAFINA CORRÊA;0;0;0;0;0;0;0;0;0;0;0;0;0;3;0;0;0;0;0;0;0;0;
BA;291420;IRAJUBA;0;0;0;0;2;0;0;0;0;0;0;0;0;0;0;0;0;0;0;0;0;0;
MG;315690;SACRAMENTO;0;2;2;0;0;10;0;0;0;0;0;0;0;0;0;0;0;0;0;0;0;0;
BA;291170;GUANAMBI;0;1;1;0;1;5;0;0;0;0;0;0;0;1;0;0;0;0;0;0;0;0;
MA;210135;BACURITUBA;0;0;1;0;3;0;3;1;0;2;0;0;0;0;0;0;0;0;0;0;0;0;
BA;291810;JEREMOABO;0;1;1;0;5;1;0;1;0;0;1;0;0;0;0;0;0;0;0;0;0;0;
SP;354060;PORTO FELIZ;0;3;21;0;128;7;15;35;2;2;0;0;0;0;0;0;0;0;0;0;15;0;
MA;211290;VITÓRIA DO MEARIM;0;4;119;1;460;74;175;123;8;135;1;0;0;8;54;0;0;7;0;1;8;0;
RN;240820;NÍSIA FLORESTA;0;18;51;1;130;41;36;40;2;53;3;2;21;76;146;0;1;0;0;2;1;1;
BA;290590;CAMPO ALEGRE DE LOURDES;0;0;12;0;54;0;36;39;2;30;0;0;0;0;6;0;0;0;0;0;10;0;
PR;412200;RIO AZUL;0;4;3;0;7;20;1;0;0;1;1;42;3;79;111;0;1;0;0;0;0;0;
BA;291870;LAFAIETE COUTINHO;0;0;2;0;11;0;0;0;0;0;0;0;0;0;0;0;0;0;0;0;0;0;
MA;211170;SÃO VICENTE FERRER;0;0;1;0;3;0;0;0;0;0;0;0;0;0;13;0;0;0;0;0;0;0;
SP;351680;GASTÃO VIDIGAL;0;0;4;0;57;0;0;0;0;0;0;0;0;0;0;0;0;0;0;0;0;0;
MA;210820;PEDREIRAS;0;0;2;0;21;1;0;0;0;1;0;0;0;0;0;0;0;0;0;0;0;0;
PR;412780;TOMAZINA;0;0;0;0;2;2;46;0;0;0;0;0;0;64;0;4;0;0;0;44;0;2;
MA;210745;OLINDA NOVA DO MARANHÃO;2;0;37;0;171;2;79;199;10;169;0;0;0;14;14;0;0;0;0;0;0;0;
AP;160055;PRACUÚBA;3;0;11;0;66;0;129;50;8;66;0;0;0;0;2;0;0;0;0;0;0;0;
MA;210750;PAÇO DO LUMIAR;0;0;7;0;19;1;2;17;1;35;0;0;0;1;0;0;0;0;0;0;0;0;
PB;251455;SÃO JOSÉ DE PRINCESA;3;3;12;1;69;12;25;32;3;67;7;0;0;16;49;0;0;0;2;4;12;2;
BA;291700;ITIÚBA;1;2;28;1;60;3;30;19;4;39;0;0;0;6;20;0;1;0;1;0;0;0;
PR;410410;CAMPO DO TENENTE;0;0;4;0;10;0;0;6;0;0;0;0;0;4;0;0;0;0;0;0;0;0;
SE;280610;ROSÁRIO DO CATETE;0;0;0;0;1;0;0;0;0;11;0;0;0;0;0;0;0;0;0;0;6;0;
MG;314800;PATOS DE MINAS;0;0;0;0;0;1;0;0;0;3;0;0;0;0;0;0;0;0;0;3;3;0;
RJ;330370;PARAÍBA DO SUL;0;0;0;0;0;0;0;0;0;0;0;0;0;0;2;0;0;0;0;0;0;0;
RN;240450;GUAMARÉ;0;0;0;0;0;0;0;0;0;0;0;0;0;0;7;0;0;0;0;0;0;0;
SE;280210;ESTÂNCIA;4;0;1;0;5;2;0;7;0;1;0;0;0;9;2;0;2;0;0;0;0;0;
PA;150340;INHANGAPI;0;0;0;0;1;0;0;0;0;0;0;0;0;0;0;0;0;0;0;0;0;0;
MA;210640;MATA ROMA;15;9;159;4;678;7;144;262;12;259;2;2;0;21;6;0;2;4;0;0;0;0;
MA;210850;PINDARÉ-MIRIM;0;0;13;0;15;0;0;6;0;1;0;0;0;0;440;0;0;5;1;0;0;0;
AP;160040;MAZAGÃO;0;12;6;0;16;34;82;8;6;38;0;0;0;66;0;0;0;0;0;0;0;0;
BA;290830;CONCEIÇÃO DO ALMEIDA;0;0;29;0;88;2;6;10;0;21;0;0;0;25;6;0;0;0;0;0;0;0;
MG;311260;CAPINÓPOLIS;0;0;0;0;0;0;2;0;2;10;0;0;0;0;0;0;0;0;0;0;23;0;
SE;280340;JAPOATÃ;1;3;3;0;10;1;3;12;2;15;1;0;0;0;2;0;0;0;0;4;12;0;
SC;421280;BALNEÁRIO PIÇARRAS;0;0;0;0;0;0;0;0;0;0;0;0;0;0;31;0;0;0;0;0;0;0;
PB;251675;TENÓRIO;0;0;0;0;0;5;0;0;0;0;0;0;0;4;19;0;0;0;0;0;0;0;
RJ;330310;NATIVIDADE;0;0;1;0;3;0;0;0;0;2;0;0;0;1;0;0;0;0;0;0;0;0;
BA;290750;CATU;0;0;0;0;10;0;4;12;0;48;0;0;0;1;2;0;0;0;0;0;12;0;
RJ;330010;ANGRA DOS REIS;0;0;3;1;5;1;1;0;0;1;0;0;0;2;0;0;0;0;0;0;0;0;
BA;290110;AMÉLIA RODRIGUES;0;0;12;0;55;0;4;0;7;1;0;0;0;0;0;0;0;0;0;0;0;0;
PB;250535;DAMIÃO;0;0;0;0;0;0;0;6;0;8;0;0;0;0;2;0;0;0;0;0;0;0;
MT;510719;RIBEIRÃOZINHO;0;0;8;0;6;54;0;0;0;0;0;0;0;0;0;0;0;0;0;0;0;0;
AM;130420;TEFÉ;0;1;0;0;0;0;0;1;0;1;0;0;0;0;1;0;0;0;0;0;0;0;
SP;353950;PITANGUEIRAS;0;0;2;0;2;0;0;0;0;0;0;0;0;0;0;0;0;0;0;0;0;0;
MG;316695;SERRANÓPOLIS DE MINAS;0;0;0;0;1;1;0;1;0;1;0;0;0;0;0;0;0;0;0;0;0;1;
MA;210927;PRESIDENTE SARNEY;1;2;0;0;1;0;9;1;0;2;0;0;0;0;0;0;1;0;0;0;0;0;
MA;211167;SÃO ROBERTO;23;4;40;0;202;60;90;304;4;243;12;2;2;16;8;0;0;2;0;2;2;13;
PB;250090;ARARA;18;18;166;10;471;85;161;336;30;514;24;5;4;238;104;0;21;0;2;97;279;11;
RN;240120;ARÊS;13;3;3;0;27;3;17;22;0;35;2;2;0;8;0;0;0;0;0;0;0;0;
RN;241200;SÃO GONÇALO DO AMARANTE;4;0;35;0;82;19;12;16;1;30;2;1;0;5;89;0;1;0;1;0;0;0;
MG;315570;RIO PIRACICABA;4;0;4;1;16;3;0;7;0;0;9;0;0;0;0;0;0;0;0;0;0;0;
PB;251360;SANTANA DOS GARROTES;0;0;1;0;2;0;0;0;0;0;0;0;0;2;1;0;0;0;0;0;0;0;
BA;291730;ITUBERÁ;0;2;11;0;23;49;0;0;0;1;0;2;0;0;2;0;0;0;0;0;0;44;
BA;290485;CABACEIRAS DO PARAGUAÇU;0;0;0;0;4;0;0;0;0;0;0;0;0;0;0;0;0;0;0;0;0;0;
AP;160021;CUTIAS;0;0;1;0;9;4;18;21;1;29;0;0;0;0;0;0;0;0;0;0;0;0;
PB;250710;ITAPOROROCA;1;0;0;0;4;0;0;0;0;2;0;0;0;5;0;0;0;0;0;0;0;0;
SP;355380;TAQUARITUBA;0;0;0;0;0;0;0;0;0;0;0;0;0;1;0;0;0;0;0;0;0;0;
SP;351690;GENERAL SALGADO;0;0;0;0;0;0;0;2;0;0;0;0;0;0;0;0;0;0;0;0;0;0;
PB;250939;MATURÉIA;0;0;0;0;10;0;24;0;0;2;0;0;0;2;0;0;0;0;0;0;0;0;
PI;220325;CURRALINHOS;0;0;0;0;0;0;1;3;0;1;0;1;0;0;0;0;0;0;0;0;0;0;
AP;160027;LARANJAL DO JARI;1;0;5;0;54;3;67;88;0;128;0;0;0;1;2;0;0;1;4;0;0;0;
RS;431100;JAGUARÃO;27;9;98;15;409;71;32;44;5;125;28;0;0;34;36;0;21;0;0;4;9;6;
MA;210220;BURITI;8;6;87;9;338;16;241;424;12;422;0;0;4;79;119;0;0;2;0;2;76;0;
RS;432032;SENADOR SALGADO FILHO;0;8;27;4;51;8;28;2;0;0;2;2;2;28;0;0;0;0;0;4;2;0;
SP;353325;NOVAIS;1;0;17;0;57;0;6;0;1;0;0;0;0;4;157;0;0;0;0;0;0;0;
CE;231240;SÃO GONÇALO DO AMARANTE;0;0;0;0;0;0;0;0;0;5;0;0;0;0;0;0;0;0;0;0;0;0;
RS;430740;ESMERALDA;0;0;6;0;17;3;5;0;0;0;0;0;1;15;0;0;0;0;0;0;0;0;
PI;220205;CABECEIRAS DO PIAUÍ;0;14;8;0;5;37;3;0;0;0;0;0;0;0;43;0;0;0;0;0;0;0;
RS;430920;GRAVATAÍ;0;0;0;0;2;0;0;0;0;4;0;0;0;0;0;0;0;0;0;0;4;0;
MG;314670;PALMA;0;0;0;0;0;0;0;0;0;0;0;0;0;56;80;0;0;0;0;0;0;0;
PB;250990;NATUBA;0;0;18;0;29;0;17;2;0;28;0;0;0;8;1;0;0;0;0;0;16;0;
MG;314875;PEDRA BONITA;0;0;0;0;0;0;0;0;0;0;0;0;0;80;0;0;0;0;0;0;0;0;
MA;210315;CENTRO DO GUILHERME;10;2;15;0;16;9;3;0;0;18;7;6;0;0;0;0;0;0;0;0;0;0;
SE;280067;BOQUIM;1;1;1;0;1;1;1;0;0;1;1;1;0;0;0;0;0;0;1;0;0;0;
TO;172100;PALMAS;0;0;0;0;0;0;0;0;0;0;0;0;0;0;6;0;0;0;0;0;0;0;
BA;291950;LIVRAMENTO DE NOSSA SENHORA;0;0;3;0;0;0;0;0;0;0;0;0;0;0;0;0;0;0;0;0;0;0;
RJ;330170;DUQUE DE CAXIAS;6;2;71;4;207;37;134;47;8;159;13;8;2;13;3;0;1;2;2;28;52;8;
RN;240980;PEDRO VELHO;3;10;60;1;296;11;101;457;8;92;3;5;2;57;20;0;0;2;4;0;0;0;
SP;353210;MURUTINGA DO SUL;0;2;0;0;0;48;0;0;0;0;0;0;0;0;10;0;0;0;0;0;0;0;
BA;291740;JACARACI;0;20;0;0;0;0;0;0;0;0;0;0;0;0;0;0;0;0;0;0;0;0;
MG;314600;OURO FINO;0;0;0;0;8;0;0;0;0;2;0;0;0;0;6;0;0;0;0;0;0;0;
MA;210467;GOVERNADOR NUNES FREIRE;0;0;0;0;0;0;1;0;0;2;0;0;0;0;0;0;0;0;0;0;0;0;
MG;312330;DORES DO TURVO;0;0;4;0;2;0;0;0;0;0;0;0;0;10;0;0;0;0;0;0;0;0;
MG;312090;CURVELO;1;0;5;0;42;2;0;0;0;0;0;0;0;5;0;0;0;0;0;0;0;0;
SC;420320;CAMBORIÚ;0;0;0;0;2;0;0;0;0;0;0;0;0;2;0;0;0;0;0;0;0;0;
MS;500315;CORONEL SAPUCAIA;0;0;2;0;8;2;2;0;2;0;0;0;0;0;10;0;0;0;0;0;14;0;
AC;120010;BRASILÉIA;0;0;1;0;3;0;1;3;0;0;0;0;0;0;1;0;0;0;0;0;0;0;
MS;500270;CAMPO GRANDE;0;0;0;0;0;0;0;1;0;0;0;0;0;0;0;0;0;0;0;1;1;0;
RS;430613;CRUZALTENSE;0;0;0;0;0;0;0;0;0;0;0;0;0;2;0;0;0;0;0;0;0;0;
PR;410790;FLORESTA;0;0;0;0;0;0;0;0;0;0;0;0;0;39;0;0;0;0;0;0;0;0;
RJ;330045;BELFORD ROXO;0;6;11;0;29;4;0;0;0;0;1;0;0;0;0;0;0;0;0;0;0;0;
MA;210215;BREJO DE AREIA;0;0;6;0;14;0;7;2;0;2;0;0;0;0;0;0;0;0;0;0;6;2;
SE;280750;TOMAR DO GERU;0;0;1;0;0;0;0;0;0;0;0;0;0;0;3;0;0;0;0;0;0;0;
RS;431490;PORTO ALEGRE;0;0;6;0;0;0;0;0;0;0;0;0;0;2;0;0;0;0;0;0;0;0;
TO;171900;SANTA TEREZA DO TOCANTINS;0;0;0;0;10;0;0;0;0;0;0;0;0;0;0;0;2;0;0;0;0;0;
PB;251650;TAPEROÁ;0;98;3;0;0;5;0;0;0;0;0;0;0;0;0;0;0;0;0;0;0;0;
MG;315700;SALINAS;2;0;0;0;2;0;0;0;0;0;0;0;0;1;0;0;0;0;0;0;0;0;
MG;314795;PATIS;0;0;0;0;0;0;0;0;0;0;0;0;0;1;0;0;1;0;0;0;0;0;
SP;353290;NOVA EUROPA;7;1;61;7;174;65;3;9;0;46;23;8;2;208;27;2;0;0;0;0;0;0;
MG;310825;BONITO DE MINAS;4;2;36;0;89;58;18;15;2;3;0;0;0;26;814;0;0;0;0;0;0;0;
SE;280170;CRISTINÁPOLIS;1;0;10;0;32;4;18;19;0;38;1;0;0;4;1;0;0;0;0;1;6;0;
BA;290120;ANAGÉ;2;0;23;0;248;17;61;104;9;47;1;1;1;9;2;0;0;6;0;1;6;13;
MA;211190;SUCUPIRA DO NORTE;0;0;0;0;0;0;13;2;0;0;0;0;0;0;0;0;0;0;0;0;0;0;
SP;354980;SÃO JOSÉ DO RIO PRETO;0;1;3;0;8;1;0;0;0;0;0;0;0;5;0;0;2;0;0;0;0;6;
SE;280560;PORTO DA FOLHA;0;0;0;0;0;0;0;0;1;0;0;0;0;0;0;0;0;0;0;0;0;0;
PA;150720;SÃO DOMINGOS DO CAPIM;1;1;0;0;0;0;1;3;0;0;0;0;0;0;0;0;0;0;0;0;0;0;
RS;432230;TUPARENDI;4;2;32;20;177;4;24;16;0;0;0;5;0;302;1;0;0;0;0;0;0;0;
MA;210930;PRESIDENTE VARGAS;2;0;10;0;37;0;138;69;7;114;4;0;0;2;83;1;0;5;2;2;8;0;
RS;430860;GARIBALDI;18;6;39;1;140;0;45;0;0;11;6;0;0;36;0;0;3;0;0;0;71;0;
RS;430670;DONA FRANCISCA;0;0;9;2;19;5;9;4;0;0;1;0;0;34;0;0;0;0;0;0;0;1;
PE;261250;SANTA CRUZ DO CAPIBARIBE;0;6;12;0;8;21;1;391;0;0;0;0;0;8;2;0;0;0;0;0;0;0;
BA;291270;IBIRAPITANGA;0;0;0;0;0;0;0;0;0;0;0;0;0;0;4;0;0;0;0;0;0;0;
SP;350500;BARÃO DE ANTONINA;0;0;5;2;19;3;1;1;1;8;2;1;0;4;1;0;0;0;0;1;4;12;
PA;150670;SANTANA DO ARAGUAIA;0;0;0;0;0;0;3;0;1;2;0;0;0;0;0;0;0;0;0;0;1;0;
RS;430620;CRUZEIRO DO SUL;2;1;0;1;1;2;0;1;0;0;0;0;0;4;0;0;0;0;0;1;0;0;
PB;250730;JACARAÚ;0;0;0;0;0;0;10;0;0;0;0;0;0;0;0;0;0;0;0;0;0;0;
PB;250240;BONITO DE SANTA FÉ;0;0;0;0;0;0;0;1;1;3;0;0;0;0;0;0;0;0;0;0;0;0;
PB;251040;OLHO D'ÁGUA;0;0;0;0;2;0;0;0;0;3;1;0;0;0;5;0;0;0;0;0;0;0;
PB;250560;DIAMANTE;41;42;149;9;286;109;19;44;1;10;14;2;1;7;146;1;0;0;0;8;12;0;
SP;352650;LAVÍNIA;0;0;18;4;72;4;0;0;0;0;0;0;0;24;0;0;0;0;0;0;0;0;
BA;292500;PLANALTO;0;0;3;0;2;0;0;1;0;6;0;0;0;0;0;0;0;0;0;1;0;0;
SC;420230;BIGUAÇU;10;0;22;4;0;0;0;0;0;0;0;0;0;4;0;0;0;0;0;0;0;0;
PE;261510;TEREZINHA;0;4;7;0;19;4;26;25;1;5;0;0;1;32;43;18;1;0;0;0;0;0;
SP;352090;IPAUSSU;1;1;53;0;120;1;18;1;3;0;42;3;4;5;119;0;0;0;0;0;0;56;
PI;220700;OEIRAS;0;0;1;0;4;0;22;0;0;3;0;0;0;1;0;0;0;0;0;0;0;0;
PE;260760;ILHA DE ITAMARACÁ;4;6;41;1;122;23;75;147;2;77;4;5;3;35;17;0;0;2;4;21;43;4;
MA;210462;GOVERNADOR LUIZ ROCHA;2;0;3;0;24;0;22;56;1;0;0;0;0;0;0;0;0;0;0;0;0;0;
PE;260320;CAETÉS;0;0;1;0;1;0;11;12;0;7;0;0;0;0;0;0;0;0;0;0;0;0;
BA;292770;SANTA CRUZ CABRÁLIA;0;1;1;0;2;0;1;0;1;2;0;0;0;0;0;0;0;0;0;0;0;0;
GO;521878;RIO QUENTE;0;0;1;0;4;0;0;1;3;19;0;0;0;0;0;0;0;0;0;1;14;0;
MA;210845;PERITORÓ;0;0;0;0;0;0;9;0;0;0;0;0;0;0;0;0;0;0;0;0;0;0;
PB;251490;SÃO MAMEDE;2;9;56;3;245;41;59;88;3;107;1;1;1;63;168;3;0;0;0;7;4;0;
GO;520520;CATURAÍ;3;7;13;2;28;42;23;5;3;22;7;1;2;14;18;21;1;1;0;5;11;0;
SP;354540;SALTO GRANDE;1;5;11;3;51;6;1;32;1;0;5;4;0;14;11;0;0;1;1;0;0;0;
RN;240780;MONTE ALEGRE;18;8;121;4;507;11;131;349;28;458;5;7;1;145;112;0;0;0;1;2;30;0;
MT;510140;ARIPUANÃ;0;1;12;1;37;7;45;8;2;33;13;13;1;11;4;2;4;2;0;6;22;0;
PB;251160;PILÕES;0;0;0;0;3;0;0;0;0;0;0;0;0;0;12;0;0;0;0;0;0;0;
PR;412210;RIO BOM;0;0;0;0;0;0;0;0;0;2;0;0;0;11;0;0;0;0;0;7;59;0;
RR;140023;CAROEBE;0;0;0;0;0;0;3;0;0;3;0;0;0;0;0;0;0;0;0;0;0;0;
ES;320190;DOMINGOS MARTINS;0;0;1;0;3;0;0;0;0;0;0;0;0;0;0;0;0;0;0;4;4;0;
MG;314610;OURO PRETO;6;10;67;0;197;50;49;59;6;97;3;8;1;52;42;0;0;0;1;31;117;1;
PB;251470;SÃO JOSÉ DO SABUGI;33;36;114;0;537;99;135;63;6;120;0;3;0;87;51;27;3;6;0;0;108;0;
MA;210632;MARACAÇUMÉ;1;0;3;0;10;2;7;16;0;20;2;0;0;0;2;0;0;2;3;0;6;1;
MT;510035;ALTO BOA VISTA;15;30;62;4;122;32;34;30;0;26;11;8;2;127;2;0;0;2;0;0;6;22;
BA;290470;BUERAREMA;5;0;55;0;132;1;10;11;6;33;0;0;0;28;0;2;0;0;2;0;2;0;
SP;355160;SERRA NEGRA;6;0;50;2;152;10;19;45;0;221;2;0;0;58;2;2;0;4;0;2;6;0;
BA;290390;BOM JESUS DA LAPA;2;2;29;6;246;9;20;38;2;58;2;1;0;19;4;0;0;0;0;2;0;0;
TO;171280;MAURILÂNDIA DO TOCANTINS;2;0;13;0;116;21;19;64;1;89;2;0;0;6;0;0;0;1;0;0;19;0;
MA;210080;ANAPURUS;0;0;0;0;5;0;0;0;0;0;0;0;0;0;0;0;0;0;0;0;0;0;
RN;241490;VIÇOSA;0;1;0;0;4;0;0;0;0;0;0;1;0;0;14;0;0;0;0;0;0;0;
SE;280400;MARUIM;0;0;0;0;0;0;3;0;0;0;0;0;0;0;0;0;0;0;0;0;0;0;
MG;313560;JEQUITAÍ;0;0;0;0;0;0;0;0;0;0;0;0;0;10;0;0;0;0;0;0;0;0;
PB;250850;LIVRAMENTO;0;0;0;0;0;0;0;1;0;6;0;0;0;0;0;0;0;0;0;0;0;0;
MA;210598;LAJEADO NOVO;0;0;0;1;7;0;6;2;0;4;0;0;0;0;11;0;1;0;1;0;0;0;
PB;251140;PICUÍ;0;0;2;2;4;0;10;0;2;7;1;0;0;1;1;0;0;0;0;2;3;0;
BA;290540;CAIRU;0;0;0;0;0;0;0;0;0;0;0;0;0;3;0;0;0;0;0;0;0;0;
MA;211023;SANTANA DO MARANHÃO;2;0;2;0;0;0;0;0;0;0;2;0;0;0;0;0;0;0;0;0;0;0;
SC;420600;GOVERNADOR CELSO RAMOS;0;0;4;0;0;0;0;0;0;0;0;0;0;0;0;0;0;0;0;0;0;0;


Fonte: Sistema de Informação em Saúde para a Atenção Básica - SISAB;
E-mail: sisab@saude.gov.br;
Dado gerado em: 18 de Novembro de 2022 - 17:43h
